

		 number_asa_open = 18
		ADAPTIVE SIMULATED ANNEALING

/* $Id: asa.c,v 25.15 2004/09/23 18:10:46 ingber Exp ingber $ */

OPTIONS_FILE = 1
OPTIONS_FILE_DATA = 1
RECUR_OPTIONS_FILE = 0
RECUR_OPTIONS_FILE_DATA = 0
COST_FILE = 1
ASA_LIB = 0
HAVE_ANSI = 1
IO_PROTOTYPES = 0
TIME_CALC = 0
TIME_STD = 0
TIME_GETRUSAGE = 1
INT_LONG = 1
INT_ALLOC = 0
SMALL_FLOAT =        1e-18
MIN_DOUBLE =        1e-18
MAX_DOUBLE =        1e+18
EPS_DOUBLE =        1e-18
CHECK_EXPONENT = 0
NO_PARAM_TEMP_TEST = 0
NO_COST_TEMP_TEST = 0
SELF_OPTIMIZE = 0
ASA_TEST = 0
ASA_TEST_POINT = 0
ASA_TEMPLATE = 0
MY_TEMPLATE = 1
ASA_TEMPLATE_LIB = 0
ASA_TEMPLATE_ASA_OUT_PID = 0
ASA_TEMPLATE_MULTIPLE = 0
ASA_TEMPLATE_SELFOPT = 0
ASA_TEMPLATE_SAMPLE = 0
ASA_TEMPLATE_QUEUE = 0
ASA_TEMPLATE_PARALLEL = 0
ASA_TEMPLATE_SAVE = 0
USER_INITIAL_COST_TEMP = 0
RATIO_TEMPERATURE_SCALES = 0
USER_INITIAL_PARAMETERS_TEMPS = 0
DELTA_PARAMETERS = 0
QUENCH_PARAMETERS = 0
QUENCH_COST = 0
QUENCH_PARAMETERS_SCALE = 1
QUENCH_COST_SCALE = 1
OPTIONAL_DATA_DBL = 0
OPTIONAL_DATA_INT = 0
OPTIONAL_DATA_PTR = 0
USER_COST_SCHEDULE = 0
USER_ACCEPT_ASYMP_EXP = 0
USER_ACCEPT_THRESHOLD = 0
USER_ACCEPTANCE_TEST = 1
USER_GENERATING_FUNCTION = 0
USER_REANNEAL_COST = 0
USER_REANNEAL_PARAMETERS = 0
MAXIMUM_REANNEAL_INDEX = 50000
REANNEAL_SCALE =           10
ASA_SAMPLE = 0
ASA_QUEUE = 0
ASA_RESOLUTION = 0
FITLOC = 0
FITLOC_ROUND = 1
FITLOC_PRINT = 1
MULTI_MIN = 0
ASA_PARALLEL = 0
FDLIBM_POW = 0
FDLIBM_LOG = 0
FDLIBM_EXP = 0

ASA_PRINT = 1
USER_OUT = asa_usr_out
ASA_OUT = optim_error_pole_RfunDFIIt1_30-Jun-2010.log
USER_ASA_OUT = 1
ASA_PRINT_INTERMED = 1
ASA_PRINT_MORE = 0
INCL_STDOUT = 1
G_FIELD = 12
G_PRECISION = 7
ASA_SAVE = 0
ASA_SAVE_OPT = 0
ASA_SAVE_BACKUP = 0
ASA_PIPE = 0
ASA_PIPE_FILE = 0
SYSTEM_CALL = 1

OPTIONS->Limit_Acceptances = 1000000
OPTIONS->Limit_Generated = 1000000
OPTIONS->Limit_Invalid_Generated_States = 1000000
OPTIONS->Accepted_To_Generated_Ratio =        1e-12

OPTIONS->Cost_Precision =        1e-18
OPTIONS->Maximum_Cost_Repeat = 5
OPTIONS->Number_Cost_Samples = 5
OPTIONS->Temperature_Ratio_Scale =        1e-08
OPTIONS->Cost_Parameter_Scale_Ratio =            1
OPTIONS->Temperature_Anneal_Scale =          100
OPTIONS->Include_Integer_Parameters = 0
OPTIONS->User_Initial_Parameters = 1
OPTIONS->Sequential_Parameters = -1
OPTIONS->Initial_Parameter_Temperature =            1
OPTIONS->Acceptance_Frequency_Modulus = 100
OPTIONS->Generated_Frequency_Modulus = 10000
OPTIONS->Reanneal_Cost = 1
OPTIONS->Reanneal_Parameters = 1

OPTIONS->Delta_X =        0.001
OPTIONS->User_Tangents = 0
OPTIONS->Curvature_0 = 0
OPTIONS->Asa_Recursive_Level = 0


Initial Random Seed = -16794

*number_parameters = 4

index_v parameter_minimum parameter_maximum parameter_value parameter_type 
 0        -2           		 2            	 0.4998396    -1     
 1        -2           		 2            	 0.733894     -1     
 2        -2           		 2            	 0.6919244    -1     
 3        -2           		 2            	 0.700862     -1     


temperature_scale =     5.825131
temperature_scale_parameters[0] =     5.825131
*temperature_scale_cost =     5.825131



*index_cost_acceptances = 0, *current_cost_temperature =     4806.402
*accepted_to_generated_ratio =            1, *number_invalid... = 0
*number_generated = 0, *number_accepted = 0
best...->cost =     2.376647, last...->cost =     2.376647
index_v  best...->parameter current_parameter_temp	tangent
0	   0.4998396		           1	           0
1	    0.733894		           1	           0
2	   0.6919244		           1	           0
3	    0.700862		           1	           0


best...->cost=2.369955      *number_accepted=28  *number_generated=78
best...->cost=2.360504      *number_accepted=37  *number_generated=125
best...->cost=2.350296      *number_accepted=38  *number_generated=141
best...->cost=2.348049      *number_accepted=43  *number_generated=163
best...->cost=2.335787      *number_accepted=45  *number_generated=173
best...->cost=2.333038      *number_accepted=47  *number_generated=186
best...->cost=2.230535      *number_accepted=53  *number_generated=208
best...->cost=2.205804      *number_accepted=54  *number_generated=211
best...->cost=2.202872      *number_accepted=55  *number_generated=218
best...->cost=2.202119      *number_accepted=57  *number_generated=222
best...->cost=2.170385      *number_accepted=58  *number_generated=224
best...->cost=2.156024      *number_accepted=59  *number_generated=228
best...->cost=2.154218      *number_accepted=60  *number_generated=229
best...->cost=2.054201      *number_accepted=62  *number_generated=233
best...->cost=2.05417       *number_accepted=64  *number_generated=239
best...->cost=2.049182      *number_accepted=67  *number_generated=248
best...->cost=1.948724      *number_accepted=68  *number_generated=249
best...->cost=1.948571      *number_accepted=69  *number_generated=250
best...->cost=1.894733      *number_accepted=71  *number_generated=285
best...->cost=1.894441      *number_accepted=72  *number_generated=286
best...->cost=1.894438      *number_accepted=74  *number_generated=288
best...->cost=1.893709      *number_accepted=75  *number_generated=291
best...->cost=1.875116      *number_accepted=76  *number_generated=292
best...->cost=1.875111      *number_accepted=77  *number_generated=298
best...->cost=1.859489      *number_accepted=79  *number_generated=308
best...->cost=1.857673      *number_accepted=80  *number_generated=310
best...->cost=1.813024      *number_accepted=81  *number_generated=313
best...->cost=1.812939      *number_accepted=83  *number_generated=326
best...->cost=1.81285       *number_accepted=85  *number_generated=338
best...->cost=1.812849      *number_accepted=87  *number_generated=340
best...->cost=1.812835      *number_accepted=88  *number_generated=346
best...->cost=1.812055      *number_accepted=89  *number_generated=350
best...->cost=1.812052      *number_accepted=90  *number_generated=353
best...->cost=1.802282      *number_accepted=93  *number_generated=365
best...->cost=1.802232      *number_accepted=94  *number_generated=366
best...->cost=1.802171      *number_accepted=95  *number_generated=368
best...->cost=1.802089      *number_accepted=96  *number_generated=370
best...->cost=1.801759      *number_accepted=98  *number_generated=378

*index_cost_acceptances = 10, *current_cost_temperature = 5.033795e-05
*accepted_to_generated_ratio =         0.75, *number_invalid... = 0
*number_generated = 381, *number_accepted = 100
best...->cost =     1.801759, last...->cost =     1.801798
index_v  best...->parameter current_parameter_temp	tangent
0	   0.9534596		6.654317e-12	-9.618071e-11
1	    0.182673		6.654317e-12	   0.8300754
2	   0.6134058		6.654317e-12	  -0.7311947
3	   0.7636377		6.654317e-12	    6.151339


best...->cost=1.801474      *number_accepted=101  *number_generated=383
best...->cost=1.801158      *number_accepted=102  *number_generated=387
best...->cost=1.801158      *number_accepted=103  *number_generated=389
best...->cost=1.801037      *number_accepted=104  *number_generated=394
best...->cost=1.751057      *number_accepted=105  *number_generated=396
best...->cost=1.749944      *number_accepted=106  *number_generated=403
best...->cost=1.749323      *number_accepted=107  *number_generated=411
best...->cost=1.74932       *number_accepted=108  *number_generated=419
best...->cost=1.748698      *number_accepted=109  *number_generated=420
best...->cost=1.748698      *number_accepted=110  *number_generated=422
best...->cost=1.735418      *number_accepted=111  *number_generated=424
best...->cost=1.734447      *number_accepted=112  *number_generated=425
best...->cost=1.73262       *number_accepted=114  *number_generated=432
best...->cost=1.732028      *number_accepted=115  *number_generated=436
best...->cost=1.730663      *number_accepted=116  *number_generated=441
best...->cost=1.729378      *number_accepted=117  *number_generated=448
best...->cost=1.727309      *number_accepted=118  *number_generated=452
best...->cost=1.727258      *number_accepted=119  *number_generated=454
best...->cost=1.727244      *number_accepted=120  *number_generated=457
best...->cost=1.727241      *number_accepted=121  *number_generated=458
best...->cost=1.727239      *number_accepted=122  *number_generated=466
best...->cost=1.727189      *number_accepted=126  *number_generated=485
best...->cost=1.727034      *number_accepted=128  *number_generated=502
best...->cost=1.727024      *number_accepted=130  *number_generated=516
best...->cost=1.716368      *number_accepted=131  *number_generated=526
best...->cost=1.7159        *number_accepted=132  *number_generated=530
best...->cost=1.715681      *number_accepted=134  *number_generated=533
best...->cost=1.715417      *number_accepted=135  *number_generated=537
best...->cost=1.71497       *number_accepted=136  *number_generated=539
best...->cost=1.713091      *number_accepted=137  *number_generated=546
best...->cost=1.713073      *number_accepted=138  *number_generated=548
best...->cost=1.712858      *number_accepted=139  *number_generated=563
best...->cost=1.712857      *number_accepted=140  *number_generated=565
best...->cost=1.712844      *number_accepted=141  *number_generated=567
best...->cost=1.712522      *number_accepted=142  *number_generated=578
best...->cost=1.705798      *number_accepted=143  *number_generated=580
best...->cost=1.705785      *number_accepted=144  *number_generated=583
best...->cost=1.705507      *number_accepted=145  *number_generated=597
best...->cost=1.705507      *number_accepted=146  *number_generated=603
best...->cost=1.705413      *number_accepted=147  *number_generated=606
best...->cost=1.705407      *number_accepted=148  *number_generated=609
best...->cost=1.705401      *number_accepted=150  *number_generated=625
best...->cost=1.70539       *number_accepted=151  *number_generated=626
best...->cost=1.70539       *number_accepted=152  *number_generated=629
best...->cost=1.705133      *number_accepted=153  *number_generated=630
best...->cost=1.704251      *number_accepted=154  *number_generated=640
best...->cost=1.70425       *number_accepted=155  *number_generated=643
best...->cost=1.703828      *number_accepted=156  *number_generated=648
best...->cost=1.703828      *number_accepted=157  *number_generated=656
best...->cost=1.692338      *number_accepted=158  *number_generated=659
best...->cost=1.692048      *number_accepted=159  *number_generated=668
best...->cost=1.691677      *number_accepted=161  *number_generated=670
best...->cost=1.689843      *number_accepted=163  *number_generated=675
best...->cost=1.689805      *number_accepted=164  *number_generated=676
best...->cost=1.689703      *number_accepted=165  *number_generated=685
best...->cost=1.689703      *number_accepted=166  *number_generated=687
best...->cost=1.689703      *number_accepted=167  *number_generated=691
best...->cost=1.687952      *number_accepted=168  *number_generated=694
best...->cost=1.68776       *number_accepted=169  *number_generated=697
best...->cost=1.68776       *number_accepted=170  *number_generated=701
best...->cost=1.68776       *number_accepted=173  *number_generated=718
best...->cost=1.687756      *number_accepted=174  *number_generated=721
best...->cost=1.687519      *number_accepted=175  *number_generated=724
best...->cost=1.687519      *number_accepted=177  *number_generated=736
best...->cost=1.685907      *number_accepted=178  *number_generated=738
best...->cost=1.685596      *number_accepted=179  *number_generated=746
best...->cost=1.685581      *number_accepted=180  *number_generated=752
best...->cost=1.685581      *number_accepted=182  *number_generated=755
best...->cost=1.685581      *number_accepted=183  *number_generated=757
best...->cost=1.68558       *number_accepted=185  *number_generated=761
best...->cost=1.685522      *number_accepted=186  *number_generated=769
best...->cost=1.684803      *number_accepted=187  *number_generated=773
best...->cost=1.684751      *number_accepted=188  *number_generated=776
best...->cost=1.6841        *number_accepted=189  *number_generated=780
best...->cost=1.6841        *number_accepted=191  *number_generated=820
best...->cost=1.6841        *number_accepted=192  *number_generated=830
best...->cost=1.6841        *number_accepted=194  *number_generated=837
best...->cost=1.6841        *number_accepted=195  *number_generated=840
best...->cost=1.684099      *number_accepted=196  *number_generated=852
best...->cost=1.684099      *number_accepted=197  *number_generated=856
best...->cost=1.684099      *number_accepted=198  *number_generated=860
best...->cost=1.684098      *number_accepted=199  *number_generated=868
best...->cost=1.684098      *number_accepted=200  *number_generated=889

*index_cost_acceptances = 107, *current_cost_temperature =  1.20637e-08
*accepted_to_generated_ratio =   0.09090909, *number_invalid... = 0
*number_generated = 889, *number_accepted = 200
best...->cost =     1.684098, last...->cost =     1.684098
index_v  best...->parameter current_parameter_temp	tangent
0	   0.9719413		9.898241e-13	1.530647e-11
1	   0.1723857		4.187792e-14	   0.7780546
2	   0.6351828		4.443451e-14	  0.06121808
3	   0.7449925		1.562802e-14	     4.79524


best...->cost=1.684064      *number_accepted=202  *number_generated=897
best...->cost=1.684064      *number_accepted=205  *number_generated=917
best...->cost=1.684064      *number_accepted=206  *number_generated=919
best...->cost=1.684064      *number_accepted=207  *number_generated=975
best...->cost=1.684045      *number_accepted=208  *number_generated=987
best...->cost=1.684045      *number_accepted=209  *number_generated=1003
best...->cost=1.684045      *number_accepted=210  *number_generated=1016
best...->cost=1.683939      *number_accepted=211  *number_generated=1018
best...->cost=1.683939      *number_accepted=213  *number_generated=1039
best...->cost=1.683938      *number_accepted=218  *number_generated=1089
best...->cost=1.683938      *number_accepted=220  *number_generated=1100
best...->cost=1.683938      *number_accepted=221  *number_generated=1108
best...->cost=1.68379       *number_accepted=222  *number_generated=1117
best...->cost=1.683784      *number_accepted=224  *number_generated=1138
best...->cost=1.683784      *number_accepted=225  *number_generated=1141
best...->cost=1.683784      *number_accepted=226  *number_generated=1144
best...->cost=1.683784      *number_accepted=227  *number_generated=1147
best...->cost=1.683784      *number_accepted=228  *number_generated=1154
best...->cost=1.683784      *number_accepted=229  *number_generated=1157
best...->cost=1.683784      *number_accepted=230  *number_generated=1164
best...->cost=1.683784      *number_accepted=231  *number_generated=1168
best...->cost=1.683779      *number_accepted=235  *number_generated=1188
best...->cost=1.683779      *number_accepted=236  *number_generated=1191
best...->cost=1.683779      *number_accepted=237  *number_generated=1203
best...->cost=1.683779      *number_accepted=238  *number_generated=1204
best...->cost=1.683779      *number_accepted=239  *number_generated=1206
best...->cost=1.683778      *number_accepted=241  *number_generated=1221
best...->cost=1.683778      *number_accepted=243  *number_generated=1228
best...->cost=1.683766      *number_accepted=245  *number_generated=1233
best...->cost=1.683763      *number_accepted=246  *number_generated=1249
best...->cost=1.683763      *number_accepted=247  *number_generated=1254
best...->cost=1.679099      *number_accepted=248  *number_generated=1259
best...->cost=1.679099      *number_accepted=249  *number_generated=1261
best...->cost=1.679042      *number_accepted=250  *number_generated=1269
best...->cost=1.679042      *number_accepted=251  *number_generated=1275
best...->cost=1.679011      *number_accepted=252  *number_generated=1279
best...->cost=1.679011      *number_accepted=253  *number_generated=1299
best...->cost=1.679006      *number_accepted=254  *number_generated=1304
best...->cost=1.678992      *number_accepted=255  *number_generated=1308
best...->cost=1.678954      *number_accepted=256  *number_generated=1315
best...->cost=1.678954      *number_accepted=257  *number_generated=1317
best...->cost=1.678948      *number_accepted=258  *number_generated=1318
best...->cost=1.678948      *number_accepted=260  *number_generated=1333
best...->cost=1.678948      *number_accepted=261  *number_generated=1334
best...->cost=1.678948      *number_accepted=262  *number_generated=1339
best...->cost=1.678943      *number_accepted=263  *number_generated=1342
best...->cost=1.678716      *number_accepted=264  *number_generated=1348
best...->cost=1.67871       *number_accepted=266  *number_generated=1368
best...->cost=1.675418      *number_accepted=267  *number_generated=1370
best...->cost=1.675075      *number_accepted=268  *number_generated=1373
best...->cost=1.67498       *number_accepted=269  *number_generated=1382
best...->cost=1.67498       *number_accepted=271  *number_generated=1395
best...->cost=1.67498       *number_accepted=274  *number_generated=1418
best...->cost=1.67498       *number_accepted=275  *number_generated=1425
best...->cost=1.67498       *number_accepted=276  *number_generated=1431
best...->cost=1.67498       *number_accepted=277  *number_generated=1461
best...->cost=1.67498       *number_accepted=278  *number_generated=1491
best...->cost=1.67498       *number_accepted=279  *number_generated=1492
best...->cost=1.67498       *number_accepted=280  *number_generated=1539
best...->cost=1.67498       *number_accepted=283  *number_generated=1559
best...->cost=1.674656      *number_accepted=285  *number_generated=1607
best...->cost=1.674656      *number_accepted=286  *number_generated=1612
best...->cost=1.674656      *number_accepted=287  *number_generated=1613
best...->cost=1.674656      *number_accepted=288  *number_generated=1615
best...->cost=1.674555      *number_accepted=289  *number_generated=1617
best...->cost=1.674159      *number_accepted=290  *number_generated=1618
best...->cost=1.674152      *number_accepted=291  *number_generated=1633
best...->cost=1.674078      *number_accepted=292  *number_generated=1635
best...->cost=1.674078      *number_accepted=293  *number_generated=1636
best...->cost=1.674033      *number_accepted=294  *number_generated=1642
best...->cost=1.674033      *number_accepted=295  *number_generated=1644
best...->cost=1.674033      *number_accepted=296  *number_generated=1646
best...->cost=1.674033      *number_accepted=297  *number_generated=1652
best...->cost=1.674023      *number_accepted=298  *number_generated=1655
best...->cost=1.674022      *number_accepted=299  *number_generated=1657
best...->cost=1.674022      *number_accepted=300  *number_generated=1658

*index_cost_acceptances = 205, *current_cost_temperature = 4.386792e-10
*accepted_to_generated_ratio =            1, *number_invalid... = 0
*number_generated = 1658, *number_accepted = 300
best...->cost =     1.674022, last...->cost =     1.674022
index_v  best...->parameter current_parameter_temp	tangent
0	    0.930418		4.811355e-14	-4.462762e-11
1	   0.1718878		3.785135e-16	   0.7725951
2	    0.637899		1.405034e-15	   0.2000901
3	   0.7428681		7.356576e-17	    4.708218


best...->cost=1.674022      *number_accepted=301  *number_generated=1661
best...->cost=1.673834      *number_accepted=302  *number_generated=1684
best...->cost=1.673834      *number_accepted=303  *number_generated=1692
best...->cost=1.673832      *number_accepted=304  *number_generated=1694
best...->cost=1.673832      *number_accepted=305  *number_generated=1701
best...->cost=1.673832      *number_accepted=306  *number_generated=1702
best...->cost=1.673832      *number_accepted=307  *number_generated=1707
best...->cost=1.673728      *number_accepted=308  *number_generated=1718
best...->cost=1.673728      *number_accepted=309  *number_generated=1730
best...->cost=1.673727      *number_accepted=310  *number_generated=1745
best...->cost=1.673721      *number_accepted=311  *number_generated=1748
best...->cost=1.67372       *number_accepted=312  *number_generated=1763
best...->cost=1.673717      *number_accepted=313  *number_generated=1776
best...->cost=1.673717      *number_accepted=314  *number_generated=1778
best...->cost=1.673717      *number_accepted=315  *number_generated=1781
best...->cost=1.673717      *number_accepted=316  *number_generated=1790
best...->cost=1.673717      *number_accepted=317  *number_generated=1792
best...->cost=1.673717      *number_accepted=321  *number_generated=1832
best...->cost=1.673717      *number_accepted=322  *number_generated=1837
best...->cost=1.673717      *number_accepted=323  *number_generated=1856
best...->cost=1.673717      *number_accepted=324  *number_generated=1857
best...->cost=1.673717      *number_accepted=325  *number_generated=1858
best...->cost=1.673717      *number_accepted=326  *number_generated=1863
best...->cost=1.673717      *number_accepted=327  *number_generated=1866
best...->cost=1.673717      *number_accepted=328  *number_generated=1875
best...->cost=1.673717      *number_accepted=329  *number_generated=1882
best...->cost=1.673717      *number_accepted=330  *number_generated=1885
best...->cost=1.673717      *number_accepted=331  *number_generated=1888
best...->cost=1.673717      *number_accepted=332  *number_generated=1893
best...->cost=1.673717      *number_accepted=333  *number_generated=1902
best...->cost=1.673717      *number_accepted=334  *number_generated=1903
best...->cost=1.673717      *number_accepted=335  *number_generated=1906
best...->cost=1.673716      *number_accepted=336  *number_generated=1907
best...->cost=1.673716      *number_accepted=337  *number_generated=1908
best...->cost=1.673716      *number_accepted=339  *number_generated=1916
best...->cost=1.67353       *number_accepted=340  *number_generated=1921
best...->cost=1.673525      *number_accepted=342  *number_generated=1924
best...->cost=1.673521      *number_accepted=344  *number_generated=1929
best...->cost=1.673521      *number_accepted=345  *number_generated=1930
best...->cost=1.673517      *number_accepted=349  *number_generated=1956
best...->cost=1.673517      *number_accepted=350  *number_generated=1958
best...->cost=1.673517      *number_accepted=351  *number_generated=1960
best...->cost=1.673517      *number_accepted=353  *number_generated=1971
best...->cost=1.67351       *number_accepted=354  *number_generated=1975
best...->cost=1.673508      *number_accepted=355  *number_generated=1977
best...->cost=1.673507      *number_accepted=356  *number_generated=1980
best...->cost=1.673507      *number_accepted=357  *number_generated=1983
best...->cost=1.673505      *number_accepted=358  *number_generated=1986
best...->cost=1.673504      *number_accepted=359  *number_generated=1988
best...->cost=1.673504      *number_accepted=360  *number_generated=1994
best...->cost=1.67329       *number_accepted=362  *number_generated=2004
best...->cost=1.67329       *number_accepted=363  *number_generated=2007
best...->cost=1.67329       *number_accepted=364  *number_generated=2008
best...->cost=1.673288      *number_accepted=365  *number_generated=2010
best...->cost=1.673288      *number_accepted=366  *number_generated=2012
best...->cost=1.673288      *number_accepted=367  *number_generated=2015
best...->cost=1.673288      *number_accepted=368  *number_generated=2017
best...->cost=1.673287      *number_accepted=370  *number_generated=2022
best...->cost=1.673287      *number_accepted=371  *number_generated=2032
best...->cost=1.673287      *number_accepted=372  *number_generated=2035
best...->cost=1.673287      *number_accepted=373  *number_generated=2036
best...->cost=1.673287      *number_accepted=374  *number_generated=2039
best...->cost=1.673287      *number_accepted=375  *number_generated=2064
best...->cost=1.673287      *number_accepted=376  *number_generated=2074
best...->cost=1.673287      *number_accepted=377  *number_generated=2076
best...->cost=1.673287      *number_accepted=378  *number_generated=2086
best...->cost=1.673286      *number_accepted=379  *number_generated=2091
best...->cost=1.673286      *number_accepted=380  *number_generated=2097
best...->cost=1.671432      *number_accepted=381  *number_generated=2099
best...->cost=1.671431      *number_accepted=382  *number_generated=2104
best...->cost=1.67143       *number_accepted=383  *number_generated=2106
best...->cost=1.67143       *number_accepted=384  *number_generated=2107
best...->cost=1.671275      *number_accepted=385  *number_generated=2110
best...->cost=1.671275      *number_accepted=386  *number_generated=2112
best...->cost=1.671214      *number_accepted=387  *number_generated=2116
best...->cost=1.671078      *number_accepted=388  *number_generated=2118
best...->cost=1.669464      *number_accepted=389  *number_generated=2120
best...->cost=1.669464      *number_accepted=390  *number_generated=2126
best...->cost=1.669464      *number_accepted=391  *number_generated=2131
best...->cost=1.669464      *number_accepted=392  *number_generated=2144
best...->cost=1.669464      *number_accepted=393  *number_generated=2148
best...->cost=1.669464      *number_accepted=394  *number_generated=2154
best...->cost=1.669464      *number_accepted=396  *number_generated=2169
best...->cost=1.669464      *number_accepted=397  *number_generated=2174
best...->cost=1.669464      *number_accepted=398  *number_generated=2194
best...->cost=1.669464      *number_accepted=400  *number_generated=2197

*index_cost_acceptances = 303, *current_cost_temperature = 4.573491e-11
*accepted_to_generated_ratio =         0.75, *number_invalid... = 0
*number_generated = 2197, *number_accepted = 400
best...->cost =     1.669464, last...->cost =     1.669464
index_v  best...->parameter current_parameter_temp	tangent
0	   0.9364295		6.548195e-13	4.173283e-11
1	    0.172827		7.193337e-17	   0.7780796
2	   0.6378307		4.813184e-16	 -0.02901989
3	   0.7416784		4.963682e-18	    4.374692


best...->cost=1.669464      *number_accepted=401  *number_generated=2214
best...->cost=1.669452      *number_accepted=402  *number_generated=2218
best...->cost=1.669451      *number_accepted=403  *number_generated=2222
best...->cost=1.669451      *number_accepted=404  *number_generated=2224
best...->cost=1.669408      *number_accepted=405  *number_generated=2226
best...->cost=1.669395      *number_accepted=406  *number_generated=2228
best...->cost=1.669394      *number_accepted=408  *number_generated=2239
best...->cost=1.669282      *number_accepted=409  *number_generated=2244
best...->cost=1.666614      *number_accepted=410  *number_generated=2258
best...->cost=1.666597      *number_accepted=411  *number_generated=2262
best...->cost=1.66632       *number_accepted=412  *number_generated=2263
best...->cost=1.666277      *number_accepted=413  *number_generated=2277
best...->cost=1.666273      *number_accepted=414  *number_generated=2280
best...->cost=1.666273      *number_accepted=415  *number_generated=2281
best...->cost=1.666273      *number_accepted=416  *number_generated=2290
best...->cost=1.666237      *number_accepted=417  *number_generated=2293
best...->cost=1.666232      *number_accepted=418  *number_generated=2294
best...->cost=1.666232      *number_accepted=419  *number_generated=2302
best...->cost=1.666188      *number_accepted=420  *number_generated=2305
best...->cost=1.666185      *number_accepted=421  *number_generated=2309
best...->cost=1.653658      *number_accepted=422  *number_generated=2320
best...->cost=1.653658      *number_accepted=423  *number_generated=2335
best...->cost=1.649786      *number_accepted=424  *number_generated=2336
best...->cost=1.649785      *number_accepted=425  *number_generated=2345
best...->cost=1.649408      *number_accepted=426  *number_generated=2348
best...->cost=1.649408      *number_accepted=427  *number_generated=2354
best...->cost=1.648403      *number_accepted=428  *number_generated=2355
best...->cost=1.648402      *number_accepted=429  *number_generated=2356
best...->cost=1.648402      *number_accepted=430  *number_generated=2357
best...->cost=1.648402      *number_accepted=431  *number_generated=2360
best...->cost=1.6484        *number_accepted=433  *number_generated=2364
best...->cost=1.6484        *number_accepted=434  *number_generated=2365
best...->cost=1.648332      *number_accepted=436  *number_generated=2372
best...->cost=1.648332      *number_accepted=437  *number_generated=2376
best...->cost=1.648332      *number_accepted=438  *number_generated=2377
best...->cost=1.648325      *number_accepted=439  *number_generated=2388
best...->cost=1.648266      *number_accepted=440  *number_generated=2391
best...->cost=1.647941      *number_accepted=441  *number_generated=2392
best...->cost=1.647941      *number_accepted=442  *number_generated=2399
best...->cost=1.642054      *number_accepted=443  *number_generated=2402
best...->cost=1.642054      *number_accepted=444  *number_generated=2405
best...->cost=1.639851      *number_accepted=445  *number_generated=2411
best...->cost=1.639849      *number_accepted=446  *number_generated=2413
best...->cost=1.639685      *number_accepted=447  *number_generated=2416
best...->cost=1.639685      *number_accepted=448  *number_generated=2418
best...->cost=1.639685      *number_accepted=449  *number_generated=2423
best...->cost=1.639685      *number_accepted=450  *number_generated=2425
best...->cost=1.639513      *number_accepted=451  *number_generated=2442
best...->cost=1.639513      *number_accepted=452  *number_generated=2460
best...->cost=1.639497      *number_accepted=453  *number_generated=2462
best...->cost=1.639324      *number_accepted=454  *number_generated=2470
best...->cost=1.595577      *number_accepted=455  *number_generated=2478
best...->cost=1.59533       *number_accepted=456  *number_generated=2484
best...->cost=1.59533       *number_accepted=457  *number_generated=2486
best...->cost=1.59533       *number_accepted=458  *number_generated=2492
best...->cost=1.570391      *number_accepted=459  *number_generated=2493
best...->cost=1.570292      *number_accepted=460  *number_generated=2496
best...->cost=1.570161      *number_accepted=461  *number_generated=2502
best...->cost=1.569988      *number_accepted=462  *number_generated=2504
best...->cost=1.56948       *number_accepted=463  *number_generated=2516
best...->cost=1.561359      *number_accepted=464  *number_generated=2522
best...->cost=1.561359      *number_accepted=465  *number_generated=2527
best...->cost=1.55963       *number_accepted=466  *number_generated=2529
best...->cost=1.559628      *number_accepted=467  *number_generated=2533
best...->cost=1.559628      *number_accepted=468  *number_generated=2534
best...->cost=1.559556      *number_accepted=469  *number_generated=2535
best...->cost=1.559556      *number_accepted=470  *number_generated=2544
best...->cost=1.559556      *number_accepted=471  *number_generated=2548
best...->cost=1.559556      *number_accepted=473  *number_generated=2560
best...->cost=1.558932      *number_accepted=474  *number_generated=2567
best...->cost=1.55893       *number_accepted=475  *number_generated=2569
best...->cost=1.55893       *number_accepted=476  *number_generated=2570
best...->cost=1.55893       *number_accepted=477  *number_generated=2574
best...->cost=1.55893       *number_accepted=478  *number_generated=2576
best...->cost=1.55893       *number_accepted=479  *number_generated=2582
best...->cost=1.55893       *number_accepted=480  *number_generated=2584
best...->cost=1.55893       *number_accepted=481  *number_generated=2585
best...->cost=1.558928      *number_accepted=482  *number_generated=2593
best...->cost=1.558928      *number_accepted=483  *number_generated=2595
best...->cost=1.558928      *number_accepted=486  *number_generated=2607
best...->cost=1.558928      *number_accepted=487  *number_generated=2608

*index_cost_acceptances = 390, *current_cost_temperature = 9.555466e-12
*accepted_to_generated_ratio =          0.2, *number_invalid... = 0
*number_generated = 2612, *number_accepted = 487
best...->cost =     1.558928, last...->cost =     1.558928
index_v  best...->parameter current_parameter_temp	tangent
0	    0.986994		3.816675e-12	           0
1	    0.173647		 3.59998e-17	   0.7463789
2	   0.6880505		1.966053e-15	  0.09294531
3	   0.6858227		9.995579e-19	  0.01691956

curvature[0][0] = -3.327852e-08

curvature[1][0] = 3.212995e-07 	 = curvature[0][1]
curvature[1][1] = 1.865958e+07

curvature[2][0] = -3.465862e-08 	 = curvature[0][2]
curvature[2][1] =     1.135647 	 = curvature[1][2]
curvature[2][2] =      1205758

curvature[3][0] =            0 	 = curvature[0][3]
curvature[3][1] =     1.095477 	 = curvature[1][3]
curvature[3][2] =     186.2357 	 = curvature[2][3]
curvature[3][3] =      1213489



 P_TEMP_TOO_SMALL exit_status = 1
current_user_parameter_temp[3] too small = 9.995579e-19
 Locate_Cost = 5, calculating curvatures while exiting asa ()
final_cost = best_generated_state->cost = 1.558928    
*number_accepted at best_generated_state->cost = 487
*number_generated at best_generated_state->cost = 2608



