		ADAPTIVE SIMULATED ANNEALING

/* $Id: asa.c,v 25.15 2004/09/23 18:10:46 ingber Exp ingber $ */

OPTIONS_FILE = 1
OPTIONS_FILE_DATA = 1
RECUR_OPTIONS_FILE = 0
RECUR_OPTIONS_FILE_DATA = 0
COST_FILE = 1
ASA_LIB = 0
HAVE_ANSI = 1
IO_PROTOTYPES = 0
TIME_CALC = 0
TIME_STD = 0
TIME_GETRUSAGE = 1
INT_LONG = 1
INT_ALLOC = 0
SMALL_FLOAT =        1e-18
MIN_DOUBLE =        1e-18
MAX_DOUBLE =        1e+18
EPS_DOUBLE =        1e-18
CHECK_EXPONENT = 0
NO_PARAM_TEMP_TEST = 0
NO_COST_TEMP_TEST = 0
SELF_OPTIMIZE = 0
ASA_TEST = 0
ASA_TEST_POINT = 0
ASA_TEMPLATE = 0
MY_TEMPLATE = 1
ASA_TEMPLATE_LIB = 0
ASA_TEMPLATE_ASA_OUT_PID = 0
ASA_TEMPLATE_MULTIPLE = 0
ASA_TEMPLATE_SELFOPT = 0
ASA_TEMPLATE_SAMPLE = 0
ASA_TEMPLATE_QUEUE = 0
ASA_TEMPLATE_PARALLEL = 0
ASA_TEMPLATE_SAVE = 0
USER_INITIAL_COST_TEMP = 0
RATIO_TEMPERATURE_SCALES = 0
USER_INITIAL_PARAMETERS_TEMPS = 0
DELTA_PARAMETERS = 0
QUENCH_PARAMETERS = 0
QUENCH_COST = 0
QUENCH_PARAMETERS_SCALE = 1
QUENCH_COST_SCALE = 1
OPTIONAL_DATA_DBL = 0
OPTIONAL_DATA_INT = 0
OPTIONAL_DATA_PTR = 0
USER_COST_SCHEDULE = 0
USER_ACCEPT_ASYMP_EXP = 0
USER_ACCEPT_THRESHOLD = 0
USER_ACCEPTANCE_TEST = 1
USER_GENERATING_FUNCTION = 0
USER_REANNEAL_COST = 0
USER_REANNEAL_PARAMETERS = 0
MAXIMUM_REANNEAL_INDEX = 50000
REANNEAL_SCALE =           10
ASA_SAMPLE = 0
ASA_QUEUE = 0
ASA_RESOLUTION = 0
FITLOC = 0
FITLOC_ROUND = 1
FITLOC_PRINT = 1
MULTI_MIN = 0
ASA_PARALLEL = 0
FDLIBM_POW = 0
FDLIBM_LOG = 0
FDLIBM_EXP = 0

ASA_PRINT = 1
USER_OUT = asa_usr_out
ASA_OUT = optim_MsensH_cl_RfunDFIIt1_16-Nov-2007.log
USER_ASA_OUT = 1
ASA_PRINT_INTERMED = 1
ASA_PRINT_MORE = 0
INCL_STDOUT = 1
G_FIELD = 12
G_PRECISION = 7
ASA_SAVE = 0
ASA_SAVE_OPT = 0
ASA_SAVE_BACKUP = 0
ASA_PIPE = 0
ASA_PIPE_FILE = 0
SYSTEM_CALL = 1

OPTIONS->Limit_Acceptances = 1000000
OPTIONS->Limit_Generated = 1000000
OPTIONS->Limit_Invalid_Generated_States = 1000000
OPTIONS->Accepted_To_Generated_Ratio =        1e-12

OPTIONS->Cost_Precision =        1e-18
OPTIONS->Maximum_Cost_Repeat = 5
OPTIONS->Number_Cost_Samples = 5
OPTIONS->Temperature_Ratio_Scale =        1e-08
OPTIONS->Cost_Parameter_Scale_Ratio =            1
OPTIONS->Temperature_Anneal_Scale =          100
OPTIONS->Include_Integer_Parameters = 0
OPTIONS->User_Initial_Parameters = 1
OPTIONS->Sequential_Parameters = -1
OPTIONS->Initial_Parameter_Temperature =            1
OPTIONS->Acceptance_Frequency_Modulus = 100
OPTIONS->Generated_Frequency_Modulus = 10000
OPTIONS->Reanneal_Cost = 1
OPTIONS->Reanneal_Parameters = 1

OPTIONS->Delta_X =        0.001
OPTIONS->User_Tangents = 0
OPTIONS->Curvature_0 = 0
OPTIONS->Asa_Recursive_Level = 0


Initial Random Seed = 36397

*number_parameters = 4

index_v parameter_minimum parameter_maximum parameter_value parameter_type 
 0        -2           		 2            	 0.5          -1     
 1        -2           		 2            	 0.5          -1     
 2        -2           		 2            	 0.5          -1     
 3        -2           		 2            	 0.5          -1     


temperature_scale =     5.825131
temperature_scale_parameters[0] =     5.825131
*temperature_scale_cost =     5.825131



*index_cost_acceptances = 0, *current_cost_temperature = 1.055125e+09
*accepted_to_generated_ratio =            1, *number_invalid... = 0
*number_generated = 0, *number_accepted = 0
best...->cost =      3482361, last...->cost =      3482361
index_v  best...->parameter current_parameter_temp	tangent
0	         0.5		           1	           0
1	         0.5		           1	           0
2	         0.5		           1	           0
3	         0.5		           1	           0


best...->cost=1510083       *number_accepted=2  *number_generated=3
best...->cost=771386.6      *number_accepted=3  *number_generated=4
best...->cost=766101.4      *number_accepted=4  *number_generated=8
best...->cost=57752.03      *number_accepted=10  *number_generated=17
best...->cost=1814.598      *number_accepted=13  *number_generated=20
best...->cost=1712.044      *number_accepted=14  *number_generated=21
best...->cost=1562.127      *number_accepted=15  *number_generated=24
best...->cost=1336.393      *number_accepted=21  *number_generated=35
best...->cost=1040.663      *number_accepted=22  *number_generated=37
best...->cost=948.9891      *number_accepted=29  *number_generated=48
best...->cost=946.7752      *number_accepted=30  *number_generated=49
best...->cost=834.5082      *number_accepted=59  *number_generated=99
best...->cost=831.6792      *number_accepted=60  *number_generated=101
best...->cost=795.2662      *number_accepted=64  *number_generated=108
best...->cost=784.4904      *number_accepted=76  *number_generated=132
best...->cost=770.5929      *number_accepted=77  *number_generated=134
best...->cost=768.3141      *number_accepted=78  *number_generated=135
best...->cost=764.4802      *number_accepted=79  *number_generated=136
best...->cost=764.0804      *number_accepted=80  *number_generated=137
best...->cost=637.3987      *number_accepted=87  *number_generated=154
best...->cost=637.3972      *number_accepted=88  *number_generated=157
best...->cost=630.8582      *number_accepted=97  *number_generated=177
best...->cost=613.2522      *number_accepted=99  *number_generated=180

*index_cost_acceptances = 0, *current_cost_temperature =     11.05043
*accepted_to_generated_ratio =            1, *number_invalid... = 0
*number_generated = 181, *number_accepted = 100
best...->cost =     613.2522, last...->cost =     613.3552
index_v  best...->parameter current_parameter_temp	tangent
0	  -0.2796039		5.257985e-10	 -0.00223103
1	    1.371817		5.257985e-10	   -86.34967
2	    0.986959		5.257985e-10	   -2634.747
3	   0.7888196		5.257985e-10	   -6442.551


best...->cost=581.5194      *number_accepted=107  *number_generated=211
best...->cost=581.2672      *number_accepted=109  *number_generated=218
best...->cost=580.732       *number_accepted=111  *number_generated=222
best...->cost=580.5975      *number_accepted=112  *number_generated=224
best...->cost=572.5341      *number_accepted=113  *number_generated=227
best...->cost=570.3128      *number_accepted=114  *number_generated=229
best...->cost=570.2925      *number_accepted=115  *number_generated=235
best...->cost=570.2911      *number_accepted=116  *number_generated=251
best...->cost=570.2484      *number_accepted=117  *number_generated=257
best...->cost=568.1467      *number_accepted=119  *number_generated=261
best...->cost=568.1457      *number_accepted=120  *number_generated=263
best...->cost=568.0767      *number_accepted=121  *number_generated=265
best...->cost=568.0758      *number_accepted=122  *number_generated=273
best...->cost=568.0756      *number_accepted=123  *number_generated=275
best...->cost=566.9426      *number_accepted=124  *number_generated=281
best...->cost=566.9397      *number_accepted=125  *number_generated=282
best...->cost=559.3557      *number_accepted=126  *number_generated=286
best...->cost=559.3545      *number_accepted=127  *number_generated=289
best...->cost=559.3541      *number_accepted=128  *number_generated=290
best...->cost=558.4798      *number_accepted=129  *number_generated=291
best...->cost=558.4798      *number_accepted=130  *number_generated=292
best...->cost=558.4798      *number_accepted=132  *number_generated=295
best...->cost=558.1706      *number_accepted=133  *number_generated=296
best...->cost=558.1561      *number_accepted=136  *number_generated=303
best...->cost=558.1398      *number_accepted=137  *number_generated=304
best...->cost=558.0865      *number_accepted=138  *number_generated=313
best...->cost=558.0854      *number_accepted=139  *number_generated=323
best...->cost=558.0851      *number_accepted=140  *number_generated=324
best...->cost=558.0738      *number_accepted=141  *number_generated=329
best...->cost=558.0418      *number_accepted=142  *number_generated=330
best...->cost=558.0415      *number_accepted=143  *number_generated=331
best...->cost=557.7923      *number_accepted=144  *number_generated=335
best...->cost=557.7875      *number_accepted=145  *number_generated=341
best...->cost=557.5385      *number_accepted=146  *number_generated=344
best...->cost=557.5385      *number_accepted=147  *number_generated=345
best...->cost=557.5365      *number_accepted=148  *number_generated=347
best...->cost=557.4715      *number_accepted=149  *number_generated=352
best...->cost=557.199       *number_accepted=150  *number_generated=355
best...->cost=557.1987      *number_accepted=152  *number_generated=362
best...->cost=557.1567      *number_accepted=153  *number_generated=370
best...->cost=557.1564      *number_accepted=154  *number_generated=380
best...->cost=557.1555      *number_accepted=155  *number_generated=386
best...->cost=557.1168      *number_accepted=156  *number_generated=390
best...->cost=557.1168      *number_accepted=157  *number_generated=392
best...->cost=557.1167      *number_accepted=158  *number_generated=405
best...->cost=552.1216      *number_accepted=159  *number_generated=409
best...->cost=552.1215      *number_accepted=160  *number_generated=411
best...->cost=552.1074      *number_accepted=162  *number_generated=425
best...->cost=552.1065      *number_accepted=164  *number_generated=437
best...->cost=552.1065      *number_accepted=165  *number_generated=438
best...->cost=552.1064      *number_accepted=166  *number_generated=439
best...->cost=551.9338      *number_accepted=167  *number_generated=441
best...->cost=551.9315      *number_accepted=168  *number_generated=446
best...->cost=551.9313      *number_accepted=169  *number_generated=451
best...->cost=551.8992      *number_accepted=171  *number_generated=453
best...->cost=551.5585      *number_accepted=172  *number_generated=457
best...->cost=551.5585      *number_accepted=173  *number_generated=465
best...->cost=551.4481      *number_accepted=174  *number_generated=467
best...->cost=551.4447      *number_accepted=175  *number_generated=468
best...->cost=551.4251      *number_accepted=176  *number_generated=469
best...->cost=551.4046      *number_accepted=177  *number_generated=470
best...->cost=551.4038      *number_accepted=178  *number_generated=473
best...->cost=551.4034      *number_accepted=179  *number_generated=476
best...->cost=551.403       *number_accepted=180  *number_generated=479
best...->cost=551.1989      *number_accepted=181  *number_generated=484
best...->cost=551.1986      *number_accepted=182  *number_generated=488
best...->cost=551.1984      *number_accepted=183  *number_generated=489
best...->cost=551.1921      *number_accepted=184  *number_generated=492
best...->cost=551.1921      *number_accepted=185  *number_generated=496
best...->cost=551.1913      *number_accepted=187  *number_generated=513
best...->cost=551.1848      *number_accepted=188  *number_generated=516
best...->cost=551.1695      *number_accepted=189  *number_generated=520
best...->cost=551.1434      *number_accepted=190  *number_generated=523
best...->cost=551.1429      *number_accepted=191  *number_generated=536
best...->cost=551.1249      *number_accepted=192  *number_generated=539
best...->cost=551.1219      *number_accepted=193  *number_generated=542
best...->cost=551.0622      *number_accepted=194  *number_generated=547
best...->cost=551.0238      *number_accepted=195  *number_generated=557
best...->cost=551.0075      *number_accepted=196  *number_generated=559
best...->cost=551.0075      *number_accepted=197  *number_generated=572
best...->cost=551.0074      *number_accepted=198  *number_generated=576
best...->cost=551.0035      *number_accepted=199  *number_generated=591
best...->cost=550.9682      *number_accepted=200  *number_generated=593

*index_cost_acceptances = 96, *current_cost_temperature = 6.423733e-06
*accepted_to_generated_ratio =    0.6666667, *number_invalid... = 0
*number_generated = 593, *number_accepted = 200
best...->cost =     550.9682, last...->cost =     550.9682
index_v  best...->parameter current_parameter_temp	tangent
0	   0.7647387		 4.00292e-12	           0
1	    1.999237		1.361703e-12	   -71.24517
2	   0.9852666		4.753154e-13	    831.6763
3	   0.7930955		3.361571e-13	    368.4167


best...->cost=550.9669      *number_accepted=201  *number_generated=595
best...->cost=550.9668      *number_accepted=202  *number_generated=603
best...->cost=550.9664      *number_accepted=203  *number_generated=605
best...->cost=550.9651      *number_accepted=204  *number_generated=611
best...->cost=550.9544      *number_accepted=205  *number_generated=612
best...->cost=550.9544      *number_accepted=206  *number_generated=613
best...->cost=550.9544      *number_accepted=207  *number_generated=617
best...->cost=550.9298      *number_accepted=208  *number_generated=623
best...->cost=550.9296      *number_accepted=209  *number_generated=640
best...->cost=550.9294      *number_accepted=213  *number_generated=660
best...->cost=550.9277      *number_accepted=214  *number_generated=678
best...->cost=550.9262      *number_accepted=215  *number_generated=679
best...->cost=550.9262      *number_accepted=216  *number_generated=680
best...->cost=550.9228      *number_accepted=217  *number_generated=695
best...->cost=550.9227      *number_accepted=218  *number_generated=701
best...->cost=550.9204      *number_accepted=219  *number_generated=711
best...->cost=550.92        *number_accepted=220  *number_generated=721
best...->cost=550.9157      *number_accepted=221  *number_generated=728
best...->cost=550.9155      *number_accepted=222  *number_generated=744
best...->cost=550.9154      *number_accepted=223  *number_generated=753
best...->cost=550.9153      *number_accepted=224  *number_generated=758
best...->cost=550.8963      *number_accepted=226  *number_generated=769
best...->cost=550.8963      *number_accepted=227  *number_generated=770
best...->cost=550.8846      *number_accepted=228  *number_generated=774
best...->cost=550.8844      *number_accepted=229  *number_generated=775
best...->cost=550.8842      *number_accepted=230  *number_generated=781
best...->cost=550.884       *number_accepted=232  *number_generated=785
best...->cost=550.8819      *number_accepted=233  *number_generated=786
best...->cost=550.8819      *number_accepted=234  *number_generated=787
best...->cost=550.88        *number_accepted=235  *number_generated=793
best...->cost=550.8797      *number_accepted=236  *number_generated=796
best...->cost=550.8796      *number_accepted=237  *number_generated=799
best...->cost=550.8793      *number_accepted=238  *number_generated=804
best...->cost=550.8793      *number_accepted=239  *number_generated=808
best...->cost=550.8791      *number_accepted=241  *number_generated=817
best...->cost=550.8791      *number_accepted=242  *number_generated=819
best...->cost=550.8791      *number_accepted=243  *number_generated=833
best...->cost=550.879       *number_accepted=245  *number_generated=845
best...->cost=550.879       *number_accepted=246  *number_generated=852
best...->cost=550.879       *number_accepted=247  *number_generated=861
best...->cost=550.879       *number_accepted=248  *number_generated=865
best...->cost=550.8788      *number_accepted=249  *number_generated=882
best...->cost=550.8787      *number_accepted=250  *number_generated=884
best...->cost=550.8785      *number_accepted=251  *number_generated=886
best...->cost=550.8784      *number_accepted=253  *number_generated=896
best...->cost=550.8778      *number_accepted=254  *number_generated=899
best...->cost=550.8778      *number_accepted=255  *number_generated=920
best...->cost=550.8758      *number_accepted=256  *number_generated=923
best...->cost=550.8757      *number_accepted=257  *number_generated=931
best...->cost=550.8756      *number_accepted=258  *number_generated=938
best...->cost=550.8756      *number_accepted=259  *number_generated=939
best...->cost=550.8755      *number_accepted=260  *number_generated=941
best...->cost=550.8755      *number_accepted=261  *number_generated=943
best...->cost=550.8755      *number_accepted=262  *number_generated=953
best...->cost=550.8731      *number_accepted=263  *number_generated=957
best...->cost=550.8731      *number_accepted=264  *number_generated=962
best...->cost=550.8727      *number_accepted=266  *number_generated=969
best...->cost=550.8727      *number_accepted=267  *number_generated=970
best...->cost=550.8727      *number_accepted=268  *number_generated=975
best...->cost=550.8727      *number_accepted=269  *number_generated=982
best...->cost=550.8727      *number_accepted=270  *number_generated=986
best...->cost=550.8727      *number_accepted=271  *number_generated=993
best...->cost=550.8727      *number_accepted=272  *number_generated=1000
best...->cost=550.8727      *number_accepted=273  *number_generated=1011
best...->cost=550.8727      *number_accepted=274  *number_generated=1019
best...->cost=550.8727      *number_accepted=275  *number_generated=1020
best...->cost=550.8727      *number_accepted=276  *number_generated=1022
best...->cost=550.8727      *number_accepted=277  *number_generated=1034
best...->cost=550.8726      *number_accepted=278  *number_generated=1037
best...->cost=550.8726      *number_accepted=280  *number_generated=1048
best...->cost=550.8726      *number_accepted=281  *number_generated=1050
best...->cost=550.8726      *number_accepted=282  *number_generated=1056
best...->cost=550.8726      *number_accepted=283  *number_generated=1062
best...->cost=550.8726      *number_accepted=284  *number_generated=1067
best...->cost=550.8726      *number_accepted=285  *number_generated=1070
best...->cost=550.8726      *number_accepted=286  *number_generated=1075
best...->cost=550.8726      *number_accepted=287  *number_generated=1082
best...->cost=550.8726      *number_accepted=288  *number_generated=1089
best...->cost=550.8726      *number_accepted=289  *number_generated=1101
best...->cost=550.8725      *number_accepted=290  *number_generated=1105
best...->cost=550.8725      *number_accepted=291  *number_generated=1106
best...->cost=550.8725      *number_accepted=292  *number_generated=1107
best...->cost=550.8724      *number_accepted=293  *number_generated=1108
best...->cost=550.8724      *number_accepted=294  *number_generated=1117
best...->cost=550.8724      *number_accepted=295  *number_generated=1128
best...->cost=550.8723      *number_accepted=296  *number_generated=1140
best...->cost=550.8723      *number_accepted=297  *number_generated=1143
best...->cost=550.8723      *number_accepted=298  *number_generated=1146
best...->cost=550.8723      *number_accepted=299  *number_generated=1148
best...->cost=550.8723      *number_accepted=300  *number_generated=1152

*index_cost_acceptances = 194, *current_cost_temperature = 1.938633e-07
*accepted_to_generated_ratio =          0.4, *number_invalid... = 0
*number_generated = 1152, *number_accepted = 300
best...->cost =     550.8723, last...->cost =     550.8723
index_v  best...->parameter current_parameter_temp	tangent
0	    1.422952		7.551721e-15	-0.0002322912
1	           2		1.535069e-14	   -71.37916
2	   0.9851611		2.317077e-15	    905.2634
3	   0.7933436		3.047813e-15	    703.6491


best...->cost=550.8723      *number_accepted=301  *number_generated=1165
best...->cost=550.8723      *number_accepted=303  *number_generated=1178
best...->cost=550.8722      *number_accepted=304  *number_generated=1222
best...->cost=550.8722      *number_accepted=305  *number_generated=1247
best...->cost=550.8722      *number_accepted=306  *number_generated=1249
best...->cost=550.8722      *number_accepted=307  *number_generated=1277
best...->cost=550.8722      *number_accepted=308  *number_generated=1302
best...->cost=550.8722      *number_accepted=309  *number_generated=1306
best...->cost=550.8722      *number_accepted=310  *number_generated=1339
best...->cost=550.8722      *number_accepted=311  *number_generated=1353
best...->cost=550.8722      *number_accepted=312  *number_generated=1355
best...->cost=550.8722      *number_accepted=313  *number_generated=1356
best...->cost=550.8722      *number_accepted=314  *number_generated=1361
best...->cost=550.8722      *number_accepted=315  *number_generated=1369
best...->cost=550.8722      *number_accepted=316  *number_generated=1390
best...->cost=550.8722      *number_accepted=317  *number_generated=1418
best...->cost=550.8722      *number_accepted=318  *number_generated=1430
best...->cost=550.8722      *number_accepted=319  *number_generated=1439
best...->cost=550.8722      *number_accepted=320  *number_generated=1449
best...->cost=550.8722      *number_accepted=322  *number_generated=1454
best...->cost=550.8722      *number_accepted=323  *number_generated=1464
best...->cost=550.8722      *number_accepted=324  *number_generated=1467
best...->cost=550.8722      *number_accepted=325  *number_generated=1478
best...->cost=550.8722      *number_accepted=326  *number_generated=1504
best...->cost=550.8722      *number_accepted=327  *number_generated=1508
best...->cost=550.8722      *number_accepted=328  *number_generated=1545
best...->cost=550.8722      *number_accepted=329  *number_generated=1561
best...->cost=550.8722      *number_accepted=330  *number_generated=1598
best...->cost=549.6175      *number_accepted=331  *number_generated=1679
best...->cost=503.2219      *number_accepted=332  *number_generated=1681
best...->cost=503.2195      *number_accepted=333  *number_generated=1682
best...->cost=503.2128      *number_accepted=334  *number_generated=1691
best...->cost=503.2127      *number_accepted=335  *number_generated=1699
best...->cost=503.0409      *number_accepted=336  *number_generated=1703
best...->cost=503.0391      *number_accepted=337  *number_generated=1715
best...->cost=503.0305      *number_accepted=338  *number_generated=1716
best...->cost=503.0294      *number_accepted=339  *number_generated=1718
best...->cost=502.1249      *number_accepted=340  *number_generated=1721
best...->cost=502.1249      *number_accepted=341  *number_generated=1722
best...->cost=502.1249      *number_accepted=342  *number_generated=1723
best...->cost=501.5105      *number_accepted=343  *number_generated=1724
best...->cost=501.5105      *number_accepted=344  *number_generated=1727
best...->cost=501.3249      *number_accepted=345  *number_generated=1728
best...->cost=501.314       *number_accepted=346  *number_generated=1729
best...->cost=500.5671      *number_accepted=347  *number_generated=1730
best...->cost=500.5507      *number_accepted=348  *number_generated=1732
best...->cost=499.6669      *number_accepted=349  *number_generated=1733
best...->cost=499.6405      *number_accepted=350  *number_generated=1734
best...->cost=499.6405      *number_accepted=351  *number_generated=1736
best...->cost=499.6027      *number_accepted=352  *number_generated=1738
best...->cost=499.5891      *number_accepted=353  *number_generated=1740
best...->cost=499.5891      *number_accepted=354  *number_generated=1748
best...->cost=499.5829      *number_accepted=355  *number_generated=1753
best...->cost=499.5829      *number_accepted=356  *number_generated=1754
best...->cost=499.5827      *number_accepted=357  *number_generated=1756
best...->cost=499.5143      *number_accepted=358  *number_generated=1759
best...->cost=499.5108      *number_accepted=359  *number_generated=1761
best...->cost=499.5081      *number_accepted=360  *number_generated=1763
best...->cost=449.8428      *number_accepted=361  *number_generated=1768
best...->cost=449.7107      *number_accepted=362  *number_generated=1770
best...->cost=444.3011      *number_accepted=363  *number_generated=1775
best...->cost=444.301       *number_accepted=364  *number_generated=1776
best...->cost=436.5318      *number_accepted=365  *number_generated=1784
best...->cost=436.5271      *number_accepted=366  *number_generated=1785
best...->cost=436.497       *number_accepted=367  *number_generated=1794
best...->cost=436.497       *number_accepted=368  *number_generated=1795
best...->cost=436.4969      *number_accepted=369  *number_generated=1797
best...->cost=436.3257      *number_accepted=370  *number_generated=1799
best...->cost=436.3257      *number_accepted=371  *number_generated=1803
best...->cost=436.3253      *number_accepted=372  *number_generated=1813
best...->cost=436.2961      *number_accepted=373  *number_generated=1819
best...->cost=436.2956      *number_accepted=374  *number_generated=1822
best...->cost=436.2956      *number_accepted=375  *number_generated=1823
best...->cost=436.2879      *number_accepted=376  *number_generated=1827
best...->cost=436.2878      *number_accepted=377  *number_generated=1828
best...->cost=436.2876      *number_accepted=378  *number_generated=1831
best...->cost=436.2876      *number_accepted=379  *number_generated=1835
best...->cost=436.282       *number_accepted=380  *number_generated=1846
best...->cost=436.282       *number_accepted=381  *number_generated=1847
best...->cost=435.9793      *number_accepted=382  *number_generated=1853
best...->cost=435.9793      *number_accepted=383  *number_generated=1858
best...->cost=435.9792      *number_accepted=384  *number_generated=1862
best...->cost=435.9792      *number_accepted=385  *number_generated=1865
best...->cost=435.9766      *number_accepted=386  *number_generated=1875
best...->cost=435.9763      *number_accepted=387  *number_generated=1878
best...->cost=435.9763      *number_accepted=388  *number_generated=1880
best...->cost=435.9761      *number_accepted=389  *number_generated=1885
best...->cost=435.9176      *number_accepted=390  *number_generated=1886
best...->cost=435.9175      *number_accepted=391  *number_generated=1888
best...->cost=435.9175      *number_accepted=392  *number_generated=1889
best...->cost=435.9174      *number_accepted=393  *number_generated=1891
best...->cost=435.9173      *number_accepted=394  *number_generated=1895
best...->cost=435.917       *number_accepted=395  *number_generated=1897
best...->cost=435.917       *number_accepted=396  *number_generated=1901
best...->cost=435.8723      *number_accepted=397  *number_generated=1902
best...->cost=435.8703      *number_accepted=398  *number_generated=1903
best...->cost=435.8703      *number_accepted=399  *number_generated=1913
best...->cost=435.8334      *number_accepted=400  *number_generated=1916

*index_cost_acceptances = 281, *current_cost_temperature = 1.881137e-08
*accepted_to_generated_ratio =          0.5, *number_invalid... = 0
*number_generated = 1916, *number_accepted = 400
best...->cost =     435.8334, last...->cost =     435.8334
index_v  best...->parameter current_parameter_temp	tangent
0	    1.287176		2.379528e-14	-0.0001648912
1	    1.998981		3.352036e-16	   -39.56014
2	   0.8780627		2.174295e-17	   -54.62928
3	   0.9752922		3.089691e-17	    692.0255


best...->cost=435.8334      *number_accepted=401  *number_generated=1918
best...->cost=435.8289      *number_accepted=402  *number_generated=1922
best...->cost=435.8211      *number_accepted=403  *number_generated=1927
best...->cost=435.8209      *number_accepted=404  *number_generated=1928
best...->cost=435.8209      *number_accepted=405  *number_generated=1934
best...->cost=435.8171      *number_accepted=406  *number_generated=1936
best...->cost=435.8162      *number_accepted=407  *number_generated=1940
best...->cost=435.8017      *number_accepted=408  *number_generated=1944
best...->cost=435.7797      *number_accepted=409  *number_generated=1949
best...->cost=435.7797      *number_accepted=410  *number_generated=1952
best...->cost=435.7796      *number_accepted=411  *number_generated=1956
best...->cost=435.7796      *number_accepted=412  *number_generated=1957
best...->cost=435.7795      *number_accepted=413  *number_generated=1958
best...->cost=435.7795      *number_accepted=414  *number_generated=1961
best...->cost=435.7795      *number_accepted=415  *number_generated=1963
best...->cost=435.7426      *number_accepted=416  *number_generated=1965
best...->cost=435.7426      *number_accepted=417  *number_generated=1969
best...->cost=435.7426      *number_accepted=418  *number_generated=1972
best...->cost=435.7426      *number_accepted=419  *number_generated=1975
best...->cost=435.7425      *number_accepted=420  *number_generated=1995
best...->cost=435.7425      *number_accepted=421  *number_generated=1999
best...->cost=435.7419      *number_accepted=422  *number_generated=2002
best...->cost=435.7419      *number_accepted=423  *number_generated=2012
best...->cost=435.7419      *number_accepted=424  *number_generated=2018
best...->cost=435.7416      *number_accepted=425  *number_generated=2021
best...->cost=435.7278      *number_accepted=426  *number_generated=2025
best...->cost=435.7268      *number_accepted=427  *number_generated=2043
best...->cost=435.7268      *number_accepted=428  *number_generated=2044
best...->cost=435.7268      *number_accepted=429  *number_generated=2046
best...->cost=435.7268      *number_accepted=430  *number_generated=2054
best...->cost=435.7246      *number_accepted=431  *number_generated=2074
best...->cost=435.7245      *number_accepted=432  *number_generated=2082
best...->cost=435.7245      *number_accepted=433  *number_generated=2085
best...->cost=435.7234      *number_accepted=434  *number_generated=2117
best...->cost=435.7234      *number_accepted=435  *number_generated=2118
best...->cost=435.7234      *number_accepted=436  *number_generated=2120
best...->cost=435.7234      *number_accepted=437  *number_generated=2125
best...->cost=435.7234      *number_accepted=438  *number_generated=2146
best...->cost=435.7231      *number_accepted=439  *number_generated=2160
best...->cost=435.7231      *number_accepted=440  *number_generated=2173
best...->cost=435.7231      *number_accepted=441  *number_generated=2184
best...->cost=435.7231      *number_accepted=442  *number_generated=2188
best...->cost=435.7231      *number_accepted=443  *number_generated=2197
best...->cost=435.7231      *number_accepted=444  *number_generated=2204
best...->cost=435.723       *number_accepted=445  *number_generated=2307
best...->cost=435.723       *number_accepted=446  *number_generated=2367
best...->cost=435.723       *number_accepted=447  *number_generated=2413

*index_cost_acceptances = 328, *current_cost_temperature = 7.468262e-09
*accepted_to_generated_ratio =  0.003846154, *number_invalid... = 0
*number_generated = 2672, *number_accepted = 447
best...->cost =      435.723, last...->cost =      435.723
index_v  best...->parameter current_parameter_temp	tangent
0	   0.2127753		3.070273e-14	  0.06670847
1	           2		4.179921e-17	   -38.70364
2	   0.8797719		5.031944e-18	    20.36768
3	   0.9751656		9.995579e-19	    587.0495

curvature[0][0] =     545.7748

curvature[1][0] =      31.4885 	 = curvature[0][1]
curvature[1][1] =     13.47184

curvature[2][0] =    -86.25138 	 = curvature[0][2]
curvature[2][1] =     631.3318 	 = curvature[1][2]
curvature[2][2] =      45627.1

curvature[3][0] =    -92.89743 	 = curvature[0][3]
curvature[3][1] =     1750.747 	 = curvature[1][3]
curvature[3][2] =     24299.95 	 = curvature[2][3]
curvature[3][3] =      1184743



 P_TEMP_TOO_SMALL exit_status = 1
current_user_parameter_temp[3] too small = 9.995579e-19
 Locate_Cost = 5, calculating curvatures while exiting asa ()
final_cost = best_generated_state->cost = 435.723     
*number_accepted at best_generated_state->cost = 447
*number_generated at best_generated_state->cost = 2413





		 number_asa_open = 2
		ADAPTIVE SIMULATED ANNEALING

/* $Id: asa.c,v 25.15 2004/09/23 18:10:46 ingber Exp ingber $ */

OPTIONS_FILE = 1
OPTIONS_FILE_DATA = 1
RECUR_OPTIONS_FILE = 0
RECUR_OPTIONS_FILE_DATA = 0
COST_FILE = 1
ASA_LIB = 0
HAVE_ANSI = 1
IO_PROTOTYPES = 0
TIME_CALC = 0
TIME_STD = 0
TIME_GETRUSAGE = 1
INT_LONG = 1
INT_ALLOC = 0
SMALL_FLOAT =        1e-18
MIN_DOUBLE =        1e-18
MAX_DOUBLE =        1e+18
EPS_DOUBLE =        1e-18
CHECK_EXPONENT = 0
NO_PARAM_TEMP_TEST = 0
NO_COST_TEMP_TEST = 0
SELF_OPTIMIZE = 0
ASA_TEST = 0
ASA_TEST_POINT = 0
ASA_TEMPLATE = 0
MY_TEMPLATE = 1
ASA_TEMPLATE_LIB = 0
ASA_TEMPLATE_ASA_OUT_PID = 0
ASA_TEMPLATE_MULTIPLE = 0
ASA_TEMPLATE_SELFOPT = 0
ASA_TEMPLATE_SAMPLE = 0
ASA_TEMPLATE_QUEUE = 0
ASA_TEMPLATE_PARALLEL = 0
ASA_TEMPLATE_SAVE = 0
USER_INITIAL_COST_TEMP = 0
RATIO_TEMPERATURE_SCALES = 0
USER_INITIAL_PARAMETERS_TEMPS = 0
DELTA_PARAMETERS = 0
QUENCH_PARAMETERS = 0
QUENCH_COST = 0
QUENCH_PARAMETERS_SCALE = 1
QUENCH_COST_SCALE = 1
OPTIONAL_DATA_DBL = 0
OPTIONAL_DATA_INT = 0
OPTIONAL_DATA_PTR = 0
USER_COST_SCHEDULE = 0
USER_ACCEPT_ASYMP_EXP = 0
USER_ACCEPT_THRESHOLD = 0
USER_ACCEPTANCE_TEST = 1
USER_GENERATING_FUNCTION = 0
USER_REANNEAL_COST = 0
USER_REANNEAL_PARAMETERS = 0
MAXIMUM_REANNEAL_INDEX = 50000
REANNEAL_SCALE =           10
ASA_SAMPLE = 0
ASA_QUEUE = 0
ASA_RESOLUTION = 0
FITLOC = 0
FITLOC_ROUND = 1
FITLOC_PRINT = 1
MULTI_MIN = 0
ASA_PARALLEL = 0
FDLIBM_POW = 0
FDLIBM_LOG = 0
FDLIBM_EXP = 0

ASA_PRINT = 1
USER_OUT = asa_usr_out
ASA_OUT = optim_MsensH_cl_RfunDFIIt1_16-Nov-2007.log
USER_ASA_OUT = 1
ASA_PRINT_INTERMED = 1
ASA_PRINT_MORE = 0
INCL_STDOUT = 1
G_FIELD = 12
G_PRECISION = 7
ASA_SAVE = 0
ASA_SAVE_OPT = 0
ASA_SAVE_BACKUP = 0
ASA_PIPE = 0
ASA_PIPE_FILE = 0
SYSTEM_CALL = 1

OPTIONS->Limit_Acceptances = 1000000
OPTIONS->Limit_Generated = 1000000
OPTIONS->Limit_Invalid_Generated_States = 1000000
OPTIONS->Accepted_To_Generated_Ratio =        1e-12

OPTIONS->Cost_Precision =        1e-18
OPTIONS->Maximum_Cost_Repeat = 5
OPTIONS->Number_Cost_Samples = 5
OPTIONS->Temperature_Ratio_Scale =        1e-08
OPTIONS->Cost_Parameter_Scale_Ratio =            1
OPTIONS->Temperature_Anneal_Scale =          100
OPTIONS->Include_Integer_Parameters = 0
OPTIONS->User_Initial_Parameters = 1
OPTIONS->Sequential_Parameters = -1
OPTIONS->Initial_Parameter_Temperature =            1
OPTIONS->Acceptance_Frequency_Modulus = 100
OPTIONS->Generated_Frequency_Modulus = 10000
OPTIONS->Reanneal_Cost = 1
OPTIONS->Reanneal_Parameters = 1

OPTIONS->Delta_X =        0.001
OPTIONS->User_Tangents = 0
OPTIONS->Curvature_0 = 0
OPTIONS->Asa_Recursive_Level = 0


Initial Random Seed = 36397

*number_parameters = 4

index_v parameter_minimum parameter_maximum parameter_value parameter_type 
 0        -2           		 2            	 0.2127753    -1     
 1        -2           		 2            	 2            -1     
 2        -2           		 2            	 0.8797719    -1     
 3        -2           		 2            	 0.9751656    -1     


temperature_scale =     5.825131
temperature_scale_parameters[0] =     5.825131
*temperature_scale_cost =     5.825131



*index_cost_acceptances = 0, *current_cost_temperature = 3.180829e+08
*accepted_to_generated_ratio =            1, *number_invalid... = 0
*number_generated = 0, *number_accepted = 0
best...->cost =      435.723, last...->cost =      435.723
index_v  best...->parameter current_parameter_temp	tangent
0	   0.2127753		           1	           0
1	           2		           1	           0
2	   0.8797719		           1	           0
3	   0.9751656		           1	           0



*index_cost_acceptances = 0, *current_cost_temperature =     3.331315
*accepted_to_generated_ratio =    0.6047904, *number_invalid... = 0
*number_generated = 166, *number_accepted = 100
best...->cost =      435.723, last...->cost =     472.2166
index_v  best...->parameter current_parameter_temp	tangent
0	   0.2127753		8.305169e-10	  0.06670847
1	           2		8.305169e-10	   -38.70364
2	   0.8797719		8.305169e-10	    20.36768
3	   0.9751656		8.305169e-10	    587.0495



*index_cost_acceptances = 97, *current_cost_temperature = 4.945574e-06
*accepted_to_generated_ratio =    0.3116279, *number_invalid... = 0
*number_generated = 644, *number_accepted = 200
best...->cost =      435.723, last...->cost =     435.7249
index_v  best...->parameter current_parameter_temp	tangent
0	   0.2127753		1.200331e-12	  0.06670847
1	           2		4.246451e-13	   -38.70364
2	   0.8797719		4.999523e-13	    20.36768
3	   0.9751656		1.843907e-13	    587.0495


best...->cost=435.723       *number_accepted=229  *number_generated=852
best...->cost=435.723       *number_accepted=230  *number_generated=863
best...->cost=435.723       *number_accepted=231  *number_generated=874
best...->cost=435.723       *number_accepted=241  *number_generated=1229
best...->cost=435.723       *number_accepted=242  *number_generated=1333
best...->cost=435.723       *number_accepted=243  *number_generated=1362
best...->cost=435.723       *number_accepted=244  *number_generated=1410
best...->cost=435.723       *number_accepted=245  *number_generated=1605
best...->cost=435.723       *number_accepted=247  *number_generated=1833
best...->cost=435.723       *number_accepted=248  *number_generated=1874

*index_cost_acceptances = 145, *current_cost_temperature = 7.252311e-07
*accepted_to_generated_ratio =  0.001443001, *number_invalid... = 0
*number_generated = 2566, *number_accepted = 248
best...->cost =      435.723, last...->cost =      435.723
index_v  best...->parameter current_parameter_temp	tangent
0	   -1.998999		1.096283e-17	           0
1	           2		2.970832e-18	   -38.71587
2	   0.8797691		3.623213e-18	     20.1301
3	   0.9751616		9.995579e-19	    582.1497

curvature[0][0] =            0

curvature[1][0] =    0.7877618 	 = curvature[0][1]
curvature[1][1] =     11.47189

curvature[2][0] =     -5.00957 	 = curvature[0][2]
curvature[2][1] =     629.9559 	 = curvature[1][2]
curvature[2][2] =     45636.88

curvature[3][0] =            0 	 = curvature[0][3]
curvature[3][1] =     1758.226 	 = curvature[1][3]
curvature[3][2] =     24327.33 	 = curvature[2][3]
curvature[3][3] =      1184610



 P_TEMP_TOO_SMALL exit_status = 1
current_user_parameter_temp[3] too small = 9.995579e-19
 Locate_Cost = 5, calculating curvatures while exiting asa ()
final_cost = best_generated_state->cost = 435.723     
*number_accepted at best_generated_state->cost = 248
*number_generated at best_generated_state->cost = 1874





		 number_asa_open = 3
		ADAPTIVE SIMULATED ANNEALING

/* $Id: asa.c,v 25.15 2004/09/23 18:10:46 ingber Exp ingber $ */

OPTIONS_FILE = 1
OPTIONS_FILE_DATA = 1
RECUR_OPTIONS_FILE = 0
RECUR_OPTIONS_FILE_DATA = 0
COST_FILE = 1
ASA_LIB = 0
HAVE_ANSI = 1
IO_PROTOTYPES = 0
TIME_CALC = 0
TIME_STD = 0
TIME_GETRUSAGE = 1
INT_LONG = 1
INT_ALLOC = 0
SMALL_FLOAT =        1e-18
MIN_DOUBLE =        1e-18
MAX_DOUBLE =        1e+18
EPS_DOUBLE =        1e-18
CHECK_EXPONENT = 0
NO_PARAM_TEMP_TEST = 0
NO_COST_TEMP_TEST = 0
SELF_OPTIMIZE = 0
ASA_TEST = 0
ASA_TEST_POINT = 0
ASA_TEMPLATE = 0
MY_TEMPLATE = 1
ASA_TEMPLATE_LIB = 0
ASA_TEMPLATE_ASA_OUT_PID = 0
ASA_TEMPLATE_MULTIPLE = 0
ASA_TEMPLATE_SELFOPT = 0
ASA_TEMPLATE_SAMPLE = 0
ASA_TEMPLATE_QUEUE = 0
ASA_TEMPLATE_PARALLEL = 0
ASA_TEMPLATE_SAVE = 0
USER_INITIAL_COST_TEMP = 0
RATIO_TEMPERATURE_SCALES = 0
USER_INITIAL_PARAMETERS_TEMPS = 0
DELTA_PARAMETERS = 0
QUENCH_PARAMETERS = 0
QUENCH_COST = 0
QUENCH_PARAMETERS_SCALE = 1
QUENCH_COST_SCALE = 1
OPTIONAL_DATA_DBL = 0
OPTIONAL_DATA_INT = 0
OPTIONAL_DATA_PTR = 0
USER_COST_SCHEDULE = 0
USER_ACCEPT_ASYMP_EXP = 0
USER_ACCEPT_THRESHOLD = 0
USER_ACCEPTANCE_TEST = 1
USER_GENERATING_FUNCTION = 0
USER_REANNEAL_COST = 0
USER_REANNEAL_PARAMETERS = 0
MAXIMUM_REANNEAL_INDEX = 50000
REANNEAL_SCALE =           10
ASA_SAMPLE = 0
ASA_QUEUE = 0
ASA_RESOLUTION = 0
FITLOC = 0
FITLOC_ROUND = 1
FITLOC_PRINT = 1
MULTI_MIN = 0
ASA_PARALLEL = 0
FDLIBM_POW = 0
FDLIBM_LOG = 0
FDLIBM_EXP = 0

ASA_PRINT = 1
USER_OUT = asa_usr_out
ASA_OUT = optim_MsensH_cl_RfunDFIIt1_16-Nov-2007.log
USER_ASA_OUT = 1
ASA_PRINT_INTERMED = 1
ASA_PRINT_MORE = 0
INCL_STDOUT = 1
G_FIELD = 12
G_PRECISION = 7
ASA_SAVE = 0
ASA_SAVE_OPT = 0
ASA_SAVE_BACKUP = 0
ASA_PIPE = 0
ASA_PIPE_FILE = 0
SYSTEM_CALL = 1

OPTIONS->Limit_Acceptances = 1000000
OPTIONS->Limit_Generated = 1000000
OPTIONS->Limit_Invalid_Generated_States = 1000000
OPTIONS->Accepted_To_Generated_Ratio =        1e-12

OPTIONS->Cost_Precision =        1e-18
OPTIONS->Maximum_Cost_Repeat = 5
OPTIONS->Number_Cost_Samples = 5
OPTIONS->Temperature_Ratio_Scale =        1e-08
OPTIONS->Cost_Parameter_Scale_Ratio =            1
OPTIONS->Temperature_Anneal_Scale =          100
OPTIONS->Include_Integer_Parameters = 0
OPTIONS->User_Initial_Parameters = 1
OPTIONS->Sequential_Parameters = -1
OPTIONS->Initial_Parameter_Temperature =            1
OPTIONS->Acceptance_Frequency_Modulus = 100
OPTIONS->Generated_Frequency_Modulus = 10000
OPTIONS->Reanneal_Cost = 1
OPTIONS->Reanneal_Parameters = 1

OPTIONS->Delta_X =        0.001
OPTIONS->User_Tangents = 0
OPTIONS->Curvature_0 = 0
OPTIONS->Asa_Recursive_Level = 0


Initial Random Seed = 36397

*number_parameters = 4

index_v parameter_minimum parameter_maximum parameter_value parameter_type 
 0        -2           		 2            	 0.9          -1     
 1        -2           		 2            	 1.1          -1     
 2        -2           		 2            	 0.9          -1     
 3        -2           		 2            	 1.1          -1     


temperature_scale =     5.825131
temperature_scale_parameters[0] =     5.825131
*temperature_scale_cost =     5.825131



*index_cost_acceptances = 0, *current_cost_temperature = 4.592645e+08
*accepted_to_generated_ratio =            1, *number_invalid... = 0
*number_generated = 0, *number_accepted = 0
best...->cost =     27300.76, last...->cost =     27300.76
index_v  best...->parameter current_parameter_temp	tangent
0	         0.9		           1	           0
1	         1.1		           1	           0
2	         0.9		           1	           0
3	         1.1		           1	           0


best...->cost=757.811       *number_accepted=1  *number_generated=1
best...->cost=623.4862      *number_accepted=2  *number_generated=2
best...->cost=495.9899      *number_accepted=4  *number_generated=5

*index_cost_acceptances = 0, *current_cost_temperature =     4.809925
*accepted_to_generated_ratio =    0.5388889, *number_invalid... = 0
*number_generated = 184, *number_accepted = 100
best...->cost =     495.9899, last...->cost =     558.9508
index_v  best...->parameter current_parameter_temp	tangent
0	   0.8270382		4.815112e-10	 0.006340214
1	    1.102841		4.815112e-10	   -35.20343
2	   0.8845591		4.815112e-10	    -148.057
3	   0.9822501		4.815112e-10	    8857.295



*index_cost_acceptances = 98, *current_cost_temperature =  5.85395e-06
*accepted_to_generated_ratio =    0.2762973, *number_invalid... = 0
*number_generated = 717, *number_accepted = 200
best...->cost =     495.9899, last...->cost =     550.8738
index_v  best...->parameter current_parameter_temp	tangent
0	   0.8270382		6.899723e-13	 0.006340214
1	    1.102841		3.529407e-13	   -35.20343
2	   0.8845591		2.675943e-13	    -148.057
3	   0.9822501		8.283814e-14	    8857.295



*index_cost_acceptances = 196, *current_cost_temperature =  1.83347e-07
*accepted_to_generated_ratio =    0.1964286, *number_invalid... = 0
*number_generated = 1516, *number_accepted = 300
best...->cost =     495.9899, last...->cost =     550.8722
index_v  best...->parameter current_parameter_temp	tangent
0	   0.8270382		2.662874e-14	 0.006340214
1	    1.102841		4.068875e-15	   -35.20343
2	   0.8845591		2.165848e-15	    -148.057
3	   0.9822501		1.677602e-16	    8857.295


best...->cost=442.895       *number_accepted=304  *number_generated=1666
best...->cost=442.8941      *number_accepted=305  *number_generated=1669
best...->cost=442.8633      *number_accepted=306  *number_generated=1678
best...->cost=442.8633      *number_accepted=307  *number_generated=1684
best...->cost=442.8633      *number_accepted=308  *number_generated=1688
best...->cost=442.8632      *number_accepted=309  *number_generated=1689
best...->cost=442.8632      *number_accepted=310  *number_generated=1696
best...->cost=442.8631      *number_accepted=311  *number_generated=1698
best...->cost=442.8454      *number_accepted=312  *number_generated=1702
best...->cost=442.8444      *number_accepted=313  *number_generated=1706
best...->cost=442.1279      *number_accepted=314  *number_generated=1712
best...->cost=442.1279      *number_accepted=315  *number_generated=1723
best...->cost=442.1255      *number_accepted=316  *number_generated=1727
best...->cost=442.1255      *number_accepted=317  *number_generated=1731
best...->cost=442.1255      *number_accepted=318  *number_generated=1735
best...->cost=442.1241      *number_accepted=319  *number_generated=1743
best...->cost=442.1115      *number_accepted=320  *number_generated=1746
best...->cost=442.0949      *number_accepted=321  *number_generated=1748
best...->cost=441.8983      *number_accepted=322  *number_generated=1750
best...->cost=441.8979      *number_accepted=323  *number_generated=1754
best...->cost=441.8979      *number_accepted=324  *number_generated=1760
best...->cost=441.8979      *number_accepted=325  *number_generated=1761
best...->cost=441.5529      *number_accepted=326  *number_generated=1765
best...->cost=441.4999      *number_accepted=327  *number_generated=1768
best...->cost=441.4844      *number_accepted=328  *number_generated=1769
best...->cost=441.4554      *number_accepted=329  *number_generated=1770
best...->cost=441.4532      *number_accepted=330  *number_generated=1772
best...->cost=440.3173      *number_accepted=331  *number_generated=1779
best...->cost=440.3173      *number_accepted=332  *number_generated=1780
best...->cost=440.1764      *number_accepted=333  *number_generated=1781
best...->cost=440.1756      *number_accepted=334  *number_generated=1787
best...->cost=440.1745      *number_accepted=335  *number_generated=1788
best...->cost=440.1742      *number_accepted=336  *number_generated=1797
best...->cost=440.1142      *number_accepted=337  *number_generated=1798
best...->cost=439.8791      *number_accepted=338  *number_generated=1806
best...->cost=439.879       *number_accepted=339  *number_generated=1808
best...->cost=439.8772      *number_accepted=340  *number_generated=1809
best...->cost=439.6953      *number_accepted=341  *number_generated=1814
best...->cost=439.6953      *number_accepted=342  *number_generated=1817
best...->cost=439.6914      *number_accepted=343  *number_generated=1818
best...->cost=439.6913      *number_accepted=344  *number_generated=1822
best...->cost=439.6913      *number_accepted=345  *number_generated=1824
best...->cost=439.6895      *number_accepted=346  *number_generated=1830
best...->cost=439.6715      *number_accepted=347  *number_generated=1833
best...->cost=439.3698      *number_accepted=348  *number_generated=1836
best...->cost=438.7263      *number_accepted=349  *number_generated=1840
best...->cost=438.4531      *number_accepted=350  *number_generated=1847
best...->cost=438.4397      *number_accepted=351  *number_generated=1852
best...->cost=438.4382      *number_accepted=352  *number_generated=1855
best...->cost=438.4382      *number_accepted=353  *number_generated=1856
best...->cost=438.4342      *number_accepted=354  *number_generated=1862
best...->cost=438.4342      *number_accepted=355  *number_generated=1868
best...->cost=438.4333      *number_accepted=356  *number_generated=1872
best...->cost=438.2883      *number_accepted=357  *number_generated=1873
best...->cost=438.2882      *number_accepted=358  *number_generated=1876
best...->cost=438.2858      *number_accepted=359  *number_generated=1878
best...->cost=438.2853      *number_accepted=360  *number_generated=1882
best...->cost=438.1381      *number_accepted=361  *number_generated=1883
best...->cost=438.1376      *number_accepted=362  *number_generated=1884
best...->cost=438.1308      *number_accepted=363  *number_generated=1890
best...->cost=437.4691      *number_accepted=364  *number_generated=1896
best...->cost=437.1355      *number_accepted=365  *number_generated=1897
best...->cost=437.1348      *number_accepted=366  *number_generated=1898
best...->cost=437.1347      *number_accepted=367  *number_generated=1899
best...->cost=437.0551      *number_accepted=368  *number_generated=1903
best...->cost=437.0154      *number_accepted=369  *number_generated=1906
best...->cost=436.9985      *number_accepted=370  *number_generated=1908
best...->cost=436.9985      *number_accepted=371  *number_generated=1912
best...->cost=436.7413      *number_accepted=372  *number_generated=1913
best...->cost=436.741       *number_accepted=373  *number_generated=1915
best...->cost=436.7409      *number_accepted=374  *number_generated=1916
best...->cost=436.7405      *number_accepted=375  *number_generated=1922
best...->cost=436.7357      *number_accepted=376  *number_generated=1923
best...->cost=436.1898      *number_accepted=377  *number_generated=1935
best...->cost=436.1896      *number_accepted=378  *number_generated=1936
best...->cost=436.1896      *number_accepted=379  *number_generated=1939
best...->cost=436.1894      *number_accepted=380  *number_generated=1944
best...->cost=436.1894      *number_accepted=381  *number_generated=1958
best...->cost=436.1893      *number_accepted=382  *number_generated=1961
best...->cost=436.1891      *number_accepted=383  *number_generated=1964
best...->cost=436.1878      *number_accepted=384  *number_generated=1967
best...->cost=436.1763      *number_accepted=385  *number_generated=1970
best...->cost=436.1761      *number_accepted=386  *number_generated=1974
best...->cost=436.1099      *number_accepted=387  *number_generated=1975
best...->cost=436.1099      *number_accepted=388  *number_generated=1978
best...->cost=436.1099      *number_accepted=389  *number_generated=1989
best...->cost=436.088       *number_accepted=390  *number_generated=1990
best...->cost=436.0858      *number_accepted=391  *number_generated=1991
best...->cost=436.0583      *number_accepted=392  *number_generated=1992
best...->cost=436.0477      *number_accepted=393  *number_generated=1996
best...->cost=436.0151      *number_accepted=394  *number_generated=1997
best...->cost=436.0151      *number_accepted=395  *number_generated=2007
best...->cost=436.0151      *number_accepted=396  *number_generated=2020
best...->cost=436.0143      *number_accepted=397  *number_generated=2026
best...->cost=436.0143      *number_accepted=398  *number_generated=2027
best...->cost=436.0124      *number_accepted=399  *number_generated=2028
best...->cost=436.0123      *number_accepted=400  *number_generated=2030

*index_cost_acceptances = 283, *current_cost_temperature =  1.80553e-08
*accepted_to_generated_ratio =    0.6666667, *number_invalid... = 0
*number_generated = 2030, *number_accepted = 400
best...->cost =     436.0123, last...->cost =     436.0123
index_v  best...->parameter current_parameter_temp	tangent
0	  -0.4108839		3.529407e-13	 -0.01017985
1	    1.996007		5.172314e-15	   -37.33694
2	   0.8822556		1.425417e-15	    129.2872
3	   0.9750785		1.075308e-17	     532.449


best...->cost=435.9886      *number_accepted=401  *number_generated=2035
best...->cost=435.9877      *number_accepted=402  *number_generated=2037
best...->cost=435.9867      *number_accepted=403  *number_generated=2039
best...->cost=435.9862      *number_accepted=404  *number_generated=2042
best...->cost=435.9862      *number_accepted=405  *number_generated=2044
best...->cost=435.9426      *number_accepted=406  *number_generated=2049
best...->cost=435.9412      *number_accepted=407  *number_generated=2052
best...->cost=435.9366      *number_accepted=408  *number_generated=2059
best...->cost=435.9285      *number_accepted=409  *number_generated=2064
best...->cost=435.8478      *number_accepted=410  *number_generated=2065
best...->cost=435.8294      *number_accepted=411  *number_generated=2066
best...->cost=435.8294      *number_accepted=412  *number_generated=2067
best...->cost=435.8294      *number_accepted=413  *number_generated=2075
best...->cost=435.8289      *number_accepted=414  *number_generated=2082
best...->cost=435.8286      *number_accepted=415  *number_generated=2085
best...->cost=435.8267      *number_accepted=416  *number_generated=2096
best...->cost=435.8263      *number_accepted=417  *number_generated=2102
best...->cost=435.8263      *number_accepted=418  *number_generated=2108
best...->cost=435.8262      *number_accepted=419  *number_generated=2110
best...->cost=435.8222      *number_accepted=420  *number_generated=2113
best...->cost=435.7961      *number_accepted=421  *number_generated=2116
best...->cost=435.7961      *number_accepted=422  *number_generated=2118
best...->cost=435.7807      *number_accepted=423  *number_generated=2124
best...->cost=435.7641      *number_accepted=424  *number_generated=2125
best...->cost=435.7641      *number_accepted=425  *number_generated=2133
best...->cost=435.7636      *number_accepted=426  *number_generated=2134
best...->cost=435.7636      *number_accepted=427  *number_generated=2137
best...->cost=435.7636      *number_accepted=428  *number_generated=2141
best...->cost=435.7561      *number_accepted=429  *number_generated=2153
best...->cost=435.7549      *number_accepted=430  *number_generated=2154
best...->cost=435.7549      *number_accepted=431  *number_generated=2158
best...->cost=435.7532      *number_accepted=432  *number_generated=2162
best...->cost=435.7532      *number_accepted=433  *number_generated=2168
best...->cost=435.7532      *number_accepted=434  *number_generated=2171
best...->cost=435.7502      *number_accepted=435  *number_generated=2176
best...->cost=435.7484      *number_accepted=436  *number_generated=2177
best...->cost=435.7481      *number_accepted=437  *number_generated=2181
best...->cost=435.7479      *number_accepted=438  *number_generated=2187
best...->cost=435.7339      *number_accepted=439  *number_generated=2189
best...->cost=435.7329      *number_accepted=440  *number_generated=2193
best...->cost=435.7329      *number_accepted=441  *number_generated=2198
best...->cost=435.7323      *number_accepted=442  *number_generated=2215
best...->cost=435.7323      *number_accepted=443  *number_generated=2218
best...->cost=435.732       *number_accepted=444  *number_generated=2220
best...->cost=435.7307      *number_accepted=445  *number_generated=2229
best...->cost=435.7307      *number_accepted=446  *number_generated=2232
best...->cost=435.7307      *number_accepted=447  *number_generated=2233
best...->cost=435.7307      *number_accepted=448  *number_generated=2242
best...->cost=435.7306      *number_accepted=449  *number_generated=2246
best...->cost=435.7271      *number_accepted=450  *number_generated=2249
best...->cost=435.7271      *number_accepted=451  *number_generated=2250
best...->cost=435.7271      *number_accepted=452  *number_generated=2257
best...->cost=435.7267      *number_accepted=453  *number_generated=2259
best...->cost=435.7266      *number_accepted=454  *number_generated=2263
best...->cost=435.7266      *number_accepted=455  *number_generated=2265
best...->cost=435.7266      *number_accepted=456  *number_generated=2274
best...->cost=435.7265      *number_accepted=457  *number_generated=2280
best...->cost=435.7235      *number_accepted=458  *number_generated=2284
best...->cost=435.7235      *number_accepted=459  *number_generated=2289
best...->cost=435.7235      *number_accepted=460  *number_generated=2300
best...->cost=435.7235      *number_accepted=461  *number_generated=2315
best...->cost=435.7235      *number_accepted=462  *number_generated=2316
best...->cost=435.7235      *number_accepted=463  *number_generated=2321
best...->cost=435.7234      *number_accepted=464  *number_generated=2334
best...->cost=435.7234      *number_accepted=465  *number_generated=2335
best...->cost=435.7232      *number_accepted=466  *number_generated=2342
best...->cost=435.7232      *number_accepted=467  *number_generated=2346
best...->cost=435.7232      *number_accepted=468  *number_generated=2356
best...->cost=435.7232      *number_accepted=469  *number_generated=2357
best...->cost=435.7232      *number_accepted=470  *number_generated=2358
best...->cost=435.7232      *number_accepted=471  *number_generated=2374
best...->cost=435.7232      *number_accepted=472  *number_generated=2378
best...->cost=435.7232      *number_accepted=473  *number_generated=2395
best...->cost=435.7232      *number_accepted=474  *number_generated=2406
best...->cost=435.7232      *number_accepted=475  *number_generated=2409
best...->cost=435.7232      *number_accepted=476  *number_generated=2410
best...->cost=435.7231      *number_accepted=477  *number_generated=2417
best...->cost=435.7231      *number_accepted=478  *number_generated=2419
best...->cost=435.7231      *number_accepted=479  *number_generated=2422
best...->cost=435.7231      *number_accepted=480  *number_generated=2431
best...->cost=435.7231      *number_accepted=481  *number_generated=2458
best...->cost=435.7231      *number_accepted=482  *number_generated=2463
best...->cost=435.7231      *number_accepted=483  *number_generated=2466
best...->cost=435.7231      *number_accepted=484  *number_generated=2471
best...->cost=435.7231      *number_accepted=485  *number_generated=2496
best...->cost=435.7231      *number_accepted=486  *number_generated=2513
best...->cost=435.723       *number_accepted=487  *number_generated=2525
best...->cost=435.723       *number_accepted=488  *number_generated=2549

*index_cost_acceptances = 371, *current_cost_temperature =  3.44092e-09
*accepted_to_generated_ratio =        0.025, *number_invalid... = 0
*number_generated = 2588, *number_accepted = 488
best...->cost =      435.723, last...->cost =      435.723
index_v  best...->parameter current_parameter_temp	tangent
0	  -0.9795474		1.781922e-13	 -0.01101449
1	           2		7.183338e-16	   -38.68918
2	   0.8798035		1.269112e-16	    21.67906
3	   0.9751608		9.995579e-19	    582.1215

curvature[0][0] =     22.48893

curvature[1][0] =    -3.001159 	 = curvature[0][1]
curvature[1][1] =     17.70845

curvature[2][0] =     14.67138 	 = curvature[0][2]
curvature[2][1] =     619.5632 	 = curvature[1][2]
curvature[2][2] =      45628.3

curvature[3][0] =     12.19795 	 = curvature[0][3]
curvature[3][1] =     1746.234 	 = curvature[1][3]
curvature[3][2] =     24265.23 	 = curvature[2][3]
curvature[3][3] =      1184493



 P_TEMP_TOO_SMALL exit_status = 1
current_user_parameter_temp[3] too small = 9.995579e-19
 Locate_Cost = 5, calculating curvatures while exiting asa ()
final_cost = best_generated_state->cost = 435.723     
*number_accepted at best_generated_state->cost = 488
*number_generated at best_generated_state->cost = 2549





		 number_asa_open = 4
		ADAPTIVE SIMULATED ANNEALING

/* $Id: asa.c,v 25.15 2004/09/23 18:10:46 ingber Exp ingber $ */

OPTIONS_FILE = 1
OPTIONS_FILE_DATA = 1
RECUR_OPTIONS_FILE = 0
RECUR_OPTIONS_FILE_DATA = 0
COST_FILE = 1
ASA_LIB = 0
HAVE_ANSI = 1
IO_PROTOTYPES = 0
TIME_CALC = 0
TIME_STD = 0
TIME_GETRUSAGE = 1
INT_LONG = 1
INT_ALLOC = 0
SMALL_FLOAT =        1e-18
MIN_DOUBLE =        1e-18
MAX_DOUBLE =        1e+18
EPS_DOUBLE =        1e-18
CHECK_EXPONENT = 0
NO_PARAM_TEMP_TEST = 0
NO_COST_TEMP_TEST = 0
SELF_OPTIMIZE = 0
ASA_TEST = 0
ASA_TEST_POINT = 0
ASA_TEMPLATE = 0
MY_TEMPLATE = 1
ASA_TEMPLATE_LIB = 0
ASA_TEMPLATE_ASA_OUT_PID = 0
ASA_TEMPLATE_MULTIPLE = 0
ASA_TEMPLATE_SELFOPT = 0
ASA_TEMPLATE_SAMPLE = 0
ASA_TEMPLATE_QUEUE = 0
ASA_TEMPLATE_PARALLEL = 0
ASA_TEMPLATE_SAVE = 0
USER_INITIAL_COST_TEMP = 0
RATIO_TEMPERATURE_SCALES = 0
USER_INITIAL_PARAMETERS_TEMPS = 0
DELTA_PARAMETERS = 0
QUENCH_PARAMETERS = 0
QUENCH_COST = 0
QUENCH_PARAMETERS_SCALE = 1
QUENCH_COST_SCALE = 1
OPTIONAL_DATA_DBL = 0
OPTIONAL_DATA_INT = 0
OPTIONAL_DATA_PTR = 0
USER_COST_SCHEDULE = 0
USER_ACCEPT_ASYMP_EXP = 0
USER_ACCEPT_THRESHOLD = 0
USER_ACCEPTANCE_TEST = 1
USER_GENERATING_FUNCTION = 0
USER_REANNEAL_COST = 0
USER_REANNEAL_PARAMETERS = 0
MAXIMUM_REANNEAL_INDEX = 50000
REANNEAL_SCALE =           10
ASA_SAMPLE = 0
ASA_QUEUE = 0
ASA_RESOLUTION = 0
FITLOC = 0
FITLOC_ROUND = 1
FITLOC_PRINT = 1
MULTI_MIN = 0
ASA_PARALLEL = 0
FDLIBM_POW = 0
FDLIBM_LOG = 0
FDLIBM_EXP = 0

ASA_PRINT = 1
USER_OUT = asa_usr_out
ASA_OUT = optim_MsensH_cl_RfunDFIIt1_16-Nov-2007.log
USER_ASA_OUT = 1
ASA_PRINT_INTERMED = 1
ASA_PRINT_MORE = 0
INCL_STDOUT = 1
G_FIELD = 12
G_PRECISION = 7
ASA_SAVE = 0
ASA_SAVE_OPT = 0
ASA_SAVE_BACKUP = 0
ASA_PIPE = 0
ASA_PIPE_FILE = 0
SYSTEM_CALL = 1

OPTIONS->Limit_Acceptances = 1000000
OPTIONS->Limit_Generated = 1000000
OPTIONS->Limit_Invalid_Generated_States = 1000000
OPTIONS->Accepted_To_Generated_Ratio =        1e-12

OPTIONS->Cost_Precision =        1e-18
OPTIONS->Maximum_Cost_Repeat = 5
OPTIONS->Number_Cost_Samples = 5
OPTIONS->Temperature_Ratio_Scale =        1e-08
OPTIONS->Cost_Parameter_Scale_Ratio =            1
OPTIONS->Temperature_Anneal_Scale =          100
OPTIONS->Include_Integer_Parameters = 0
OPTIONS->User_Initial_Parameters = 1
OPTIONS->Sequential_Parameters = -1
OPTIONS->Initial_Parameter_Temperature =            1
OPTIONS->Acceptance_Frequency_Modulus = 100
OPTIONS->Generated_Frequency_Modulus = 10000
OPTIONS->Reanneal_Cost = 1
OPTIONS->Reanneal_Parameters = 1

OPTIONS->Delta_X =        0.001
OPTIONS->User_Tangents = 0
OPTIONS->Curvature_0 = 0
OPTIONS->Asa_Recursive_Level = 0


Initial Random Seed = 36397

*number_parameters = 4

index_v parameter_minimum parameter_maximum parameter_value parameter_type 
 0        -20          		 20           	 0.9          -1     
 1        -20          		 20           	 1.1          -1     
 2        -20          		 20           	 0.9          -1     
 3        -20          		 20           	 1.1          -1     


temperature_scale =     5.825131
temperature_scale_parameters[0] =     5.825131
*temperature_scale_cost =     5.825131



*index_cost_acceptances = 0, *current_cost_temperature = 1.890521e+12
*accepted_to_generated_ratio =            1, *number_invalid... = 0
*number_generated = 0, *number_accepted = 0
best...->cost =     27300.76, last...->cost =     27300.76
index_v  best...->parameter current_parameter_temp	tangent
0	         0.9		           1	           0
1	         1.1		           1	           0
2	         0.9		           1	           0
3	         1.1		           1	           0


best...->cost=26192.33      *number_accepted=84  *number_generated=137
best...->cost=26169.01      *number_accepted=85  *number_generated=138
best...->cost=9777.27       *number_accepted=91  *number_generated=149
best...->cost=7890.41       *number_accepted=92  *number_generated=151
best...->cost=7236.076      *number_accepted=98  *number_generated=159
best...->cost=6906.394      *number_accepted=100  *number_generated=163

*index_cost_acceptances = 0, *current_cost_temperature =     19799.62
*accepted_to_generated_ratio =          0.6, *number_invalid... = 0
*number_generated = 163, *number_accepted = 100
best...->cost =     6906.394, last...->cost =     6906.394
index_v  best...->parameter current_parameter_temp	tangent
0	    3.304721		9.133906e-10	  -0.1874246
1	    3.071054		9.133906e-10	   -202.8113
2	     1.54265		9.133906e-10	    13081.62
3	    1.014483		9.133906e-10	      320555


best...->cost=6382.453      *number_accepted=101  *number_generated=165
best...->cost=6286.336      *number_accepted=102  *number_generated=166
best...->cost=6239.769      *number_accepted=103  *number_generated=169
best...->cost=6005.046      *number_accepted=104  *number_generated=170
best...->cost=5081.02       *number_accepted=105  *number_generated=172
best...->cost=5069.967      *number_accepted=106  *number_generated=175
best...->cost=5055.17       *number_accepted=107  *number_generated=178
best...->cost=5004.915      *number_accepted=108  *number_generated=181
best...->cost=4394.387      *number_accepted=109  *number_generated=188
best...->cost=514.325       *number_accepted=110  *number_generated=190
best...->cost=514.3152      *number_accepted=111  *number_generated=193
best...->cost=503.2951      *number_accepted=114  *number_generated=203
best...->cost=500.8153      *number_accepted=115  *number_generated=206
best...->cost=497.9641      *number_accepted=117  *number_generated=210
best...->cost=497.9326      *number_accepted=118  *number_generated=216
best...->cost=463.717       *number_accepted=119  *number_generated=218
best...->cost=459.2401      *number_accepted=120  *number_generated=220
best...->cost=448.9999      *number_accepted=122  *number_generated=222
best...->cost=442.6624      *number_accepted=123  *number_generated=224
best...->cost=442.5851      *number_accepted=124  *number_generated=227
best...->cost=430.5046      *number_accepted=125  *number_generated=229
best...->cost=430.4629      *number_accepted=126  *number_generated=236
best...->cost=420.3206      *number_accepted=127  *number_generated=244
best...->cost=420.1801      *number_accepted=128  *number_generated=245
best...->cost=413.1658      *number_accepted=129  *number_generated=251
best...->cost=412.9951      *number_accepted=130  *number_generated=252
best...->cost=411.4507      *number_accepted=131  *number_generated=260
best...->cost=406.884       *number_accepted=132  *number_generated=262
best...->cost=406.8827      *number_accepted=133  *number_generated=264
best...->cost=406.7478      *number_accepted=134  *number_generated=266
best...->cost=403.3018      *number_accepted=135  *number_generated=271
best...->cost=399.7044      *number_accepted=136  *number_generated=272
best...->cost=399.6989      *number_accepted=137  *number_generated=283
best...->cost=398.6302      *number_accepted=139  *number_generated=294
best...->cost=398.5263      *number_accepted=140  *number_generated=298
best...->cost=398.2473      *number_accepted=141  *number_generated=299
best...->cost=398.2449      *number_accepted=142  *number_generated=302
best...->cost=398.2073      *number_accepted=143  *number_generated=307
best...->cost=381.5401      *number_accepted=144  *number_generated=310
best...->cost=381.5359      *number_accepted=145  *number_generated=320
best...->cost=381.5359      *number_accepted=146  *number_generated=337
best...->cost=381.5358      *number_accepted=147  *number_generated=349
best...->cost=381.5312      *number_accepted=148  *number_generated=350
best...->cost=381.1009      *number_accepted=149  *number_generated=358
best...->cost=381.0888      *number_accepted=151  *number_generated=368
best...->cost=379.713       *number_accepted=154  *number_generated=391
best...->cost=379.7126      *number_accepted=157  *number_generated=414
best...->cost=379.5967      *number_accepted=158  *number_generated=428
best...->cost=379.4219      *number_accepted=159  *number_generated=429
best...->cost=379.3088      *number_accepted=160  *number_generated=430
best...->cost=379.2554      *number_accepted=161  *number_generated=432
best...->cost=379.2471      *number_accepted=164  *number_generated=450
best...->cost=379.2471      *number_accepted=165  *number_generated=454
best...->cost=379.2354      *number_accepted=167  *number_generated=460
best...->cost=379.0949      *number_accepted=169  *number_generated=470
best...->cost=379.0747      *number_accepted=170  *number_generated=472
best...->cost=379.0747      *number_accepted=171  *number_generated=475
best...->cost=379.0745      *number_accepted=172  *number_generated=481
best...->cost=379.0743      *number_accepted=173  *number_generated=484
best...->cost=378.9704      *number_accepted=175  *number_generated=492
best...->cost=378.97        *number_accepted=180  *number_generated=517
best...->cost=378.9699      *number_accepted=181  *number_generated=518
best...->cost=378.923       *number_accepted=182  *number_generated=520
best...->cost=378.923       *number_accepted=183  *number_generated=529
best...->cost=378.9221      *number_accepted=185  *number_generated=547
best...->cost=378.8989      *number_accepted=187  *number_generated=573
best...->cost=378.8934      *number_accepted=188  *number_generated=577
best...->cost=378.8934      *number_accepted=189  *number_generated=578
best...->cost=378.8934      *number_accepted=190  *number_generated=583
best...->cost=378.8933      *number_accepted=191  *number_generated=587
best...->cost=378.8929      *number_accepted=193  *number_generated=606
best...->cost=378.8895      *number_accepted=194  *number_generated=612
best...->cost=378.8225      *number_accepted=195  *number_generated=615
best...->cost=378.7864      *number_accepted=197  *number_generated=628
best...->cost=378.7804      *number_accepted=198  *number_generated=631
best...->cost=378.7803      *number_accepted=199  *number_generated=632
best...->cost=378.7803      *number_accepted=200  *number_generated=634

*index_cost_acceptances = 49, *current_cost_temperature = 7.233138e-05
*accepted_to_generated_ratio =    0.6666667, *number_invalid... = 0
*number_generated = 634, *number_accepted = 200
best...->cost =     378.7803, last...->cost =     378.7803
index_v  best...->parameter current_parameter_temp	tangent
0	    3.741164		1.638989e-12	8.253994e-05
1	    4.440179		1.119929e-12	  -0.3363793
2	   0.8614213		5.395983e-13	    26.94763
3	   0.9732159		2.068329e-13	    441.2896


best...->cost=378.7803      *number_accepted=201  *number_generated=643
best...->cost=378.7802      *number_accepted=202  *number_generated=652
best...->cost=378.78        *number_accepted=204  *number_generated=668
best...->cost=378.7795      *number_accepted=205  *number_generated=692
best...->cost=378.7791      *number_accepted=206  *number_generated=697
best...->cost=378.7791      *number_accepted=207  *number_generated=698
best...->cost=378.7762      *number_accepted=208  *number_generated=709
best...->cost=378.7762      *number_accepted=209  *number_generated=718
best...->cost=378.7761      *number_accepted=210  *number_generated=720
best...->cost=378.7755      *number_accepted=211  *number_generated=721
best...->cost=378.7753      *number_accepted=213  *number_generated=733
best...->cost=378.7753      *number_accepted=214  *number_generated=734
best...->cost=378.775       *number_accepted=215  *number_generated=735
best...->cost=378.7749      *number_accepted=221  *number_generated=772
best...->cost=378.7749      *number_accepted=222  *number_generated=781
best...->cost=378.7735      *number_accepted=226  *number_generated=791
best...->cost=378.7735      *number_accepted=232  *number_generated=829
best...->cost=378.7731      *number_accepted=233  *number_generated=835
best...->cost=378.7729      *number_accepted=235  *number_generated=846
best...->cost=378.7729      *number_accepted=237  *number_generated=853
best...->cost=378.7729      *number_accepted=239  *number_generated=865
best...->cost=378.7728      *number_accepted=240  *number_generated=871
best...->cost=378.7728      *number_accepted=242  *number_generated=905
best...->cost=378.7728      *number_accepted=243  *number_generated=910
best...->cost=378.7728      *number_accepted=244  *number_generated=917
best...->cost=378.7727      *number_accepted=245  *number_generated=919
best...->cost=378.7727      *number_accepted=246  *number_generated=928
best...->cost=378.7727      *number_accepted=247  *number_generated=933
best...->cost=378.7727      *number_accepted=252  *number_generated=972
best...->cost=378.7727      *number_accepted=253  *number_generated=976
best...->cost=378.7727      *number_accepted=254  *number_generated=977
best...->cost=378.7727      *number_accepted=256  *number_generated=987
best...->cost=378.7727      *number_accepted=257  *number_generated=995
best...->cost=378.7727      *number_accepted=258  *number_generated=998
best...->cost=378.7727      *number_accepted=259  *number_generated=1000
best...->cost=378.7727      *number_accepted=260  *number_generated=1008
best...->cost=378.7727      *number_accepted=261  *number_generated=1036
best...->cost=378.7726      *number_accepted=266  *number_generated=1053
best...->cost=378.7726      *number_accepted=267  *number_generated=1057
best...->cost=378.7726      *number_accepted=268  *number_generated=1080
best...->cost=378.7726      *number_accepted=275  *number_generated=1201
best...->cost=378.7726      *number_accepted=278  *number_generated=1337
best...->cost=378.7726      *number_accepted=279  *number_generated=1347
best...->cost=378.7726      *number_accepted=280  *number_generated=1355
best...->cost=378.7726      *number_accepted=281  *number_generated=1375
best...->cost=378.7726      *number_accepted=284  *number_generated=1413
best...->cost=378.7726      *number_accepted=286  *number_generated=1434
best...->cost=378.7726      *number_accepted=292  *number_generated=1597
best...->cost=378.7726      *number_accepted=293  *number_generated=1609
best...->cost=378.7726      *number_accepted=296  *number_generated=1774
best...->cost=378.7726      *number_accepted=297  *number_generated=1777
best...->cost=378.7726      *number_accepted=298  *number_generated=1818

*index_cost_acceptances = 147, *current_cost_temperature = 5.683192e-07
*accepted_to_generated_ratio =        0.015, *number_invalid... = 0
*number_generated = 2017, *number_accepted = 300
best...->cost =     378.7726, last...->cost =     378.7726
index_v  best...->parameter current_parameter_temp	tangent
0	    3.442014		3.416688e-16	 0.002688885
1	    4.457092		1.506422e-16	  0.04651129
2	   0.8611557		4.434698e-17	      18.055
3	   0.9732975		1.134057e-17	    522.1564


best...->cost=378.7726      *number_accepted=310  *number_generated=2457

*index_cost_acceptances = 157, *current_cost_temperature = 4.201388e-07
*accepted_to_generated_ratio =  0.007751938, *number_invalid... = 0
*number_generated = 2585, *number_accepted = 310
best...->cost =     378.7726, last...->cost =     378.7726
index_v  best...->parameter current_parameter_temp	tangent
0	    7.546363		2.637903e-14	 0.001358337
1	    4.457555		4.440396e-15	  0.05798908
2	   0.8611561		3.940872e-17	    18.08321
3	   0.9732974		9.995579e-19	    522.0337

curvature[0][0] =    0.3538403

curvature[1][0] =   -0.3346418 	 = curvature[0][1]
curvature[1][1] =     23.45984

curvature[2][0] =    -3.170465 	 = curvature[0][2]
curvature[2][1] =     6.446576 	 = curvature[1][2]
curvature[2][2] =     42903.61

curvature[3][0] =    -1.260115 	 = curvature[0][3]
curvature[3][1] =    -11.76785 	 = curvature[1][3]
curvature[3][2] =     26831.47 	 = curvature[2][3]
curvature[3][3] =      1066438



 P_TEMP_TOO_SMALL exit_status = 1
current_user_parameter_temp[3] too small = 9.995579e-19
 Locate_Cost = 5, calculating curvatures while exiting asa ()
final_cost = best_generated_state->cost = 378.7726    
*number_accepted at best_generated_state->cost = 310
*number_generated at best_generated_state->cost = 2457





		 number_asa_open = 5
		ADAPTIVE SIMULATED ANNEALING

/* $Id: asa.c,v 25.15 2004/09/23 18:10:46 ingber Exp ingber $ */

OPTIONS_FILE = 1
OPTIONS_FILE_DATA = 1
RECUR_OPTIONS_FILE = 0
RECUR_OPTIONS_FILE_DATA = 0
COST_FILE = 1
ASA_LIB = 0
HAVE_ANSI = 1
IO_PROTOTYPES = 0
TIME_CALC = 0
TIME_STD = 0
TIME_GETRUSAGE = 1
INT_LONG = 1
INT_ALLOC = 0
SMALL_FLOAT =        1e-18
MIN_DOUBLE =        1e-18
MAX_DOUBLE =        1e+18
EPS_DOUBLE =        1e-18
CHECK_EXPONENT = 0
NO_PARAM_TEMP_TEST = 0
NO_COST_TEMP_TEST = 0
SELF_OPTIMIZE = 0
ASA_TEST = 0
ASA_TEST_POINT = 0
ASA_TEMPLATE = 0
MY_TEMPLATE = 1
ASA_TEMPLATE_LIB = 0
ASA_TEMPLATE_ASA_OUT_PID = 0
ASA_TEMPLATE_MULTIPLE = 0
ASA_TEMPLATE_SELFOPT = 0
ASA_TEMPLATE_SAMPLE = 0
ASA_TEMPLATE_QUEUE = 0
ASA_TEMPLATE_PARALLEL = 0
ASA_TEMPLATE_SAVE = 0
USER_INITIAL_COST_TEMP = 0
RATIO_TEMPERATURE_SCALES = 0
USER_INITIAL_PARAMETERS_TEMPS = 0
DELTA_PARAMETERS = 0
QUENCH_PARAMETERS = 0
QUENCH_COST = 0
QUENCH_PARAMETERS_SCALE = 1
QUENCH_COST_SCALE = 1
OPTIONAL_DATA_DBL = 0
OPTIONAL_DATA_INT = 0
OPTIONAL_DATA_PTR = 0
USER_COST_SCHEDULE = 0
USER_ACCEPT_ASYMP_EXP = 0
USER_ACCEPT_THRESHOLD = 0
USER_ACCEPTANCE_TEST = 1
USER_GENERATING_FUNCTION = 0
USER_REANNEAL_COST = 0
USER_REANNEAL_PARAMETERS = 0
MAXIMUM_REANNEAL_INDEX = 50000
REANNEAL_SCALE =           10
ASA_SAMPLE = 0
ASA_QUEUE = 0
ASA_RESOLUTION = 0
FITLOC = 0
FITLOC_ROUND = 1
FITLOC_PRINT = 1
MULTI_MIN = 0
ASA_PARALLEL = 0
FDLIBM_POW = 0
FDLIBM_LOG = 0
FDLIBM_EXP = 0

ASA_PRINT = 1
USER_OUT = asa_usr_out
ASA_OUT = optim_MsensH_cl_RfunDFIIt1_16-Nov-2007.log
USER_ASA_OUT = 1
ASA_PRINT_INTERMED = 1
ASA_PRINT_MORE = 0
INCL_STDOUT = 1
G_FIELD = 12
G_PRECISION = 7
ASA_SAVE = 0
ASA_SAVE_OPT = 0
ASA_SAVE_BACKUP = 0
ASA_PIPE = 0
ASA_PIPE_FILE = 0
SYSTEM_CALL = 1

OPTIONS->Limit_Acceptances = 1000000
OPTIONS->Limit_Generated = 1000000
OPTIONS->Limit_Invalid_Generated_States = 1000000
OPTIONS->Accepted_To_Generated_Ratio =        1e-12

OPTIONS->Cost_Precision =        1e-18
OPTIONS->Maximum_Cost_Repeat = 5
OPTIONS->Number_Cost_Samples = 5
OPTIONS->Temperature_Ratio_Scale =        1e-08
OPTIONS->Cost_Parameter_Scale_Ratio =            1
OPTIONS->Temperature_Anneal_Scale =          100
OPTIONS->Include_Integer_Parameters = 0
OPTIONS->User_Initial_Parameters = 1
OPTIONS->Sequential_Parameters = -1
OPTIONS->Initial_Parameter_Temperature =            1
OPTIONS->Acceptance_Frequency_Modulus = 100
OPTIONS->Generated_Frequency_Modulus = 10000
OPTIONS->Reanneal_Cost = 1
OPTIONS->Reanneal_Parameters = 1

OPTIONS->Delta_X =        0.001
OPTIONS->User_Tangents = 0
OPTIONS->Curvature_0 = 0
OPTIONS->Asa_Recursive_Level = 0


Initial Random Seed = 36397

*number_parameters = 4

index_v parameter_minimum parameter_maximum parameter_value parameter_type 
 0        -20          		 20           	 1.000001     -1     
 1        -20          		 20           	 0.999999     -1     
 2        -20          		 20           	 1.000001     -1     
 3        -20          		 20           	 0.999999     -1     


temperature_scale =     5.825131
temperature_scale_parameters[0] =     5.825131
*temperature_scale_cost =     5.825131



*index_cost_acceptances = 0, *current_cost_temperature = 1.783561e+12
*accepted_to_generated_ratio =            1, *number_invalid... = 0
*number_generated = 0, *number_accepted = 0
best...->cost =      1069.43, last...->cost =      1069.43
index_v  best...->parameter current_parameter_temp	tangent
0	    1.000001		           1	           0
1	    0.999999		           1	           0
2	    1.000001		           1	           0
3	    0.999999		           1	           0



*index_cost_acceptances = 0, *current_cost_temperature =     18679.42
*accepted_to_generated_ratio =     0.583815, *number_invalid... = 0
*number_generated = 172, *number_accepted = 100
best...->cost =      1069.43, last...->cost =     18821.18
index_v  best...->parameter current_parameter_temp	tangent
0	    1.000001		 6.89261e-10	  0.01930812
1	    0.999999		 6.89261e-10	   -1.399791
2	    1.000001		 6.89261e-10	    2502.242
3	    0.999999		 6.89261e-10	    44519.63


best...->cost=513.9136      *number_accepted=109  *number_generated=196
best...->cost=504.2567      *number_accepted=110  *number_generated=198
best...->cost=504.2176      *number_accepted=111  *number_generated=199
best...->cost=482.0355      *number_accepted=112  *number_generated=200
best...->cost=470.9534      *number_accepted=113  *number_generated=201
best...->cost=465.3242      *number_accepted=114  *number_generated=208
best...->cost=465.3236      *number_accepted=115  *number_generated=210
best...->cost=464.2315      *number_accepted=116  *number_generated=211
best...->cost=464.1773      *number_accepted=117  *number_generated=217
best...->cost=461.1351      *number_accepted=118  *number_generated=221
best...->cost=461.129       *number_accepted=119  *number_generated=222
best...->cost=456.6291      *number_accepted=120  *number_generated=233
best...->cost=456.528       *number_accepted=121  *number_generated=237
best...->cost=454.1302      *number_accepted=122  *number_generated=243
best...->cost=386.3908      *number_accepted=123  *number_generated=244
best...->cost=386.1641      *number_accepted=124  *number_generated=246
best...->cost=385.6818      *number_accepted=125  *number_generated=251
best...->cost=385.4971      *number_accepted=127  *number_generated=258
best...->cost=385.4778      *number_accepted=128  *number_generated=265
best...->cost=385.0896      *number_accepted=129  *number_generated=268
best...->cost=384.3295      *number_accepted=130  *number_generated=269
best...->cost=384.318       *number_accepted=131  *number_generated=275
best...->cost=384.1919      *number_accepted=132  *number_generated=299
best...->cost=384.1916      *number_accepted=133  *number_generated=303
best...->cost=383.8615      *number_accepted=134  *number_generated=304
best...->cost=383.6619      *number_accepted=135  *number_generated=306
best...->cost=382.0807      *number_accepted=136  *number_generated=311
best...->cost=381.0047      *number_accepted=137  *number_generated=312
best...->cost=380.9581      *number_accepted=138  *number_generated=314
best...->cost=380.706       *number_accepted=140  *number_generated=322
best...->cost=380.6934      *number_accepted=141  *number_generated=336
best...->cost=380.6933      *number_accepted=143  *number_generated=364
best...->cost=380.6641      *number_accepted=145  *number_generated=368
best...->cost=380.4555      *number_accepted=146  *number_generated=370
best...->cost=380.4544      *number_accepted=147  *number_generated=371
best...->cost=380.4333      *number_accepted=148  *number_generated=383
best...->cost=380.4325      *number_accepted=150  *number_generated=397
best...->cost=379.763       *number_accepted=151  *number_generated=404
best...->cost=379.5215      *number_accepted=155  *number_generated=420
best...->cost=378.9123      *number_accepted=156  *number_generated=424
best...->cost=378.9118      *number_accepted=157  *number_generated=436
best...->cost=378.9117      *number_accepted=158  *number_generated=439
best...->cost=378.9114      *number_accepted=159  *number_generated=440
best...->cost=378.9105      *number_accepted=160  *number_generated=441
best...->cost=378.8994      *number_accepted=162  *number_generated=443
best...->cost=378.8988      *number_accepted=165  *number_generated=471
best...->cost=378.8837      *number_accepted=167  *number_generated=478
best...->cost=378.8834      *number_accepted=168  *number_generated=480
best...->cost=378.8834      *number_accepted=169  *number_generated=483
best...->cost=378.8832      *number_accepted=171  *number_generated=492
best...->cost=378.8103      *number_accepted=178  *number_generated=519
best...->cost=378.7975      *number_accepted=179  *number_generated=521
best...->cost=378.7888      *number_accepted=180  *number_generated=528
best...->cost=378.7833      *number_accepted=182  *number_generated=549
best...->cost=378.7833      *number_accepted=183  *number_generated=552
best...->cost=378.783       *number_accepted=185  *number_generated=561
best...->cost=378.7829      *number_accepted=186  *number_generated=563
best...->cost=378.7767      *number_accepted=187  *number_generated=567
best...->cost=378.7766      *number_accepted=193  *number_generated=610
best...->cost=378.7766      *number_accepted=194  *number_generated=619
best...->cost=378.7762      *number_accepted=195  *number_generated=622
best...->cost=378.7755      *number_accepted=199  *number_generated=646
best...->cost=378.7755      *number_accepted=200  *number_generated=650

*index_cost_acceptances = 38, *current_cost_temperature = 0.0001971161
*accepted_to_generated_ratio =          0.4, *number_invalid... = 0
*number_generated = 650, *number_accepted = 200
best...->cost =     378.7755, last...->cost =     378.7755
index_v  best...->parameter current_parameter_temp	tangent
0	    14.21942		1.482618e-12	0.0003918806
1	    4.458528		1.287187e-12	  0.07920386
2	   0.8611174		4.246451e-13	    14.44094
3	   0.9732275		1.722225e-13	    445.4335


best...->cost=378.7752      *number_accepted=203  *number_generated=659
best...->cost=378.7752      *number_accepted=204  *number_generated=661
best...->cost=378.775       *number_accepted=213  *number_generated=733
best...->cost=378.7748      *number_accepted=214  *number_generated=734
best...->cost=378.7747      *number_accepted=215  *number_generated=740
best...->cost=378.7747      *number_accepted=216  *number_generated=754
best...->cost=378.7743      *number_accepted=221  *number_generated=788
best...->cost=378.7743      *number_accepted=222  *number_generated=792
best...->cost=378.7742      *number_accepted=223  *number_generated=794
best...->cost=378.7742      *number_accepted=224  *number_generated=814
best...->cost=378.7741      *number_accepted=227  *number_generated=834
best...->cost=378.7741      *number_accepted=228  *number_generated=835
best...->cost=378.7741      *number_accepted=233  *number_generated=856
best...->cost=378.7738      *number_accepted=235  *number_generated=873
best...->cost=378.7738      *number_accepted=238  *number_generated=885
best...->cost=378.7734      *number_accepted=240  *number_generated=895
best...->cost=378.7732      *number_accepted=241  *number_generated=902
best...->cost=378.7729      *number_accepted=242  *number_generated=904
best...->cost=378.7728      *number_accepted=243  *number_generated=915
best...->cost=378.7728      *number_accepted=244  *number_generated=924
best...->cost=378.7727      *number_accepted=245  *number_generated=927
best...->cost=378.7727      *number_accepted=246  *number_generated=933
best...->cost=378.7727      *number_accepted=247  *number_generated=953
best...->cost=378.7727      *number_accepted=248  *number_generated=955
best...->cost=378.7727      *number_accepted=249  *number_generated=959
best...->cost=378.7727      *number_accepted=256  *number_generated=1007
best...->cost=378.7727      *number_accepted=257  *number_generated=1019
best...->cost=378.7726      *number_accepted=262  *number_generated=1066
best...->cost=378.7726      *number_accepted=263  *number_generated=1070
best...->cost=378.7726      *number_accepted=273  *number_generated=1134
best...->cost=378.7726      *number_accepted=274  *number_generated=1136
best...->cost=378.7726      *number_accepted=279  *number_generated=1175
best...->cost=378.7726      *number_accepted=281  *number_generated=1177
best...->cost=378.7726      *number_accepted=282  *number_generated=1185
best...->cost=378.7726      *number_accepted=283  *number_generated=1189
best...->cost=378.7726      *number_accepted=284  *number_generated=1217
best...->cost=378.7726      *number_accepted=285  *number_generated=1231
best...->cost=378.7726      *number_accepted=291  *number_generated=1307
best...->cost=378.7726      *number_accepted=292  *number_generated=1309
best...->cost=378.7726      *number_accepted=293  *number_generated=1342
best...->cost=378.7726      *number_accepted=294  *number_generated=1343
best...->cost=378.7726      *number_accepted=295  *number_generated=1351
best...->cost=378.7726      *number_accepted=297  *number_generated=1453
best...->cost=378.7726      *number_accepted=299  *number_generated=1911
best...->cost=378.7726      *number_accepted=300  *number_generated=2406

*index_cost_acceptances = 136, *current_cost_temperature = 8.381484e-07
*accepted_to_generated_ratio =  0.004032258, *number_invalid... = 0
*number_generated = 2406, *number_accepted = 300
best...->cost =     378.7726, last...->cost =     378.7726
index_v  best...->parameter current_parameter_temp	tangent
0	   -14.42237		3.657746e-17	-0.0003629551
1	    4.457258		  2.4086e-17	  0.05080624
2	   0.8611696		7.595536e-18	    18.65089
3	   0.9732976		1.947159e-18	    522.7169



*index_cost_acceptances = 136, *current_cost_temperature = 8.692705e-07
*accepted_to_generated_ratio =  0.003861004, *number_invalid... = 0
*number_generated = 2664, *number_accepted = 300
best...->cost =     378.7726, last...->cost =     378.7726
index_v  best...->parameter current_parameter_temp	tangent
0	   -14.42237		7.272263e-13	-0.0003629551
1	    4.457258		1.756994e-14	  0.05080624
2	   0.8611696		4.862011e-17	    18.65089
3	   0.9732976		9.995579e-19	    522.7169

curvature[0][0] =   0.08305247

curvature[1][0] =    0.0175367 	 = curvature[0][1]
curvature[1][1] =      23.5084

curvature[2][0] =    0.2326267 	 = curvature[0][2]
curvature[2][1] =     8.993895 	 = curvature[1][2]
curvature[2][2] =     42881.91

curvature[3][0] =    0.2599622 	 = curvature[0][3]
curvature[3][1] =    -9.972729 	 = curvature[1][3]
curvature[3][2] =     26815.34 	 = curvature[2][3]
curvature[3][3] =      1066408



 P_TEMP_TOO_SMALL exit_status = 1
current_user_parameter_temp[3] too small = 9.995579e-19
 Locate_Cost = 5, calculating curvatures while exiting asa ()
final_cost = best_generated_state->cost = 378.7726    
*number_accepted at best_generated_state->cost = 300
*number_generated at best_generated_state->cost = 2406



