

		 number_asa_open = 6
		ADAPTIVE SIMULATED ANNEALING

/* $Id: asa.c,v 25.15 2004/09/23 18:10:46 ingber Exp ingber $ */

OPTIONS_FILE = 1
OPTIONS_FILE_DATA = 1
RECUR_OPTIONS_FILE = 0
RECUR_OPTIONS_FILE_DATA = 0
COST_FILE = 1
ASA_LIB = 0
HAVE_ANSI = 1
IO_PROTOTYPES = 0
TIME_CALC = 0
TIME_STD = 0
TIME_GETRUSAGE = 1
INT_LONG = 1
INT_ALLOC = 0
SMALL_FLOAT =        1e-18
MIN_DOUBLE =        1e-18
MAX_DOUBLE =        1e+18
EPS_DOUBLE =        1e-18
CHECK_EXPONENT = 0
NO_PARAM_TEMP_TEST = 0
NO_COST_TEMP_TEST = 0
SELF_OPTIMIZE = 0
ASA_TEST = 0
ASA_TEST_POINT = 0
ASA_TEMPLATE = 0
MY_TEMPLATE = 1
ASA_TEMPLATE_LIB = 0
ASA_TEMPLATE_ASA_OUT_PID = 0
ASA_TEMPLATE_MULTIPLE = 0
ASA_TEMPLATE_SELFOPT = 0
ASA_TEMPLATE_SAMPLE = 0
ASA_TEMPLATE_QUEUE = 0
ASA_TEMPLATE_PARALLEL = 0
ASA_TEMPLATE_SAVE = 0
USER_INITIAL_COST_TEMP = 0
RATIO_TEMPERATURE_SCALES = 0
USER_INITIAL_PARAMETERS_TEMPS = 0
DELTA_PARAMETERS = 0
QUENCH_PARAMETERS = 0
QUENCH_COST = 0
QUENCH_PARAMETERS_SCALE = 1
QUENCH_COST_SCALE = 1
OPTIONAL_DATA_DBL = 0
OPTIONAL_DATA_INT = 0
OPTIONAL_DATA_PTR = 0
USER_COST_SCHEDULE = 0
USER_ACCEPT_ASYMP_EXP = 0
USER_ACCEPT_THRESHOLD = 0
USER_ACCEPTANCE_TEST = 1
USER_GENERATING_FUNCTION = 0
USER_REANNEAL_COST = 0
USER_REANNEAL_PARAMETERS = 0
MAXIMUM_REANNEAL_INDEX = 50000
REANNEAL_SCALE =           10
ASA_SAMPLE = 0
ASA_QUEUE = 0
ASA_RESOLUTION = 0
FITLOC = 0
FITLOC_ROUND = 1
FITLOC_PRINT = 1
MULTI_MIN = 0
ASA_PARALLEL = 0
FDLIBM_POW = 0
FDLIBM_LOG = 0
FDLIBM_EXP = 0

ASA_PRINT = 1
USER_OUT = asa_usr_out
ASA_OUT = optim_ONP_UYW_SSdelta_03-Feb-2008.log
USER_ASA_OUT = 1
ASA_PRINT_INTERMED = 1
ASA_PRINT_MORE = 0
INCL_STDOUT = 1
G_FIELD = 12
G_PRECISION = 7
ASA_SAVE = 0
ASA_SAVE_OPT = 0
ASA_SAVE_BACKUP = 0
ASA_PIPE = 0
ASA_PIPE_FILE = 0
SYSTEM_CALL = 1

OPTIONS->Limit_Acceptances = 1000000
OPTIONS->Limit_Generated = 1000000
OPTIONS->Limit_Invalid_Generated_States = 1000000
OPTIONS->Accepted_To_Generated_Ratio =        1e-12

OPTIONS->Cost_Precision =        1e-18
OPTIONS->Maximum_Cost_Repeat = 5
OPTIONS->Number_Cost_Samples = 5
OPTIONS->Temperature_Ratio_Scale =        1e-08
OPTIONS->Cost_Parameter_Scale_Ratio =            1
OPTIONS->Temperature_Anneal_Scale =          100
OPTIONS->Include_Integer_Parameters = 0
OPTIONS->User_Initial_Parameters = 1
OPTIONS->Sequential_Parameters = -1
OPTIONS->Initial_Parameter_Temperature =            1
OPTIONS->Acceptance_Frequency_Modulus = 100
OPTIONS->Generated_Frequency_Modulus = 10000
OPTIONS->Reanneal_Cost = 1
OPTIONS->Reanneal_Parameters = 1

OPTIONS->Delta_X =        0.001
OPTIONS->User_Tangents = 0
OPTIONS->Curvature_0 = 0
OPTIONS->Asa_Recursive_Level = 0


Initial Random Seed = 36397

*number_parameters = 4

index_v parameter_minimum parameter_maximum parameter_value parameter_type 
 0        -10          		 10           	 -0.2697191   -1     
 1        -10          		 10           	 -3.577147    -1     
 2        -10          		 10           	 -4.045873    -1     
 3        -10          		 10           	 1.069712     -1     


temperature_scale =     5.825131
temperature_scale_parameters[0] =     5.825131
*temperature_scale_cost =     5.825131



*index_cost_acceptances = 0, *current_cost_temperature = 8.587951e-05
*accepted_to_generated_ratio =            1, *number_invalid... = 0
*number_generated = 0, *number_accepted = 0
best...->cost = 3.540075e-07, last...->cost = 3.540075e-07
index_v  best...->parameter current_parameter_temp	tangent
0	  -0.2697191		           1	           0
1	   -3.577147		           1	           0
2	   -4.045873		           1	           0
3	    1.069712		           1	           0



*index_cost_acceptances = 25, *current_cost_temperature = 8.994251e-13
*accepted_to_generated_ratio =    0.2249443, *number_invalid... = 0
*number_generated = 448, *number_accepted = 100
best...->cost = 3.540075e-07, last...->cost =  4.17675e-07
index_v  best...->parameter current_parameter_temp	tangent
0	  -0.2697191		2.297024e-12	-0.001431622
1	   -3.577147		2.297024e-12	-3.753685e-08
2	   -4.045873		2.297024e-12	-0.001087473
3	    1.069712		2.297024e-12	6.352835e-08



*index_cost_acceptances = 122, *current_cost_temperature = 1.509514e-15
*accepted_to_generated_ratio =    0.1328486, *number_invalid... = 0
*number_generated = 1512, *number_accepted = 200
best...->cost = 3.540075e-07, last...->cost = 4.012887e-07
index_v  best...->parameter current_parameter_temp	tangent
0	  -0.2697191		1.697884e-16	-0.001431622
1	   -3.577147		2.265427e-15	-3.753685e-08
2	   -4.045873		1.892852e-16	-0.001087473
3	    1.069712		2.133722e-15	6.352835e-08



*index_cost_acceptances = 174, *current_cost_temperature = 2.602097e-16
*accepted_to_generated_ratio =   0.09855863, *number_invalid... = 0
*number_generated = 2566, *number_accepted = 252
best...->cost = 3.540075e-07, last...->cost = 4.010877e-07
index_v  best...->parameter current_parameter_temp	tangent
0	  -0.2697191		9.995579e-19	-0.001431622
1	   -3.577147		6.318476e-16	-3.753685e-08
2	   -4.045873		1.297912e-18	-0.001087473
3	    1.069712		 5.31314e-16	6.352835e-08

curvature[0][0] =      65.9429

curvature[1][0] =   -0.4001908 	 = curvature[0][1]
curvature[1][1] =    0.1971585

curvature[2][0] =   -0.3558271 	 = curvature[0][2]
curvature[2][1] =   -0.3039793 	 = curvature[1][2]
curvature[2][2] =    0.2921305

curvature[3][0] =     1.338272 	 = curvature[0][3]
curvature[3][1] = 2.060456e-06 	 = curvature[1][3]
curvature[3][2] =     1.016514 	 = curvature[2][3]
curvature[3][3] =     2.219031



 P_TEMP_TOO_SMALL exit_status = 1
current_user_parameter_temp[0] too small = 9.995579e-19
 Locate_Cost = 5, calculating curvatures while exiting asa ()
final_cost = best_generated_state->cost = 3.540075e-07
*number_accepted at best_generated_state->cost = 0
*number_generated at best_generated_state->cost = 0





		 number_asa_open = 7
		ADAPTIVE SIMULATED ANNEALING

/* $Id: asa.c,v 25.15 2004/09/23 18:10:46 ingber Exp ingber $ */

OPTIONS_FILE = 1
OPTIONS_FILE_DATA = 1
RECUR_OPTIONS_FILE = 0
RECUR_OPTIONS_FILE_DATA = 0
COST_FILE = 1
ASA_LIB = 0
HAVE_ANSI = 1
IO_PROTOTYPES = 0
TIME_CALC = 0
TIME_STD = 0
TIME_GETRUSAGE = 1
INT_LONG = 1
INT_ALLOC = 0
SMALL_FLOAT =        1e-18
MIN_DOUBLE =        1e-18
MAX_DOUBLE =        1e+18
EPS_DOUBLE =        1e-18
CHECK_EXPONENT = 0
NO_PARAM_TEMP_TEST = 0
NO_COST_TEMP_TEST = 0
SELF_OPTIMIZE = 0
ASA_TEST = 0
ASA_TEST_POINT = 0
ASA_TEMPLATE = 0
MY_TEMPLATE = 1
ASA_TEMPLATE_LIB = 0
ASA_TEMPLATE_ASA_OUT_PID = 0
ASA_TEMPLATE_MULTIPLE = 0
ASA_TEMPLATE_SELFOPT = 0
ASA_TEMPLATE_SAMPLE = 0
ASA_TEMPLATE_QUEUE = 0
ASA_TEMPLATE_PARALLEL = 0
ASA_TEMPLATE_SAVE = 0
USER_INITIAL_COST_TEMP = 0
RATIO_TEMPERATURE_SCALES = 0
USER_INITIAL_PARAMETERS_TEMPS = 0
DELTA_PARAMETERS = 0
QUENCH_PARAMETERS = 0
QUENCH_COST = 0
QUENCH_PARAMETERS_SCALE = 1
QUENCH_COST_SCALE = 1
OPTIONAL_DATA_DBL = 0
OPTIONAL_DATA_INT = 0
OPTIONAL_DATA_PTR = 0
USER_COST_SCHEDULE = 0
USER_ACCEPT_ASYMP_EXP = 0
USER_ACCEPT_THRESHOLD = 0
USER_ACCEPTANCE_TEST = 1
USER_GENERATING_FUNCTION = 0
USER_REANNEAL_COST = 0
USER_REANNEAL_PARAMETERS = 0
MAXIMUM_REANNEAL_INDEX = 50000
REANNEAL_SCALE =           10
ASA_SAMPLE = 0
ASA_QUEUE = 0
ASA_RESOLUTION = 0
FITLOC = 0
FITLOC_ROUND = 1
FITLOC_PRINT = 1
MULTI_MIN = 0
ASA_PARALLEL = 0
FDLIBM_POW = 0
FDLIBM_LOG = 0
FDLIBM_EXP = 0

ASA_PRINT = 1
USER_OUT = asa_usr_out
ASA_OUT = optim_ONP_UYW_SSdelta_03-Feb-2008.log
USER_ASA_OUT = 1
ASA_PRINT_INTERMED = 1
ASA_PRINT_MORE = 0
INCL_STDOUT = 1
G_FIELD = 12
G_PRECISION = 7
ASA_SAVE = 0
ASA_SAVE_OPT = 0
ASA_SAVE_BACKUP = 0
ASA_PIPE = 0
ASA_PIPE_FILE = 0
SYSTEM_CALL = 1

OPTIONS->Limit_Acceptances = 1000000
OPTIONS->Limit_Generated = 1000000
OPTIONS->Limit_Invalid_Generated_States = 1000000
OPTIONS->Accepted_To_Generated_Ratio =        1e-12

OPTIONS->Cost_Precision =        1e-18
OPTIONS->Maximum_Cost_Repeat = 5
OPTIONS->Number_Cost_Samples = 5
OPTIONS->Temperature_Ratio_Scale =        1e-08
OPTIONS->Cost_Parameter_Scale_Ratio =            1
OPTIONS->Temperature_Anneal_Scale =          100
OPTIONS->Include_Integer_Parameters = 0
OPTIONS->User_Initial_Parameters = 1
OPTIONS->Sequential_Parameters = -1
OPTIONS->Initial_Parameter_Temperature =            1
OPTIONS->Acceptance_Frequency_Modulus = 100
OPTIONS->Generated_Frequency_Modulus = 10000
OPTIONS->Reanneal_Cost = 1
OPTIONS->Reanneal_Parameters = 1

OPTIONS->Delta_X =        0.001
OPTIONS->User_Tangents = 0
OPTIONS->Curvature_0 = 0
OPTIONS->Asa_Recursive_Level = 0


Initial Random Seed = 36397

*number_parameters = 4

index_v parameter_minimum parameter_maximum parameter_value parameter_type 
 0        -10          		 10           	 -0.2697191   -1     
 1        -10          		 10           	 -3.577147    -1     
 2        -10          		 10           	 -4.045873    -1     
 3        -10          		 10           	 1.069712     -1     


temperature_scale =     5.825131
temperature_scale_parameters[0] =     5.825131
*temperature_scale_cost =     5.825131



*index_cost_acceptances = 0, *current_cost_temperature = 8.587951e-05
*accepted_to_generated_ratio =            1, *number_invalid... = 0
*number_generated = 0, *number_accepted = 0
best...->cost = 3.540075e-07, last...->cost = 3.540075e-07
index_v  best...->parameter current_parameter_temp	tangent
0	  -0.2697191		           1	           0
1	   -3.577147		           1	           0
2	   -4.045873		           1	           0
3	    1.069712		           1	           0



*index_cost_acceptances = 25, *current_cost_temperature = 8.994251e-13
*accepted_to_generated_ratio =    0.2249443, *number_invalid... = 0
*number_generated = 448, *number_accepted = 100
best...->cost = 3.540075e-07, last...->cost =  4.17675e-07
index_v  best...->parameter current_parameter_temp	tangent
0	  -0.2697191		2.297024e-12	-0.001431622
1	   -3.577147		2.297024e-12	-3.753685e-08
2	   -4.045873		2.297024e-12	-0.001087473
3	    1.069712		2.297024e-12	6.352835e-08



*index_cost_acceptances = 122, *current_cost_temperature = 1.509514e-15
*accepted_to_generated_ratio =    0.1328486, *number_invalid... = 0
*number_generated = 1512, *number_accepted = 200
best...->cost = 3.540075e-07, last...->cost = 4.012887e-07
index_v  best...->parameter current_parameter_temp	tangent
0	  -0.2697191		1.697884e-16	-0.001431622
1	   -3.577147		2.265427e-15	-3.753685e-08
2	   -4.045873		1.892852e-16	-0.001087473
3	    1.069712		2.133722e-15	6.352835e-08



*index_cost_acceptances = 174, *current_cost_temperature = 2.602097e-16
*accepted_to_generated_ratio =   0.09855863, *number_invalid... = 0
*number_generated = 2566, *number_accepted = 252
best...->cost = 3.540075e-07, last...->cost = 4.010877e-07
index_v  best...->parameter current_parameter_temp	tangent
0	  -0.2697191		9.995579e-19	-0.001431622
1	   -3.577147		6.318476e-16	-3.753685e-08
2	   -4.045873		1.297912e-18	-0.001087473
3	    1.069712		 5.31314e-16	6.352835e-08

curvature[0][0] =      65.9429

curvature[1][0] =   -0.4001908 	 = curvature[0][1]
curvature[1][1] =    0.1971585

curvature[2][0] =   -0.3558271 	 = curvature[0][2]
curvature[2][1] =   -0.3039793 	 = curvature[1][2]
curvature[2][2] =    0.2921305

curvature[3][0] =     1.338272 	 = curvature[0][3]
curvature[3][1] = 2.060456e-06 	 = curvature[1][3]
curvature[3][2] =     1.016514 	 = curvature[2][3]
curvature[3][3] =     2.219031



 P_TEMP_TOO_SMALL exit_status = 1
current_user_parameter_temp[0] too small = 9.995579e-19
 Locate_Cost = 5, calculating curvatures while exiting asa ()
final_cost = best_generated_state->cost = 3.540075e-07
*number_accepted at best_generated_state->cost = 0
*number_generated at best_generated_state->cost = 0



