

		 number_asa_open = 5
		ADAPTIVE SIMULATED ANNEALING

/* $Id: asa.c,v 25.15 2004/09/23 18:10:46 ingber Exp ingber $ */

OPTIONS_FILE = 1
OPTIONS_FILE_DATA = 1
RECUR_OPTIONS_FILE = 0
RECUR_OPTIONS_FILE_DATA = 0
COST_FILE = 1
ASA_LIB = 0
HAVE_ANSI = 1
IO_PROTOTYPES = 0
TIME_CALC = 0
TIME_STD = 0
TIME_GETRUSAGE = 1
INT_LONG = 1
INT_ALLOC = 0
SMALL_FLOAT =        1e-18
MIN_DOUBLE =        1e-18
MAX_DOUBLE =        1e+18
EPS_DOUBLE =        1e-18
CHECK_EXPONENT = 0
NO_PARAM_TEMP_TEST = 0
NO_COST_TEMP_TEST = 0
SELF_OPTIMIZE = 0
ASA_TEST = 0
ASA_TEST_POINT = 0
ASA_TEMPLATE = 0
MY_TEMPLATE = 1
ASA_TEMPLATE_LIB = 0
ASA_TEMPLATE_ASA_OUT_PID = 0
ASA_TEMPLATE_MULTIPLE = 0
ASA_TEMPLATE_SELFOPT = 0
ASA_TEMPLATE_SAMPLE = 0
ASA_TEMPLATE_QUEUE = 0
ASA_TEMPLATE_PARALLEL = 0
ASA_TEMPLATE_SAVE = 0
USER_INITIAL_COST_TEMP = 0
RATIO_TEMPERATURE_SCALES = 0
USER_INITIAL_PARAMETERS_TEMPS = 0
DELTA_PARAMETERS = 0
QUENCH_PARAMETERS = 0
QUENCH_COST = 0
QUENCH_PARAMETERS_SCALE = 1
QUENCH_COST_SCALE = 1
OPTIONAL_DATA_DBL = 0
OPTIONAL_DATA_INT = 0
OPTIONAL_DATA_PTR = 0
USER_COST_SCHEDULE = 0
USER_ACCEPT_ASYMP_EXP = 0
USER_ACCEPT_THRESHOLD = 0
USER_ACCEPTANCE_TEST = 1
USER_GENERATING_FUNCTION = 0
USER_REANNEAL_COST = 0
USER_REANNEAL_PARAMETERS = 0
MAXIMUM_REANNEAL_INDEX = 50000
REANNEAL_SCALE =           10
ASA_SAMPLE = 0
ASA_QUEUE = 0
ASA_RESOLUTION = 0
FITLOC = 0
FITLOC_ROUND = 1
FITLOC_PRINT = 1
MULTI_MIN = 0
ASA_PARALLEL = 0
FDLIBM_POW = 0
FDLIBM_LOG = 0
FDLIBM_EXP = 0

ASA_PRINT = 1
USER_OUT = asa_usr_out
ASA_OUT = optim_ONP_UYW_SSdelta_30-Jan-2008.log
USER_ASA_OUT = 1
ASA_PRINT_INTERMED = 1
ASA_PRINT_MORE = 0
INCL_STDOUT = 1
G_FIELD = 12
G_PRECISION = 7
ASA_SAVE = 0
ASA_SAVE_OPT = 0
ASA_SAVE_BACKUP = 0
ASA_PIPE = 0
ASA_PIPE_FILE = 0
SYSTEM_CALL = 1

OPTIONS->Limit_Acceptances = 1000000
OPTIONS->Limit_Generated = 1000000
OPTIONS->Limit_Invalid_Generated_States = 1000000
OPTIONS->Accepted_To_Generated_Ratio =        1e-12

OPTIONS->Cost_Precision =        1e-18
OPTIONS->Maximum_Cost_Repeat = 5
OPTIONS->Number_Cost_Samples = 5
OPTIONS->Temperature_Ratio_Scale =        1e-08
OPTIONS->Cost_Parameter_Scale_Ratio =            1
OPTIONS->Temperature_Anneal_Scale =          100
OPTIONS->Include_Integer_Parameters = 0
OPTIONS->User_Initial_Parameters = 1
OPTIONS->Sequential_Parameters = -1
OPTIONS->Initial_Parameter_Temperature =            1
OPTIONS->Acceptance_Frequency_Modulus = 100
OPTIONS->Generated_Frequency_Modulus = 10000
OPTIONS->Reanneal_Cost = 1
OPTIONS->Reanneal_Parameters = 1

OPTIONS->Delta_X =        0.001
OPTIONS->User_Tangents = 0
OPTIONS->Curvature_0 = 0
OPTIONS->Asa_Recursive_Level = 0


Initial Random Seed = 36397

*number_parameters = 4

index_v parameter_minimum parameter_maximum parameter_value parameter_type 
 0        -10000       		 10000        	 1            -1     
 1        -10000       		 10000        	 0            -1     
 2        -10000       		 10000        	 0            -1     
 3        -10000       		 10000        	 1            -1     


temperature_scale =     5.825131
temperature_scale_parameters[0] =     5.825131
*temperature_scale_cost =     5.825131



*index_cost_acceptances = 0, *current_cost_temperature = 5.148972e-06
*accepted_to_generated_ratio =            1, *number_invalid... = 0
*number_generated = 0, *number_accepted = 0
best...->cost =  2.14523e-06, last...->cost =  2.14523e-06
index_v  best...->parameter current_parameter_temp	tangent
0	           1		           1	           0
1	           0		           1	           0
2	           0		           1	           0
3	           1		           1	           0


best...->cost=3.243147e-07  *number_accepted=1  *number_generated=1
best...->cost=2.78626e-07   *number_accepted=3  *number_generated=10
best...->cost=2.771472e-07  *number_accepted=4  *number_generated=11
best...->cost=2.724695e-07  *number_accepted=5  *number_generated=12
best...->cost=2.718555e-07  *number_accepted=7  *number_generated=31
best...->cost=2.631813e-07  *number_accepted=8  *number_generated=35
best...->cost=2.626415e-07  *number_accepted=9  *number_generated=36
best...->cost=2.595695e-07  *number_accepted=10  *number_generated=44
best...->cost=2.595623e-07  *number_accepted=11  *number_generated=46
best...->cost=2.583792e-07  *number_accepted=12  *number_generated=47
best...->cost=2.444855e-07  *number_accepted=13  *number_generated=48
best...->cost=2.443082e-07  *number_accepted=14  *number_generated=53
best...->cost=2.442191e-07  *number_accepted=15  *number_generated=59
best...->cost=2.401056e-07  *number_accepted=16  *number_generated=62
best...->cost=2.334934e-07  *number_accepted=17  *number_generated=63
best...->cost=2.324176e-07  *number_accepted=18  *number_generated=66
best...->cost=2.31967e-07   *number_accepted=19  *number_generated=71
best...->cost=2.319659e-07  *number_accepted=20  *number_generated=73
best...->cost=2.155576e-07  *number_accepted=21  *number_generated=76
best...->cost=2.153285e-07  *number_accepted=22  *number_generated=81
best...->cost=2.074988e-07  *number_accepted=23  *number_generated=82
best...->cost=2.074616e-07  *number_accepted=24  *number_generated=97
best...->cost=2.070771e-07  *number_accepted=25  *number_generated=100
best...->cost=2.060571e-07  *number_accepted=26  *number_generated=109
best...->cost=2.060563e-07  *number_accepted=27  *number_generated=118
best...->cost=2.057093e-07  *number_accepted=28  *number_generated=121
best...->cost=2.056598e-07  *number_accepted=29  *number_generated=126
best...->cost=2.0558e-07    *number_accepted=30  *number_generated=128
best...->cost=2.000825e-07  *number_accepted=31  *number_generated=131
best...->cost=2.000677e-07  *number_accepted=32  *number_generated=138
best...->cost=1.99767e-07   *number_accepted=33  *number_generated=144
best...->cost=1.997603e-07  *number_accepted=34  *number_generated=152
best...->cost=1.993637e-07  *number_accepted=35  *number_generated=179
best...->cost=1.976138e-07  *number_accepted=36  *number_generated=188
best...->cost=1.972797e-07  *number_accepted=37  *number_generated=200
best...->cost=1.972688e-07  *number_accepted=40  *number_generated=222
best...->cost=1.97252e-07   *number_accepted=41  *number_generated=223
best...->cost=1.962204e-07  *number_accepted=42  *number_generated=234
best...->cost=1.962186e-07  *number_accepted=46  *number_generated=257
best...->cost=1.961471e-07  *number_accepted=47  *number_generated=260
best...->cost=1.960741e-07  *number_accepted=49  *number_generated=267
best...->cost=1.959126e-07  *number_accepted=50  *number_generated=268
best...->cost=1.956458e-07  *number_accepted=51  *number_generated=275
best...->cost=1.956457e-07  *number_accepted=52  *number_generated=277
best...->cost=1.956457e-07  *number_accepted=53  *number_generated=279
best...->cost=1.956216e-07  *number_accepted=54  *number_generated=284
best...->cost=1.956214e-07  *number_accepted=55  *number_generated=294
best...->cost=1.956214e-07  *number_accepted=56  *number_generated=299
best...->cost=1.956203e-07  *number_accepted=57  *number_generated=300
best...->cost=1.956187e-07  *number_accepted=58  *number_generated=304
best...->cost=1.956183e-07  *number_accepted=59  *number_generated=315
best...->cost=1.955974e-07  *number_accepted=60  *number_generated=345
best...->cost=1.955973e-07  *number_accepted=61  *number_generated=351
best...->cost=1.95596e-07   *number_accepted=62  *number_generated=365
best...->cost=1.955959e-07  *number_accepted=63  *number_generated=384
best...->cost=1.955944e-07  *number_accepted=64  *number_generated=390
best...->cost=1.954728e-07  *number_accepted=65  *number_generated=396
best...->cost=1.954725e-07  *number_accepted=66  *number_generated=397
best...->cost=1.954691e-07  *number_accepted=67  *number_generated=409
best...->cost=1.954305e-07  *number_accepted=68  *number_generated=432
best...->cost=1.954304e-07  *number_accepted=69  *number_generated=437
best...->cost=1.954301e-07  *number_accepted=70  *number_generated=441
best...->cost=1.954289e-07  *number_accepted=71  *number_generated=442
best...->cost=1.954278e-07  *number_accepted=72  *number_generated=446
best...->cost=1.954277e-07  *number_accepted=73  *number_generated=457
best...->cost=1.954277e-07  *number_accepted=74  *number_generated=458
best...->cost=1.954028e-07  *number_accepted=75  *number_generated=459
best...->cost=1.953982e-07  *number_accepted=76  *number_generated=462
best...->cost=1.953982e-07  *number_accepted=77  *number_generated=465
best...->cost=1.953976e-07  *number_accepted=79  *number_generated=473
best...->cost=1.953971e-07  *number_accepted=80  *number_generated=479
best...->cost=1.953848e-07  *number_accepted=81  *number_generated=480
best...->cost=1.953765e-07  *number_accepted=82  *number_generated=483
best...->cost=1.953764e-07  *number_accepted=83  *number_generated=495
best...->cost=1.95376e-07   *number_accepted=86  *number_generated=520
best...->cost=1.953758e-07  *number_accepted=87  *number_generated=523
best...->cost=1.952617e-07  *number_accepted=88  *number_generated=527
best...->cost=1.952601e-07  *number_accepted=89  *number_generated=529
best...->cost=1.952597e-07  *number_accepted=90  *number_generated=531
best...->cost=1.952584e-07  *number_accepted=91  *number_generated=547
best...->cost=1.95238e-07   *number_accepted=92  *number_generated=550
best...->cost=1.952311e-07  *number_accepted=93  *number_generated=555
best...->cost=1.952309e-07  *number_accepted=94  *number_generated=557
best...->cost=1.952308e-07  *number_accepted=96  *number_generated=569
best...->cost=1.952293e-07  *number_accepted=97  *number_generated=583
best...->cost=1.952269e-07  *number_accepted=98  *number_generated=629
best...->cost=1.952255e-07  *number_accepted=99  *number_generated=632
best...->cost=1.951616e-07  *number_accepted=100  *number_generated=681

*index_cost_acceptances = 45, *current_cost_temperature = 5.392572e-14
*accepted_to_generated_ratio =         0.04, *number_invalid... = 0
*number_generated = 681, *number_accepted = 100
best...->cost = 1.951616e-07, last...->cost = 1.951616e-07
index_v  best...->parameter current_parameter_temp	tangent
0	   -943.2241		1.192891e-13	-1.98293e-10
1	   -328.8225		1.192891e-13	-1.878565e-11
2	    1072.881		1.192891e-13	3.574115e-12
3	   -6572.144		1.192891e-13	-5.699447e-12


best...->cost=1.95159e-07   *number_accepted=101  *number_generated=735
best...->cost=1.951454e-07  *number_accepted=102  *number_generated=742
best...->cost=1.951416e-07  *number_accepted=103  *number_generated=751
best...->cost=1.9514e-07    *number_accepted=106  *number_generated=819
best...->cost=1.951055e-07  *number_accepted=108  *number_generated=830
best...->cost=1.951054e-07  *number_accepted=109  *number_generated=837
best...->cost=1.951049e-07  *number_accepted=110  *number_generated=845
best...->cost=1.951049e-07  *number_accepted=111  *number_generated=848
best...->cost=1.951035e-07  *number_accepted=112  *number_generated=852
best...->cost=1.950981e-07  *number_accepted=113  *number_generated=858
best...->cost=1.950978e-07  *number_accepted=114  *number_generated=871
best...->cost=1.950966e-07  *number_accepted=115  *number_generated=879
best...->cost=1.950963e-07  *number_accepted=116  *number_generated=942
best...->cost=1.950962e-07  *number_accepted=117  *number_generated=953
best...->cost=1.950962e-07  *number_accepted=118  *number_generated=956
best...->cost=1.950948e-07  *number_accepted=121  *number_generated=976
best...->cost=1.950941e-07  *number_accepted=122  *number_generated=995
best...->cost=1.950936e-07  *number_accepted=123  *number_generated=1019
best...->cost=1.950935e-07  *number_accepted=124  *number_generated=1021
best...->cost=1.950906e-07  *number_accepted=127  *number_generated=1038
best...->cost=1.950888e-07  *number_accepted=128  *number_generated=1040
best...->cost=1.950885e-07  *number_accepted=130  *number_generated=1044
best...->cost=1.950852e-07  *number_accepted=131  *number_generated=1050
best...->cost=1.950821e-07  *number_accepted=132  *number_generated=1077
best...->cost=1.95082e-07   *number_accepted=133  *number_generated=1090
best...->cost=1.950818e-07  *number_accepted=135  *number_generated=1098
best...->cost=1.950818e-07  *number_accepted=136  *number_generated=1104
best...->cost=1.950804e-07  *number_accepted=137  *number_generated=1113
best...->cost=1.950803e-07  *number_accepted=138  *number_generated=1115
best...->cost=1.950797e-07  *number_accepted=139  *number_generated=1119
best...->cost=1.950773e-07  *number_accepted=140  *number_generated=1121
best...->cost=1.950759e-07  *number_accepted=141  *number_generated=1123
best...->cost=1.950758e-07  *number_accepted=142  *number_generated=1124
best...->cost=1.950758e-07  *number_accepted=143  *number_generated=1135
best...->cost=1.950728e-07  *number_accepted=145  *number_generated=1172
best...->cost=1.950712e-07  *number_accepted=146  *number_generated=1181
best...->cost=1.950709e-07  *number_accepted=149  *number_generated=1510
best...->cost=1.950708e-07  *number_accepted=150  *number_generated=1569
best...->cost=1.950708e-07  *number_accepted=151  *number_generated=1582
best...->cost=1.950708e-07  *number_accepted=152  *number_generated=1738
best...->cost=1.950708e-07  *number_accepted=155  *number_generated=1876
best...->cost=1.950706e-07  *number_accepted=156  *number_generated=1923
best...->cost=1.950706e-07  *number_accepted=157  *number_generated=2098
best...->cost=1.950706e-07  *number_accepted=161  *number_generated=2454
best...->cost=1.950701e-07  *number_accepted=162  *number_generated=2518

*index_cost_acceptances = 107, *current_cost_temperature = 1.425365e-15
*accepted_to_generated_ratio =    0.0212766, *number_invalid... = 0
*number_generated = 2564, *number_accepted = 162
best...->cost = 1.950701e-07, last...->cost = 1.950701e-07
index_v  best...->parameter current_parameter_temp	tangent
0	   -943.0417		9.995579e-19	-2.002586e-10
1	    -327.909		2.222404e-18	-1.840869e-07
2	    1073.291		3.559413e-18	3.516532e-12
3	   -6565.182		3.145243e-18	-4.839263e-08

curvature[0][0] =  2.61837e-07

curvature[1][0] = -1.951873e-07 	 = curvature[0][1]
curvature[1][1] = 3.518328e-06

curvature[2][0] = 5.481552e-13 	 = curvature[0][2]
curvature[2][1] = -2.119372e-10 	 = curvature[1][2]
curvature[2][2] =  2.03045e-07

curvature[3][0] = -5.130957e-08 	 = curvature[0][3]
curvature[3][1] = -2.808283e-08 	 = curvature[1][3]
curvature[3][2] = 4.508284e-08 	 = curvature[2][3]
curvature[3][3] = 8.766082e-09



 P_TEMP_TOO_SMALL exit_status = 1
current_user_parameter_temp[0] too small = 9.995579e-19
 Locate_Cost = 5, calculating curvatures while exiting asa ()
final_cost = best_generated_state->cost = 1.950701e-07
*number_accepted at best_generated_state->cost = 162
*number_generated at best_generated_state->cost = 2518





		 number_asa_open = 6
		ADAPTIVE SIMULATED ANNEALING

/* $Id: asa.c,v 25.15 2004/09/23 18:10:46 ingber Exp ingber $ */

OPTIONS_FILE = 1
OPTIONS_FILE_DATA = 1
RECUR_OPTIONS_FILE = 0
RECUR_OPTIONS_FILE_DATA = 0
COST_FILE = 1
ASA_LIB = 0
HAVE_ANSI = 1
IO_PROTOTYPES = 0
TIME_CALC = 0
TIME_STD = 0
TIME_GETRUSAGE = 1
INT_LONG = 1
INT_ALLOC = 0
SMALL_FLOAT =        1e-18
MIN_DOUBLE =        1e-18
MAX_DOUBLE =        1e+18
EPS_DOUBLE =        1e-18
CHECK_EXPONENT = 0
NO_PARAM_TEMP_TEST = 0
NO_COST_TEMP_TEST = 0
SELF_OPTIMIZE = 0
ASA_TEST = 0
ASA_TEST_POINT = 0
ASA_TEMPLATE = 0
MY_TEMPLATE = 1
ASA_TEMPLATE_LIB = 0
ASA_TEMPLATE_ASA_OUT_PID = 0
ASA_TEMPLATE_MULTIPLE = 0
ASA_TEMPLATE_SELFOPT = 0
ASA_TEMPLATE_SAMPLE = 0
ASA_TEMPLATE_QUEUE = 0
ASA_TEMPLATE_PARALLEL = 0
ASA_TEMPLATE_SAVE = 0
USER_INITIAL_COST_TEMP = 0
RATIO_TEMPERATURE_SCALES = 0
USER_INITIAL_PARAMETERS_TEMPS = 0
DELTA_PARAMETERS = 0
QUENCH_PARAMETERS = 0
QUENCH_COST = 0
QUENCH_PARAMETERS_SCALE = 1
QUENCH_COST_SCALE = 1
OPTIONAL_DATA_DBL = 0
OPTIONAL_DATA_INT = 0
OPTIONAL_DATA_PTR = 0
USER_COST_SCHEDULE = 0
USER_ACCEPT_ASYMP_EXP = 0
USER_ACCEPT_THRESHOLD = 0
USER_ACCEPTANCE_TEST = 1
USER_GENERATING_FUNCTION = 0
USER_REANNEAL_COST = 0
USER_REANNEAL_PARAMETERS = 0
MAXIMUM_REANNEAL_INDEX = 50000
REANNEAL_SCALE =           10
ASA_SAMPLE = 0
ASA_QUEUE = 0
ASA_RESOLUTION = 0
FITLOC = 0
FITLOC_ROUND = 1
FITLOC_PRINT = 1
MULTI_MIN = 0
ASA_PARALLEL = 0
FDLIBM_POW = 0
FDLIBM_LOG = 0
FDLIBM_EXP = 0

ASA_PRINT = 1
USER_OUT = asa_usr_out
ASA_OUT = optim_ONP_UYW_SSdelta_30-Jan-2008.log
USER_ASA_OUT = 1
ASA_PRINT_INTERMED = 1
ASA_PRINT_MORE = 0
INCL_STDOUT = 1
G_FIELD = 12
G_PRECISION = 7
ASA_SAVE = 0
ASA_SAVE_OPT = 0
ASA_SAVE_BACKUP = 0
ASA_PIPE = 0
ASA_PIPE_FILE = 0
SYSTEM_CALL = 1

OPTIONS->Limit_Acceptances = 1000000
OPTIONS->Limit_Generated = 1000000
OPTIONS->Limit_Invalid_Generated_States = 1000000
OPTIONS->Accepted_To_Generated_Ratio =        1e-12

OPTIONS->Cost_Precision =        1e-18
OPTIONS->Maximum_Cost_Repeat = 5
OPTIONS->Number_Cost_Samples = 5
OPTIONS->Temperature_Ratio_Scale =        1e-08
OPTIONS->Cost_Parameter_Scale_Ratio =            1
OPTIONS->Temperature_Anneal_Scale =          100
OPTIONS->Include_Integer_Parameters = 0
OPTIONS->User_Initial_Parameters = 1
OPTIONS->Sequential_Parameters = -1
OPTIONS->Initial_Parameter_Temperature =            1
OPTIONS->Acceptance_Frequency_Modulus = 100
OPTIONS->Generated_Frequency_Modulus = 10000
OPTIONS->Reanneal_Cost = 1
OPTIONS->Reanneal_Parameters = 1

OPTIONS->Delta_X =        0.001
OPTIONS->User_Tangents = 0
OPTIONS->Curvature_0 = 0
OPTIONS->Asa_Recursive_Level = 0


Initial Random Seed = 36397

*number_parameters = 4

index_v parameter_minimum parameter_maximum parameter_value parameter_type 
 0        -1000000     		 1000000      	 -943.0417    -1     
 1        -1000000     		 1000000      	 -327.909     -1     
 2        -1000000     		 1000000      	 1073.291     -1     
 3        -1000000     		 1000000      	 -6565.182    -1     


temperature_scale =     5.825131
temperature_scale_parameters[0] =     5.825131
*temperature_scale_cost =     5.825131



*index_cost_acceptances = 0, *current_cost_temperature = 5.290472e-06
*accepted_to_generated_ratio =            1, *number_invalid... = 0
*number_generated = 0, *number_accepted = 0
best...->cost = 1.950701e-07, last...->cost = 1.950701e-07
index_v  best...->parameter current_parameter_temp	tangent
0	   -943.0417		           1	           0
1	    -327.909		           1	           0
2	    1073.291		           1	           0
3	   -6565.182		           1	           0


best...->cost=1.950588e-07  *number_accepted=76  *number_generated=475
best...->cost=1.950496e-07  *number_accepted=77  *number_generated=476
best...->cost=1.950236e-07  *number_accepted=78  *number_generated=486
best...->cost=1.950235e-07  *number_accepted=79  *number_generated=498
best...->cost=1.950226e-07  *number_accepted=81  *number_generated=508
best...->cost=1.950221e-07  *number_accepted=82  *number_generated=523
best...->cost=1.950201e-07  *number_accepted=83  *number_generated=526
best...->cost=1.94971e-07   *number_accepted=84  *number_generated=530
best...->cost=1.949703e-07  *number_accepted=85  *number_generated=532
best...->cost=1.949689e-07  *number_accepted=86  *number_generated=534
best...->cost=1.949689e-07  *number_accepted=87  *number_generated=554
best...->cost=1.949467e-07  *number_accepted=88  *number_generated=558
best...->cost=1.945859e-07  *number_accepted=90  *number_generated=610
best...->cost=1.945783e-07  *number_accepted=91  *number_generated=615
best...->cost=1.94577e-07   *number_accepted=92  *number_generated=624
best...->cost=1.945025e-07  *number_accepted=93  *number_generated=634
best...->cost=1.945025e-07  *number_accepted=94  *number_generated=635
best...->cost=1.945024e-07  *number_accepted=96  *number_generated=656
best...->cost=1.94501e-07   *number_accepted=97  *number_generated=667
best...->cost=1.944778e-07  *number_accepted=98  *number_generated=681
best...->cost=1.944424e-07  *number_accepted=99  *number_generated=683
best...->cost=1.944424e-07  *number_accepted=100  *number_generated=701

*index_cost_acceptances = 44, *current_cost_temperature = 5.540766e-14
*accepted_to_generated_ratio =    0.1052632, *number_invalid... = 0
*number_generated = 701, *number_accepted = 100
best...->cost = 1.944424e-07, last...->cost = 1.944424e-07
index_v  best...->parameter current_parameter_temp	tangent
0	   -118371.6		9.610426e-14	-7.520489e-13
1	   -9953.761		9.610426e-14	-2.320735e-13
2	    88603.58		9.610426e-14	 4.53311e-13
3	   -247155.1		9.610426e-14	-2.053481e-13


best...->cost=1.944398e-07  *number_accepted=101  *number_generated=714
best...->cost=1.944226e-07  *number_accepted=102  *number_generated=718
best...->cost=1.944189e-07  *number_accepted=104  *number_generated=732
best...->cost=1.943984e-07  *number_accepted=105  *number_generated=739
best...->cost=1.943981e-07  *number_accepted=108  *number_generated=762
best...->cost=1.943844e-07  *number_accepted=109  *number_generated=771
best...->cost=1.943843e-07  *number_accepted=110  *number_generated=776
best...->cost=1.943843e-07  *number_accepted=111  *number_generated=789
best...->cost=1.943839e-07  *number_accepted=112  *number_generated=795
best...->cost=1.94382e-07   *number_accepted=113  *number_generated=804
best...->cost=1.943819e-07  *number_accepted=114  *number_generated=807
best...->cost=1.943819e-07  *number_accepted=116  *number_generated=832
best...->cost=1.943818e-07  *number_accepted=117  *number_generated=841
best...->cost=1.943818e-07  *number_accepted=118  *number_generated=852
best...->cost=1.943792e-07  *number_accepted=120  *number_generated=862
best...->cost=1.943781e-07  *number_accepted=121  *number_generated=875
best...->cost=1.943779e-07  *number_accepted=122  *number_generated=911
best...->cost=1.943766e-07  *number_accepted=123  *number_generated=919
best...->cost=1.943764e-07  *number_accepted=124  *number_generated=947
best...->cost=1.943744e-07  *number_accepted=125  *number_generated=963
best...->cost=1.943743e-07  *number_accepted=126  *number_generated=982
best...->cost=1.943704e-07  *number_accepted=127  *number_generated=1045
best...->cost=1.943704e-07  *number_accepted=128  *number_generated=1049
best...->cost=1.943704e-07  *number_accepted=129  *number_generated=1056
best...->cost=1.9437e-07    *number_accepted=131  *number_generated=1072
best...->cost=1.9437e-07    *number_accepted=132  *number_generated=1078
best...->cost=1.9437e-07    *number_accepted=133  *number_generated=1079
best...->cost=1.943655e-07  *number_accepted=134  *number_generated=1081
best...->cost=1.943655e-07  *number_accepted=135  *number_generated=1083
best...->cost=1.943655e-07  *number_accepted=136  *number_generated=1085
best...->cost=1.943655e-07  *number_accepted=137  *number_generated=1095
best...->cost=1.943655e-07  *number_accepted=139  *number_generated=1109
best...->cost=1.943651e-07  *number_accepted=140  *number_generated=1120
best...->cost=1.943649e-07  *number_accepted=141  *number_generated=1124
best...->cost=1.943649e-07  *number_accepted=142  *number_generated=1129
best...->cost=1.943649e-07  *number_accepted=143  *number_generated=1140
best...->cost=1.943648e-07  *number_accepted=145  *number_generated=1186
best...->cost=1.943647e-07  *number_accepted=147  *number_generated=1228
best...->cost=1.943647e-07  *number_accepted=149  *number_generated=1310
best...->cost=1.943647e-07  *number_accepted=150  *number_generated=1317
best...->cost=1.943633e-07  *number_accepted=154  *number_generated=1375
best...->cost=1.943622e-07  *number_accepted=155  *number_generated=1506
best...->cost=1.943622e-07  *number_accepted=156  *number_generated=1527
best...->cost=1.943622e-07  *number_accepted=157  *number_generated=1541
best...->cost=1.943622e-07  *number_accepted=158  *number_generated=1587
best...->cost=1.943622e-07  *number_accepted=159  *number_generated=1614
best...->cost=1.943622e-07  *number_accepted=160  *number_generated=1684
best...->cost=1.943621e-07  *number_accepted=161  *number_generated=1712
best...->cost=1.943618e-07  *number_accepted=162  *number_generated=1729
best...->cost=1.943618e-07  *number_accepted=163  *number_generated=1746
best...->cost=1.943617e-07  *number_accepted=165  *number_generated=1857
best...->cost=1.943617e-07  *number_accepted=166  *number_generated=1944
best...->cost=1.943616e-07  *number_accepted=167  *number_generated=2144
best...->cost=1.943615e-07  *number_accepted=168  *number_generated=2147
best...->cost=1.943615e-07  *number_accepted=169  *number_generated=2377

*index_cost_acceptances = 113, *current_cost_temperature = 1.097951e-15
*accepted_to_generated_ratio =  0.005319149, *number_invalid... = 0
*number_generated = 2564, *number_accepted = 169
best...->cost = 1.943615e-07, last...->cost = 1.943615e-07
index_v  best...->parameter current_parameter_temp	tangent
0	   -118336.6		9.995579e-19	-4.244876e-10
1	   -9888.335		1.531985e-18	-3.683166e-13
2	    88539.78		1.210328e-18	4.679863e-13
3	   -247111.1		1.597328e-18	-1.152828e-09

curvature[0][0] = 2.383117e-11

curvature[1][0] = -4.285201e-11 	 = curvature[0][1]
curvature[1][1] =  2.09824e-09

curvature[2][0] = 4.785856e-12 	 = curvature[0][2]
curvature[2][1] = 3.078578e-15 	 = curvature[1][2]
curvature[2][2] = 2.619228e-11

curvature[3][0] = -1.145488e-11 	 = curvature[0][3]
curvature[3][1] = -1.089688e-14 	 = curvature[1][3]
curvature[3][2] = 1.301819e-11 	 = curvature[2][3]
curvature[3][3] =  5.48828e-12



 P_TEMP_TOO_SMALL exit_status = 1
current_user_parameter_temp[0] too small = 9.995579e-19
 Locate_Cost = 5, calculating curvatures while exiting asa ()
final_cost = best_generated_state->cost = 1.943615e-07
*number_accepted at best_generated_state->cost = 169
*number_generated at best_generated_state->cost = 2377



