This is pdfTeXk, Version 3.1415926-1.40.9 (Web2C 7.5.7) (format=pdflatex 2008.10.8)  9 MAR 2009 17:54
entering extended mode
\write18 enabled.
 %&-line parsing enabled.
**FWRUserGuide.tex
(./FWRUserGuide.tex
LaTeX2e <2005/12/01>
Babel <v3.8l> and hyphenation patterns for english, usenglishmax, dumylang, noh
yphenation, german-x-2008-06-18, ngerman-x-2008-06-18, ancientgreek, ibycus, ar
abic, basque, bulgarian, catalan, pinyin, coptic, croatian, czech, danish, dutc
h, esperanto, estonian, farsi, finnish, french, galician, german, ngerman, mono
greek, greek, hungarian, icelandic, indonesian, interlingua, irish, italian, la
tin, mongolian, mongolian2a, bokmal, nynorsk, polish, portuguese, romanian, rus
sian, sanskrit, serbian, slovak, slovenian, spanish, swedish, turkish, ukenglis
h, ukrainian, uppersorbian, welsh, loaded.
(/usr/local/texlive/2008/texmf-dist/tex/latex/base/article.cls
Document Class: article 2005/09/16 v1.4f Standard LaTeX document class
(/usr/local/texlive/2008/texmf-dist/tex/latex/base/size10.clo
File: size10.clo 2005/09/16 v1.4f Standard LaTeX file (size option)
)
\c@part=\count79
\c@section=\count80
\c@subsection=\count81
\c@subsubsection=\count82
\c@paragraph=\count83
\c@subparagraph=\count84
\c@figure=\count85
\c@table=\count86
\abovecaptionskip=\skip41
\belowcaptionskip=\skip42
\bibindent=\dimen102
) (./THmacros.sty
Package: THmacros 2006/05/23 Some usefull macros (mathematic)
(/usr/local/texlive/2008/texmf-dist/tex/latex/amsfonts/amssymb.sty
Package: amssymb 2002/01/22 v2.2d

(/usr/local/texlive/2008/texmf-dist/tex/latex/amsfonts/amsfonts.sty
Package: amsfonts 2001/10/25 v2.2f
\@emptytoks=\toks14
\symAMSa=\mathgroup4
\symAMSb=\mathgroup5
LaTeX Font Info:    Overwriting math alphabet `\mathfrak' in version `bold'
(Font)                  U/euf/m/n --> U/euf/b/n on input line 132.
))
(/usr/local/texlive/2008/texmf-dist/tex/latex/amsmath/amsmath.sty
Package: amsmath 2000/07/18 v2.13 AMS math features
\@mathmargin=\skip43

For additional information on amsmath, use the `?' option.
(/usr/local/texlive/2008/texmf-dist/tex/latex/amsmath/amstext.sty
Package: amstext 2000/06/29 v2.01

(/usr/local/texlive/2008/texmf-dist/tex/latex/amsmath/amsgen.sty
File: amsgen.sty 1999/11/30 v2.0
\@emptytoks=\toks15
\ex@=\dimen103
))
(/usr/local/texlive/2008/texmf-dist/tex/latex/amsmath/amsbsy.sty
Package: amsbsy 1999/11/29 v1.2d
\pmbraise@=\dimen104
)
(/usr/local/texlive/2008/texmf-dist/tex/latex/amsmath/amsopn.sty
Package: amsopn 1999/12/14 v2.01 operator names
)
\inf@bad=\count87
LaTeX Info: Redefining \frac on input line 211.
\uproot@=\count88
\leftroot@=\count89
LaTeX Info: Redefining \overline on input line 307.
\classnum@=\count90
\DOTSCASE@=\count91
LaTeX Info: Redefining \ldots on input line 379.
LaTeX Info: Redefining \dots on input line 382.
LaTeX Info: Redefining \cdots on input line 467.
\Mathstrutbox@=\box26
\strutbox@=\box27
\big@size=\dimen105
LaTeX Font Info:    Redeclaring font encoding OML on input line 567.
LaTeX Font Info:    Redeclaring font encoding OMS on input line 568.
\macc@depth=\count92
\c@MaxMatrixCols=\count93
\dotsspace@=\muskip10
\c@parentequation=\count94
\dspbrk@lvl=\count95
\tag@help=\toks16
\row@=\count96
\column@=\count97
\maxfields@=\count98
\andhelp@=\toks17
\eqnshift@=\dimen106
\alignsep@=\dimen107
\tagshift@=\dimen108
\tagwidth@=\dimen109
\totwidth@=\dimen110
\lineht@=\dimen111
\@envbody=\toks18
\multlinegap=\skip44
\multlinetaggap=\skip45
\mathdisplay@stack=\toks19
LaTeX Info: Redefining \[ on input line 2666.
LaTeX Info: Redefining \] on input line 2667.
)
(/usr/local/texlive/2008/texmf-dist/tex/latex/graphics/color.sty
Package: color 2005/11/14 v1.0j Standard LaTeX Color (DPC)

(/usr/local/texlive/2008/texmf/tex/latex/config/color.cfg
File: color.cfg 2007/01/18 v1.5 color configuration of teTeX/TeXLive
)
Package color Info: Driver file: pdftex.def on input line 130.

(/usr/local/texlive/2008/texmf-dist/tex/latex/pdftex-def/pdftex.def
File: pdftex.def 2008/07/16 v0.04k Graphics/color for pdfTeX
\Gread@gobject=\count99
))
\commentbox=\box28
\commentheight=\skip46
\c@questionno=\count100
)
(/usr/local/texlive/2008/texmf-dist/tex/latex/base/inputenc.sty
Package: inputenc 2006/05/05 v1.1b Input encoding file
\inpenc@prehook=\toks20
\inpenc@posthook=\toks21

(/usr/local/texlive/2008/texmf-dist/tex/latex/base/latin1.def
File: latin1.def 2006/05/05 v1.1b Input encoding file
))
(/usr/local/texlive/2008/texmf-dist/tex/latex/graphics/graphicx.sty
Package: graphicx 1999/02/16 v1.0f Enhanced LaTeX Graphics (DPC,SPQR)

(/usr/local/texlive/2008/texmf-dist/tex/latex/graphics/keyval.sty
Package: keyval 1999/03/16 v1.13 key=value parser (DPC)
\KV@toks@=\toks22
)
(/usr/local/texlive/2008/texmf-dist/tex/latex/graphics/graphics.sty
Package: graphics 2006/02/20 v1.0o Standard LaTeX Graphics (DPC,SPQR)

(/usr/local/texlive/2008/texmf-dist/tex/latex/graphics/trig.sty
Package: trig 1999/03/16 v1.09 sin cos tan (DPC)
)
(/usr/local/texlive/2008/texmf/tex/latex/config/graphics.cfg
File: graphics.cfg 2007/01/18 v1.5 graphics configuration of teTeX/TeXLive
)
Package graphics Info: Driver file: pdftex.def on input line 90.
)
\Gin@req@height=\dimen112
\Gin@req@width=\dimen113
)
(/usr/local/texlive/2008/texmf-dist/tex/latex/tools/theorem.sty
Package: theorem 1995/11/23 v2.2c Theorem extension package (FMi)
\theorem@style=\toks23
\theorem@bodyfont=\toks24
\theorempreskipamount=\skip47
\theorempostskipamount=\skip48

(/usr/local/texlive/2008/texmf-dist/tex/latex/tools/thp.sty
File: thp.sty 1995/11/23 v2.2c Theorem extension package (FMi)
))
(/usr/local/texlive/2008/texmf-dist/tex/latex/jknapltx/mathrsfs.sty
Package: mathrsfs 1996/01/01 Math RSFS package v1.0 (jk)
\symrsfs=\mathgroup6
)
(/usr/local/texlive/2008/texmf-dist/tex/latex/tools/hhline.sty
Package: hhline 1994/05/23 v2.03 Table rule package (DPC)
) (./pmat.sty
Package: pmat 1996/01/01 v0.1
\pmat@dashwidth=\dimen114
\pmat@dashheight=\dimen115
\pmat@minlinegap=\dimen116
\pmat@mincolumngap=\dimen117
\pmat@minentrywidth=\dimen118
\pmat@minentryheight=\dimen119
\pmat@minentrydepth=\dimen120
)
(/usr/local/texlive/2008/texmf-dist/tex/latex/hyperref/hyperref.sty
Package: hyperref 2008/08/14 v6.78f Hypertext links for LaTeX

(/usr/local/texlive/2008/texmf-dist/tex/generic/oberdiek/ifpdf.sty
Package: ifpdf 2007/12/12 v1.6 Provides the ifpdf switch (HO)
Package ifpdf Info: pdfTeX in pdf mode detected.
)
(/usr/local/texlive/2008/texmf-dist/tex/generic/oberdiek/ifvtex.sty
Package: ifvtex 2007/09/09 v1.3 Switches for detecting VTeX and its modes (HO)
Package ifvtex Info: VTeX not detected.
)
(/usr/local/texlive/2008/texmf-dist/tex/generic/ifxetex/ifxetex.sty
Package: ifxetex 2006/08/21 v0.3 Provides ifxetex conditional
)
(/usr/local/texlive/2008/texmf-dist/tex/latex/oberdiek/hycolor.sty
Package: hycolor 2008/08/01 v1.3 Code for color options of hyperref/bookmark (H
O)

(/usr/local/texlive/2008/texmf-dist/tex/latex/oberdiek/xcolor-patch.sty
Package: xcolor-patch 2008/08/01 xcolor patch
))
\@linkdim=\dimen121
\Hy@linkcounter=\count101
\Hy@pagecounter=\count102

(/usr/local/texlive/2008/texmf-dist/tex/latex/hyperref/pd1enc.def
File: pd1enc.def 2008/08/14 v6.78f Hyperref: PDFDocEncoding definition (HO)
)
(/usr/local/texlive/2008/texmf-dist/tex/generic/oberdiek/etexcmds.sty
Package: etexcmds 2007/12/12 v1.2 Prefix for e-TeX command names (HO)

(/usr/local/texlive/2008/texmf-dist/tex/generic/oberdiek/infwarerr.sty
Package: infwarerr 2007/09/09 v1.2 Providing info/warning/message (HO)
)
Package etexcmds Info: Could not find \expanded.
(etexcmds)             That can mean that you are not using pdfTeX 1.50 or
(etexcmds)             that some package has redefined \expanded.
(etexcmds)             In the latter case, load this package earlier.
)
(/usr/local/texlive/2008/texmf/tex/latex/config/hyperref.cfg
File: hyperref.cfg 2002/06/06 v1.2 hyperref configuration of TeXLive
)
(/usr/local/texlive/2008/texmf-dist/tex/latex/oberdiek/kvoptions.sty
Package: kvoptions 2007/10/18 v3.0 Keyval support for LaTeX options (HO)
)
Package hyperref Info: Option `hyperindex' set `true' on input line 2765.
Package hyperref Info: Option `breaklinks' set `true' on input line 2765.
Package hyperref Info: Option `colorlinks' set `true' on input line 2765.
Package hyperref Info: Option `bookmarks' set `true' on input line 2765.
Package hyperref Info: Option `bookmarksopen' set `true' on input line 2765.
Package hyperref Info: Option `naturalnames' set `true' on input line 2765.
Package hyperref Info: Hyper figures OFF on input line 2876.
Package hyperref Info: Link nesting OFF on input line 2881.
Package hyperref Info: Hyper index ON on input line 2884.
Package hyperref Info: Plain pages OFF on input line 2891.
Package hyperref Info: Backreferencing OFF on input line 2896.

Implicit mode ON; LaTeX internals redefined
Package hyperref Info: Bookmarks ON on input line 3086.
(/usr/local/texlive/2008/texmf-dist/tex/latex/ltxmisc/url.sty
\Urlmuskip=\muskip11
Package: url 2006/04/12  ver 3.3  Verb mode for urls, etc.
)
LaTeX Info: Redefining \url on input line 3272.

(/usr/local/texlive/2008/texmf-dist/tex/generic/oberdiek/bitset.sty
Package: bitset 2007/09/28 v1.0 Data type bit set (HO)

(/usr/local/texlive/2008/texmf-dist/tex/generic/oberdiek/intcalc.sty
Package: intcalc 2007/09/27 v1.1 Expandable integer calculations (HO)
)
(/usr/local/texlive/2008/texmf-dist/tex/generic/oberdiek/bigintcalc.sty
Package: bigintcalc 2007/11/11 v1.1 Expandable big integer calculations (HO)

(/usr/local/texlive/2008/texmf-dist/tex/generic/oberdiek/pdftexcmds.sty
Package: pdftexcmds 2007/12/12 v0.3 LuaTeX support for pdfTeX utility functions
 (HO)
Package pdftexcmds Info: LuaTeX not detected on input line 139.
)))
(/usr/local/texlive/2008/texmf-dist/tex/generic/oberdiek/kvsetkeys.sty
Package: kvsetkeys 2007/09/29 v1.3 Key value parser with default handler suppor
t (HO)
)
\Fld@menulength=\count103
\Field@Width=\dimen122
\Fld@charsize=\dimen123
\Field@toks=\toks25
Package hyperref Info: Hyper figures OFF on input line 4189.
Package hyperref Info: Link nesting OFF on input line 4194.
Package hyperref Info: Hyper index ON on input line 4197.
Package hyperref Info: backreferencing OFF on input line 4204.
Package hyperref Info: Link coloring ON on input line 4207.
Package hyperref Info: Link coloring with OCG OFF on input line 4214.
Package hyperref Info: PDF/A mode OFF on input line 4219.

(/usr/local/texlive/2008/texmf-dist/tex/generic/oberdiek/atbegshi.sty
Package: atbegshi 2008/07/31 v1.9 At begin shipout hook (HO)
)
\Hy@abspage=\count104
\c@Item=\count105
\c@Hfootnote=\count106
)
*hyperref using default driver hpdftex*
(/usr/local/texlive/2008/texmf-dist/tex/latex/hyperref/hpdftex.def
File: hpdftex.def 2008/08/14 v6.78f Hyperref driver for pdfTeX
\Fld@listcount=\count107
)
(/usr/local/texlive/2008/texmf-dist/tex/latex/algorithm2e/algorithm2e.sty
Package: algorithm2e 2005/10/04 v3.9 algorithms environments
\c@AlgoLine=\count108

(/usr/local/texlive/2008/texmf-dist/tex/latex/base/ifthen.sty
Package: ifthen 2001/05/26 v1.1c Standard LaTeX ifthen package (DPC)
)
(/usr/local/texlive/2008/texmf-dist/tex/latex/tools/xspace.sty
Package: xspace 2006/05/08 v1.12 Space after command names (DPC,MH)
)
********************************************************
Package `algorithm2e' Release 3.9 -- october 04 2005 --
- algorithm2e-announce@lirmm.fr mailing list for announcement about releases
- algorithm2e-discussion@lirmm.fr mailing list for discussion about package
subscribe by emailing sympa@lirmm.fr with 'subscribe <list> <firstname name>'
- Author: Christophe Fiorio (fiorio@lirmm.fr)
********************************************************
\skiptotal=\skip49
\skiprule=\skip50
\skiphlne=\skip51
\skiptext=\skip52
\skiplength=\skip53
\algomargin=\skip54
\skipalgocfslide=\skip55
\algowidth=\dimen124
\inoutsize=\dimen125
\inoutline=\dimen126
\algocf@inoutbox=\box29
\algocf@inputbox=\box30
\AlCapSkip=\skip56
\AlCapHSkip=\skip57
\algocf@capbox=\box31
\c@algocfline=\count109
\c@algocf=\count110
\algocf@algoframe=\box32
\algocf@algobox=\box33
) (/usr/local/texlive/2008/texmf-dist/tex/latex/doublestroke/dsfont.sty
Package: dsfont 1995/08/01 v0.1 Double stroke roman fonts
)
(/usr/local/texlive/2008/texmf-dist/tex/latex/tools/multicol.sty
Package: multicol 2006/05/18 v1.6g multicolumn formatting (FMi)
\c@tracingmulticols=\count111
\mult@box=\box34
\multicol@leftmargin=\dimen127
\c@unbalance=\count112
\c@collectmore=\count113
\doublecol@number=\count114
\multicoltolerance=\count115
\multicolpretolerance=\count116
\full@width=\dimen128
\page@free=\dimen129
\premulticols=\dimen130
\postmulticols=\dimen131
\multicolsep=\skip58
\multicolbaselineskip=\skip59
\partial@page=\box35
\last@line=\box36
\mult@rightbox=\box37
\mult@grightbox=\box38
\mult@gfirstbox=\box39
\mult@firstbox=\box40
\@tempa=\box41
\@tempa=\box42
\@tempa=\box43
\@tempa=\box44
\@tempa=\box45
\@tempa=\box46
\@tempa=\box47
\@tempa=\box48
\@tempa=\box49
\@tempa=\box50
\@tempa=\box51
\@tempa=\box52
\@tempa=\box53
\@tempa=\box54
\@tempa=\box55
\@tempa=\box56
\@tempa=\box57
\c@columnbadness=\count117
\c@finalcolumnbadness=\count118
\last@try=\dimen132
\multicolovershoot=\dimen133
\multicolundershoot=\dimen134
\mult@nat@firstbox=\box58
\colbreak@box=\box59
)
(/usr/local/texlive/2008/texmf-dist/tex/latex/tools/array.sty
Package: array 2005/08/23 v2.4b Tabular extension package (FMi)
\col@sep=\dimen135
\extrarowheight=\dimen136
\NC@list=\toks26
\extratabsurround=\skip60
\backup@length=\skip61
)
(/usr/local/texlive/2008/texmf-dist/tex/latex/tools/longtable.sty
Package: longtable 2004/02/01 v4.11 Multi-page Table package (DPC)
\LTleft=\skip62
\LTright=\skip63
\LTpre=\skip64
\LTpost=\skip65
\LTchunksize=\count119
\LTcapwidth=\dimen137
\LT@head=\box60
\LT@firsthead=\box61
\LT@foot=\box62
\LT@lastfoot=\box63
\LT@cols=\count120
\LT@rows=\count121
\c@LT@tables=\count122
\c@LT@chunks=\count123
\LT@p@ftn=\toks27
)
(/usr/local/texlive/2008/texmf-dist/tex/latex/listings/listings.sty
\lst@mode=\count124
\lst@gtempboxa=\box64
\lst@token=\toks28
\lst@length=\count125
\lst@currlwidth=\dimen138
\lst@column=\count126
\lst@pos=\count127
\lst@lostspace=\dimen139
\lst@width=\dimen140
\lst@newlines=\count128
\lst@lineno=\count129
\lst@maxwidth=\dimen141

(/usr/local/texlive/2008/texmf-dist/tex/latex/listings/lstmisc.sty
File: lstmisc.sty 2007/02/22 1.4 (Carsten Heinz)
\c@lstnumber=\count130
\lst@skipnumbers=\count131
\lst@framebox=\box65
)
(/usr/local/texlive/2008/texmf-dist/tex/latex/listings/listings.cfg
File: listings.cfg 2007/02/22 1.4 listings configuration
))
Package: listings 2007/02/22 1.4 (Carsten Heinz)
\c@definition=\count132
\c@remark=\count133
\c@proposition=\count134
\c@lemma=\count135
\c@problem=\count136

(./FWRUserGuide.aux

LaTeX Warning: Label `fig:cascade' multiply defined.

)
\openout1 = `FWRUserGuide.aux'.

LaTeX Font Info:    Checking defaults for OML/cmm/m/it on input line 87.
LaTeX Font Info:    ... okay on input line 87.
LaTeX Font Info:    Checking defaults for T1/cmr/m/n on input line 87.
LaTeX Font Info:    ... okay on input line 87.
LaTeX Font Info:    Checking defaults for OT1/cmr/m/n on input line 87.
LaTeX Font Info:    ... okay on input line 87.
LaTeX Font Info:    Checking defaults for OMS/cmsy/m/n on input line 87.
LaTeX Font Info:    ... okay on input line 87.
LaTeX Font Info:    Checking defaults for OMX/cmex/m/n on input line 87.
LaTeX Font Info:    ... okay on input line 87.
LaTeX Font Info:    Checking defaults for U/cmr/m/n on input line 87.
LaTeX Font Info:    ... okay on input line 87.
LaTeX Font Info:    Checking defaults for PD1/pdf/m/n on input line 87.
LaTeX Font Info:    ... okay on input line 87.
 (/usr/local/texlive/2008/texmf-dist/tex/context/base/supp-pdf.tex
[Loading MPS to PDF converter (version 2006.09.02).]
\scratchcounter=\count137
\scratchdimen=\dimen142
\scratchbox=\box66
\nofMPsegments=\count138
\nofMParguments=\count139
\everyMPshowfont=\toks29
\MPscratchCnt=\count140
\MPscratchDim=\dimen143
\MPnumerator=\count141
\everyMPtoPDFconversion=\toks30
)
Package hyperref Info: Link coloring ON on input line 87.
 (/usr/local/texlive/2008/texmf-dist/tex/latex/hyperref/nameref.sty
Package: nameref 2007/05/29 v2.31 Cross-referencing by name of section

(/usr/local/texlive/2008/texmf-dist/tex/latex/oberdiek/refcount.sty
Package: refcount 2008/08/11 v3.1 Data extraction from references (HO)
)
\c@section@level=\count142
)
LaTeX Info: Redefining \ref on input line 87.
LaTeX Info: Redefining \pageref on input line 87.

(./FWRUserGuide.out) (./FWRUserGuide.out)
\@outlinefile=\write3
\openout3 = `FWRUserGuide.out'.

\AtBeginShipoutBox=\box67
\c@lstlisting=\count143

<construct/FWRlogo.pdf, id=515, 548.0475pt x 502.87875pt>
File: construct/FWRlogo.pdf Graphic file (type pdf)

<use construct/FWRlogo.pdf>
LaTeX Font Info:    Try loading font information for U+msa on input line 108.

(/usr/local/texlive/2008/texmf-dist/tex/latex/amsfonts/umsa.fd
File: umsa.fd 2002/01/19 v2.2g AMS font definitions
)
LaTeX Font Info:    Try loading font information for U+msb on input line 108.

(/usr/local/texlive/2008/texmf-dist/tex/latex/amsfonts/umsb.fd
File: umsb.fd 2002/01/19 v2.2g AMS font definitions
)
LaTeX Font Info:    Try loading font information for U+rsfs on input line 108.

(/usr/local/texlive/2008/texmf-dist/tex/latex/jknapltx/ursfs.fd
File: ursfs.fd 1998/03/24 rsfs font definition file (jk)
) [1

{/usr/local/texlive/2008/texmf-var/fonts/map/pdftex/updmap/pdftex.map} <./const
ruct/FWRlogo.pdf>] [2] (./FWRUserGuide.toc [3] [4])
\tf@toc=\write4
\openout4 = `FWRUserGuide.toc'.

 [5]
LaTeX Font Info:    Try loading font information for OMS+cmr on input line 127.


(/usr/local/texlive/2008/texmf-dist/tex/latex/base/omscmr.fd
File: omscmr.fd 1999/05/25 v2.5h Standard LaTeX font definitions
)
LaTeX Font Info:    Font shape `OMS/cmr/m/n' in size <10> not available
(Font)              Font shape `OMS/cmsy/m/n' tried instead on input line 127.
 [6]
Overfull \hbox (8.74286pt too wide) in paragraph at lines 143--144
\OT1/cmr/m/n/10 Copyright \OT1/cmr/m/sc/10 T. Hi-laire \OT1/cmr/m/n/10 ([][]\OT
1/cmtt/m/n/10 thibault.hilaire@nt.tuwien.ac.at[][]\OT1/cmr/m/n/10 ), In-sti-tut
e of Com-
 []


Underfull \hbox (badness 10000) in paragraph at lines 143--144

 []


Underfull \hbox (badness 10000) in paragraph at lines 152--153

 []

[7] [8]
Underfull \hbox (badness 10000) in paragraph at lines 196--197

 []

[9] [10]
Overfull \hbox (1.86166pt too wide) in paragraph at lines 267--268
[]\OT1/cmr/m/n/10 With these two equiv-a-lent re-al-iza-tions, the pa-ra-me-tri
-za-tion is dif-fer-ent, there-
 []

[11] [12]
Overfull \hbox (2.81277pt too wide) in paragraph at lines 394--395
[]$\U/rsfs/m/n/10 R[]$ \OT1/cmr/m/it/10 de-notes the set of re-al-iza-tions wit
h trans-fer func-tion $\OML/cmm/m/it/10 H$\OT1/cmr/m/it/10 . These
 []


Package hyperref Warning: Token not allowed in a PDF string (PDFDocEncoding),
(hyperref)                removing `math shift' on input line 469.


Package hyperref Warning: Token not allowed in a PDF string (PDFDocEncoding),
(hyperref)                removing `\delta' on input line 469.


Package hyperref Warning: Token not allowed in a PDF string (PDFDocEncoding),
(hyperref)                removing `math shift' on input line 469.

[13] <fig/cascade.pdf, id=846, 592.2155pt x 200.751pt>
File: fig/cascade.pdf Graphic file (type pdf)
 <use fig/cascade.pdf>
[14 <./fig/cascade.pdf>] [15]
<fig/bits_vf.pdf, id=958, 449.66695pt x 156.58398pt>
File: fig/bits_vf.pdf Graphic file (type pdf)
 <use fig/bits_vf.pdf>
[16] [17 <./fig/bits_vf.pdf>]
Underfull \hbox (badness 10000) in paragraph at lines 832--834

 []

[18] <fig/standard_form.pdf, id=1266, 616.31555pt x 256.96pt>
File: fig/standard_form.pdf Graphic file (type pdf)

<use fig/standard_form.pdf> [19 <./fig/standard_form.pdf>]
Overfull \hbox (32.64056pt too wide) in paragraph at lines 918--919
[]\OT1/cmr/m/n/10 the pole-sensitivity and re-lated sta-bil-ity mea-sure ([][]\
OT1/cmtt/m/n/10 MsensPole[]cl[][] \OT1/cmr/m/n/10 and [][]\OT1/cmtt/m/n/10 Msta
bility[][]\OT1/cmr/m/n/10 ) 
 []


Overfull \hbox (0.62027pt too wide) in paragraph at lines 937--939
[]\OT1/cmr/m/it/10 Consider a trans-fer func-tion $\OML/cmm/m/it/10 H$
 []


Overfull \hbox (7.19667pt too wide) in paragraph at lines 947--948
[]\OT1/cmr/m/it/10 The prob-lem to find
 []

[20] [21] [22]
Overfull \hbox (17.24684pt too wide) in paragraph at lines 1083--1083
[]\OT1/cmtt/m/n/10 >> options = {'method','simplex','Display','Iter','MaxFunEva
ls',1e4};[] 
 []

LaTeX Font Info:    Try loading font information for OMS+cmtt on input line 109
0.
LaTeX Font Info:    No file OMScmtt.fd. on input line 1090.

LaTeX Font Warning: Font shape `OMS/cmtt/m/n' undefined
(Font)              using `OMS/cmsy/m/n' instead
(Font)              for symbol `textbraceleft' on input line 1090.


Overfull \hbox (8.9333pt too wide) in paragraph at lines 1089--1091
\OT1/cmr/m/n/10 (\OT1/cmtt/m/n/10 fminsearch\OT1/cmr/m/n/10 , \OT1/cmtt/m/n/10 
fminunc\OT1/cmr/m/n/10 , ...). \OMS/cmtt/m/n/10 f\OT1/cmtt/m/n/10 'method','sim
plex'\OMS/cmtt/m/n/10 g \OT1/cmr/m/n/10 al-lows to use the \OT1/cmtt/m/n/10 fmi
nsearch
 []

[23]
LaTeX Font Info:    Font shape `OT1/cmtt/bx/n' in size <12> not available
(Font)              Font shape `OT1/cmtt/m/n' tried instead on input line 1111.


Overfull \hbox (1.7219pt too wide) in paragraph at lines 1144--1146
\OT1/cmr/m/n/10 These fields are only used for the sen-si-tiv-i-ties mea-sure (
[][]\OT1/cmtt/m/n/10 MsensH[][]\OT1/cmr/m/n/10 , [][]\OT1/cmtt/m/n/10 MsensPole
[][]\OT1/cmr/m/n/10 ,
 []

[24]
Underfull \hbox (badness 10000) in paragraph at lines 1179--1186

 []

[25]
Package hyperref Info: bookmark level for unknown algocf defaults to 0 on input
 line 1188.

Underfull \hbox (badness 10000) detected at line 1192
[][]
 []


Underfull \hbox (badness 10000) detected at line 1198
[][]
 []


Underfull \hbox (badness 10000) in paragraph at lines 1187--1199

 []


Underfull \hbox (badness 10000) in paragraph at lines 1187--1199

 []

(./SimpleDoc/@FWR/table_SD.tex
Underfull \hbox (badness 10000) in paragraph at lines 1212--2

 []


Underfull \hbox (badness 1715) in paragraph at lines 11--12
[]|\OT1/cmr/m/n/10 Display a ma-trix ($\OML/cmm/m/it/10 Z$ \OT1/cmr/m/n/10 or a
 sen-si-tiv-ity ma-trix) in
 []


Overfull \hbox (15.94214pt too wide) in alignment at lines 3--24
 [] [] 
 []


Underfull \vbox (badness 10000) detected at line 24
 []


Overfull \hbox (15.94214pt too wide) in alignment at lines 24--42
 [] [] 
 []

[26]) [27]
LaTeX Font Info:    Font shape `OT1/cmtt/bx/n' in size <10> not available
(Font)              Font shape `OT1/cmtt/m/n' tried instead on input line 1250.

 [28]
Overfull \hbox (9.323pt too wide) in paragraph at lines 1253--1255
\OT1/cmtt/m/n/10 function [U,Y,W,cost[]flag] = \OT1/cmtt/m/it/10 my[]UYW[]fun\O
T1/cmtt/m/n/10 ( Rini, paramsValue, dataFWS) 
 []


Overfull \hbox (37.88907pt too wide) in paragraph at lines 1255--1263
[] 
 []


Underfull \hbox (badness 10000) in paragraph at lines 1255--1263

 []


Overfull \hbox (37.88907pt too wide) in paragraph at lines 1272--1280
[] 
 []


Underfull \hbox (badness 10000) in paragraph at lines 1272--1280

 []

(./SimpleDoc/@FWS/table_SD.tex
Underfull \hbox (badness 10000) in paragraph at lines 1285--2

 []


Underfull \hbox (badness 5050) in paragraph at lines 12--13
[]|\OT1/cmr/m/n/10 Find the op-ti-mal re-al-iza-tion, ac-cord-ing to the
 []


Overfull \hbox (15.94214pt too wide) in alignment at lines 3--22
 [] [] 
 []


Underfull \vbox (badness 10000) detected at line 22
 []

[29]) [30]
Underfull \hbox (badness 10000) in paragraph at lines 1300--1301

 []

(./SimpleDoc/table_SD.tex
Overfull \hbox (15.94214pt too wide) in alignment at lines 3--21
 [] [] 
 []


Underfull \vbox (badness 10000) detected at line 21
 []

) (./SimpleDoc/main_SD.tex (./SimpleDoc//DFIq2FWR.tex [31]
<fig/DFIq.pdf, id=1682, 979.657pt x 555.28352pt>
File: fig/DFIq.pdf Graphic file (type pdf)
 <use fig/DFIq.pdf> [32 <./fig/DFIq.pdf>]) (./SimpleDoc//FFT2FWR.tex [33]
Overfull \hbox (2.86176pt too wide) in paragraph at lines 43--46
\OT1/cmr/m/n/10 The fol-low-ing propo-si-tion al-lows to ex-press such a re-al-
iza-tion by ap-ply-ing Cooley-
 []

[34]
Overfull \hbox (2.26321pt too wide) in paragraph at lines 81--82
[]\OT1/cmr/m/it/10 Let sup-pose re-al-iza-tion $\OMS/cmtt/m/n/10 R[] \OT1/cmr/m
/n/10 := (\OML/cmm/m/it/10 J[]; ; L[]; ; N[]; ; ; ; S[]\OT1/cmr/m/n/10 )$ \OT1/
cmr/m/it/10 re-al-izes $\OML/cmm/m/it/10 DFT[]$
 []

) (./SimpleDoc//implicitSS2FWS.tex [35]) (./SimpleDoc//Modaldelta2FWR.tex
[36]
Overfull \hbox (0.76866pt too wide) in paragraph at lines 8--17
[] 
 []

[37]
Underfull \hbox (badness 10000) in paragraph at lines 97--101

 []

) (./SimpleDoc//Modalrho2FWR.tex
Overfull \hbox (0.76866pt too wide) in paragraph at lines 7--16
[] 
 []

[38]
Overfull \hbox (8.86089pt too wide) in paragraph at lines 16--21
\OT1/cmr/m/n/10 The modal rep-re-sen-ta-tion ap-plied here is the same as that 
used in [][]\OT1/cmtt/m/n/10 Modaldelta2FWR[][]
 []

) (./SimpleDoc//Modalrho2FWS.tex
Overfull \hbox (0.76866pt too wide) in paragraph at lines 7--16
[] 
 []

[39]
Underfull \hbox (badness 10000) in paragraph at lines 52--55

 []


Underfull \hbox (badness 10000) in paragraph at lines 57--60

 []

) (./SimpleDoc//Observer2FWR.tex [40]) (./SimpleDoc//OpModalrho2FWR.tex
[41]
Overfull \hbox (30.41643pt too wide) in paragraph at lines 17--19
\OT1/cmr/m/n/10 The re-al-iza-tion's struc-ture ap-plied here is the same as wh
at is used for [][]\OT1/cmtt/m/n/10 Modaldelta2FWR[][]\OT1/cmr/m/n/10 .
 []


Underfull \hbox (badness 10000) in paragraph at lines 33--36

 []

) (./SimpleDoc//OpModalrho2FWS.tex
Underfull \hbox (badness 10000) in paragraph at lines 2--3

 []


Underfull \hbox (badness 10000) in paragraph at lines 3--5

 []

) (./SimpleDoc//rhoDFIIt2FWR.tex
Overfull \hbox (17.24684pt too wide) in paragraph at lines 6--8
\OT1/cmtt/m/n/10 [R1, R2] = rhoDFIIt2FWR( H, gamma, isGammaExact, delta, isDelt
aExact) 
 []


Overfull \hbox (0.76866pt too wide) in paragraph at lines 8--20
[] 
 []

[42] <fig/rhoDFIIt.pdf, id=2231, 883.28696pt x 522.96178pt>
File: fig/rhoDFIIt.pdf Graphic file (type pdf)

<use fig/rhoDFIIt.pdf>
Overfull \hbox (8.30852pt too wide) in paragraph at lines 32--32
 [] 
 []

<fig/rho_operator.pdf, id=2232, 459.71147pt x 200.751pt>
File: fig/rho_operator.pdf Graphic file (type pdf)

<use fig/rho_operator.pdf> [43] [44 <./fig/rhoDFIIt.pdf> <./fig/rho_operator.pd
f>]) (./SimpleDoc//rhoDFIIt2FWS.tex
Overfull \hbox (17.24684pt too wide) in paragraph at lines 6--8
\OT1/cmtt/m/n/10 [S1, S2] = rhoDFIIt2FWS( H, gamma, isGammaExact, delta, isDelt
aExact) 
 []


Overfull \hbox (0.76866pt too wide) in paragraph at lines 8--19
[] 
 []

) (./SimpleDoc//SS2FWR.tex [45]) (./SimpleDoc//SS2FWS.tex [46])
(./SimpleDoc//SSdelta2FWR.tex [47]) (./SimpleDoc//SSdelta2FWS.tex [48])
(./SimpleDoc//SSrho2FWR.tex
Overfull \hbox (1.49698pt too wide) in paragraph at lines 4--7
\OT1/cmtt/m/n/10 R = SSrho2FWR( Arho, Brho, Crho, Drho, Gamma, isGammaExact, De
lta,
 []


Overfull \hbox (48.01825pt too wide) in paragraph at lines 7--19
[] 
 []

[49]) (./SimpleDoc//SSrho2FWS.tex
Overfull \hbox (1.49698pt too wide) in paragraph at lines 4--7
\OT1/cmtt/m/n/10 S = SSrho2FWS( Arho, Brho, Crho, Drho, Gamma, isGammaExact, De
lta,
 []

[50]
Overfull \hbox (48.01825pt too wide) in paragraph at lines 7--19
[] 
 []


Underfull \hbox (badness 10000) in paragraph at lines 19--22

 []

)) (./SimpleDoc/private/table_SD.tex
Underfull \hbox (badness 1831) in paragraph at lines 6--7
[]|\OT1/cmr/m/n/10 Create a di-ag-o-nal ma-trix of twid-dle fac-tors (for
 []


Overfull \hbox (15.94214pt too wide) in alignment at lines 3--8
 [] [] 
 []


Underfull \vbox (badness 10000) detected at line 8
 []

) (./SimpleDoc/private/main_SD.tex (./SimpleDoc/private/canon_modal.tex
Underfull \hbox (badness 10000) in paragraph at lines 2--3

 []


Underfull \hbox (badness 10000) in paragraph at lines 3--5

 []

) (./SimpleDoc/private/complexFFT.tex [51]) (./SimpleDoc/private/strideM.tex)
(./SimpleDoc/private/twiddleM.tex [52])) [53] (./SimpleDoc/@FWR/table_SD.tex
Underfull \hbox (badness 1715) in paragraph at lines 11--12
[]|\OT1/cmr/m/n/10 Display a ma-trix ($\OML/cmm/m/it/10 Z$ \OT1/cmr/m/n/10 or a
 sen-si-tiv-ity ma-trix) in
 []


Overfull \hbox (15.94214pt too wide) in alignment at lines 3--24
 [] [] 
 []


Underfull \vbox (badness 10000) detected at line 24
 []


Overfull \hbox (15.94214pt too wide) in alignment at lines 24--42
 [] [] 
 []

[54]) (./SimpleDoc/@FWR/main_SD.tex (./SimpleDoc/@FWR/algorithmCfloat.tex
(/usr/local/texlive/2008/texmf-dist/tex/latex/listings/lstlang1.sty
File: lstlang1.sty 2004/09/05 1.3 listings language file
)
(/usr/local/texlive/2008/texmf-dist/tex/latex/listings/lstmisc.sty
File: lstmisc.sty 2007/02/22 1.4 (Carsten Heinz)
)
Underfull \hbox (badness 10000) in paragraph at lines 23--24

 []

[55]) (./SimpleDoc/@FWR/algorithmLaTeX.tex [56]
(/usr/local/texlive/2008/texmf-dist/tex/latex/listings/lstlang1.sty
File: lstlang1.sty 2004/09/05 1.3 listings language file
)
(/usr/local/texlive/2008/texmf-dist/tex/latex/listings/lstlang2.sty
File: lstlang2.sty 2004/09/05 1.3 listings language file
)
(/usr/local/texlive/2008/texmf-dist/tex/latex/listings/lstlang3.sty
File: lstlang3.sty 2004/09/05 1.3 listings language file
)
(/usr/local/texlive/2008/texmf-dist/tex/latex/listings/lstlang1.sty
File: lstlang1.sty 2004/09/05 1.3 listings language file
)
(/usr/local/texlive/2008/texmf-dist/tex/latex/listings/lstlang2.sty
File: lstlang2.sty 2004/09/05 1.3 listings language file
)
(/usr/local/texlive/2008/texmf-dist/tex/latex/listings/lstlang3.sty
File: lstlang3.sty 2004/09/05 1.3 listings language file
)
(/usr/local/texlive/2008/texmf-dist/tex/latex/listings/lstlang1.sty
File: lstlang1.sty 2004/09/05 1.3 listings language file
)
(/usr/local/texlive/2008/texmf-dist/tex/latex/listings/lstlang2.sty
File: lstlang2.sty 2004/09/05 1.3 listings language file
)
(/usr/local/texlive/2008/texmf-dist/tex/latex/listings/lstlang3.sty
File: lstlang3.sty 2004/09/05 1.3 listings language file
)
(/usr/local/texlive/2008/texmf-dist/tex/latex/listings/lstmisc.sty
File: lstmisc.sty 2007/02/22 1.4 (Carsten Heinz)
)pdfTeX warning (ext4): destination with the same identifier (name{lstnumber.1}
) has been already used, duplicate ignored
<to be read again> 
                   \relax 
l.28 \b
       egin{algorithm}[h]pdfTeX warning (ext4): destination with the same ident
ifier (name{lstnumber.2}) has been already used, duplicate ignored
<to be read again> 
                   \relax 
l.29 \c
       aption{Pseudocode algorithm ...}pdfTeX warning (ext4): destination with 
the same identifier (name{lstnumber.3}) has been already used, duplicate ignore
d
<to be read again> 
                   \relax 
l.30 \K
       wIn{$u$: real}pdfTeX warning (ext4): destination with the same identifie
r (name{lstnumber.4}) has been already used, duplicate ignored
<to be read again> 
                   \relax 
l.31 \K
       wOut{$y$: real}pdfTeX warning (ext4): destination with the same identifi
er (name{lstnumber.5}) has been already used, duplicate ignored
<to be read again> 
                   \relax 
l.32 \K
       wData{$xn, xnp$: array [1..13] of reals}pdfTeX warning (ext4): destinati
on with the same identifier (name{lstnumber.6}) has been already used, duplicat
e ignored
<to be read again> 
                   \relax 
l.33 \S
       etLinepdfTeX warning (ext4): destination with the same identifier (name{
lstnumber.7}) has been already used, duplicate ignored
<to be read again> 
                   \relax 
l.34 \B
       egin{pdfTeX warning (ext4): destination with the same identifier (name{l
stnumber.8}) has been already used, duplicate ignored
<to be read again> 
                   \relax 
l.35 \t
       cp{\emph{Intermediate variables}}pdfTeX warning (ext4): destination with
 the same identifier (name{lstnumber.9}) has been already used, duplicate ignor
ed
<to be read again> 
                   \relax 
l.36 $x
       np(1) \leftarrow 0.5529838718*xn(1) + -0.5379265439*xn(2) + 0.0291718...
pdfTeX warning (ext4): destination with the same identifier (name{lstnumber.10}
) has been already used, duplicate ignored
<to be read again> 
                   \relax 
l.37 $x
       np(2) \leftarrow 0.5379265439*xn(1) + 0.0971133953*xn(2) + -0.3562792...
pdfTeX warning (ext4): destination with the same identifier (name{lstnumber.11}
) has been already used, duplicate ignored
<to be read again> 
                   \relax 
l.38 $x
       np(3) \leftarrow 0.0291718129*xn(1) + 0.3562792507*xn(2) + -0.0728567...
pdfTeX warning (ext4): destination with the same identifier (name{lstnumber.12}
) has been already used, duplicate ignored
<to be read again> 
                   \relax 
l.39 \t
       cp{\emph{Outputs}}pdfTeX warning (ext4): destination with the same ident
ifier (name{lstnumber.13}) has been already used, duplicate ignored
<to be read again> 
                   \relax 
l.40 $y
             \leftarrow 0.6715678041*xn(1) + 0.3237597311*xn(2) + 0.07928877...
pdfTeX warning (ext4): destination with the same identifier (name{lstnumber.14}
) has been already used, duplicate ignored
<to be read again> 
                   \relax 
l.41 \t
       cp{\emph{Permutations}}pdfTeX warning (ext4): destination with the same 
identifier (name{lstnumber.15}) has been already used, duplicate ignored
<to be read again> 
                   \relax 
l.42 $x
       n \leftarrow xnp$\;pdfTeX warning (ext4): destination with the same iden
tifier (name{lstnumber.16}) has been already used, duplicate ignored
<to be read again> 
                   \relax 
l.43 }
      pdfTeX warning (ext4): destination with the same identifier (name{lstnumb
er.17}) has been already used, duplicate ignored
<to be read again> 
                   \relax 
l.44 \end{a
           lgorithm}
Underfull \hbox (badness 10000) detected at line 63
[][]
 []


LaTeX Warning: `!h' float specifier changed to `!ht'.

) (./SimpleDoc/@FWR/computationalCost.tex [57]) (./SimpleDoc/@FWR/computeW.tex
[58]) (./SimpleDoc/@FWR/display.tex
Underfull \hbox (badness 10000) in paragraph at lines 12--13

 []

) (./SimpleDoc/@FWR/double.tex [59]) (./SimpleDoc/@FWR/FWR.tex [60])
(./SimpleDoc/@FWR/FWRmat2LaTeX.texpdfTeX warning (ext4): destination with the s
ame identifier (name{lstnumber.1}) has been already used, duplicate ignored
<to be read again> 
                   \relax 
l.28 \b
       egin{pmat}({|...|})pdfTeX warning (ext4): destination with the same iden
tifier (name{lstnumber.2}) has been already used, duplicate ignored
<to be read again> 
                   \relax 
l.29 \c
       r\-pdfTeX warning (ext4): destination with the same identifier (name{lst
number.3}) has been already used, duplicate ignored
<to be read again> 
                   \relax 
l.30 &\m
        athbf{3.7673} & \mathbf{-1.8552} & \mathbf{1.0013} & \mathbf{-0.9183...
pdfTeX warning (ext4): destination with the same identifier (name{lstnumber.4})
 has been already used, duplicate ignored
<to be read again> 
                   \relax 
l.31 &\m
        athbf{4} & 0 & 0 & 0 & 0 \crpdfTeX warning (ext4): destination with the
 same identifier (name{lstnumber.5}) has been already used, duplicate ignored
<to be read again> 
                   \relax 
l.32 &0 
        & \mathbf{2} & 0 & 0 & 0 \crpdfTeX warning (ext4): destination with the
 same identifier (name{lstnumber.6}) has been already used, duplicate ignored
<to be read again> 
                   \relax 
l.33 &0 
        & 0 & \mathbf{0.5} & 0 & 0 \cr\-pdfTeX warning (ext4): destination with
 the same identifier (name{lstnumber.7}) has been already used, duplicate ignor
ed
<to be read again> 
                   \relax 
l.34 &\m
        athbf{0.90722} & \mathbf{-0.56715} & \mathbf{0.24114} & \mathbf{-0.1...
[61]pdfTeX warning (ext4): destination with the same identifier (name{lstnumber
.8}) has been already used, duplicate ignored
<to be read again> 
                   \relax 
l.35 \end{p
           mat}) (./SimpleDoc/@FWR/get.tex)
(./SimpleDoc/@FWR/implementLaTeX.tex [62]pdfTeX warning (ext4): destination wit
h the same identifier (name{lstnumber.1}) has been already used, duplicate igno
red
<to be read again> 
                   \relax 
l.24 \b
       egin{algorithm}[h]pdfTeX warning (ext4): destination with the same ident
ifier (name{lstnumber.2}) has been already used, duplicate ignored
<to be read again> 
                   \relax 
l.25 \c
       aption{Numerical fixed-point algorithm ...}pdfTeX warning (ext4): destin
ation with the same identifier (name{lstnumber.3}) has been already used, dupli
cate ignored
<to be read again> 
                   \relax 
l.26 \K
       wIn{$u$: 16 bits integer}pdfTeX warning (ext4): destination with the sam
e identifier (name{lstnumber.4}) has been already used, duplicate ignored
<to be read again> 
                   \relax 
l.27 \K
       wOut{$y$: 16 bits integer}pdfTeX warning (ext4): destination with the sa
me identifier (name{lstnumber.5}) has been already used, duplicate ignored
<to be read again> 
                   \relax 
l.28 \K
       wData{$xn, xnp$: array [1..13] of 16 bits integers}pdfTeX warning (ext4)
: destination with the same identifier (name{lstnumber.6}) has been already use
d, duplicate ignored
<to be read again> 
                   \relax 
l.29 \K
       wData{$Acc$: 32 bits integer}pdfTeX warning (ext4): destination with the
 same identifier (name{lstnumber.7}) has been already used, duplicate ignored
<to be read again> 
                   \relax 
l.30 \S
       etLinepdfTeX warning (ext4): destination with the same identifier (name{
lstnumber.8}) has been already used, duplicate ignored
<to be read again> 
                   \relax 
l.31 \B
       egin{pdfTeX warning (ext4): destination with the same identifier (name{l
stnumber.9}) has been already used, duplicate ignored
<to be read again> 
                   \relax 
l.32 \t
       cp{\emph{Intermediate variables}}pdfTeX warning (ext4): destination with
 the same identifier (name{lstnumber.10}) has been already used, duplicate igno
red
<to be read again> 
                   \relax 
l.33 $A
       cc \leftarrow (xn(1) * 18120)$\;pdfTeX warning (ext4): destination with 
the same identifier (name{lstnumber.11}) has been already used, duplicate ignor
ed
<to be read again> 
                   \relax 
l.34 $A
       cc \leftarrow Acc + (xn(2) * -8813)$\;pdfTeX warning (ext4): destination
 with the same identifier (name{lstnumber.12}) has been already used, duplicate
 ignored
<to be read again> 
                   \relax 
l.35 $A
       cc \leftarrow Acc + (xn(3) * 239)$\;pdfTeX warning (ext4): destination w
ith the same identifier (name{lstnumber.13}) has been already used, duplicate i
gnored
<to be read again> 
                   \relax 
l.36 $A
       cc \leftarrow Acc + (u     * 11003)$\;pdfTeX warning (ext4): destination
 with the same identifier (name{lstnumber.14}) has been already used, duplicate
 ignored
<to be read again> 
                   \relax 
l.37 $x
       np(1) \leftarrow Acc >> 15$\;pdfTeX warning (ext4): destination with the
 same identifier (name{lstnumber.15}) has been already used, duplicate ignored
<to be read again> 
                   \relax 
l.38 $A
       cc \leftarrow (xn(1) * 17627)$\;pdfTeX warning (ext4): destination with 
the same identifier (name{lstnumber.16}) has been already used, duplicate ignor
ed
<to be read again> 
                   \relax 
l.39 $A
       cc \leftarrow Acc + (xn(2) * 1591)$\;pdfTeX warning (ext4): destination 
with the same identifier (name{lstnumber.17}) has been already used, duplicate 
ignored
<to be read again> 
                   \relax 
l.40 $A
       cc \leftarrow Acc + (xn(3) * -2919)$\;pdfTeX warning (ext4): destination
 with the same identifier (name{lstnumber.18}) has been already used, duplicate
 ignored
<to be read again> 
                   \relax 
l.41 $A
       cc \leftarrow Acc + (u     * -5304)$\;pdfTeX warning (ext4): destination
 with the same identifier (name{lstnumber.19}) has been already used, duplicate
 ignored
<to be read again> 
                   \relax 
l.42 $x
       np(2) \leftarrow Acc >> 14$\;pdfTeX warning (ext4): destination with the
 same identifier (name{lstnumber.20}) has been already used, duplicate ignored
<to be read again> 
                   \relax 
l.43 $A
       cc \leftarrow (xn(1) * 3824)$\;pdfTeX warning (ext4): destination with t
he same identifier (name{lstnumber.21}) has been already used, duplicate ignore
d
<to be read again> 
                   \relax 
l.44 $A
       cc \leftarrow Acc + (xn(2) * 23349)$\;pdfTeX warning (ext4): destination
 with the same identifier (name{lstnumber.22}) has been already used, duplicate
 ignored
<to be read again> 
                   \relax 
l.45 $A
       cc \leftarrow Acc + (xn(3) * -2387)$\; [63]
Underfull \hbox (badness 10000) detected at line 93
[][]
 []

) (./SimpleDoc/@FWR/implementMATLAB.tex [64]
Package hyperref Info: bookmark level for unknown lstlisting defaults to 0 on i
nput line 32.


Package Listings Warning: Text dropped after begin of listing on input line 32.


pdfTeX warning (ext4): destination with the same identifier (name{lstnumber.1})
 has been already used, duplicate ignored
<to be read again> 
                   \relax 
l.33 % 
       initializepdfTeX warning (ext4): destination with the same identifier (n
ame{lstnumber.2}) has been already used, duplicate ignored
<to be read again> 
                   \relax 
l.34 u 
       = round(2.^11.*u);pdfTeX warning (ext4): destination with the same ident
ifier (name{lstnumber.3}) has been already used, duplicate ignored
<to be read again> 
                   \relax 
l.35 y 
       = zeros( size(u,1), 1 );pdfTeX warning (ext4): destination with the same
 identifier (name{lstnumber.4}) has been already used, duplicate ignored
<to be read again> 
                   \relax 
l.36 xn 
        = zeros(3,1);pdfTeX warning (ext4): destination with the same identifie
r (name{lstnumber.5}) has been already used, duplicate ignored
<to be read again> 
                   \relax 
l.37 xnp 
         = zeros(3,1);pdfTeX warning (ext4): destination with the same identifi
er (name{lstnumber.6}) has been already used, duplicate ignored
<to be read again> 
                   \relax 
l.38 for 
         i=1:size(u,1)pdfTeX warning (ext4): destination with the same identifi
er (name{lstnumber.7}) has been already used, duplicate ignored
<to be read again> 
                   \relax 
l.39 % 
       intermediate variablespdfTeX warning (ext4): destination with the same i
dentifier (name{lstnumber.8}) has been already used, duplicate ignored
<to be read again> 
                   \relax 
l.40 Acc0 
          = xn(1) * 18120;pdfTeX warning (ext4): destination with the same iden
tifier (name{lstnumber.9}) has been already used, duplicate ignored
<to be read again> 
                   \relax 
l.41 Acc0 
          = Acc0 + xn(2) * -8813;pdfTeX warning (ext4): destination with the sa
me identifier (name{lstnumber.10}) has been already used, duplicate ignored
<to be read again> 
                   \relax 
l.42 Acc0 
          = Acc0 + xn(3) * 239;pdfTeX warning (ext4): destination with the same
 identifier (name{lstnumber.11}) has been already used, duplicate ignored
<to be read again> 
                   \relax 
l.43 Acc0 
          = Acc0 + u(i)  * 11003;pdfTeX warning (ext4): destination with the sa
me identifier (name{lstnumber.12}) has been already used, duplicate ignored
<to be read again> 
                   \relax 
l.44 xnp(
         1) = floor( Acc0/2^15 );pdfTeX warning (ext4): destination with the sa
me identifier (name{lstnumber.13}) has been already used, duplicate ignored
<to be read again> 
                   \relax 
l.45 Acc1 
          = xn(1) * 17627;pdfTeX warning (ext4): destination with the same iden
tifier (name{lstnumber.14}) has been already used, duplicate ignored
<to be read again> 
                   \relax 
l.46 Acc1 
          = Acc1 + xn(2) * 1591;pdfTeX warning (ext4): destination with the sam
e identifier (name{lstnumber.15}) has been already used, duplicate ignored
<to be read again> 
                   \relax 
l.47 Acc1 
          = Acc1 + xn(3) * -2919;pdfTeX warning (ext4): destination with the sa
me identifier (name{lstnumber.16}) has been already used, duplicate ignored
<to be read again> 
                   \relax 
l.48 Acc1 
          = Acc1 + u(i)  * -5304;pdfTeX warning (ext4): destination with the sa
me identifier (name{lstnumber.17}) has been already used, duplicate ignored
<to be read again> 
                   \relax 
l.49 xnp(
         2) = floor( Acc1/2^14 );pdfTeX warning (ext4): destination with the sa
me identifier (name{lstnumber.18}) has been already used, duplicate ignored
<to be read again> 
                   \relax 
l.50 Acc2 
          = xn(1) * 3824;pdfTeX warning (ext4): destination with the same ident
ifier (name{lstnumber.19}) has been already used, duplicate ignored
<to be read again> 
                   \relax 
l.51 Acc2 
          = Acc2 + xn(2) * 23349;pdfTeX warning (ext4): destination with the sa
me identifier (name{lstnumber.20}) has been already used, duplicate ignored
<to be read again> 
                   \relax 
l.52 Acc2 
          = Acc2 + xn(3) * -2387;pdfTeX warning (ext4): destination with the sa
me identifier (name{lstnumber.21}) has been already used, duplicate ignored
<to be read again> 
                   \relax 
l.53 Acc2 
          = Acc2 + u(i)  * 5196;pdfTeX warning (ext4): destination with the sam
e identifier (name{lstnumber.22}) has been already used, duplicate ignored
<to be read again> 
                   \relax 
l.54 xnp(
         3) = floor( Acc2/2^15 );pdfTeX warning (ext4): destination with the sa
me identifier (name{lstnumber.23}) has been already used, duplicate ignored
<to be read again> 
                   \relax 
l.55 % 
       output(s)pdfTeX warning (ext4): destination with the same identifier (na
me{lstnumber.24}) has been already used, duplicate ignored
<to be read again> 
                   \relax 
l.56 Acc3 
          = xn(1) * 22006;pdfTeX warning (ext4): destination with the same iden
tifier (name{lstnumber.25}) has been already used, duplicate ignored
<to be read again> 
                   \relax 
l.57 Acc3 
          = Acc3 + xn(2) * 5304;pdfTeX warning (ext4): destination with the sam
e identifier (name{lstnumber.26}) has been already used, duplicate ignored
<to be read again> 
                   \relax 
l.58 Acc3 
          = Acc3 + xn(3) * 650;pdfTeX warning (ext4): destination with the same
 identifier (name{lstnumber.27}) has been already used, duplicate ignored
<to be read again> 
                   \relax 
l.59 Acc3 
          = Acc3 + u(i)  * 1614;pdfTeX warning (ext4): destination with the sam
e identifier (name{lstnumber.28}) has been already used, duplicate ignored
<to be read again> 
                   \relax 
l.60 y(
       i)   = floor( Acc3/2^14 );pdfTeX warning (ext4): destination with the sa
me identifier (name{lstnumber.29}) has been already used, duplicate ignored
<to be read again> 
                   \relax 
l.61 %p
       ermutationspdfTeX warning (ext4): destination with the same identifier (
name{lstnumber.30}) has been already used, duplicate ignored
<to be read again> 
                   \relax 
l.62 xn 
        = xnp; [65]pdfTeX warning (ext4): destination with the same identifier 
(name{lstnumber.31}) has been already used, duplicate ignored
<to be read again> 
                   \relax 
l.63 end
        pdfTeX warning (ext4): destination with the same identifier (name{lstnu
mber.32}) has been already used, duplicate ignored
<to be read again> 
                   \relax 
l.64 y 
       = 2.^-11.*y;) (./SimpleDoc/@FWR/implementVHDL.tex
Overfull \hbox (8.57462pt too wide) in paragraph at lines 13--21
\OT1/cmr/m/n/10 Generate two VHDL files (named "my-Fil-ter[]entity.vhd" and "my
-Fil-ter[]types.vhd"
 []


Overfull \hbox (73.25134pt too wide) in paragraph at lines 13--21
\OT1/cmr/m/n/10 The files \OT1/cmtt/m/n/10 @FWR/private/FP[]types.vhd.template 
\OT1/cmr/m/n/10 and \OT1/cmtt/m/n/10 @FWR/private/FP[]entity.vhd.template
 []

(/usr/local/texlive/2008/texmf-dist/tex/latex/listings/lstlang1.sty
File: lstlang1.sty 2004/09/05 1.3 listings language file
)pdfTeX warning (ext4): destination with the same identifier (name{lstnumber.1}
) has been already used, duplicate ignored
<to be read again> 
                   \relax 
l.24 library 
             IEEE;pdfTeX warning (ext4): destination with the same identifier (
name{lstnumber.2}) has been already used, duplicate ignored
<to be read again> 
                   \relax 
l.25 use 
         IEEE.STD_LOGIC_1164.all;pdfTeX warning (ext4): destination with the sa
me identifier (name{lstnumber.3}) has been already used, duplicate ignored
<to be read again> 
                   \relax 
l.26 use 
         IEEE.STD_LOGIC_arith.all;pdfTeX warning (ext4): destination with the s
ame identifier (name{lstnumber.4}) has been already used, duplicate ignored
<to be read again> 
                   \relax 
l.27 use 
         IEEE.STD_LOGIC_SIGNED.all;pdfTeX warning (ext4): destination with the 
same identifier (name{lstnumber.5}) has been already used, duplicate ignored
<to be read again> 
                   \relax 
l.28 --
        purpose: filtering (generic fixed-point specificatin)pdfTeX warning (ex
t4): destination with the same identifier (name{lstnumber.6}) has been already 
used, duplicate ignored
<to be read again> 
                   \relax 
l.29 --
        type   : sequential/arithmeticpdfTeX warning (ext4): destination with t
he same identifier (name{lstnumber.7}) has been already used, duplicate ignored

<to be read again> 
                   \relax 
l.30 --
        inputs : u(n)pdfTeX warning (ext4): destination with the same identifie
r (name{lstnumber.8}) has been already used, duplicate ignored
<to be read again> 
                   \relax 
l.31 --
        output : y(n)pdfTeX warning (ext4): destination with the same identifie
r (name{lstnumber.9}) has been already used, duplicate ignored
<to be read again> 
                   \relax 
l.32 --
        author : automatically generated bypdfTeX warning (ext4): destination w
ith the same identifier (name{lstnumber.10}) has been already used, duplicate i
gnored
<to be read again> 
                   \relax 
l.33 --
        date   : 08-Dec-2008 18:41:00 [66]pdfTeX warning (ext4): destination wi
th the same identifier (name{lstnumber.11}) has been already used, duplicate ig
nored
<to be read again> 
                   \relax 
l.34 package 
             FP_types ispdfTeX warning (ext4): destination with the same identi
fier (name{lstnumber.12}) has been already used, duplicate ignored
<to be read again> 
                   \relax 
l.35 --
        input data with FP format (16,4,11)pdfTeX warning (ext4): destination w
ith the same identifier (name{lstnumber.13}) has been already used, duplicate i
gnored
<to be read again> 
                   \relax 
l.36 subtype 
             datain is integer range -2**15 to 2**15-1;pdfTeX warning (ext4): d
estination with the same identifier (name{lstnumber.14}) has been already used,
 duplicate ignored
<to be read again> 
                   \relax 
l.37 --
        filtered output data with FP format (16,4,11)pdfTeX warning (ext4): des
tination with the same identifier (name{lstnumber.15}) has been already used, d
uplicate ignored
<to be read again> 
                   \relax 
l.38 subtype 
             dataout is integer range -2**15 to 2**15-1;pdfTeX warning (ext4): 
destination with the same identifier (name{lstnumber.16}) has been already used
, duplicate ignored
<to be read again> 
                   \relax 
l.39 --
        statespdfTeX warning (ext4): destination with the same identifier (name
{lstnumber.17}) has been already used, duplicate ignored
<to be read again> 
                   \relax 
l.40 subtype 
             state1 is integer range -2**15 to 2**15-1;   -- format (16,5,10)pd
fTeX warning (ext4): destination with the same identifier (name{lstnumber.18}) 
has been already used, duplicate ignored
<to be read again> 
                   \relax 
l.41 subtype 
             state2 is integer range -2**15 to 2**15-1;   -- format (16,4,11)pd
fTeX warning (ext4): destination with the same identifier (name{lstnumber.19}) 
has been already used, duplicate ignored
<to be read again> 
                   \relax 
l.42 subtype 
             state3 is integer range -2**15 to 2**15-1;   -- format (16,3,12)pd
fTeX warning (ext4): destination with the same identifier (name{lstnumber.20}) 
has been already used, duplicate ignored
<to be read again> 
                   \relax 
l.43 --
        intermediate variablespdfTeX warning (ext4): destination with the same 
identifier (name{lstnumber.21}) has been already used, duplicate ignored
<to be read again> 
                   \relax 
l.44 end 
         FP_types;pdfTeX warning (ext4): destination with the same identifier (
name{lstnumber.1}) has been already used, duplicate ignored
<to be read again> 
                   \relax 
l.48 library 
             IEEE;pdfTeX warning (ext4): destination with the same identifier (
name{lstnumber.2}) has been already used, duplicate ignored
<to be read again> 
                   \relax 
l.49 use 
         IEEE.STD_LOGIC_1164.all;pdfTeX warning (ext4): destination with the sa
me identifier (name{lstnumber.3}) has been already used, duplicate ignored
<to be read again> 
                   \relax 
l.50 use 
         IEEE.STD_LOGIC_arith.all;pdfTeX warning (ext4): destination with the s
ame identifier (name{lstnumber.4}) has been already used, duplicate ignored
<to be read again> 
                   \relax 
l.51 use 
         IEEE.STD_LOGIC_SIGNED.all;pdfTeX warning (ext4): destination with the 
same identifier (name{lstnumber.5}) has been already used, duplicate ignored
<to be read again> 
                   \relax 
l.52 library 
             work;pdfTeX warning (ext4): destination with the same identifier (
name{lstnumber.6}) has been already used, duplicate ignored
<to be read again> 
                   \relax 
l.53 use 
         work.FP_types.all;pdfTeX warning (ext4): destination with the same ide
ntifier (name{lstnumber.7}) has been already used, duplicate ignored
<to be read again> 
                   \relax 
l.54 entity 
            myFilter ispdfTeX warning (ext4): destination with the same identif
ier (name{lstnumber.8}) has been already used, duplicate ignored
<to be read again> 
                   \relax 
l.55 port 
          (pdfTeX warning (ext4): destination with the same identifier (name{ls
tnumber.9}) has been already used, duplicate ignored
<to be read again> 
                   \relax 
l.56 rstb 
             : in  std_logic; -- asynchronous reset asynchrone active lowpdfTeX
 warning (ext4): destination with the same identifier (name{lstnumber.10}) has 
been already used, duplicate ignored
<to be read again> 
                   \relax 
l.57 clk 
             : in  std_logic; -- global clockpdfTeX warning (ext4): destination
 with the same identifier (name{lstnumber.11}) has been already used, duplicate
 ignored
<to be read again> 
                   \relax 
l.58 u 
             : in  datain; -- input datapdfTeX warning (ext4): destination with
 the same identifier (name{lstnumber.12}) has been already used, duplicate igno
red
<to be read again> 
                   \relax 
l.59 y 
             : out dataout); -- filtered outputpdfTeX warning (ext4): destinati
on with the same identifier (name{lstnumber.13}) has been already used, duplica
te ignored
<to be read again> 
                   \relax 
l.60 end 
         myFilter;pdfTeX warning (ext4): destination with the same identifier (
name{lstnumber.14}) has been already used, duplicate ignored
<to be read again> 
                   \relax 
l.61 architecture 
                  RTL of myFilter ispdfTeX warning (ext4): destination with the
 same identifier (name{lstnumber.15}) has been already used, duplicate ignored
<to be read again> 
                   \relax 
l.62 --
        statespdfTeX warning (ext4): destination with the same identifier (name
{lstnumber.16}) has been already used, duplicate ignored
<to be read again> 
                   \relax 
l.63 signal 
            xn1 : state1 := 0;pdfTeX warning (ext4): destination with the same 
identifier (name{lstnumber.17}) has been already used, duplicate ignored
<to be read again> 
                   \relax 
l.64 signal 
            xn2 : state2 := 0;pdfTeX warning (ext4): destination with the same 
identifier (name{lstnumber.18}) has been already used, duplicate ignored
<to be read again> 
                   \relax 
l.65 signal 
            xn3 : state3 := 0;pdfTeX warning (ext4): destination with the same 
identifier (name{lstnumber.19}) has been already used, duplicate ignored
<to be read again> 
                   \relax 
l.66 --
        intermediate variablespdfTeX warning (ext4): destination with the same 
identifier (name{lstnumber.20}) has been already used, duplicate ignored
<to be read again> 
                   \relax 
l.67 begin
          pdfTeX warning (ext4): destination with the same identifier (name{lst
number.21}) has been already used, duplicate ignored
<to be read again> 
                   \relax 
l.68 --
        output(s)pdfTeX warning (ext4): destination with the same identifier (n
ame{lstnumber.22}) has been already used, duplicate ignored
<to be read again> 
                   \relax 
l.69 y 
       <= (    xn1 * 22006 + xn2 * 5304 + xn3 * 650 + u   * 1614) / 2**14;pdfTe
X warning (ext4): destination with the same identifier (name{lstnumber.23}) has
 been already used, duplicate ignored
<to be read again> 
                   \relax 
l.70 S1:
         process(rstb,clk)pdfTeX warning (ext4): destination with the same iden
tifier (name{lstnumber.24}) has been already used, duplicate ignored
<to be read again> 
                   \relax 
l.71 begin
          pdfTeX warning (ext4): destination with the same identifier (name{lst
number.25}) has been already used, duplicate ignored
<to be read again> 
                   \relax 
l.72 if 
        rstb = '0' then                  -- asynchronous resetpdfTeX warning (e
xt4): destination with the same identifier (name{lstnumber.26}) has been alread
y used, duplicate ignored
<to be read again> 
                   \relax 
l.73 xn1 
         <= 0;pdfTeX warning (ext4): destination with the same identifier (name
{lstnumber.27}) has been already used, duplicate ignored
<to be read again> 
                   \relax 
l.74 xn2 
         <= 0; [67]pdfTeX warning (ext4): destination with the same identifier 
(name{lstnumber.28}) has been already used, duplicate ignored
<to be read again> 
                   \relax 
l.75 xn3 
         <= 0;pdfTeX warning (ext4): destination with the same identifier (name
{lstnumber.29}) has been already used, duplicate ignored
<to be read again> 
                   \relax 
l.76 elsif 
           clk'event and clk = '1' then  -- rising clock edgepdfTeX warning (ex
t4): destination with the same identifier (name{lstnumber.30}) has been already
 used, duplicate ignored
<to be read again> 
                   \relax 
l.77 --
        statespdfTeX warning (ext4): destination with the same identifier (name
{lstnumber.31}) has been already used, duplicate ignored
<to be read again> 
                   \relax 
l.78 xn1 
         <= (    xn1 * 18120 + xn2 * (-8813) + xn3 * 239 + u   * 11003) / 2*...
pdfTeX warning (ext4): destination with the same identifier (name{lstnumber.32}
) has been already used, duplicate ignored
<to be read again> 
                   \relax 
l.79 xn2 
         <= (    xn1 * 17627 + xn2 * 1591 + xn3 * (-2919) + u   * (-5304)) /...
pdfTeX warning (ext4): destination with the same identifier (name{lstnumber.33}
) has been already used, duplicate ignored
<to be read again> 
                   \relax 
l.80 xn3 
         <= (    xn1 * 3824 + xn2 * 23349 + xn3 * (-2387) + u   * 5196) / 2*...
pdfTeX warning (ext4): destination with the same identifier (name{lstnumber.34}
) has been already used, duplicate ignored
<to be read again> 
                   \relax 
l.81 end 
         if;) (./SimpleDoc/@FWR/l2scaling.tex
Underfull \hbox (badness 4556) in paragraph at lines 12--13
[]|\OT1/cmr/m/n/10 if \OT1/cmtt/m/n/10 Wcii \OT1/cmr/m/n/10 is omit-ted, strict
 $\OML/cmm/m/it/10 L[]$\OT1/cmr/m/n/10 -scaling is ap-plied (
 []

[68]
Underfull \hbox (badness 10000) in paragraph at lines 25--29

 []

) (./SimpleDoc/@FWR/MsensH.tex [69]
Underfull \hbox (badness 10000) in paragraph at lines 83--94

 []

[70]) (./SimpleDoc/@FWR/MsensH_cl.tex [71]
Underfull \hbox (badness 10000) in paragraph at lines 57--68

 []

) (./SimpleDoc/@FWR/MsensPole.tex [72] [73]) (./SimpleDoc/@FWR/MsensPole_cl.tex
[74]) (./SimpleDoc/@FWR/Mstability.tex [75]) (./SimpleDoc/@FWR/mtimes.tex
File: fig/cascade.pdf Graphic file (type pdf)

<use fig/cascade.pdf>
Overfull \hbox (4.76105pt too wide) in paragraph at lines 13--22
\OT1/cmr/m/n/10 We con-sider two re-al-iza-tions $\OMS/cmtt/m/n/10 R[] \OT1/cmr
/m/n/10 := (\OML/cmm/m/it/10 J[]; K[]; L[]; M[]; N[]; P[]; Q[]; R[]; S[]\OT1/cm
r/m/n/10 )$ and $\OMS/cmtt/m/n/10 R[] \OT1/cmr/m/n/10 :=
 []

[76]) (./SimpleDoc/@FWR/ONP.tex [77]
<fig/equivalent_system.pdf, id=3213, 470.75072pt x 187.72032pt>
File: fig/equivalent_system.pdf Graphic file (type pdf)

<use fig/equivalent_system.pdf> [78 <./fig/equivalent_system.pdf>])
(./SimpleDoc/@FWR/plus.tex [79]
<fig/parallel.pdf, id=3453, 609.28728pt x 260.97398pt>
File: fig/parallel.pdf Graphic file (type pdf)
 <use fig/parallel.pdf>
Overfull \hbox (4.76105pt too wide) in paragraph at lines 14--24
\OT1/cmr/m/n/10 We con-sider two re-al-iza-tions $\OMS/cmtt/m/n/10 R[] \OT1/cmr
/m/n/10 := (\OML/cmm/m/it/10 J[]; K[]; L[]; M[]; N[]; P[]; Q[]; R[]; S[]\OT1/cm
r/m/n/10 )$ and $\OMS/cmtt/m/n/10 R[] \OT1/cmr/m/n/10 :=
 []


Overfull \hbox (5.27492pt too wide) detected at line 62
[] [] \OT1/cmr/m/n/8 = [] []
 []

[80 <./fig/parallel.pdf>]) (./SimpleDoc/@FWR/quantized.tex
LaTeX Font Info:    Try loading font information for U+dsrom on input line 19.

(/usr/local/texlive/2008/texmf-dist/tex/latex/doublestroke/Udsrom.fd
File: Udsrom.fd 1995/08/01 v0.1 Double stroke roman font definitions
) [81])
(./SimpleDoc/@FWR/realize.tex) (./SimpleDoc/@FWR/relaxedl2scaling.tex [82]
[83]) (./SimpleDoc/@FWR/RNG.tex
Overfull \hbox (0.2262pt too wide) in paragraph at lines 14--20
\OT1/cmr/m/n/10 Each noise is sup-posed to have the same power $\OML/cmm/m/it/1
0 ^^[[]$ \OT1/cmr/m/n/10 (de-ter-mined by the wordlength
 []

[84]) (./SimpleDoc/@FWR/RNG_cl.tex
Overfull \hbox (0.2262pt too wide) in paragraph at lines 15--21
\OT1/cmr/m/n/10 Each noise is sup-posed to have the same power $\OML/cmm/m/it/1
0 ^^[[]$ \OT1/cmr/m/n/10 (de-ter-mined by the wordlength
 []

[85]) (./SimpleDoc/@FWR/set.tex [86]) (./SimpleDoc/@FWR/setFPIS.tex
Overfull \hbox (32.9967pt too wide) in paragraph at lines 5--9
\OT1/cmtt/m/n/10 R = setFPIS( R, betaU, Umax, betaZ, betaT, betaX, betaY, betaA
DD, betaG,
 []


Overfull \hbox (32.26839pt too wide) in paragraph at lines 9--23
[] 
 []

[87]
Underfull \hbox (badness 10000) in paragraph at lines 48--55

 []


Underfull \hbox (badness 10000) detected at line 61
[][]
 []


Underfull \hbox (badness 10000) detected at line 67
[][]
 []


Underfull \hbox (badness 10000) in paragraph at lines 56--68

 []


Underfull \hbox (badness 10000) in paragraph at lines 56--68

 []

[88] [89]) (./SimpleDoc/@FWR/sigma_tf.tex) (./SimpleDoc/@FWR/simplify.tex
[90]
Underfull \hbox (badness 10000) detected at line 40
[][]
 []


Underfull \hbox (badness 10000) detected at line 67
[][]
 []

[91]
Underfull \hbox (badness 10000) detected at line 116
[][]
 []


Underfull \hbox (badness 10000) detected at line 144
[][]
 []


Underfull \hbox (badness 10000) detected at line 168
[][]
 []


LaTeX Warning: `h' float specifier changed to `ht'.


LaTeX Warning: `h' float specifier changed to `ht'.


LaTeX Warning: `h' float specifier changed to `ht'.

) (./SimpleDoc/@FWR/size.tex [92]) (./SimpleDoc/@FWR/ss.tex)
(./SimpleDoc/@FWR/subsasgn.tex
Overfull \hbox (61.60896pt too wide) in paragraph at lines 2--5
\OT1/cmr/m/n/10 Subscripted as-sign for FWR ob-ject here, \OT1/cmtt/m/n/10 R.pr
op=value \OT1/cmr/m/n/10 is equiv-a-lent to \OT1/cmtt/m/n/10 set(R,'prop',value
) 
 []

[93]) (./SimpleDoc/@FWR/subsref.tex [94]) (./SimpleDoc/@FWR/tf.tex)
(./SimpleDoc/@FWR/TradeOffMeasure_cl.tex [95]) (./SimpleDoc/@FWR/transform.tex)
) (./SimpleDoc/@FWR/private/table_SD.tex
Overfull \hbox (3.00995pt too wide) in paragraph at lines 5--5
[]|[][]\OT1/cmtt/m/n/10 computeAZBZCZDZWcWo[][]| 
 []


Overfull \hbox (15.94214pt too wide) in alignment at lines 3--17
 [] [] 
 []

[96]
Underfull \vbox (badness 10000) detected at line 17
 []

) (./SimpleDoc/@FWR/private/main_SD.tex
(./SimpleDoc/@FWR/private/compute_rZ.tex
Underfull \hbox (badness 10000) in paragraph at lines 10--11

 []

[97]) (./SimpleDoc/@FWR/private/computeAZBZCZDZWcWo.tex
Underfull \hbox (badness 10000) in paragraph at lines 10--11

 []

) (./SimpleDoc/@FWR/private/computeJtoS.tex [98]
Underfull \hbox (badness 10000) in paragraph at lines 11--12

 []

) (./SimpleDoc/@FWR/private/computelmnp.tex
Underfull \hbox (badness 10000) in paragraph at lines 10--11

 []

) (./SimpleDoc/@FWR/private/computeZ.tex [99]
Underfull \hbox (badness 10000) in paragraph at lines 10--11

 []

) (./SimpleDoc/@FWR/private/deigdZ.tex
Underfull \hbox (badness 10000) in paragraph at lines 16--17

 []


Overfull \hbox (9.94565pt too wide) in paragraph at lines 25--26
\OT1/cmr/m/it/10 and $[][]$ the cor-re-spond-ing right eigen-vec-tors. De-note 
$\OML/cmm/m/it/10 M[] \U/msa/m/n/10 , []$
 []

[100]) (./SimpleDoc/@FWR/private/mylyap.tex
Overfull \hbox (9.72261pt too wide) in paragraph at lines 2--5
\OT1/cmr/m/n/10 Solve the continuous-time Lya-punov equa-tions adapted from \OT
1/cmtt/m/n/10 lyap.m \OT1/cmr/m/n/10 (S.N. Bangert
 []


Underfull \hbox (badness 10000) in paragraph at lines 13--14

 []

) (./SimpleDoc/@FWR/private/scalprodCfloat.tex [101]
Underfull \hbox (badness 10000) in paragraph at lines 14--15

 []

) (./SimpleDoc/@FWR/private/scalprodMATLAB.tex
Underfull \hbox (badness 10000) in paragraph at lines 17--18

 []

[102]) (./SimpleDoc/@FWR/private/scalprodVHDL.tex
Underfull \hbox (badness 10000) in paragraph at lines 17--18

 []

) (./SimpleDoc/@FWR/private/w_prod_norm.tex
Overfull \hbox (41.65138pt too wide) in paragraph at lines 2--6
\OT1/cmr/m/n/10 Compute the weight-ing $\OML/cmm/m/it/10 L[]$\OT1/cmr/m/n/10 -n
orm of the sys-tem com-posed by $\OML/cmm/m/it/10 G \U/msa/m/n/10 ~ \OML/cmm/m/
it/10 H \OT1/cmr/m/n/10 = \OML/cmm/m/it/10 Vec\OT1/cmr/m/n/10 (\OML/cmm/m/it/10
 G\OT1/cmr/m/n/10 )\OML/cmm/m/it/10 :\OT1/cmr/m/n/10 (\OML/cmm/m/it/10 Vec\OT1/
cmr/m/n/10 (\OML/cmm/m/it/10 H[]\OT1/cmr/m/n/10 ))[]$
 []

[103]
Underfull \hbox (badness 10000) in paragraph at lines 16--17

 []


Overfull \hbox (33.25314pt too wide) in paragraph at lines 22--27
\OT1/cmr/m/n/10 fined by their state-space ma-tri-ces $\OML/cmm/m/it/10 G \OT1/
cmr/m/n/10 := (\OML/cmm/m/it/10 A[]; B[]; C[]; D[]\OT1/cmr/m/n/10 )$ and $\OML/
cmm/m/it/10 H \OT1/cmr/m/n/10 := (\OML/cmm/m/it/10 A[]; B[]; C[]; D[]\OT1/cmr/m
/n/10 )$
 []

) (./SimpleDoc/@FWR/private/w_prod_norm_SISO.tex
Overfull \hbox (41.65138pt too wide) in paragraph at lines 2--6
\OT1/cmr/m/n/10 Compute the weight-ing $\OML/cmm/m/it/10 L[]$\OT1/cmr/m/n/10 -n
orm of the sys-tem com-posed by $\OML/cmm/m/it/10 G \U/msa/m/n/10 ~ \OML/cmm/m/
it/10 H \OT1/cmr/m/n/10 = \OML/cmm/m/it/10 Vec\OT1/cmr/m/n/10 (\OML/cmm/m/it/10
 G\OT1/cmr/m/n/10 )\OML/cmm/m/it/10 :\OT1/cmr/m/n/10 (\OML/cmm/m/it/10 Vec\OT1/
cmr/m/n/10 (\OML/cmm/m/it/10 H[]\OT1/cmr/m/n/10 ))[]$
 []

[104]
Underfull \hbox (badness 10000) in paragraph at lines 16--17

 []


Overfull \hbox (33.25314pt too wide) in paragraph at lines 22--27
\OT1/cmr/m/n/10 fined by their state-space ma-tri-ces $\OML/cmm/m/it/10 G \OT1/
cmr/m/n/10 := (\OML/cmm/m/it/10 A[]; B[]; C[]; D[]\OT1/cmr/m/n/10 )$ and $\OML/
cmm/m/it/10 H \OT1/cmr/m/n/10 := (\OML/cmm/m/it/10 A[]; B[]; C[]; D[]\OT1/cmr/m
/n/10 )$
 []

)) [105] (./SimpleDoc/@FWS/table_SD.tex
Underfull \hbox (badness 5050) in paragraph at lines 12--13
[]|\OT1/cmr/m/n/10 Find the op-ti-mal re-al-iza-tion, ac-cord-ing to the
 []


Overfull \hbox (15.94214pt too wide) in alignment at lines 3--22
 [] [] 
 []


Underfull \vbox (badness 10000) detected at line 22
 []

) (./SimpleDoc/@FWS/main_SD.tex (./SimpleDoc/@FWS/display.tex [106]
Underfull \hbox (badness 10000) in paragraph at lines 12--13

 []

) (./SimpleDoc/@FWS/FWS.tex
Overfull \hbox (38.24666pt too wide) in paragraph at lines 5--7
\OT1/cmtt/m/n/10 S = FWS(Rini, UYWfun, Rfun, dataFWS, param1Name, param1Value, 
param2Name,
 []

[107] [108]) (./SimpleDoc/@FWS/genCostFunction.tex
Overfull \hbox (40.55661pt too wide) in paragraph at lines 4--6
\OT1/cmtt/m/n/10 [cost[]value, cost[]flag] = genCostFunction( x, S, freeparams,
 isaFWSMethod,
 []


Overfull \hbox (0.76866pt too wide) in paragraph at lines 6--21
[] 
 []

[109]) (./SimpleDoc/@FWS/get.tex) (./SimpleDoc/@FWS/getValues.tex
Overfull \hbox (9.77776pt too wide) in paragraph at lines 11--14
\OT1/cmr/m/n/10 This func-tion re-turns the pa-ram-e-ters value that are en-cap
-suled in the \OT1/cmtt/m/n/10 paramsValue
 []

[110]) (./SimpleDoc/@FWS/MsensPole.tex [111])
(./SimpleDoc/@FWS/MsensPole_cl.tex [112]) (./SimpleDoc/@FWS/Mstability.tex
[113]) (./SimpleDoc/@FWS/optim.tex [114]
Overfull \hbox (4.12471pt too wide) in paragraph at lines 45--46
[]\OT1/cmtt/m/n/10 'yes'\OT1/cmr/m/n/10 : the clas-si-cal $\OML/cmm/m/it/10 L[]
$\OT1/cmr/m/n/10 -scaling con-straints are ap-plied (see [][]\OT1/cmtt/m/n/10 l
2scaling[][]\OT1/cmr/m/n/10 ) 
 []


Overfull \hbox (59.2909pt too wide) in paragraph at lines 46--47
[]\OT1/cmtt/m/n/10 'relaxed'\OT1/cmr/m/n/10 : the relaxed-$\OML/cmm/m/it/10 L[]
$\OT1/cmr/m/n/10 -scaling con-straints are ap-plied (see [][]\OT1/cmtt/m/n/10 r
elaxedl2scaling[][]\OT1/cmr/m/n/10 ) 
 []


Overfull \hbox (9.41656pt too wide) in paragraph at lines 57--60
[]\OT1/cmr/m/n/10 the ex-tra op-tions are given to the op-ti-miza-tion al-go-ri
-htm (\OT1/cmtt/m/n/10 fminunc\OT1/cmr/m/n/10 , \OT1/cmtt/m/n/10 fmincon\OT1/cm
r/m/n/10 ,
 []


Overfull \hbox (0.35097pt too wide) in paragraph at lines 57--60
\OT1/cmtt/m/n/10 fminsearch\OT1/cmr/m/n/10 , \OT1/cmtt/m/n/10 ASA\OT1/cmr/m/n/1
0 . See Mat-lab's\OT1/cmtt/m/n/10 optimset \OT1/cmr/m/n/10 or \OT1/cmtt/m/n/10 
asamin \OT1/cmr/m/n/10 doc-u-men-ta-tion). Clas-
 []


Overfull \hbox (12.27756pt too wide) in paragraph at lines 57--60
\OT1/cmr/m/n/10 si-cal op-tion (for quasi-Newton and con-vex al-go-rithm) is \O
MS/cmtt/m/n/10 f\OT1/cmtt/m/n/10 'Display','Iter'\OMS/cmtt/m/n/10 g 
 []


Underfull \hbox (badness 10000) in paragraph at lines 61--62

 []


Overfull \hbox (11.99689pt too wide) in paragraph at lines 66--66
[]\OT1/cmtt/m/n/10 >>options = {'method','newton','Display','Iter', 'l2scaling'
,'yes');[] 
 []

[115]) (./SimpleDoc/@FWS/RNG.tex) (./SimpleDoc/@FWS/RNG_cl.tex [116])
(./SimpleDoc/@FWS/set.tex [117]) (./SimpleDoc/@FWS/setFPIS.tex
Overfull \hbox (32.9967pt too wide) in paragraph at lines 5--9
\OT1/cmtt/m/n/10 S = setFPIS( S, betaU, Umax, betaZ, betaT, betaX, betaY, betaA
DD, betaG,
 []


Overfull \hbox (32.26839pt too wide) in paragraph at lines 9--23
[] 
 []

[118]) (./SimpleDoc/@FWS/ss.tex) (./SimpleDoc/@FWS/subsasgn.tex [119])
(./SimpleDoc/@FWS/subsref.tex
Overfull \hbox (26.3224pt too wide) in paragraph at lines 2--5
\OT1/cmr/m/n/10 Subscripted ref-er-ence for FWS ob-ject. Here, \OT1/cmtt/m/n/10
 'S.prop' \OT1/cmr/m/n/10 is equiv-a-lent to \OT1/cmtt/m/n/10 'get(S,prop)' 
 []

) (./SimpleDoc/@FWS/tf.tex [120])) (./SimpleDoc/@FWS/private/table_SD.tex
Overfull \hbox (15.94214pt too wide) in alignment at lines 3--9
 [] [] 
 []


Underfull \vbox (badness 10000) detected at line 9
 []

) (./SimpleDoc/@FWS/private/main_SD.tex
(./SimpleDoc/@FWS/private/genCostFunctionR.tex
Overfull \hbox (30.0567pt too wide) in paragraph at lines 5--7
\OT1/cmtt/m/n/10 [cost[]value, cost[]flag] = genCostFunctionR( S, x, freeparams
, l2scaling,
 []

[121]
Underfull \hbox (badness 10000) in paragraph at lines 21--22

 []

) (./SimpleDoc/@FWS/private/genCostFunctionS.tex
Overfull \hbox (30.0567pt too wide) in paragraph at lines 8--10
\OT1/cmtt/m/n/10 [cost[]value, cost[]flag] = genCostFunctionS( S, x, freeparams
, l2scaling,
 []

[122]
Underfull \hbox (badness 10000) in paragraph at lines 24--25

 []

) (./SimpleDoc/@FWS/private/myoptions_asamin.tex)
(./SimpleDoc/@FWS/private/updateR.tex [123]
Underfull \hbox (badness 10000) in paragraph at lines 11--12

 []


Overfull \hbox (15.80444pt too wide) in paragraph at lines 13--19
\OT1/cmr/m/n/10 This func-tion up-dates the \OT1/cmtt/m/n/10 R \OT1/cmr/m/n/10 
value from the (new) pa-ram-e-ters' val-ues (\OT1/cmtt/m/n/10 paramsValue\OT1/c
mr/m/n/10 ).
 []

)) (./FWRUserGuide.bbl [124] [125] [126] [127]) [128] [129] [130]
(./FWRUserGuide.aux)

LaTeX Font Warning: Some font shapes were not available, defaults substituted.


LaTeX Warning: There were multiply-defined labels.

 ) 
Here is how much of TeX's memory you used:
 11622 strings out of 493886
 163247 string characters out of 1151099
 355905 words of memory out of 3000000
 13200 multiletter control sequences out of 10000+50000
 16767 words of font info for 70 fonts, out of 3000000 for 5000
 715 hyphenation exceptions out of 8191
 44i,25n,69p,1139b,2279s stack positions out of 5000i,500n,10000p,200000b,50000s
pdfTeX warning (dest): name{command:@FWR/SSdelta2FWR} has been referenced but
 does not exist, replaced by a fixed one

pdfTeX warning (dest): name{command:@FWR/Modaldelta2FWR} has been referenced bu
t does not exist, replaced by a fixed one

</usr/local/texlive/2008/texmf-dist/fonts/type1/bluesky/cm/cmbx10.pfb></usr/loc
al/texlive/2008/texmf-dist/fonts/type1/bluesky/cm/cmbx12.pfb></usr/local/texliv
e/2008/texmf-dist/fonts/type1/bluesky/cm/cmbxti10.pfb></usr/local/texlive/2008/
texmf-dist/fonts/type1/bluesky/cm/cmcsc10.pfb></usr/local/texlive/2008/texmf-di
st/fonts/type1/bluesky/cm/cmex10.pfb></usr/local/texlive/2008/texmf-dist/fonts/
type1/bluesky/cm/cmitt10.pfb></usr/local/texlive/2008/texmf-dist/fonts/type1/bl
uesky/cm/cmmi10.pfb></usr/local/texlive/2008/texmf-dist/fonts/type1/bluesky/cm/
cmmi5.pfb></usr/local/texlive/2008/texmf-dist/fonts/type1/bluesky/cm/cmmi6.pfb>
</usr/local/texlive/2008/texmf-dist/fonts/type1/bluesky/cm/cmmi7.pfb></usr/loca
l/texlive/2008/texmf-dist/fonts/type1/bluesky/cm/cmmi8.pfb></usr/local/texlive/
2008/texmf-dist/fonts/type1/bluesky/cm/cmr10.pfb></usr/local/texlive/2008/texmf
-dist/fonts/type1/bluesky/cm/cmr17.pfb></usr/local/texlive/2008/texmf-dist/font
s/type1/bluesky/cm/cmr5.pfb></usr/local/texlive/2008/texmf-dist/fonts/type1/blu
esky/cm/cmr6.pfb></usr/local/texlive/2008/texmf-dist/fonts/type1/bluesky/cm/cmr
7.pfb></usr/local/texlive/2008/texmf-dist/fonts/type1/bluesky/cm/cmr8.pfb></usr
/local/texlive/2008/texmf-dist/fonts/type1/bluesky/cm/cmsy10.pfb></usr/local/te
xlive/2008/texmf-dist/fonts/type1/bluesky/cm/cmsy5.pfb></usr/local/texlive/2008
/texmf-dist/fonts/type1/bluesky/cm/cmsy6.pfb></usr/local/texlive/2008/texmf-dis
t/fonts/type1/bluesky/cm/cmsy7.pfb></usr/local/texlive/2008/texmf-dist/fonts/ty
pe1/bluesky/cm/cmsy8.pfb></usr/local/texlive/2008/texmf-dist/fonts/type1/bluesk
y/cm/cmti10.pfb></usr/local/texlive/2008/texmf-dist/fonts/type1/bluesky/cm/cmtt
10.pfb></usr/local/texlive/2008/texmf-dist/fonts/type1/bluesky/cm/cmtt12.pfb></
usr/local/texlive/2008/texmf-dist/fonts/type1/bluesky/cm/cmtt8.pfb></usr/local/
texlive/2008/texmf-dist/fonts/type1/public/doublestroke/dsrom10.pfb></usr/local
/texlive/2008/texmf-dist/fonts/type1/public/cmex/fmex8.pfb></usr/local/texlive/
2008/texmf-dist/fonts/type1/bluesky/ams/msam10.pfb></usr/local/texlive/2008/tex
mf-dist/fonts/type1/bluesky/ams/msam7.pfb></usr/local/texlive/2008/texmf-dist/f
onts/type1/bluesky/ams/msbm10.pfb></usr/local/texlive/2008/texmf-dist/fonts/typ
e1/hoekwater/rsfs/rsfs10.pfb></usr/local/texlive/2008/texmf-dist/fonts/type1/ho
ekwater/rsfs/rsfs5.pfb></usr/local/texlive/2008/texmf-dist/fonts/type1/hoekwate
r/rsfs/rsfs7.pfb>
Output written on FWRUserGuide.pdf (130 pages, 1724886 bytes).
PDF statistics:
 4640 PDF objects out of 5155 (max. 8388607)
 1201 named destinations out of 1440 (max. 131072)
 1078 words of extra memory for PDF output out of 10000 (max. 10000000)

