

		 number_asa_open = 2
		ADAPTIVE SIMULATED ANNEALING

/* $Id: asa.c,v 25.15 2004/09/23 18:10:46 ingber Exp ingber $ */

OPTIONS_FILE = 1
OPTIONS_FILE_DATA = 1
RECUR_OPTIONS_FILE = 0
RECUR_OPTIONS_FILE_DATA = 0
COST_FILE = 1
ASA_LIB = 0
HAVE_ANSI = 1
IO_PROTOTYPES = 0
TIME_CALC = 0
TIME_STD = 0
TIME_GETRUSAGE = 1
INT_LONG = 1
INT_ALLOC = 0
SMALL_FLOAT =        1e-18
MIN_DOUBLE =        1e-18
MAX_DOUBLE =        1e+18
EPS_DOUBLE =        1e-18
CHECK_EXPONENT = 0
NO_PARAM_TEMP_TEST = 0
NO_COST_TEMP_TEST = 0
SELF_OPTIMIZE = 0
ASA_TEST = 0
ASA_TEST_POINT = 0
ASA_TEMPLATE = 0
MY_TEMPLATE = 1
ASA_TEMPLATE_LIB = 0
ASA_TEMPLATE_ASA_OUT_PID = 0
ASA_TEMPLATE_MULTIPLE = 0
ASA_TEMPLATE_SELFOPT = 0
ASA_TEMPLATE_SAMPLE = 0
ASA_TEMPLATE_QUEUE = 0
ASA_TEMPLATE_PARALLEL = 0
ASA_TEMPLATE_SAVE = 0
USER_INITIAL_COST_TEMP = 0
RATIO_TEMPERATURE_SCALES = 0
USER_INITIAL_PARAMETERS_TEMPS = 0
DELTA_PARAMETERS = 0
QUENCH_PARAMETERS = 0
QUENCH_COST = 0
QUENCH_PARAMETERS_SCALE = 1
QUENCH_COST_SCALE = 1
OPTIONAL_DATA_DBL = 0
OPTIONAL_DATA_INT = 0
OPTIONAL_DATA_PTR = 0
USER_COST_SCHEDULE = 0
USER_ACCEPT_ASYMP_EXP = 0
USER_ACCEPT_THRESHOLD = 0
USER_ACCEPTANCE_TEST = 1
USER_GENERATING_FUNCTION = 0
USER_REANNEAL_COST = 0
USER_REANNEAL_PARAMETERS = 0
MAXIMUM_REANNEAL_INDEX = 50000
REANNEAL_SCALE =           10
ASA_SAMPLE = 0
ASA_QUEUE = 0
ASA_RESOLUTION = 0
FITLOC = 0
FITLOC_ROUND = 1
FITLOC_PRINT = 1
MULTI_MIN = 0
ASA_PARALLEL = 0
FDLIBM_POW = 0
FDLIBM_LOG = 0
FDLIBM_EXP = 0

ASA_PRINT = 1
USER_OUT = asa_usr_out
ASA_OUT = optim_ONP_UYW_SSdelta_02-Feb-2008.log
USER_ASA_OUT = 1
ASA_PRINT_INTERMED = 1
ASA_PRINT_MORE = 0
INCL_STDOUT = 1
G_FIELD = 12
G_PRECISION = 7
ASA_SAVE = 0
ASA_SAVE_OPT = 0
ASA_SAVE_BACKUP = 0
ASA_PIPE = 0
ASA_PIPE_FILE = 0
SYSTEM_CALL = 1

OPTIONS->Limit_Acceptances = 1000000
OPTIONS->Limit_Generated = 1000000
OPTIONS->Limit_Invalid_Generated_States = 1000000
OPTIONS->Accepted_To_Generated_Ratio =        1e-12

OPTIONS->Cost_Precision =        1e-18
OPTIONS->Maximum_Cost_Repeat = 5
OPTIONS->Number_Cost_Samples = 5
OPTIONS->Temperature_Ratio_Scale =        1e-08
OPTIONS->Cost_Parameter_Scale_Ratio =            1
OPTIONS->Temperature_Anneal_Scale =          100
OPTIONS->Include_Integer_Parameters = 0
OPTIONS->User_Initial_Parameters = 1
OPTIONS->Sequential_Parameters = -1
OPTIONS->Initial_Parameter_Temperature =            1
OPTIONS->Acceptance_Frequency_Modulus = 100
OPTIONS->Generated_Frequency_Modulus = 10000
OPTIONS->Reanneal_Cost = 1
OPTIONS->Reanneal_Parameters = 1

OPTIONS->Delta_X =        0.001
OPTIONS->User_Tangents = 0
OPTIONS->Curvature_0 = 0
OPTIONS->Asa_Recursive_Level = 0


Initial Random Seed = 36397

*number_parameters = 4

index_v parameter_minimum parameter_maximum parameter_value parameter_type 
 0        -1000        		 1000         	 1            -1     
 1        -1000        		 1000         	 0            -1     
 2        -1000        		 1000         	 0            -1     
 3        -1000        		 1000         	 1            -1     


temperature_scale =     5.825131
temperature_scale_parameters[0] =     5.825131
*temperature_scale_cost =     5.825131



*index_cost_acceptances = 0, *current_cost_temperature = 0.0001105823
*accepted_to_generated_ratio =            1, *number_invalid... = 0
*number_generated = 0, *number_accepted = 0
best...->cost = 4.984415e-05, last...->cost = 4.984415e-05
index_v  best...->parameter current_parameter_temp	tangent
0	           1		           1	           0
1	           0		           1	           0
2	           0		           1	           0
3	           1		           1	           0


best...->cost=2.094999e-05  *number_accepted=1  *number_generated=1
best...->cost=1.702637e-05  *number_accepted=2  *number_generated=2
best...->cost=8.131704e-06  *number_accepted=3  *number_generated=4
best...->cost=4.782505e-06  *number_accepted=4  *number_generated=7
best...->cost=1.838462e-06  *number_accepted=5  *number_generated=9
best...->cost=8.082192e-07  *number_accepted=6  *number_generated=11
best...->cost=7.800802e-07  *number_accepted=7  *number_generated=13
best...->cost=7.733784e-07  *number_accepted=11  *number_generated=43
best...->cost=7.699484e-07  *number_accepted=13  *number_generated=48
best...->cost=7.698205e-07  *number_accepted=15  *number_generated=53
best...->cost=7.686259e-07  *number_accepted=18  *number_generated=63
best...->cost=7.68414e-07   *number_accepted=19  *number_generated=66
best...->cost=7.684058e-07  *number_accepted=20  *number_generated=73
best...->cost=7.65775e-07   *number_accepted=21  *number_generated=74
best...->cost=7.647158e-07  *number_accepted=22  *number_generated=81
best...->cost=7.630034e-07  *number_accepted=23  *number_generated=86
best...->cost=7.620397e-07  *number_accepted=25  *number_generated=89
best...->cost=7.618465e-07  *number_accepted=26  *number_generated=100
best...->cost=7.611655e-07  *number_accepted=29  *number_generated=125
best...->cost=7.601865e-07  *number_accepted=30  *number_generated=130
best...->cost=7.590831e-07  *number_accepted=31  *number_generated=132
best...->cost=7.589982e-07  *number_accepted=32  *number_generated=137
best...->cost=7.584169e-07  *number_accepted=34  *number_generated=143
best...->cost=7.288026e-07  *number_accepted=35  *number_generated=144
best...->cost=7.275893e-07  *number_accepted=36  *number_generated=150
best...->cost=7.275885e-07  *number_accepted=37  *number_generated=155
best...->cost=7.075875e-07  *number_accepted=38  *number_generated=157
best...->cost=7.052685e-07  *number_accepted=39  *number_generated=161
best...->cost=7.051859e-07  *number_accepted=40  *number_generated=163
best...->cost=7.037146e-07  *number_accepted=41  *number_generated=164
best...->cost=7.037056e-07  *number_accepted=42  *number_generated=166
best...->cost=6.882739e-07  *number_accepted=43  *number_generated=172
best...->cost=6.87426e-07   *number_accepted=44  *number_generated=178
best...->cost=6.761225e-07  *number_accepted=45  *number_generated=180
best...->cost=6.137513e-07  *number_accepted=47  *number_generated=186
best...->cost=6.094018e-07  *number_accepted=48  *number_generated=188
best...->cost=5.757928e-07  *number_accepted=49  *number_generated=189
best...->cost=5.744672e-07  *number_accepted=50  *number_generated=197
best...->cost=5.610797e-07  *number_accepted=51  *number_generated=199
best...->cost=5.609929e-07  *number_accepted=52  *number_generated=200
best...->cost=4.972843e-07  *number_accepted=53  *number_generated=203
best...->cost=4.915399e-07  *number_accepted=54  *number_generated=206
best...->cost=4.892939e-07  *number_accepted=56  *number_generated=213
best...->cost=4.892938e-07  *number_accepted=57  *number_generated=217
best...->cost=4.891567e-07  *number_accepted=58  *number_generated=219
best...->cost=4.889904e-07  *number_accepted=59  *number_generated=221
best...->cost=4.889734e-07  *number_accepted=60  *number_generated=223
best...->cost=4.889074e-07  *number_accepted=63  *number_generated=238
best...->cost=4.888987e-07  *number_accepted=64  *number_generated=242
best...->cost=4.887658e-07  *number_accepted=65  *number_generated=244
best...->cost=4.887556e-07  *number_accepted=66  *number_generated=246
best...->cost=4.887492e-07  *number_accepted=67  *number_generated=250
best...->cost=4.862664e-07  *number_accepted=69  *number_generated=253
best...->cost=4.192458e-07  *number_accepted=70  *number_generated=254
best...->cost=4.192442e-07  *number_accepted=71  *number_generated=255
best...->cost=4.188009e-07  *number_accepted=72  *number_generated=257
best...->cost=4.131762e-07  *number_accepted=73  *number_generated=262
best...->cost=4.131642e-07  *number_accepted=74  *number_generated=265
best...->cost=4.1176e-07    *number_accepted=75  *number_generated=266
best...->cost=4.094789e-07  *number_accepted=76  *number_generated=272
best...->cost=4.094744e-07  *number_accepted=77  *number_generated=274
best...->cost=4.094725e-07  *number_accepted=78  *number_generated=279
best...->cost=4.094719e-07  *number_accepted=79  *number_generated=292
best...->cost=4.092734e-07  *number_accepted=80  *number_generated=293
best...->cost=4.086172e-07  *number_accepted=81  *number_generated=294
best...->cost=4.058972e-07  *number_accepted=82  *number_generated=297
best...->cost=4.058971e-07  *number_accepted=83  *number_generated=302
best...->cost=4.057283e-07  *number_accepted=84  *number_generated=306
best...->cost=4.055027e-07  *number_accepted=85  *number_generated=308
best...->cost=4.054435e-07  *number_accepted=86  *number_generated=312
best...->cost=4.029178e-07  *number_accepted=87  *number_generated=315
best...->cost=4.007903e-07  *number_accepted=88  *number_generated=316
best...->cost=3.993321e-07  *number_accepted=89  *number_generated=321
best...->cost=3.989544e-07  *number_accepted=90  *number_generated=323
best...->cost=3.954665e-07  *number_accepted=91  *number_generated=327
best...->cost=3.951672e-07  *number_accepted=92  *number_generated=329
best...->cost=3.946992e-07  *number_accepted=93  *number_generated=351
best...->cost=3.945665e-07  *number_accepted=94  *number_generated=356
best...->cost=3.940955e-07  *number_accepted=95  *number_generated=358
best...->cost=3.935439e-07  *number_accepted=97  *number_generated=371
best...->cost=3.935314e-07  *number_accepted=98  *number_generated=377
best...->cost=3.933454e-07  *number_accepted=99  *number_generated=381
best...->cost=3.933453e-07  *number_accepted=100  *number_generated=393

*index_cost_acceptances = 22, *current_cost_temperature =  1.15814e-12
*accepted_to_generated_ratio =    0.1538462, *number_invalid... = 0
*number_generated = 393, *number_accepted = 100
best...->cost = 3.933453e-07, last...->cost = 3.933453e-07
index_v  best...->parameter current_parameter_temp	tangent
0	    351.7249		5.446496e-12	1.564313e-10
1	   -814.5167		5.446496e-12	-9.588967e-11
2	   -495.9307		5.446496e-12	-8.704212e-10
3	   -424.7514		5.446496e-12	-1.91118e-10


best...->cost=3.932793e-07  *number_accepted=101  *number_generated=408
best...->cost=3.932545e-07  *number_accepted=102  *number_generated=412
best...->cost=3.932542e-07  *number_accepted=103  *number_generated=423
best...->cost=3.93254e-07   *number_accepted=104  *number_generated=430
best...->cost=3.93254e-07   *number_accepted=105  *number_generated=434
best...->cost=3.93254e-07   *number_accepted=107  *number_generated=439
best...->cost=3.932465e-07  *number_accepted=108  *number_generated=440
best...->cost=3.930924e-07  *number_accepted=109  *number_generated=449
best...->cost=3.930465e-07  *number_accepted=111  *number_generated=455
best...->cost=3.930105e-07  *number_accepted=112  *number_generated=457
best...->cost=3.930046e-07  *number_accepted=113  *number_generated=462
best...->cost=3.930032e-07  *number_accepted=114  *number_generated=472
best...->cost=3.92995e-07   *number_accepted=115  *number_generated=476
best...->cost=3.929459e-07  *number_accepted=116  *number_generated=477
best...->cost=3.929456e-07  *number_accepted=117  *number_generated=481
best...->cost=3.929352e-07  *number_accepted=119  *number_generated=504
best...->cost=3.929248e-07  *number_accepted=120  *number_generated=510
best...->cost=3.929248e-07  *number_accepted=121  *number_generated=515
best...->cost=3.928877e-07  *number_accepted=122  *number_generated=517
best...->cost=3.928801e-07  *number_accepted=123  *number_generated=520
best...->cost=3.928801e-07  *number_accepted=124  *number_generated=525
best...->cost=3.928654e-07  *number_accepted=125  *number_generated=535
best...->cost=3.927142e-07  *number_accepted=126  *number_generated=551
best...->cost=3.927141e-07  *number_accepted=127  *number_generated=574
best...->cost=3.92714e-07   *number_accepted=129  *number_generated=583
best...->cost=3.92714e-07   *number_accepted=130  *number_generated=590
best...->cost=3.927045e-07  *number_accepted=133  *number_generated=620
best...->cost=3.927045e-07  *number_accepted=134  *number_generated=628
best...->cost=3.926967e-07  *number_accepted=135  *number_generated=636
best...->cost=3.924831e-07  *number_accepted=136  *number_generated=645
best...->cost=3.924831e-07  *number_accepted=137  *number_generated=652
best...->cost=3.924539e-07  *number_accepted=138  *number_generated=667
best...->cost=3.924516e-07  *number_accepted=139  *number_generated=676
best...->cost=3.924514e-07  *number_accepted=140  *number_generated=680
best...->cost=3.924411e-07  *number_accepted=141  *number_generated=683
best...->cost=3.923551e-07  *number_accepted=142  *number_generated=725
best...->cost=3.923551e-07  *number_accepted=143  *number_generated=729
best...->cost=3.923544e-07  *number_accepted=144  *number_generated=730
best...->cost=3.923535e-07  *number_accepted=145  *number_generated=737
best...->cost=3.923509e-07  *number_accepted=146  *number_generated=746
best...->cost=3.923509e-07  *number_accepted=147  *number_generated=752
best...->cost=3.923436e-07  *number_accepted=148  *number_generated=759
best...->cost=3.923436e-07  *number_accepted=149  *number_generated=764
best...->cost=3.923435e-07  *number_accepted=150  *number_generated=770
best...->cost=3.923429e-07  *number_accepted=152  *number_generated=792
best...->cost=3.923429e-07  *number_accepted=153  *number_generated=793
best...->cost=3.923417e-07  *number_accepted=154  *number_generated=795
best...->cost=3.923411e-07  *number_accepted=155  *number_generated=808
best...->cost=3.923216e-07  *number_accepted=156  *number_generated=811
best...->cost=3.923216e-07  *number_accepted=157  *number_generated=820
best...->cost=3.923142e-07  *number_accepted=158  *number_generated=823
best...->cost=3.923142e-07  *number_accepted=159  *number_generated=863
best...->cost=3.923081e-07  *number_accepted=160  *number_generated=1045
best...->cost=3.923081e-07  *number_accepted=161  *number_generated=1047
best...->cost=3.923081e-07  *number_accepted=162  *number_generated=1053
best...->cost=3.923079e-07  *number_accepted=164  *number_generated=1079
best...->cost=3.923079e-07  *number_accepted=165  *number_generated=1085
best...->cost=3.923076e-07  *number_accepted=166  *number_generated=1086
best...->cost=3.923076e-07  *number_accepted=167  *number_generated=1088
best...->cost=3.923002e-07  *number_accepted=168  *number_generated=1099
best...->cost=3.923002e-07  *number_accepted=169  *number_generated=1159
best...->cost=3.923002e-07  *number_accepted=170  *number_generated=1218
best...->cost=3.922999e-07  *number_accepted=171  *number_generated=1472
best...->cost=3.922999e-07  *number_accepted=172  *number_generated=1481
best...->cost=3.922993e-07  *number_accepted=174  *number_generated=1565
best...->cost=3.922966e-07  *number_accepted=175  *number_generated=1597
best...->cost=3.922965e-07  *number_accepted=178  *number_generated=1797
best...->cost=3.922964e-07  *number_accepted=179  *number_generated=1822
best...->cost=3.922963e-07  *number_accepted=185  *number_generated=2162
best...->cost=3.922962e-07  *number_accepted=186  *number_generated=2266
best...->cost=3.922962e-07  *number_accepted=187  *number_generated=2454

*index_cost_acceptances = 110, *current_cost_temperature = 2.522693e-15
*accepted_to_generated_ratio =   0.01801802, *number_invalid... = 0
*number_generated = 2564, *number_accepted = 188
best...->cost = 3.922962e-07, last...->cost = 3.922962e-07
index_v  best...->parameter current_parameter_temp	tangent
0	     350.325		1.469503e-18	9.705672e-11
1	   -809.4003		1.617509e-18	-8.896248e-06
2	   -495.5323		9.995579e-19	-1.013577e-09
3	   -424.1942		1.415603e-18	-5.28799e-07

curvature[0][0] = 4.115187e-05

curvature[1][0] = 2.539405e-05 	 = curvature[0][1]
curvature[1][1] = 1.133058e-05

curvature[2][0] = 6.187438e-11 	 = curvature[0][2]
curvature[2][1] = -1.795276e-05 	 = curvature[1][2]
curvature[2][2] = 2.041586e-05

curvature[3][0] = 1.509001e-06 	 = curvature[0][3]
curvature[3][1] = -2.162504e-05 	 = curvature[1][3]
curvature[3][2] = -1.06682e-06 	 = curvature[2][3]
curvature[3][3] = 4.133183e-05



 P_TEMP_TOO_SMALL exit_status = 1
current_user_parameter_temp[2] too small = 9.995579e-19
 Locate_Cost = 5, calculating curvatures while exiting asa ()
final_cost = best_generated_state->cost = 3.922962e-07
*number_accepted at best_generated_state->cost = 187
*number_generated at best_generated_state->cost = 2454





		 number_asa_open = 3
		ADAPTIVE SIMULATED ANNEALING

/* $Id: asa.c,v 25.15 2004/09/23 18:10:46 ingber Exp ingber $ */

OPTIONS_FILE = 1
OPTIONS_FILE_DATA = 1
RECUR_OPTIONS_FILE = 0
RECUR_OPTIONS_FILE_DATA = 0
COST_FILE = 1
ASA_LIB = 0
HAVE_ANSI = 1
IO_PROTOTYPES = 0
TIME_CALC = 0
TIME_STD = 0
TIME_GETRUSAGE = 1
INT_LONG = 1
INT_ALLOC = 0
SMALL_FLOAT =        1e-18
MIN_DOUBLE =        1e-18
MAX_DOUBLE =        1e+18
EPS_DOUBLE =        1e-18
CHECK_EXPONENT = 0
NO_PARAM_TEMP_TEST = 0
NO_COST_TEMP_TEST = 0
SELF_OPTIMIZE = 0
ASA_TEST = 0
ASA_TEST_POINT = 0
ASA_TEMPLATE = 0
MY_TEMPLATE = 1
ASA_TEMPLATE_LIB = 0
ASA_TEMPLATE_ASA_OUT_PID = 0
ASA_TEMPLATE_MULTIPLE = 0
ASA_TEMPLATE_SELFOPT = 0
ASA_TEMPLATE_SAMPLE = 0
ASA_TEMPLATE_QUEUE = 0
ASA_TEMPLATE_PARALLEL = 0
ASA_TEMPLATE_SAVE = 0
USER_INITIAL_COST_TEMP = 0
RATIO_TEMPERATURE_SCALES = 0
USER_INITIAL_PARAMETERS_TEMPS = 0
DELTA_PARAMETERS = 0
QUENCH_PARAMETERS = 0
QUENCH_COST = 0
QUENCH_PARAMETERS_SCALE = 1
QUENCH_COST_SCALE = 1
OPTIONAL_DATA_DBL = 0
OPTIONAL_DATA_INT = 0
OPTIONAL_DATA_PTR = 0
USER_COST_SCHEDULE = 0
USER_ACCEPT_ASYMP_EXP = 0
USER_ACCEPT_THRESHOLD = 0
USER_ACCEPTANCE_TEST = 1
USER_GENERATING_FUNCTION = 0
USER_REANNEAL_COST = 0
USER_REANNEAL_PARAMETERS = 0
MAXIMUM_REANNEAL_INDEX = 50000
REANNEAL_SCALE =           10
ASA_SAMPLE = 0
ASA_QUEUE = 0
ASA_RESOLUTION = 0
FITLOC = 0
FITLOC_ROUND = 1
FITLOC_PRINT = 1
MULTI_MIN = 0
ASA_PARALLEL = 0
FDLIBM_POW = 0
FDLIBM_LOG = 0
FDLIBM_EXP = 0

ASA_PRINT = 1
USER_OUT = asa_usr_out
ASA_OUT = optim_ONP_UYW_SSdelta_02-Feb-2008.log
USER_ASA_OUT = 1
ASA_PRINT_INTERMED = 1
ASA_PRINT_MORE = 0
INCL_STDOUT = 1
G_FIELD = 12
G_PRECISION = 7
ASA_SAVE = 0
ASA_SAVE_OPT = 0
ASA_SAVE_BACKUP = 0
ASA_PIPE = 0
ASA_PIPE_FILE = 0
SYSTEM_CALL = 1

OPTIONS->Limit_Acceptances = 1000000
OPTIONS->Limit_Generated = 1000000
OPTIONS->Limit_Invalid_Generated_States = 1000000
OPTIONS->Accepted_To_Generated_Ratio =        1e-12

OPTIONS->Cost_Precision =        1e-18
OPTIONS->Maximum_Cost_Repeat = 5
OPTIONS->Number_Cost_Samples = 5
OPTIONS->Temperature_Ratio_Scale =        1e-08
OPTIONS->Cost_Parameter_Scale_Ratio =            1
OPTIONS->Temperature_Anneal_Scale =          100
OPTIONS->Include_Integer_Parameters = 0
OPTIONS->User_Initial_Parameters = 1
OPTIONS->Sequential_Parameters = -1
OPTIONS->Initial_Parameter_Temperature =            1
OPTIONS->Acceptance_Frequency_Modulus = 100
OPTIONS->Generated_Frequency_Modulus = 10000
OPTIONS->Reanneal_Cost = 1
OPTIONS->Reanneal_Parameters = 1

OPTIONS->Delta_X =        0.001
OPTIONS->User_Tangents = 0
OPTIONS->Curvature_0 = 0
OPTIONS->Asa_Recursive_Level = 0


Initial Random Seed = 36397

*number_parameters = 4

index_v parameter_minimum parameter_maximum parameter_value parameter_type 
 0        -10          		 10           	 350.325      -1     
 1        -10          		 10           	 -809.4003    -1     
 2        -10          		 10           	 -495.5323    -1     
 3        -10          		 10           	 -424.1942    -1     




*** parameter_initial[] < parameter_minimum[] *** index = 1



*** parameter_initial[] < parameter_minimum[] *** index = 2



*** parameter_initial[] < parameter_minimum[] *** index = 3



*** parameter_initial[] > parameter_maximum[] *** index = 0

total number invalid OPTIONS = 4


  INVALID_USER_INPUT exit_status = 7
 Locate_Cost = 5, calculating curvatures while exiting asa ()





		 number_asa_open = 4
		ADAPTIVE SIMULATED ANNEALING

/* $Id: asa.c,v 25.15 2004/09/23 18:10:46 ingber Exp ingber $ */

OPTIONS_FILE = 1
OPTIONS_FILE_DATA = 1
RECUR_OPTIONS_FILE = 0
RECUR_OPTIONS_FILE_DATA = 0
COST_FILE = 1
ASA_LIB = 0
HAVE_ANSI = 1
IO_PROTOTYPES = 0
TIME_CALC = 0
TIME_STD = 0
TIME_GETRUSAGE = 1
INT_LONG = 1
INT_ALLOC = 0
SMALL_FLOAT =        1e-18
MIN_DOUBLE =        1e-18
MAX_DOUBLE =        1e+18
EPS_DOUBLE =        1e-18
CHECK_EXPONENT = 0
NO_PARAM_TEMP_TEST = 0
NO_COST_TEMP_TEST = 0
SELF_OPTIMIZE = 0
ASA_TEST = 0
ASA_TEST_POINT = 0
ASA_TEMPLATE = 0
MY_TEMPLATE = 1
ASA_TEMPLATE_LIB = 0
ASA_TEMPLATE_ASA_OUT_PID = 0
ASA_TEMPLATE_MULTIPLE = 0
ASA_TEMPLATE_SELFOPT = 0
ASA_TEMPLATE_SAMPLE = 0
ASA_TEMPLATE_QUEUE = 0
ASA_TEMPLATE_PARALLEL = 0
ASA_TEMPLATE_SAVE = 0
USER_INITIAL_COST_TEMP = 0
RATIO_TEMPERATURE_SCALES = 0
USER_INITIAL_PARAMETERS_TEMPS = 0
DELTA_PARAMETERS = 0
QUENCH_PARAMETERS = 0
QUENCH_COST = 0
QUENCH_PARAMETERS_SCALE = 1
QUENCH_COST_SCALE = 1
OPTIONAL_DATA_DBL = 0
OPTIONAL_DATA_INT = 0
OPTIONAL_DATA_PTR = 0
USER_COST_SCHEDULE = 0
USER_ACCEPT_ASYMP_EXP = 0
USER_ACCEPT_THRESHOLD = 0
USER_ACCEPTANCE_TEST = 1
USER_GENERATING_FUNCTION = 0
USER_REANNEAL_COST = 0
USER_REANNEAL_PARAMETERS = 0
MAXIMUM_REANNEAL_INDEX = 50000
REANNEAL_SCALE =           10
ASA_SAMPLE = 0
ASA_QUEUE = 0
ASA_RESOLUTION = 0
FITLOC = 0
FITLOC_ROUND = 1
FITLOC_PRINT = 1
MULTI_MIN = 0
ASA_PARALLEL = 0
FDLIBM_POW = 0
FDLIBM_LOG = 0
FDLIBM_EXP = 0

ASA_PRINT = 1
USER_OUT = asa_usr_out
ASA_OUT = optim_ONP_UYW_SSdelta_02-Feb-2008.log
USER_ASA_OUT = 1
ASA_PRINT_INTERMED = 1
ASA_PRINT_MORE = 0
INCL_STDOUT = 1
G_FIELD = 12
G_PRECISION = 7
ASA_SAVE = 0
ASA_SAVE_OPT = 0
ASA_SAVE_BACKUP = 0
ASA_PIPE = 0
ASA_PIPE_FILE = 0
SYSTEM_CALL = 1

OPTIONS->Limit_Acceptances = 1000000
OPTIONS->Limit_Generated = 1000000
OPTIONS->Limit_Invalid_Generated_States = 1000000
OPTIONS->Accepted_To_Generated_Ratio =        1e-12

OPTIONS->Cost_Precision =        1e-18
OPTIONS->Maximum_Cost_Repeat = 5
OPTIONS->Number_Cost_Samples = 5
OPTIONS->Temperature_Ratio_Scale =        1e-08
OPTIONS->Cost_Parameter_Scale_Ratio =            1
OPTIONS->Temperature_Anneal_Scale =          100
OPTIONS->Include_Integer_Parameters = 0
OPTIONS->User_Initial_Parameters = 1
OPTIONS->Sequential_Parameters = -1
OPTIONS->Initial_Parameter_Temperature =            1
OPTIONS->Acceptance_Frequency_Modulus = 100
OPTIONS->Generated_Frequency_Modulus = 10000
OPTIONS->Reanneal_Cost = 1
OPTIONS->Reanneal_Parameters = 1

OPTIONS->Delta_X =        0.001
OPTIONS->User_Tangents = 0
OPTIONS->Curvature_0 = 0
OPTIONS->Asa_Recursive_Level = 0


Initial Random Seed = 36397

*number_parameters = 4

index_v parameter_minimum parameter_maximum parameter_value parameter_type 
 0        -10          		 10           	 1            -1     
 1        -10          		 10           	 0            -1     
 2        -10          		 10           	 0            -1     
 3        -10          		 10           	 1            -1     


temperature_scale =     5.825131
temperature_scale_parameters[0] =     5.825131
*temperature_scale_cost =     5.825131



*index_cost_acceptances = 0, *current_cost_temperature = 0.0001171337
*accepted_to_generated_ratio =            1, *number_invalid... = 0
*number_generated = 0, *number_accepted = 0
best...->cost = 3.922962e-07, last...->cost = 3.922962e-07
index_v  best...->parameter current_parameter_temp	tangent
0	           1		           1	           0
1	           0		           1	           0
2	           0		           1	           0
3	           1		           1	           0


best...->cost=3.892221e-07  *number_accepted=99  *number_generated=396
best...->cost=3.892048e-07  *number_accepted=100  *number_generated=401

*index_cost_acceptances = 22, *current_cost_temperature = 1.226754e-12
*accepted_to_generated_ratio =    0.3333333, *number_invalid... = 0
*number_generated = 401, *number_accepted = 100
best...->cost = 3.892048e-07, last...->cost = 3.892048e-07
index_v  best...->parameter current_parameter_temp	tangent
0	     1.98306		 4.77779e-12	1.880713e-07
1	  -0.2369315		 4.77779e-12	-1.051222e-07
2	  -0.3857581		 4.77779e-12	3.343643e-08
3	    7.728243		 4.77779e-12	2.573507e-08


best...->cost=3.891967e-07  *number_accepted=101  *number_generated=403
best...->cost=3.891849e-07  *number_accepted=103  *number_generated=431
best...->cost=3.891849e-07  *number_accepted=104  *number_generated=435
best...->cost=3.891829e-07  *number_accepted=105  *number_generated=440
best...->cost=3.891828e-07  *number_accepted=106  *number_generated=454
best...->cost=3.888803e-07  *number_accepted=107  *number_generated=458
best...->cost=3.88878e-07   *number_accepted=108  *number_generated=463
best...->cost=3.888569e-07  *number_accepted=109  *number_generated=468
best...->cost=3.888566e-07  *number_accepted=110  *number_generated=470
best...->cost=3.888444e-07  *number_accepted=111  *number_generated=473
best...->cost=3.888204e-07  *number_accepted=112  *number_generated=477
best...->cost=3.886763e-07  *number_accepted=113  *number_generated=478
best...->cost=3.886747e-07  *number_accepted=114  *number_generated=482
best...->cost=3.886415e-07  *number_accepted=115  *number_generated=488
best...->cost=3.886415e-07  *number_accepted=116  *number_generated=493
best...->cost=3.88622e-07   *number_accepted=117  *number_generated=506
best...->cost=3.886174e-07  *number_accepted=118  *number_generated=511
best...->cost=3.886154e-07  *number_accepted=119  *number_generated=516
best...->cost=3.886149e-07  *number_accepted=120  *number_generated=527
best...->cost=3.886058e-07  *number_accepted=121  *number_generated=534
best...->cost=3.886058e-07  *number_accepted=123  *number_generated=551
best...->cost=3.885998e-07  *number_accepted=124  *number_generated=567
best...->cost=3.885997e-07  *number_accepted=125  *number_generated=575
best...->cost=3.885997e-07  *number_accepted=126  *number_generated=580
best...->cost=3.885994e-07  *number_accepted=127  *number_generated=584
best...->cost=3.885994e-07  *number_accepted=128  *number_generated=591
best...->cost=3.88598e-07   *number_accepted=129  *number_generated=619
best...->cost=3.88598e-07   *number_accepted=130  *number_generated=625
best...->cost=3.885945e-07  *number_accepted=131  *number_generated=649
best...->cost=3.885309e-07  *number_accepted=134  *number_generated=732
best...->cost=3.882823e-07  *number_accepted=135  *number_generated=733
best...->cost=3.8828e-07    *number_accepted=136  *number_generated=736
best...->cost=3.880774e-07  *number_accepted=138  *number_generated=758
best...->cost=3.880742e-07  *number_accepted=139  *number_generated=766
best...->cost=3.87965e-07   *number_accepted=140  *number_generated=787
best...->cost=3.879626e-07  *number_accepted=141  *number_generated=794
best...->cost=3.877968e-07  *number_accepted=142  *number_generated=815
best...->cost=3.877968e-07  *number_accepted=143  *number_generated=822
best...->cost=3.877948e-07  *number_accepted=144  *number_generated=825
best...->cost=3.877946e-07  *number_accepted=145  *number_generated=850
best...->cost=3.877943e-07  *number_accepted=146  *number_generated=861
best...->cost=3.877943e-07  *number_accepted=149  *number_generated=865
best...->cost=3.877834e-07  *number_accepted=150  *number_generated=866
best...->cost=3.877823e-07  *number_accepted=151  *number_generated=868
best...->cost=3.877801e-07  *number_accepted=152  *number_generated=875
best...->cost=3.877792e-07  *number_accepted=153  *number_generated=902
best...->cost=3.877786e-07  *number_accepted=154  *number_generated=904
best...->cost=3.877766e-07  *number_accepted=156  *number_generated=914
best...->cost=3.877729e-07  *number_accepted=157  *number_generated=916
best...->cost=3.877711e-07  *number_accepted=158  *number_generated=924
best...->cost=3.877498e-07  *number_accepted=160  *number_generated=927
best...->cost=3.874881e-07  *number_accepted=161  *number_generated=930
best...->cost=3.87488e-07   *number_accepted=162  *number_generated=953
best...->cost=3.874864e-07  *number_accepted=163  *number_generated=958
best...->cost=3.874805e-07  *number_accepted=164  *number_generated=970
best...->cost=3.874762e-07  *number_accepted=165  *number_generated=991
best...->cost=3.874755e-07  *number_accepted=166  *number_generated=992
best...->cost=3.874755e-07  *number_accepted=167  *number_generated=1027
best...->cost=3.874704e-07  *number_accepted=168  *number_generated=1044
best...->cost=3.874685e-07  *number_accepted=170  *number_generated=1060
best...->cost=3.874672e-07  *number_accepted=171  *number_generated=1064
best...->cost=3.874666e-07  *number_accepted=172  *number_generated=1066
best...->cost=3.874664e-07  *number_accepted=173  *number_generated=1073
best...->cost=3.874664e-07  *number_accepted=174  *number_generated=1075
best...->cost=3.874664e-07  *number_accepted=175  *number_generated=1077
best...->cost=3.874205e-07  *number_accepted=176  *number_generated=1078
best...->cost=3.874203e-07  *number_accepted=177  *number_generated=1087
best...->cost=3.874203e-07  *number_accepted=178  *number_generated=1090
best...->cost=3.874171e-07  *number_accepted=179  *number_generated=1095
best...->cost=3.874171e-07  *number_accepted=180  *number_generated=1101
best...->cost=3.873602e-07  *number_accepted=181  *number_generated=1103
best...->cost=3.8736e-07    *number_accepted=182  *number_generated=1108
best...->cost=3.873209e-07  *number_accepted=183  *number_generated=1109
best...->cost=3.873208e-07  *number_accepted=184  *number_generated=1121
best...->cost=3.873145e-07  *number_accepted=185  *number_generated=1127
best...->cost=3.872688e-07  *number_accepted=186  *number_generated=1143
best...->cost=3.872688e-07  *number_accepted=187  *number_generated=1146
best...->cost=3.872666e-07  *number_accepted=188  *number_generated=1147
best...->cost=3.872646e-07  *number_accepted=189  *number_generated=1152
best...->cost=3.872588e-07  *number_accepted=190  *number_generated=1172
best...->cost=3.872406e-07  *number_accepted=191  *number_generated=1174
best...->cost=3.872406e-07  *number_accepted=192  *number_generated=1209
best...->cost=3.871974e-07  *number_accepted=193  *number_generated=1226
best...->cost=3.871942e-07  *number_accepted=194  *number_generated=1239
best...->cost=3.871935e-07  *number_accepted=195  *number_generated=1244
best...->cost=3.871867e-07  *number_accepted=196  *number_generated=1256
best...->cost=3.871753e-07  *number_accepted=197  *number_generated=1259
best...->cost=3.871747e-07  *number_accepted=198  *number_generated=1263
best...->cost=3.871646e-07  *number_accepted=199  *number_generated=1269
best...->cost=3.871615e-07  *number_accepted=200  *number_generated=1271

*index_cost_acceptances = 120, *current_cost_temperature = 1.583826e-15
*accepted_to_generated_ratio =    0.6666667, *number_invalid... = 0
*number_generated = 1271, *number_accepted = 200
best...->cost = 3.871615e-07, last...->cost = 3.871615e-07
index_v  best...->parameter current_parameter_temp	tangent
0	    1.974403		7.957001e-16	1.287422e-07
1	  -0.2264243		1.006745e-15	-5.62904e-08
2	  -0.3917672		1.566004e-15	1.188856e-08
3	    7.737679		1.721808e-15	4.367828e-08


best...->cost=3.871586e-07  *number_accepted=201  *number_generated=1285
best...->cost=3.87157e-07   *number_accepted=202  *number_generated=1300
best...->cost=3.871499e-07  *number_accepted=203  *number_generated=1301
best...->cost=3.871479e-07  *number_accepted=204  *number_generated=1308
best...->cost=3.871464e-07  *number_accepted=205  *number_generated=1313
best...->cost=3.871455e-07  *number_accepted=206  *number_generated=1315
best...->cost=3.871403e-07  *number_accepted=208  *number_generated=1340
best...->cost=3.871398e-07  *number_accepted=209  *number_generated=1343
best...->cost=3.871378e-07  *number_accepted=210  *number_generated=1352
best...->cost=3.871282e-07  *number_accepted=211  *number_generated=1478
best...->cost=3.871263e-07  *number_accepted=212  *number_generated=1484
best...->cost=3.871141e-07  *number_accepted=213  *number_generated=1491
best...->cost=3.871141e-07  *number_accepted=214  *number_generated=1497
best...->cost=3.871141e-07  *number_accepted=215  *number_generated=1505
best...->cost=3.871122e-07  *number_accepted=216  *number_generated=1519
best...->cost=3.871103e-07  *number_accepted=218  *number_generated=1524
best...->cost=3.871082e-07  *number_accepted=219  *number_generated=1599
best...->cost=3.87107e-07   *number_accepted=220  *number_generated=1619
best...->cost=3.871044e-07  *number_accepted=222  *number_generated=1628
best...->cost=3.871036e-07  *number_accepted=224  *number_generated=1801
best...->cost=3.871035e-07  *number_accepted=225  *number_generated=1805
best...->cost=3.871031e-07  *number_accepted=226  *number_generated=1815
best...->cost=3.871021e-07  *number_accepted=227  *number_generated=1889
best...->cost=3.871019e-07  *number_accepted=229  *number_generated=1994
best...->cost=3.871019e-07  *number_accepted=230  *number_generated=2012
best...->cost=3.871016e-07  *number_accepted=231  *number_generated=2048
best...->cost=3.871016e-07  *number_accepted=232  *number_generated=2050
best...->cost=3.871015e-07  *number_accepted=233  *number_generated=2054
best...->cost=3.871015e-07  *number_accepted=234  *number_generated=2134
best...->cost=3.871013e-07  *number_accepted=235  *number_generated=2146

*index_cost_acceptances = 156, *current_cost_temperature = 4.438131e-16
*accepted_to_generated_ratio =  0.004750594, *number_invalid... = 0
*number_generated = 2566, *number_accepted = 236
best...->cost = 3.871013e-07, last...->cost = 3.871013e-07
index_v  best...->parameter current_parameter_temp	tangent
0	    1.974093		9.995579e-19	 0.003802764
1	  -0.2264266		1.850645e-18	-0.001270306
2	  -0.3918382		5.388737e-18	 -0.01919433
3	    7.737236		2.856188e-18	3.683294e-05

curvature[0][0] =     1.999294

curvature[1][0] =     17.43757 	 = curvature[0][1]
curvature[1][1] =     152.2861

curvature[2][0] =     9.720435 	 = curvature[0][2]
curvature[2][1] =     -88.0124 	 = curvature[1][2]
curvature[2][2] =     50.85858

curvature[3][0] =   -0.5101087 	 = curvature[0][3]
curvature[3][1] =    0.1640527 	 = curvature[1][3]
curvature[3][2] =     2.574663 	 = curvature[2][3]
curvature[3][3] =    0.1298757



 P_TEMP_TOO_SMALL exit_status = 1
current_user_parameter_temp[0] too small = 9.995579e-19
 Locate_Cost = 5, calculating curvatures while exiting asa ()
final_cost = best_generated_state->cost = 3.871013e-07
*number_accepted at best_generated_state->cost = 235
*number_generated at best_generated_state->cost = 2146





		 number_asa_open = 5
		ADAPTIVE SIMULATED ANNEALING

/* $Id: asa.c,v 25.15 2004/09/23 18:10:46 ingber Exp ingber $ */

OPTIONS_FILE = 1
OPTIONS_FILE_DATA = 1
RECUR_OPTIONS_FILE = 0
RECUR_OPTIONS_FILE_DATA = 0
COST_FILE = 1
ASA_LIB = 0
HAVE_ANSI = 1
IO_PROTOTYPES = 0
TIME_CALC = 0
TIME_STD = 0
TIME_GETRUSAGE = 1
INT_LONG = 1
INT_ALLOC = 0
SMALL_FLOAT =        1e-18
MIN_DOUBLE =        1e-18
MAX_DOUBLE =        1e+18
EPS_DOUBLE =        1e-18
CHECK_EXPONENT = 0
NO_PARAM_TEMP_TEST = 0
NO_COST_TEMP_TEST = 0
SELF_OPTIMIZE = 0
ASA_TEST = 0
ASA_TEST_POINT = 0
ASA_TEMPLATE = 0
MY_TEMPLATE = 1
ASA_TEMPLATE_LIB = 0
ASA_TEMPLATE_ASA_OUT_PID = 0
ASA_TEMPLATE_MULTIPLE = 0
ASA_TEMPLATE_SELFOPT = 0
ASA_TEMPLATE_SAMPLE = 0
ASA_TEMPLATE_QUEUE = 0
ASA_TEMPLATE_PARALLEL = 0
ASA_TEMPLATE_SAVE = 0
USER_INITIAL_COST_TEMP = 0
RATIO_TEMPERATURE_SCALES = 0
USER_INITIAL_PARAMETERS_TEMPS = 0
DELTA_PARAMETERS = 0
QUENCH_PARAMETERS = 0
QUENCH_COST = 0
QUENCH_PARAMETERS_SCALE = 1
QUENCH_COST_SCALE = 1
OPTIONAL_DATA_DBL = 0
OPTIONAL_DATA_INT = 0
OPTIONAL_DATA_PTR = 0
USER_COST_SCHEDULE = 0
USER_ACCEPT_ASYMP_EXP = 0
USER_ACCEPT_THRESHOLD = 0
USER_ACCEPTANCE_TEST = 1
USER_GENERATING_FUNCTION = 0
USER_REANNEAL_COST = 0
USER_REANNEAL_PARAMETERS = 0
MAXIMUM_REANNEAL_INDEX = 50000
REANNEAL_SCALE =           10
ASA_SAMPLE = 0
ASA_QUEUE = 0
ASA_RESOLUTION = 0
FITLOC = 0
FITLOC_ROUND = 1
FITLOC_PRINT = 1
MULTI_MIN = 0
ASA_PARALLEL = 0
FDLIBM_POW = 0
FDLIBM_LOG = 0
FDLIBM_EXP = 0

ASA_PRINT = 1
USER_OUT = asa_usr_out
ASA_OUT = optim_ONP_UYW_SSdelta_02-Feb-2008.log
USER_ASA_OUT = 1
ASA_PRINT_INTERMED = 1
ASA_PRINT_MORE = 0
INCL_STDOUT = 1
G_FIELD = 12
G_PRECISION = 7
ASA_SAVE = 0
ASA_SAVE_OPT = 0
ASA_SAVE_BACKUP = 0
ASA_PIPE = 0
ASA_PIPE_FILE = 0
SYSTEM_CALL = 1

OPTIONS->Limit_Acceptances = 1000000
OPTIONS->Limit_Generated = 1000000
OPTIONS->Limit_Invalid_Generated_States = 1000000
OPTIONS->Accepted_To_Generated_Ratio =        1e-12

OPTIONS->Cost_Precision =        1e-18
OPTIONS->Maximum_Cost_Repeat = 5
OPTIONS->Number_Cost_Samples = 5
OPTIONS->Temperature_Ratio_Scale =        1e-08
OPTIONS->Cost_Parameter_Scale_Ratio =            1
OPTIONS->Temperature_Anneal_Scale =          100
OPTIONS->Include_Integer_Parameters = 0
OPTIONS->User_Initial_Parameters = 1
OPTIONS->Sequential_Parameters = -1
OPTIONS->Initial_Parameter_Temperature =            1
OPTIONS->Acceptance_Frequency_Modulus = 100
OPTIONS->Generated_Frequency_Modulus = 10000
OPTIONS->Reanneal_Cost = 1
OPTIONS->Reanneal_Parameters = 1

OPTIONS->Delta_X =        0.001
OPTIONS->User_Tangents = 0
OPTIONS->Curvature_0 = 0
OPTIONS->Asa_Recursive_Level = 0


Initial Random Seed = 36397

*number_parameters = 4

index_v parameter_minimum parameter_maximum parameter_value parameter_type 
 0        -10          		 10           	 1.974093     -1     
 1        -10          		 10           	 -0.2264266   -1     
 2        -10          		 10           	 -0.3918382   -1     
 3        -10          		 10           	 7.737236     -1     


temperature_scale =     5.825131
temperature_scale_parameters[0] =     5.825131
*temperature_scale_cost =     5.825131



*index_cost_acceptances = 0, *current_cost_temperature =    0.1286189
*accepted_to_generated_ratio =            1, *number_invalid... = 0
*number_generated = 0, *number_accepted = 0
best...->cost = 3.871013e-07, last...->cost = 3.871013e-07
index_v  best...->parameter current_parameter_temp	tangent
0	    1.974093		           1	           0
1	  -0.2264266		           1	           0
2	  -0.3918382		           1	           0
3	    7.737236		           1	           0



*index_cost_acceptances = 1, *current_cost_temperature = 1.347039e-09
*accepted_to_generated_ratio =    0.3782772, *number_invalid... = 0
*number_generated = 266, *number_accepted = 100
best...->cost = 3.871013e-07, last...->cost = 4.995919e-07
index_v  best...->parameter current_parameter_temp	tangent
0	    1.974093		6.071636e-11	 0.003802764
1	  -0.2264266		6.071636e-11	-0.001270306
2	  -0.3918382		6.071636e-11	 -0.01919433
3	    7.737236		6.071636e-11	3.683294e-05



*index_cost_acceptances = 98, *current_cost_temperature = 4.995919e-15
*accepted_to_generated_ratio =    0.2600259, *number_invalid... = 0
*number_generated = 772, *number_accepted = 200
best...->cost = 3.871013e-07, last...->cost = 4.567133e-07
index_v  best...->parameter current_parameter_temp	tangent
0	    1.974093		9.307601e-14	 0.003802764
1	  -0.2264266		1.391678e-13	-0.001270306
2	  -0.3918382		4.716343e-14	 -0.01919433
3	    7.737236		3.752353e-13	3.683294e-05



*index_cost_acceptances = 192, *current_cost_temperature = 1.520076e-16
*accepted_to_generated_ratio =    0.2103424, *number_invalid... = 0
*number_generated = 1430, *number_accepted = 300
best...->cost = 3.871013e-07, last...->cost = 4.035314e-07
index_v  best...->parameter current_parameter_temp	tangent
0	    1.974093		1.118577e-15	 0.003802764
1	  -0.2264266		2.498722e-15	-0.001270306
2	  -0.3918382		2.844179e-16	 -0.01919433
3	    7.737236		1.772991e-14	3.683294e-05


best...->cost=3.864929e-07  *number_accepted=309  *number_generated=1457
best...->cost=3.863817e-07  *number_accepted=310  *number_generated=1463
best...->cost=3.861223e-07  *number_accepted=311  *number_generated=1464
best...->cost=3.838603e-07  *number_accepted=312  *number_generated=1465
best...->cost=3.838513e-07  *number_accepted=313  *number_generated=1467
best...->cost=3.81681e-07   *number_accepted=314  *number_generated=1471
best...->cost=3.81588e-07   *number_accepted=315  *number_generated=1472
best...->cost=3.815712e-07  *number_accepted=316  *number_generated=1476
best...->cost=3.736448e-07  *number_accepted=317  *number_generated=1479
best...->cost=3.736408e-07  *number_accepted=318  *number_generated=1482
best...->cost=3.733792e-07  *number_accepted=319  *number_generated=1488
best...->cost=3.733593e-07  *number_accepted=320  *number_generated=1492
best...->cost=3.732754e-07  *number_accepted=321  *number_generated=1495
best...->cost=3.653881e-07  *number_accepted=322  *number_generated=1496
best...->cost=3.641266e-07  *number_accepted=323  *number_generated=1498
best...->cost=3.641266e-07  *number_accepted=324  *number_generated=1499
best...->cost=3.612761e-07  *number_accepted=325  *number_generated=1504
best...->cost=3.612285e-07  *number_accepted=326  *number_generated=1505
best...->cost=3.61214e-07   *number_accepted=327  *number_generated=1511
best...->cost=3.611888e-07  *number_accepted=328  *number_generated=1517
best...->cost=3.607281e-07  *number_accepted=330  *number_generated=1531
best...->cost=3.607267e-07  *number_accepted=331  *number_generated=1537
best...->cost=3.60682e-07   *number_accepted=332  *number_generated=1543
best...->cost=3.606494e-07  *number_accepted=333  *number_generated=1563
best...->cost=3.60639e-07   *number_accepted=334  *number_generated=1567
best...->cost=3.605929e-07  *number_accepted=335  *number_generated=1573
best...->cost=3.603676e-07  *number_accepted=336  *number_generated=1584
best...->cost=3.603673e-07  *number_accepted=337  *number_generated=1586
best...->cost=3.6032e-07    *number_accepted=338  *number_generated=1592
best...->cost=3.603178e-07  *number_accepted=339  *number_generated=1596
best...->cost=3.603177e-07  *number_accepted=340  *number_generated=1608
best...->cost=3.603177e-07  *number_accepted=341  *number_generated=1612
best...->cost=3.603048e-07  *number_accepted=342  *number_generated=1618
best...->cost=3.602965e-07  *number_accepted=343  *number_generated=1649
best...->cost=3.602417e-07  *number_accepted=344  *number_generated=1662
best...->cost=3.602103e-07  *number_accepted=345  *number_generated=1664
best...->cost=3.602008e-07  *number_accepted=346  *number_generated=1666
best...->cost=3.601979e-07  *number_accepted=347  *number_generated=1673
best...->cost=3.601896e-07  *number_accepted=348  *number_generated=1678
best...->cost=3.580448e-07  *number_accepted=349  *number_generated=1692
best...->cost=3.580389e-07  *number_accepted=350  *number_generated=1696
best...->cost=3.580368e-07  *number_accepted=351  *number_generated=1698
best...->cost=3.580361e-07  *number_accepted=352  *number_generated=1700
best...->cost=3.58033e-07   *number_accepted=353  *number_generated=1716
best...->cost=3.580287e-07  *number_accepted=354  *number_generated=1717
best...->cost=3.580262e-07  *number_accepted=355  *number_generated=1722
best...->cost=3.580262e-07  *number_accepted=356  *number_generated=1723
best...->cost=3.579104e-07  *number_accepted=357  *number_generated=1724
best...->cost=3.579082e-07  *number_accepted=358  *number_generated=1729
best...->cost=3.576489e-07  *number_accepted=359  *number_generated=1741
best...->cost=3.568411e-07  *number_accepted=360  *number_generated=1746
best...->cost=3.56831e-07   *number_accepted=362  *number_generated=1773
best...->cost=3.568295e-07  *number_accepted=363  *number_generated=1775
best...->cost=3.568295e-07  *number_accepted=364  *number_generated=1778
best...->cost=3.560381e-07  *number_accepted=365  *number_generated=1781
best...->cost=3.560379e-07  *number_accepted=366  *number_generated=1787
best...->cost=3.56034e-07   *number_accepted=367  *number_generated=1793
best...->cost=3.559994e-07  *number_accepted=368  *number_generated=1798
best...->cost=3.558343e-07  *number_accepted=369  *number_generated=1799
best...->cost=3.558244e-07  *number_accepted=370  *number_generated=1809
best...->cost=3.558112e-07  *number_accepted=371  *number_generated=1820
best...->cost=3.558053e-07  *number_accepted=372  *number_generated=1824
best...->cost=3.556289e-07  *number_accepted=373  *number_generated=1827
best...->cost=3.556205e-07  *number_accepted=374  *number_generated=1829
best...->cost=3.555648e-07  *number_accepted=375  *number_generated=1836
best...->cost=3.547827e-07  *number_accepted=376  *number_generated=1845
best...->cost=3.547794e-07  *number_accepted=377  *number_generated=1849
best...->cost=3.547793e-07  *number_accepted=378  *number_generated=1857
best...->cost=3.546592e-07  *number_accepted=379  *number_generated=1861
best...->cost=3.541122e-07  *number_accepted=380  *number_generated=1869
best...->cost=3.541113e-07  *number_accepted=381  *number_generated=1876
best...->cost=3.541071e-07  *number_accepted=382  *number_generated=1881
best...->cost=3.541067e-07  *number_accepted=383  *number_generated=1886
best...->cost=3.540967e-07  *number_accepted=384  *number_generated=1887
best...->cost=3.54096e-07   *number_accepted=385  *number_generated=1899
best...->cost=3.540957e-07  *number_accepted=386  *number_generated=1908
best...->cost=3.540949e-07  *number_accepted=387  *number_generated=1973
best...->cost=3.540947e-07  *number_accepted=388  *number_generated=1995
best...->cost=3.540942e-07  *number_accepted=389  *number_generated=2006
best...->cost=3.540623e-07  *number_accepted=390  *number_generated=2022
best...->cost=3.540598e-07  *number_accepted=391  *number_generated=2031
best...->cost=3.540598e-07  *number_accepted=392  *number_generated=2043
best...->cost=3.540594e-07  *number_accepted=393  *number_generated=2049
best...->cost=3.540575e-07  *number_accepted=394  *number_generated=2068
best...->cost=3.540538e-07  *number_accepted=395  *number_generated=2076
best...->cost=3.540528e-07  *number_accepted=396  *number_generated=2083
best...->cost=3.540528e-07  *number_accepted=397  *number_generated=2092
best...->cost=3.540528e-07  *number_accepted=398  *number_generated=2095
best...->cost=3.540525e-07  *number_accepted=399  *number_generated=2100
best...->cost=3.540507e-07  *number_accepted=400  *number_generated=2103

*index_cost_acceptances = 281, *current_cost_temperature = 1.435998e-17
*accepted_to_generated_ratio =          0.5, *number_invalid... = 0
*number_generated = 2103, *number_accepted = 400
best...->cost = 3.540507e-07, last...->cost = 3.540507e-07
index_v  best...->parameter current_parameter_temp	tangent
0	  -0.2701049		6.433788e-17	-7.82911e-08
1	   -3.577064		2.245993e-16	-3.674863e-08
2	   -4.045983		7.595536e-18	-0.001086477
3	    1.069753		 4.54803e-15	5.642452e-08


best...->cost=3.540507e-07  *number_accepted=401  *number_generated=2113
best...->cost=3.540505e-07  *number_accepted=402  *number_generated=2135
best...->cost=3.540505e-07  *number_accepted=403  *number_generated=2137
best...->cost=3.540504e-07  *number_accepted=404  *number_generated=2144
best...->cost=3.540483e-07  *number_accepted=405  *number_generated=2166
best...->cost=3.540384e-07  *number_accepted=406  *number_generated=2173
best...->cost=3.540357e-07  *number_accepted=407  *number_generated=2249
best...->cost=3.540353e-07  *number_accepted=408  *number_generated=2305
best...->cost=3.540251e-07  *number_accepted=409  *number_generated=2317
best...->cost=3.540233e-07  *number_accepted=410  *number_generated=2326
best...->cost=3.540217e-07  *number_accepted=411  *number_generated=2345
best...->cost=3.540217e-07  *number_accepted=412  *number_generated=2348
best...->cost=3.540191e-07  *number_accepted=413  *number_generated=2351
best...->cost=3.540168e-07  *number_accepted=414  *number_generated=2413
best...->cost=3.540142e-07  *number_accepted=415  *number_generated=2454
best...->cost=3.540119e-07  *number_accepted=416  *number_generated=2458
best...->cost=3.540111e-07  *number_accepted=417  *number_generated=2531
best...->cost=3.540107e-07  *number_accepted=418  *number_generated=2534
best...->cost=3.540076e-07  *number_accepted=419  *number_generated=2568
best...->cost=3.540075e-07  *number_accepted=420  *number_generated=2569

*index_cost_acceptances = 301, *current_cost_temperature = 1.027331e-17
*accepted_to_generated_ratio =   0.03571429, *number_invalid... = 0
*number_generated = 2596, *number_accepted = 420
best...->cost = 3.540075e-07, last...->cost = 3.540075e-07
index_v  best...->parameter current_parameter_temp	tangent
0	  -0.2697191		5.609626e-15	-0.001431622
1	   -3.577147		1.756994e-14	-3.753685e-08
2	   -4.045873		9.995579e-19	-0.001087473
3	    1.069712		6.322565e-14	6.352835e-08

curvature[0][0] =      65.9429

curvature[1][0] =   -0.4001908 	 = curvature[0][1]
curvature[1][1] =    0.1971585

curvature[2][0] =   -0.3558271 	 = curvature[0][2]
curvature[2][1] =   -0.3039793 	 = curvature[1][2]
curvature[2][2] =    0.2921305

curvature[3][0] =     1.338272 	 = curvature[0][3]
curvature[3][1] = 2.060456e-06 	 = curvature[1][3]
curvature[3][2] =     1.016514 	 = curvature[2][3]
curvature[3][3] =     2.219031



 P_TEMP_TOO_SMALL exit_status = 1
current_user_parameter_temp[2] too small = 9.995579e-19
 Locate_Cost = 5, calculating curvatures while exiting asa ()
final_cost = best_generated_state->cost = 3.540075e-07
*number_accepted at best_generated_state->cost = 420
*number_generated at best_generated_state->cost = 2569



