This file contains any messages produced by compilers while
running configure, to aid debugging if configure makes a mistake.

It was created by WCPG_API configure 0.9, which was
generated by GNU Autoconf 2.69.  Invocation command line was

  $ ./configure --no-create --no-recursion

## --------- ##
## Platform. ##
## --------- ##

hostname = postekruithof
uname -m = x86_64
uname -r = 3.16.0-4-amd64
uname -s = Linux
uname -v = #1 SMP Debian 3.16.7-ckt11-1+deb8u5 (2015-10-09)

/usr/bin/uname -p = unknown
/bin/uname -X     = unknown

/bin/arch              = unknown
/usr/bin/arch -k       = unknown
/usr/convex/getsysinfo = unknown
/usr/bin/hostinfo      = unknown
/bin/machine           = unknown
/usr/bin/oslevel       = unknown
/bin/universe          = unknown

PATH: /usr/local/bin
PATH: /usr/bin
PATH: /bin
PATH: /usr/local/games
PATH: /usr/games


## ----------- ##
## Core tests. ##
## ----------- ##

configure:2689: checking for a BSD-compatible install
configure:2757: result: /usr/bin/install -c
configure:2768: checking whether build environment is sane
configure:2823: result: yes
configure:2974: checking for a thread-safe mkdir -p
configure:3013: result: /bin/mkdir -p
configure:3020: checking for gawk
configure:3050: result: no
configure:3020: checking for mawk
configure:3036: found /usr/bin/mawk
configure:3047: result: mawk
configure:3058: checking whether make sets $(MAKE)
configure:3080: result: yes
configure:3109: checking whether make supports nested variables
configure:3126: result: yes
configure:3295: checking for gcc
configure:3311: found /usr/bin/gcc
configure:3322: result: gcc
configure:3551: checking for C compiler version
configure:3560: gcc --version >&5
gcc (Debian 4.9.2-10) 4.9.2
Copyright (C) 2014 Free Software Foundation, Inc.
This is free software; see the source for copying conditions.  There is NO
warranty; not even for MERCHANTABILITY or FITNESS FOR A PARTICULAR PURPOSE.

configure:3571: $? = 0
configure:3560: gcc -v >&5
Using built-in specs.
COLLECT_GCC=gcc
COLLECT_LTO_WRAPPER=/usr/lib/gcc/x86_64-linux-gnu/4.9/lto-wrapper
Target: x86_64-linux-gnu
Configured with: ../src/configure -v --with-pkgversion='Debian 4.9.2-10' --with-bugurl=file:///usr/share/doc/gcc-4.9/README.Bugs --enable-languages=c,c++,java,go,d,fortran,objc,obj-c++ --prefix=/usr --program-suffix=-4.9 --enable-shared --enable-linker-build-id --libexecdir=/usr/lib --without-included-gettext --enable-threads=posix --with-gxx-include-dir=/usr/include/c++/4.9 --libdir=/usr/lib --enable-nls --with-sysroot=/ --enable-clocale=gnu --enable-libstdcxx-debug --enable-libstdcxx-time=yes --enable-gnu-unique-object --disable-vtable-verify --enable-plugin --with-system-zlib --disable-browser-plugin --enable-java-awt=gtk --enable-gtk-cairo --with-java-home=/usr/lib/jvm/java-1.5.0-gcj-4.9-amd64/jre --enable-java-home --with-jvm-root-dir=/usr/lib/jvm/java-1.5.0-gcj-4.9-amd64 --with-jvm-jar-dir=/usr/lib/jvm-exports/java-1.5.0-gcj-4.9-amd64 --with-arch-directory=amd64 --with-ecj-jar=/usr/share/java/eclipse-ecj.jar --enable-objc-gc --enable-multiarch --with-arch-32=i586 --with-abi=m64 --with-multilib-list=m32,m64,mx32 --enable-multilib --with-tune=generic --enable-checking=release --build=x86_64-linux-gnu --host=x86_64-linux-gnu --target=x86_64-linux-gnu
Thread model: posix
gcc version 4.9.2 (Debian 4.9.2-10) 
configure:3571: $? = 0
configure:3560: gcc -V >&5
gcc: error: unrecognized command line option '-V'
gcc: fatal error: no input files
compilation terminated.
configure:3571: $? = 4
configure:3560: gcc -qversion >&5
gcc: error: unrecognized command line option '-qversion'
gcc: fatal error: no input files
compilation terminated.
configure:3571: $? = 4
configure:3591: checking whether the C compiler works
configure:3613: gcc    conftest.c  >&5
configure:3617: $? = 0
configure:3665: result: yes
configure:3668: checking for C compiler default output file name
configure:3670: result: a.out
configure:3676: checking for suffix of executables
configure:3683: gcc -o conftest    conftest.c  >&5
configure:3687: $? = 0
configure:3709: result: 
configure:3731: checking whether we are cross compiling
configure:3739: gcc -o conftest    conftest.c  >&5
configure:3743: $? = 0
configure:3750: ./conftest
configure:3754: $? = 0
configure:3769: result: no
configure:3774: checking for suffix of object files
configure:3796: gcc -c   conftest.c >&5
configure:3800: $? = 0
configure:3821: result: o
configure:3825: checking whether we are using the GNU C compiler
configure:3844: gcc -c   conftest.c >&5
configure:3844: $? = 0
configure:3853: result: yes
configure:3862: checking whether gcc accepts -g
configure:3882: gcc -c -g  conftest.c >&5
configure:3882: $? = 0
configure:3923: result: yes
configure:3940: checking for gcc option to accept ISO C89
configure:4003: gcc  -c -g -O2  conftest.c >&5
configure:4003: $? = 0
configure:4016: result: none needed
configure:4041: checking whether gcc understands -c and -o together
configure:4063: gcc -c conftest.c -o conftest2.o
configure:4066: $? = 0
configure:4063: gcc -c conftest.c -o conftest2.o
configure:4066: $? = 0
configure:4078: result: yes
configure:4106: checking for style of include used by make
configure:4134: result: GNU
configure:4160: checking dependency style of gcc
configure:4271: result: gcc3
configure:4344: checking for g++
configure:4360: found /usr/bin/g++
configure:4371: result: g++
configure:4398: checking for C++ compiler version
configure:4407: g++ --version >&5
g++ (Debian 4.9.2-10) 4.9.2
Copyright (C) 2014 Free Software Foundation, Inc.
This is free software; see the source for copying conditions.  There is NO
warranty; not even for MERCHANTABILITY or FITNESS FOR A PARTICULAR PURPOSE.

configure:4418: $? = 0
configure:4407: g++ -v >&5
Using built-in specs.
COLLECT_GCC=g++
COLLECT_LTO_WRAPPER=/usr/lib/gcc/x86_64-linux-gnu/4.9/lto-wrapper
Target: x86_64-linux-gnu
Configured with: ../src/configure -v --with-pkgversion='Debian 4.9.2-10' --with-bugurl=file:///usr/share/doc/gcc-4.9/README.Bugs --enable-languages=c,c++,java,go,d,fortran,objc,obj-c++ --prefix=/usr --program-suffix=-4.9 --enable-shared --enable-linker-build-id --libexecdir=/usr/lib --without-included-gettext --enable-threads=posix --with-gxx-include-dir=/usr/include/c++/4.9 --libdir=/usr/lib --enable-nls --with-sysroot=/ --enable-clocale=gnu --enable-libstdcxx-debug --enable-libstdcxx-time=yes --enable-gnu-unique-object --disable-vtable-verify --enable-plugin --with-system-zlib --disable-browser-plugin --enable-java-awt=gtk --enable-gtk-cairo --with-java-home=/usr/lib/jvm/java-1.5.0-gcj-4.9-amd64/jre --enable-java-home --with-jvm-root-dir=/usr/lib/jvm/java-1.5.0-gcj-4.9-amd64 --with-jvm-jar-dir=/usr/lib/jvm-exports/java-1.5.0-gcj-4.9-amd64 --with-arch-directory=amd64 --with-ecj-jar=/usr/share/java/eclipse-ecj.jar --enable-objc-gc --enable-multiarch --with-arch-32=i586 --with-abi=m64 --with-multilib-list=m32,m64,mx32 --enable-multilib --with-tune=generic --enable-checking=release --build=x86_64-linux-gnu --host=x86_64-linux-gnu --target=x86_64-linux-gnu
Thread model: posix
gcc version 4.9.2 (Debian 4.9.2-10) 
configure:4418: $? = 0
configure:4407: g++ -V >&5
g++: error: unrecognized command line option '-V'
g++: fatal error: no input files
compilation terminated.
configure:4418: $? = 4
configure:4407: g++ -qversion >&5
g++: error: unrecognized command line option '-qversion'
g++: fatal error: no input files
compilation terminated.
configure:4418: $? = 4
configure:4422: checking whether we are using the GNU C++ compiler
configure:4441: g++ -c   conftest.cpp >&5
configure:4441: $? = 0
configure:4450: result: yes
configure:4459: checking whether g++ accepts -g
configure:4479: g++ -c -g  conftest.cpp >&5
configure:4479: $? = 0
configure:4520: result: yes
configure:4545: checking dependency style of g++
configure:4656: result: gcc3
configure:4700: checking build system type
configure:4714: result: x86_64-unknown-linux-gnu
configure:4734: checking host system type
configure:4747: result: x86_64-unknown-linux-gnu
configure:4788: checking how to print strings
configure:4815: result: printf
configure:4836: checking for a sed that does not truncate output
configure:4900: result: /bin/sed
configure:4918: checking for grep that handles long lines and -e
configure:4976: result: /bin/grep
configure:4981: checking for egrep
configure:5043: result: /bin/grep -E
configure:5048: checking for fgrep
configure:5110: result: /bin/grep -F
configure:5145: checking for ld used by gcc
configure:5212: result: /usr/bin/ld
configure:5219: checking if the linker (/usr/bin/ld) is GNU ld
configure:5234: result: yes
configure:5246: checking for BSD- or MS-compatible name lister (nm)
configure:5295: result: /usr/bin/nm -B
configure:5425: checking the name lister (/usr/bin/nm -B) interface
configure:5432: gcc -c -g -O2  conftest.c >&5
configure:5435: /usr/bin/nm -B "conftest.o"
configure:5438: output
0000000000000000 B some_variable
configure:5445: result: BSD nm
configure:5448: checking whether ln -s works
configure:5452: result: yes
configure:5460: checking the maximum length of command line arguments
configure:5591: result: 1572864
configure:5608: checking whether the shell understands some XSI constructs
configure:5618: result: yes
configure:5622: checking whether the shell understands "+="
configure:5628: result: yes
configure:5663: checking how to convert x86_64-unknown-linux-gnu file names to x86_64-unknown-linux-gnu format
configure:5703: result: func_convert_file_noop
configure:5710: checking how to convert x86_64-unknown-linux-gnu file names to toolchain format
configure:5730: result: func_convert_file_noop
configure:5737: checking for /usr/bin/ld option to reload object files
configure:5744: result: -r
configure:5818: checking for objdump
configure:5834: found /usr/bin/objdump
configure:5845: result: objdump
configure:5877: checking how to recognize dependent libraries
configure:6075: result: pass_all
configure:6160: checking for dlltool
configure:6190: result: no
configure:6220: checking how to associate runtime and link libraries
configure:6247: result: printf %s\n
configure:6308: checking for ar
configure:6324: found /usr/bin/ar
configure:6335: result: ar
configure:6372: checking for archiver @FILE support
configure:6389: gcc -c -g -O2  conftest.c >&5
configure:6389: $? = 0
configure:6392: ar cru libconftest.a @conftest.lst >&5
configure:6395: $? = 0
configure:6400: ar cru libconftest.a @conftest.lst >&5
ar: conftest.o: No such file or directory
configure:6403: $? = 1
configure:6415: result: @
configure:6473: checking for strip
configure:6489: found /usr/bin/strip
configure:6500: result: strip
configure:6572: checking for ranlib
configure:6588: found /usr/bin/ranlib
configure:6599: result: ranlib
configure:6701: checking command to parse /usr/bin/nm -B output from gcc object
configure:6821: gcc -c -g -O2  conftest.c >&5
configure:6824: $? = 0
configure:6828: /usr/bin/nm -B conftest.o \| sed -n -e 's/^.*[ ]\([ABCDGIRSTW][ABCDGIRSTW]*\)[ ][ ]*\([_A-Za-z][_A-Za-z0-9]*\)$/\1 \2 \2/p' | sed '/ __gnu_lto/d' \> conftest.nm
configure:6831: $? = 0
configure:6897: gcc -o conftest -g -O2   conftest.c conftstm.o >&5
configure:6900: $? = 0
configure:6938: result: ok
configure:6975: checking for sysroot
configure:7005: result: no
configure:7082: gcc -c -g -O2  conftest.c >&5
configure:7085: $? = 0
configure:7274: checking for mt
configure:7290: found /bin/mt
configure:7301: result: mt
configure:7324: checking if mt is a manifest tool
configure:7330: mt '-?'
configure:7338: result: no
configure:7980: checking how to run the C preprocessor
configure:8011: gcc -E  conftest.c
configure:8011: $? = 0
configure:8025: gcc -E  conftest.c
conftest.c:9:28: fatal error: ac_nonexistent.h: No such file or directory
 #include <ac_nonexistent.h>
                            ^
compilation terminated.
configure:8025: $? = 1
configure: failed program was:
| /* confdefs.h */
| #define PACKAGE_NAME "WCPG_API"
| #define PACKAGE_TARNAME "wcpg_api"
| #define PACKAGE_VERSION "0.9"
| #define PACKAGE_STRING "WCPG_API 0.9"
| #define PACKAGE_BUGREPORT "email@address.com"
| #define PACKAGE_URL ""
| /* end confdefs.h.  */
| #include <ac_nonexistent.h>
configure:8050: result: gcc -E
configure:8070: gcc -E  conftest.c
configure:8070: $? = 0
configure:8084: gcc -E  conftest.c
conftest.c:9:28: fatal error: ac_nonexistent.h: No such file or directory
 #include <ac_nonexistent.h>
                            ^
compilation terminated.
configure:8084: $? = 1
configure: failed program was:
| /* confdefs.h */
| #define PACKAGE_NAME "WCPG_API"
| #define PACKAGE_TARNAME "wcpg_api"
| #define PACKAGE_VERSION "0.9"
| #define PACKAGE_STRING "WCPG_API 0.9"
| #define PACKAGE_BUGREPORT "email@address.com"
| #define PACKAGE_URL ""
| /* end confdefs.h.  */
| #include <ac_nonexistent.h>
configure:8113: checking for ANSI C header files
configure:8133: gcc -c -g -O2  conftest.c >&5
configure:8133: $? = 0
configure:8206: gcc -o conftest -g -O2   conftest.c  >&5
configure:8206: $? = 0
configure:8206: ./conftest
configure:8206: $? = 0
configure:8217: result: yes
configure:8230: checking for sys/types.h
configure:8230: gcc -c -g -O2  conftest.c >&5
configure:8230: $? = 0
configure:8230: result: yes
configure:8230: checking for sys/stat.h
configure:8230: gcc -c -g -O2  conftest.c >&5
configure:8230: $? = 0
configure:8230: result: yes
configure:8230: checking for stdlib.h
configure:8230: gcc -c -g -O2  conftest.c >&5
configure:8230: $? = 0
configure:8230: result: yes
configure:8230: checking for string.h
configure:8230: gcc -c -g -O2  conftest.c >&5
configure:8230: $? = 0
configure:8230: result: yes
configure:8230: checking for memory.h
configure:8230: gcc -c -g -O2  conftest.c >&5
configure:8230: $? = 0
configure:8230: result: yes
configure:8230: checking for strings.h
configure:8230: gcc -c -g -O2  conftest.c >&5
configure:8230: $? = 0
configure:8230: result: yes
configure:8230: checking for inttypes.h
configure:8230: gcc -c -g -O2  conftest.c >&5
configure:8230: $? = 0
configure:8230: result: yes
configure:8230: checking for stdint.h
configure:8230: gcc -c -g -O2  conftest.c >&5
configure:8230: $? = 0
configure:8230: result: yes
configure:8230: checking for unistd.h
configure:8230: gcc -c -g -O2  conftest.c >&5
configure:8230: $? = 0
configure:8230: result: yes
configure:8244: checking for dlfcn.h
configure:8244: gcc -c -g -O2  conftest.c >&5
configure:8244: $? = 0
configure:8244: result: yes
configure:8461: checking for objdir
configure:8476: result: .libs
configure:8747: checking if gcc supports -fno-rtti -fno-exceptions
configure:8765: gcc -c -g -O2  -fno-rtti -fno-exceptions conftest.c >&5
cc1: warning: command line option '-fno-rtti' is valid for C++/ObjC++ but not for C
configure:8769: $? = 0
configure:8782: result: no
configure:9109: checking for gcc option to produce PIC
configure:9116: result: -fPIC -DPIC
configure:9124: checking if gcc PIC flag -fPIC -DPIC works
configure:9142: gcc -c -g -O2  -fPIC -DPIC -DPIC conftest.c >&5
configure:9146: $? = 0
configure:9159: result: yes
configure:9188: checking if gcc static flag -static works
configure:9216: result: yes
configure:9231: checking if gcc supports -c -o file.o
configure:9252: gcc -c -g -O2  -o out/conftest2.o conftest.c >&5
configure:9256: $? = 0
configure:9278: result: yes
configure:9286: checking if gcc supports -c -o file.o
configure:9333: result: yes
configure:9366: checking whether the gcc linker (/usr/bin/ld -m elf_x86_64) supports shared libraries
configure:10523: result: yes
configure:10560: checking whether -lc should be explicitly linked in
configure:10568: gcc -c -g -O2  conftest.c >&5
configure:10571: $? = 0
configure:10586: gcc -shared  -fPIC -DPIC conftest.o  -v -Wl,-soname -Wl,conftest -o conftest 2\>\&1 \| /bin/grep  -lc  \>/dev/null 2\>\&1
configure:10589: $? = 0
configure:10603: result: no
configure:10763: checking dynamic linker characteristics
configure:11263: gcc -o conftest -g -O2   -Wl,-rpath -Wl,/foo conftest.c  >&5
configure:11263: $? = 0
configure:11497: result: GNU/Linux ld.so
configure:11604: checking how to hardcode library paths into programs
configure:11629: result: immediate
configure:12169: checking whether stripping libraries is possible
configure:12174: result: yes
configure:12209: checking if libtool supports shared libraries
configure:12211: result: yes
configure:12214: checking whether to build shared libraries
configure:12235: result: yes
configure:12238: checking whether to build static libraries
configure:12242: result: yes
configure:12265: checking how to run the C++ preprocessor
configure:12292: g++ -E  conftest.cpp
configure:12292: $? = 0
configure:12306: g++ -E  conftest.cpp
conftest.cpp:21:28: fatal error: ac_nonexistent.h: No such file or directory
 #include <ac_nonexistent.h>
                            ^
compilation terminated.
configure:12306: $? = 1
configure: failed program was:
| /* confdefs.h */
| #define PACKAGE_NAME "WCPG_API"
| #define PACKAGE_TARNAME "wcpg_api"
| #define PACKAGE_VERSION "0.9"
| #define PACKAGE_STRING "WCPG_API 0.9"
| #define PACKAGE_BUGREPORT "email@address.com"
| #define PACKAGE_URL ""
| #define STDC_HEADERS 1
| #define HAVE_SYS_TYPES_H 1
| #define HAVE_SYS_STAT_H 1
| #define HAVE_STDLIB_H 1
| #define HAVE_STRING_H 1
| #define HAVE_MEMORY_H 1
| #define HAVE_STRINGS_H 1
| #define HAVE_INTTYPES_H 1
| #define HAVE_STDINT_H 1
| #define HAVE_UNISTD_H 1
| #define HAVE_DLFCN_H 1
| #define LT_OBJDIR ".libs/"
| /* end confdefs.h.  */
| #include <ac_nonexistent.h>
configure:12331: result: g++ -E
configure:12351: g++ -E  conftest.cpp
configure:12351: $? = 0
configure:12365: g++ -E  conftest.cpp
conftest.cpp:21:28: fatal error: ac_nonexistent.h: No such file or directory
 #include <ac_nonexistent.h>
                            ^
compilation terminated.
configure:12365: $? = 1
configure: failed program was:
| /* confdefs.h */
| #define PACKAGE_NAME "WCPG_API"
| #define PACKAGE_TARNAME "wcpg_api"
| #define PACKAGE_VERSION "0.9"
| #define PACKAGE_STRING "WCPG_API 0.9"
| #define PACKAGE_BUGREPORT "email@address.com"
| #define PACKAGE_URL ""
| #define STDC_HEADERS 1
| #define HAVE_SYS_TYPES_H 1
| #define HAVE_SYS_STAT_H 1
| #define HAVE_STDLIB_H 1
| #define HAVE_STRING_H 1
| #define HAVE_MEMORY_H 1
| #define HAVE_STRINGS_H 1
| #define HAVE_INTTYPES_H 1
| #define HAVE_STDINT_H 1
| #define HAVE_UNISTD_H 1
| #define HAVE_DLFCN_H 1
| #define LT_OBJDIR ".libs/"
| /* end confdefs.h.  */
| #include <ac_nonexistent.h>
configure:12534: checking for ld used by g++
configure:12601: result: /usr/bin/ld -m elf_x86_64
configure:12608: checking if the linker (/usr/bin/ld -m elf_x86_64) is GNU ld
configure:12623: result: yes
configure:12678: checking whether the g++ linker (/usr/bin/ld -m elf_x86_64) supports shared libraries
configure:13680: result: yes
configure:13716: g++ -c -g -O2  conftest.cpp >&5
configure:13719: $? = 0
configure:14239: checking for g++ option to produce PIC
configure:14246: result: -fPIC -DPIC
configure:14254: checking if g++ PIC flag -fPIC -DPIC works
configure:14272: g++ -c -g -O2  -fPIC -DPIC -DPIC conftest.cpp >&5
configure:14276: $? = 0
configure:14289: result: yes
configure:14312: checking if g++ static flag -static works
configure:14340: result: yes
configure:14352: checking if g++ supports -c -o file.o
configure:14373: g++ -c -g -O2  -o out/conftest2.o conftest.cpp >&5
configure:14377: $? = 0
configure:14399: result: yes
configure:14404: checking if g++ supports -c -o file.o
configure:14451: result: yes
configure:14481: checking whether the g++ linker (/usr/bin/ld -m elf_x86_64) supports shared libraries
configure:14520: result: yes
configure:14661: checking dynamic linker characteristics
configure:15329: result: GNU/Linux ld.so
configure:15382: checking how to hardcode library paths into programs
configure:15407: result: immediate
configure:15521: checking for g77
configure:15551: result: no
configure:15521: checking for xlf
configure:15551: result: no
configure:15521: checking for f77
configure:15537: found /usr/bin/f77
configure:15548: result: f77
configure:15574: checking for Fortran 77 compiler version
configure:15583: f77 --version >&5
GNU Fortran (Debian 4.9.2-10) 4.9.2
Copyright (C) 2014 Free Software Foundation, Inc.

GNU Fortran comes with NO WARRANTY, to the extent permitted by law.
You may redistribute copies of GNU Fortran
under the terms of the GNU General Public License.
For more information about these matters, see the file named COPYING

configure:15594: $? = 0
configure:15583: f77 -v >&5
Using built-in specs.
COLLECT_GCC=f77
COLLECT_LTO_WRAPPER=/usr/lib/gcc/x86_64-linux-gnu/4.9/lto-wrapper
Target: x86_64-linux-gnu
Configured with: ../src/configure -v --with-pkgversion='Debian 4.9.2-10' --with-bugurl=file:///usr/share/doc/gcc-4.9/README.Bugs --enable-languages=c,c++,java,go,d,fortran,objc,obj-c++ --prefix=/usr --program-suffix=-4.9 --enable-shared --enable-linker-build-id --libexecdir=/usr/lib --without-included-gettext --enable-threads=posix --with-gxx-include-dir=/usr/include/c++/4.9 --libdir=/usr/lib --enable-nls --with-sysroot=/ --enable-clocale=gnu --enable-libstdcxx-debug --enable-libstdcxx-time=yes --enable-gnu-unique-object --disable-vtable-verify --enable-plugin --with-system-zlib --disable-browser-plugin --enable-java-awt=gtk --enable-gtk-cairo --with-java-home=/usr/lib/jvm/java-1.5.0-gcj-4.9-amd64/jre --enable-java-home --with-jvm-root-dir=/usr/lib/jvm/java-1.5.0-gcj-4.9-amd64 --with-jvm-jar-dir=/usr/lib/jvm-exports/java-1.5.0-gcj-4.9-amd64 --with-arch-directory=amd64 --with-ecj-jar=/usr/share/java/eclipse-ecj.jar --enable-objc-gc --enable-multiarch --with-arch-32=i586 --with-abi=m64 --with-multilib-list=m32,m64,mx32 --enable-multilib --with-tune=generic --enable-checking=release --build=x86_64-linux-gnu --host=x86_64-linux-gnu --target=x86_64-linux-gnu
Thread model: posix
gcc version 4.9.2 (Debian 4.9.2-10) 
configure:15594: $? = 0
configure:15583: f77 -V >&5
f77: error: unrecognized command line option '-V'
f77: fatal error: no input files
compilation terminated.
configure:15594: $? = 4
configure:15583: f77 -qversion >&5
f77: error: unrecognized command line option '-qversion'
f77: fatal error: no input files
compilation terminated.
configure:15594: $? = 4
configure:15603: checking whether we are using the GNU Fortran 77 compiler
configure:15616: f77 -c  conftest.F >&5
configure:15616: $? = 0
configure:15625: result: yes
configure:15631: checking whether f77 accepts -g
configure:15642: f77 -c -g conftest.f >&5
configure:15642: $? = 0
configure:15650: result: yes
configure:15786: checking if libtool supports shared libraries
configure:15788: result: yes
configure:15791: checking whether to build shared libraries
configure:15811: result: yes
configure:15814: checking whether to build static libraries
configure:15818: result: yes
configure:16139: checking for f77 option to produce PIC
configure:16146: result: -fPIC
configure:16154: checking if f77 PIC flag -fPIC works
configure:16172: f77 -c -g -O2 -fPIC conftest.f >&5
configure:16176: $? = 0
configure:16189: result: yes
configure:16212: checking if f77 static flag -static works
configure:16240: result: yes
configure:16252: checking if f77 supports -c -o file.o
configure:16273: f77 -c -g -O2 -o out/conftest2.o conftest.f >&5
configure:16277: $? = 0
configure:16299: result: yes
configure:16304: checking if f77 supports -c -o file.o
configure:16351: result: yes
configure:16381: checking whether the f77 linker (/usr/bin/ld -m elf_x86_64) supports shared libraries
configure:17488: result: yes
configure:17629: checking dynamic linker characteristics
configure:18291: result: GNU/Linux ld.so
configure:18344: checking how to hardcode library paths into programs
configure:18369: result: immediate
configure:18523: checking for stdbool.h that conforms to C99
configure:18590: gcc -c  -g -O2   conftest.c >&5
configure:18590: $? = 0
configure:18597: result: yes
configure:18599: checking for _Bool
configure:18599: gcc -c  -g -O2   conftest.c >&5
configure:18599: $? = 0
configure:18599: gcc -c  -g -O2   conftest.c >&5
conftest.c: In function 'main':
conftest.c:57:20: error: expected expression before ')' token
 if (sizeof ((_Bool)))
                    ^
configure:18599: $? = 1
configure: failed program was:
| /* confdefs.h */
| #define PACKAGE_NAME "WCPG_API"
| #define PACKAGE_TARNAME "wcpg_api"
| #define PACKAGE_VERSION "0.9"
| #define PACKAGE_STRING "WCPG_API 0.9"
| #define PACKAGE_BUGREPORT "email@address.com"
| #define PACKAGE_URL ""
| #define STDC_HEADERS 1
| #define HAVE_SYS_TYPES_H 1
| #define HAVE_SYS_STAT_H 1
| #define HAVE_STDLIB_H 1
| #define HAVE_STRING_H 1
| #define HAVE_MEMORY_H 1
| #define HAVE_STRINGS_H 1
| #define HAVE_INTTYPES_H 1
| #define HAVE_STDINT_H 1
| #define HAVE_UNISTD_H 1
| #define HAVE_DLFCN_H 1
| #define LT_OBJDIR ".libs/"
| /* end confdefs.h.  */
| #include <stdio.h>
| #ifdef HAVE_SYS_TYPES_H
| # include <sys/types.h>
| #endif
| #ifdef HAVE_SYS_STAT_H
| # include <sys/stat.h>
| #endif
| #ifdef STDC_HEADERS
| # include <stdlib.h>
| # include <stddef.h>
| #else
| # ifdef HAVE_STDLIB_H
| #  include <stdlib.h>
| # endif
| #endif
| #ifdef HAVE_STRING_H
| # if !defined STDC_HEADERS && defined HAVE_MEMORY_H
| #  include <memory.h>
| # endif
| # include <string.h>
| #endif
| #ifdef HAVE_STRINGS_H
| # include <strings.h>
| #endif
| #ifdef HAVE_INTTYPES_H
| # include <inttypes.h>
| #endif
| #ifdef HAVE_STDINT_H
| # include <stdint.h>
| #endif
| #ifdef HAVE_UNISTD_H
| # include <unistd.h>
| #endif
| int
| main ()
| {
| if (sizeof ((_Bool)))
| 	    return 0;
|   ;
|   return 0;
| }
configure:18599: result: yes
configure:18613: checking stding.h usability
configure:18613: gcc -c  -g -O2   conftest.c >&5
conftest.c:55:20: fatal error: stding.h: No such file or directory
 #include <stding.h>
                    ^
compilation terminated.
configure:18613: $? = 1
configure: failed program was:
| /* confdefs.h */
| #define PACKAGE_NAME "WCPG_API"
| #define PACKAGE_TARNAME "wcpg_api"
| #define PACKAGE_VERSION "0.9"
| #define PACKAGE_STRING "WCPG_API 0.9"
| #define PACKAGE_BUGREPORT "email@address.com"
| #define PACKAGE_URL ""
| #define STDC_HEADERS 1
| #define HAVE_SYS_TYPES_H 1
| #define HAVE_SYS_STAT_H 1
| #define HAVE_STDLIB_H 1
| #define HAVE_STRING_H 1
| #define HAVE_MEMORY_H 1
| #define HAVE_STRINGS_H 1
| #define HAVE_INTTYPES_H 1
| #define HAVE_STDINT_H 1
| #define HAVE_UNISTD_H 1
| #define HAVE_DLFCN_H 1
| #define LT_OBJDIR ".libs/"
| #define HAVE__BOOL 1
| /* end confdefs.h.  */
| #include <stdio.h>
| #ifdef HAVE_SYS_TYPES_H
| # include <sys/types.h>
| #endif
| #ifdef HAVE_SYS_STAT_H
| # include <sys/stat.h>
| #endif
| #ifdef STDC_HEADERS
| # include <stdlib.h>
| # include <stddef.h>
| #else
| # ifdef HAVE_STDLIB_H
| #  include <stdlib.h>
| # endif
| #endif
| #ifdef HAVE_STRING_H
| # if !defined STDC_HEADERS && defined HAVE_MEMORY_H
| #  include <memory.h>
| # endif
| # include <string.h>
| #endif
| #ifdef HAVE_STRINGS_H
| # include <strings.h>
| #endif
| #ifdef HAVE_INTTYPES_H
| # include <inttypes.h>
| #endif
| #ifdef HAVE_STDINT_H
| # include <stdint.h>
| #endif
| #ifdef HAVE_UNISTD_H
| # include <unistd.h>
| #endif
| #include <stding.h>
configure:18613: result: no
configure:18613: checking stding.h presence
configure:18613: gcc -E   conftest.c
conftest.c:22:20: fatal error: stding.h: No such file or directory
 #include <stding.h>
                    ^
compilation terminated.
configure:18613: $? = 1
configure: failed program was:
| /* confdefs.h */
| #define PACKAGE_NAME "WCPG_API"
| #define PACKAGE_TARNAME "wcpg_api"
| #define PACKAGE_VERSION "0.9"
| #define PACKAGE_STRING "WCPG_API 0.9"
| #define PACKAGE_BUGREPORT "email@address.com"
| #define PACKAGE_URL ""
| #define STDC_HEADERS 1
| #define HAVE_SYS_TYPES_H 1
| #define HAVE_SYS_STAT_H 1
| #define HAVE_STDLIB_H 1
| #define HAVE_STRING_H 1
| #define HAVE_MEMORY_H 1
| #define HAVE_STRINGS_H 1
| #define HAVE_INTTYPES_H 1
| #define HAVE_STDINT_H 1
| #define HAVE_UNISTD_H 1
| #define HAVE_DLFCN_H 1
| #define LT_OBJDIR ".libs/"
| #define HAVE__BOOL 1
| /* end confdefs.h.  */
| #include <stding.h>
configure:18613: result: no
configure:18613: checking for stding.h
configure:18613: result: no
configure:18613: checking float.h usability
configure:18613: gcc -c  -g -O2   conftest.c >&5
configure:18613: $? = 0
configure:18613: result: yes
configure:18613: checking float.h presence
configure:18613: gcc -E   conftest.c
configure:18613: $? = 0
configure:18613: result: yes
configure:18613: checking for float.h
configure:18613: result: yes
configure:18613: checking sys/time.h usability
configure:18613: gcc -c  -g -O2   conftest.c >&5
configure:18613: $? = 0
configure:18613: result: yes
configure:18613: checking sys/time.h presence
configure:18613: gcc -E   conftest.c
configure:18613: $? = 0
configure:18613: result: yes
configure:18613: checking for sys/time.h
configure:18613: result: yes
configure:18625: checking f2c.h usability
configure:18625: gcc -c  -g -O2   conftest.c >&5
configure:18625: $? = 0
configure:18625: result: yes
configure:18625: checking f2c.h presence
configure:18625: gcc -E   conftest.c
configure:18625: $? = 0
configure:18625: result: yes
configure:18625: checking for f2c.h
configure:18625: result: yes
configure:18641: checking mpfr.h usability
configure:18641: gcc -c  -g -O2   conftest.c >&5
configure:18641: $? = 0
configure:18641: result: yes
configure:18641: checking mpfr.h presence
configure:18641: gcc -E   conftest.c
configure:18641: $? = 0
configure:18641: result: yes
configure:18641: checking for mpfr.h
configure:18641: result: yes
configure:18655: checking mpfi.h usability
configure:18655: gcc -c  -g -O2   conftest.c >&5
configure:18655: $? = 0
configure:18655: result: yes
configure:18655: checking mpfi.h presence
configure:18655: gcc -E   conftest.c
configure:18655: $? = 0
configure:18655: result: yes
configure:18655: checking for mpfi.h
configure:18655: result: yes
configure:18669: checking mpfi_io.h usability
configure:18669: gcc -c  -g -O2   conftest.c >&5
configure:18669: $? = 0
configure:18669: result: yes
configure:18669: checking mpfi_io.h presence
configure:18669: gcc -E   conftest.c
configure:18669: $? = 0
configure:18669: result: yes
configure:18669: checking for mpfi_io.h
configure:18669: result: yes
configure:18690: checking for blas.h
configure:18690: gcc -c  -g -O2   conftest.c >&5
conftest.c:34:18: fatal error: blas.h: No such file or directory
 #include <blas.h>
                  ^
compilation terminated.
configure:18690: $? = 1
configure: failed program was:
| /* confdefs.h */
| #define PACKAGE_NAME "WCPG_API"
| #define PACKAGE_TARNAME "wcpg_api"
| #define PACKAGE_VERSION "0.9"
| #define PACKAGE_STRING "WCPG_API 0.9"
| #define PACKAGE_BUGREPORT "email@address.com"
| #define PACKAGE_URL ""
| #define STDC_HEADERS 1
| #define HAVE_SYS_TYPES_H 1
| #define HAVE_SYS_STAT_H 1
| #define HAVE_STDLIB_H 1
| #define HAVE_STRING_H 1
| #define HAVE_MEMORY_H 1
| #define HAVE_STRINGS_H 1
| #define HAVE_INTTYPES_H 1
| #define HAVE_STDINT_H 1
| #define HAVE_UNISTD_H 1
| #define HAVE_DLFCN_H 1
| #define LT_OBJDIR ".libs/"
| #define HAVE__BOOL 1
| #define HAVE_FLOAT_H 1
| #define HAVE_SYS_TIME_H 1
| #define HAVE_F2C_H 1
| #define F2C_HEADER 1
| #define HAVE_MPFR_H 1
| #define HAVE_MPFI_H 1
| #define HAVE_MPFI_IO_H 1
| /* end confdefs.h.  */
| #ifdef HAVE_F2C_H
|      # include <f2c.h>
|      #endif
| 
| 
| #include <blas.h>
configure:18690: result: no
configure:18718: checking for cblas.h
configure:18718: gcc -c  -g -O2   conftest.c >&5
configure:18718: $? = 0
configure:18718: result: yes
configure:18738: cblas.h found.
configure:18746: checking for blaswrap.h
configure:18746: gcc -c  -g -O2   conftest.c >&5
conftest.c:36:22: fatal error: blaswrap.h: No such file or directory
 #include <blaswrap.h>
                      ^
compilation terminated.
configure:18746: $? = 1
configure: failed program was:
| /* confdefs.h */
| #define PACKAGE_NAME "WCPG_API"
| #define PACKAGE_TARNAME "wcpg_api"
| #define PACKAGE_VERSION "0.9"
| #define PACKAGE_STRING "WCPG_API 0.9"
| #define PACKAGE_BUGREPORT "email@address.com"
| #define PACKAGE_URL ""
| #define STDC_HEADERS 1
| #define HAVE_SYS_TYPES_H 1
| #define HAVE_SYS_STAT_H 1
| #define HAVE_STDLIB_H 1
| #define HAVE_STRING_H 1
| #define HAVE_MEMORY_H 1
| #define HAVE_STRINGS_H 1
| #define HAVE_INTTYPES_H 1
| #define HAVE_STDINT_H 1
| #define HAVE_UNISTD_H 1
| #define HAVE_DLFCN_H 1
| #define LT_OBJDIR ".libs/"
| #define HAVE__BOOL 1
| #define HAVE_FLOAT_H 1
| #define HAVE_SYS_TIME_H 1
| #define HAVE_F2C_H 1
| #define F2C_HEADER 1
| #define HAVE_MPFR_H 1
| #define HAVE_MPFI_H 1
| #define HAVE_MPFI_IO_H 1
| #define HAVE_CBLAS_H 1
| #define CBLAS_HEADER 1
| /* end confdefs.h.  */
| #ifdef HAVE_F2C_H
|      # include <f2c.h>
|      #endif
| 
| 
| #include <blaswrap.h>
configure:18746: result: no
configure:18771: At least one blas header file was found.
configure:18786: checking for clapack.h
configure:18786: gcc -c  -g -O2   conftest.c >&5
conftest.c:37:21: fatal error: clapack.h: No such file or directory
 #include <clapack.h>
                     ^
compilation terminated.
configure:18786: $? = 1
configure: failed program was:
| /* confdefs.h */
| #define PACKAGE_NAME "WCPG_API"
| #define PACKAGE_TARNAME "wcpg_api"
| #define PACKAGE_VERSION "0.9"
| #define PACKAGE_STRING "WCPG_API 0.9"
| #define PACKAGE_BUGREPORT "email@address.com"
| #define PACKAGE_URL ""
| #define STDC_HEADERS 1
| #define HAVE_SYS_TYPES_H 1
| #define HAVE_SYS_STAT_H 1
| #define HAVE_STDLIB_H 1
| #define HAVE_STRING_H 1
| #define HAVE_MEMORY_H 1
| #define HAVE_STRINGS_H 1
| #define HAVE_INTTYPES_H 1
| #define HAVE_STDINT_H 1
| #define HAVE_UNISTD_H 1
| #define HAVE_DLFCN_H 1
| #define LT_OBJDIR ".libs/"
| #define HAVE__BOOL 1
| #define HAVE_FLOAT_H 1
| #define HAVE_SYS_TIME_H 1
| #define HAVE_F2C_H 1
| #define F2C_HEADER 1
| #define HAVE_MPFR_H 1
| #define HAVE_MPFI_H 1
| #define HAVE_MPFI_IO_H 1
| #define HAVE_CBLAS_H 1
| #define CBLAS_HEADER 1
| /* end confdefs.h.  */
| #ifdef HAVE_BLAS_H
|      # include <f2c.h>
|      # include <blas.h>
|   #endif
| 
| 
| #include <clapack.h>
configure:18786: result: no
configure:18816: checking for lapacke.h
configure:18816: gcc -c  -g -O2   conftest.c >&5
configure:18816: $? = 0
configure:18816: result: yes
configure:18837: lapacke.h found.
configure:18845: checking for lapack.h
configure:18845: gcc -c  -g -O2   conftest.c >&5
conftest.c:39:20: fatal error: lapack.h: No such file or directory
 #include <lapack.h>
                    ^
compilation terminated.
configure:18845: $? = 1
configure: failed program was:
| /* confdefs.h */
| #define PACKAGE_NAME "WCPG_API"
| #define PACKAGE_TARNAME "wcpg_api"
| #define PACKAGE_VERSION "0.9"
| #define PACKAGE_STRING "WCPG_API 0.9"
| #define PACKAGE_BUGREPORT "email@address.com"
| #define PACKAGE_URL ""
| #define STDC_HEADERS 1
| #define HAVE_SYS_TYPES_H 1
| #define HAVE_SYS_STAT_H 1
| #define HAVE_STDLIB_H 1
| #define HAVE_STRING_H 1
| #define HAVE_MEMORY_H 1
| #define HAVE_STRINGS_H 1
| #define HAVE_INTTYPES_H 1
| #define HAVE_STDINT_H 1
| #define HAVE_UNISTD_H 1
| #define HAVE_DLFCN_H 1
| #define LT_OBJDIR ".libs/"
| #define HAVE__BOOL 1
| #define HAVE_FLOAT_H 1
| #define HAVE_SYS_TIME_H 1
| #define HAVE_F2C_H 1
| #define F2C_HEADER 1
| #define HAVE_MPFR_H 1
| #define HAVE_MPFI_H 1
| #define HAVE_MPFI_IO_H 1
| #define HAVE_CBLAS_H 1
| #define CBLAS_HEADER 1
| #define HAVE_LAPACKE_H 1
| #define LAPACKE_HEADER 1
| /* end confdefs.h.  */
| #ifdef HAVE_BLAS_H
|      # include <f2c.h>
|      # include <blas.h>
|   #endif
| 
| 
| #include <lapack.h>
configure:18845: result: no
configure:18867: At least one lapack header file found.
configure:18877: checking for __gmpz_init in -lgmp
configure:18902: gcc -o conftest  -g -O2     conftest.c -lgmp   >&5
configure:18902: $? = 0
configure:18911: result: yes
configure:18919: checking for __gmpz_fac_ui in -lgmp
configure:18944: gcc -o conftest  -g -O2     conftest.c -lgmp   >&5
configure:18944: $? = 0
configure:18953: result: yes
configure:18961: checking for __gmpz_bin_uiui in -lgmp
configure:18986: gcc -o conftest  -g -O2     conftest.c -lgmp   >&5
configure:18986: $? = 0
configure:18995: result: yes
configure:19003: checking for __gmpz_export in -lgmp
configure:19028: gcc -o conftest  -g -O2     conftest.c -lgmp   >&5
configure:19028: $? = 0
configure:19037: result: yes
configure:19050: checking for mpfr_init in -lmpfr
configure:19075: gcc -o conftest  -g -O2     conftest.c -lmpfr  -lgmp  >&5
configure:19075: $? = 0
configure:19084: result: yes
configure:19092: checking for mpfr_erfc in -lmpfr
configure:19117: gcc -o conftest  -g -O2     conftest.c -lmpfr  -lgmp  >&5
configure:19117: $? = 0
configure:19126: result: yes
configure:19139: checking for mpfi_init in -lmpfi
configure:19164: gcc -o conftest  -g -O2     conftest.c -lmpfi  -lmpfr -lgmp  >&5
configure:19164: $? = 0
configure:19173: result: yes
configure:19190: checking for dgemv in -lblas
configure:19215: gcc -o conftest  -g -O2     conftest.c -lblas  -lmpfi -lmpfr -lgmp  >&5
/tmp/cc0su14r.o: In function `main':
/home/joa/git/fipogen/start/WCPG/Autotools/conftest.c:47: undefined reference to `dgemv'
collect2: error: ld returned 1 exit status
configure:19215: $? = 1
configure: failed program was:
| /* confdefs.h */
| #define PACKAGE_NAME "WCPG_API"
| #define PACKAGE_TARNAME "wcpg_api"
| #define PACKAGE_VERSION "0.9"
| #define PACKAGE_STRING "WCPG_API 0.9"
| #define PACKAGE_BUGREPORT "email@address.com"
| #define PACKAGE_URL ""
| #define STDC_HEADERS 1
| #define HAVE_SYS_TYPES_H 1
| #define HAVE_SYS_STAT_H 1
| #define HAVE_STDLIB_H 1
| #define HAVE_STRING_H 1
| #define HAVE_MEMORY_H 1
| #define HAVE_STRINGS_H 1
| #define HAVE_INTTYPES_H 1
| #define HAVE_STDINT_H 1
| #define HAVE_UNISTD_H 1
| #define HAVE_DLFCN_H 1
| #define LT_OBJDIR ".libs/"
| #define HAVE__BOOL 1
| #define HAVE_FLOAT_H 1
| #define HAVE_SYS_TIME_H 1
| #define HAVE_F2C_H 1
| #define F2C_HEADER 1
| #define HAVE_MPFR_H 1
| #define HAVE_MPFI_H 1
| #define HAVE_MPFI_IO_H 1
| #define HAVE_CBLAS_H 1
| #define CBLAS_HEADER 1
| #define HAVE_LAPACKE_H 1
| #define LAPACKE_HEADER 1
| #define HAVE_LIBGMP 1
| #define HAVE_LIBMPFR 1
| #define HAVE_LIBMPFI 1
| /* end confdefs.h.  */
| 
| /* Override any GCC internal prototype to avoid an error.
|    Use char because int might match the return type of a GCC
|    builtin and then its argument prototype would still apply.  */
| #ifdef __cplusplus
| extern "C"
| #endif
| char dgemv ();
| int
| main ()
| {
| return dgemv ();
|   ;
|   return 0;
| }
configure:19224: result: no
configure:19229: WARNING: Missing blas but maybe cblas is installed
configure:19233: checking for cblas_dgemv in -lblas
configure:19258: gcc -o conftest  -g -O2     conftest.c -lblas  -lmpfi -lmpfr -lgmp  >&5
configure:19258: $? = 0
configure:19267: result: yes
configure:19280: checking for LAPACKE_zgetri in -llapacke
configure:19305: gcc -o conftest  -g -O2     conftest.c -llapacke  -lmpfi -lmpfr -lgmp  >&5
configure:19305: $? = 0
configure:19314: result: yes
configure:19323: checking for zgetri_ in -llapack
configure:19348: gcc -o conftest  -g -O2     conftest.c -llapack  -lmpfi -lmpfr -lgmp  >&5
configure:19348: $? = 0
configure:19357: result: yes
configure:19381: checking for LAPACKE_dgeevx in -llapacke
configure:19406: gcc -o conftest  -g -O2     conftest.c -llapacke  -lmpfi -lmpfr -lgmp  >&5
configure:19406: $? = 0
configure:19415: result: yes
configure:19424: checking for dgeevx_ in -llapack
configure:19449: gcc -o conftest  -g -O2     conftest.c -llapack  -lmpfi -lmpfr -lgmp  >&5
configure:19449: $? = 0
configure:19458: result: yes
configure:19480: checking for LAPACKE_zgetrf in -llapacke
configure:19505: gcc -o conftest  -g -O2     conftest.c -llapacke  -lmpfi -lmpfr -lgmp  >&5
configure:19505: $? = 0
configure:19514: result: yes
configure:19523: checking for zgetrf_ in -llapack
configure:19548: gcc -o conftest  -g -O2     conftest.c -llapack  -lmpfi -lmpfr -lgmp  >&5
configure:19548: $? = 0
configure:19557: result: yes
configure:19578: checking if libgmp is found at runtime
configure:19597: gcc -o conftest  -g -O2     conftest.c -lmpfi -lmpfr -lgmp  >&5
configure:19597: $? = 0
configure:19597: ./conftest
configure:19597: $? = 0
configure:19598: result: yes
configure:19610: checking if libmpfr is found at runtime
configure:19629: gcc -o conftest  -g -O2     conftest.c -lmpfi -lmpfr -lgmp  >&5
configure:19629: $? = 0
configure:19629: ./conftest
configure:19629: $? = 0
configure:19630: result: yes
configure:19642: checking if libmpfi is found at runtime
configure:19661: gcc -o conftest  -g -O2     conftest.c -lmpfi -lmpfr -lgmp  >&5
configure:19661: $? = 0
configure:19661: ./conftest
configure:19661: $? = 0
configure:19662: result: yes
configure:19674: checking for -fPIC support
configure:19687: gcc -c  -fPIC -g -O2   conftest.c >&5
configure:19687: $? = 0
configure:19689: result: yes
configure:19706: checking for uint32_t
configure:19706: gcc -c  -fPIC -g -O2   conftest.c >&5
configure:19706: $? = 0
configure:19706: result: yes
configure:19720: checking for uint64_t
configure:19720: gcc -c  -fPIC -g -O2   conftest.c >&5
configure:19720: $? = 0
configure:19720: result: yes
configure:19734: checking for inline
configure:19750: gcc -c  -fPIC -g -O2   conftest.c >&5
configure:19750: $? = 0
configure:19758: result: inline
configure:19776: checking for int32_t
configure:19776: gcc -c  -fPIC -g -O2   conftest.c >&5
configure:19776: $? = 0
configure:19776: gcc -c  -fPIC -g -O2   conftest.c >&5
conftest.c: In function 'main':
conftest.c:74:53: warning: integer overflow in expression [-Woverflow]
    < (int32_t) (((((int32_t) 1 << N) << N) - 1) * 2 + 2))];
                                                     ^
conftest.c:73:12: error: storage size of 'test_array' isn't constant
 static int test_array [1 - 2 * !((int32_t) (((((int32_t) 1 << N) << N) - 1) * 2 + 1)
            ^
configure:19776: $? = 1
configure: failed program was:
| /* confdefs.h */
| #define PACKAGE_NAME "WCPG_API"
| #define PACKAGE_TARNAME "wcpg_api"
| #define PACKAGE_VERSION "0.9"
| #define PACKAGE_STRING "WCPG_API 0.9"
| #define PACKAGE_BUGREPORT "email@address.com"
| #define PACKAGE_URL ""
| #define STDC_HEADERS 1
| #define HAVE_SYS_TYPES_H 1
| #define HAVE_SYS_STAT_H 1
| #define HAVE_STDLIB_H 1
| #define HAVE_STRING_H 1
| #define HAVE_MEMORY_H 1
| #define HAVE_STRINGS_H 1
| #define HAVE_INTTYPES_H 1
| #define HAVE_STDINT_H 1
| #define HAVE_UNISTD_H 1
| #define HAVE_DLFCN_H 1
| #define LT_OBJDIR ".libs/"
| #define HAVE__BOOL 1
| #define HAVE_FLOAT_H 1
| #define HAVE_SYS_TIME_H 1
| #define HAVE_F2C_H 1
| #define F2C_HEADER 1
| #define HAVE_MPFR_H 1
| #define HAVE_MPFI_H 1
| #define HAVE_MPFI_IO_H 1
| #define HAVE_CBLAS_H 1
| #define CBLAS_HEADER 1
| #define HAVE_LAPACKE_H 1
| #define LAPACKE_HEADER 1
| #define HAVE_LIBGMP 1
| #define HAVE_LIBMPFR 1
| #define HAVE_LIBMPFI 1
| /* end confdefs.h.  */
| #include <stdio.h>
| #ifdef HAVE_SYS_TYPES_H
| # include <sys/types.h>
| #endif
| #ifdef HAVE_SYS_STAT_H
| # include <sys/stat.h>
| #endif
| #ifdef STDC_HEADERS
| # include <stdlib.h>
| # include <stddef.h>
| #else
| # ifdef HAVE_STDLIB_H
| #  include <stdlib.h>
| # endif
| #endif
| #ifdef HAVE_STRING_H
| # if !defined STDC_HEADERS && defined HAVE_MEMORY_H
| #  include <memory.h>
| # endif
| # include <string.h>
| #endif
| #ifdef HAVE_STRINGS_H
| # include <strings.h>
| #endif
| #ifdef HAVE_INTTYPES_H
| # include <inttypes.h>
| #endif
| #ifdef HAVE_STDINT_H
| # include <stdint.h>
| #endif
| #ifdef HAVE_UNISTD_H
| # include <unistd.h>
| #endif
| 	        enum { N = 32 / 2 - 1 };
| int
| main ()
| {
| static int test_array [1 - 2 * !((int32_t) (((((int32_t) 1 << N) << N) - 1) * 2 + 1)
| 		 < (int32_t) (((((int32_t) 1 << N) << N) - 1) * 2 + 2))];
| test_array [0] = 0;
| return test_array [0];
| 
|   ;
|   return 0;
| }
configure:19776: result: yes
configure:19787: checking for int64_t
configure:19787: gcc -c  -fPIC -g -O2   conftest.c >&5
configure:19787: $? = 0
configure:19787: gcc -c  -fPIC -g -O2   conftest.c >&5
conftest.c: In function 'main':
conftest.c:74:53: warning: integer overflow in expression [-Woverflow]
    < (int64_t) (((((int64_t) 1 << N) << N) - 1) * 2 + 2))];
                                                     ^
conftest.c:73:12: error: storage size of 'test_array' isn't constant
 static int test_array [1 - 2 * !((int64_t) (((((int64_t) 1 << N) << N) - 1) * 2 + 1)
            ^
configure:19787: $? = 1
configure: failed program was:
| /* confdefs.h */
| #define PACKAGE_NAME "WCPG_API"
| #define PACKAGE_TARNAME "wcpg_api"
| #define PACKAGE_VERSION "0.9"
| #define PACKAGE_STRING "WCPG_API 0.9"
| #define PACKAGE_BUGREPORT "email@address.com"
| #define PACKAGE_URL ""
| #define STDC_HEADERS 1
| #define HAVE_SYS_TYPES_H 1
| #define HAVE_SYS_STAT_H 1
| #define HAVE_STDLIB_H 1
| #define HAVE_STRING_H 1
| #define HAVE_MEMORY_H 1
| #define HAVE_STRINGS_H 1
| #define HAVE_INTTYPES_H 1
| #define HAVE_STDINT_H 1
| #define HAVE_UNISTD_H 1
| #define HAVE_DLFCN_H 1
| #define LT_OBJDIR ".libs/"
| #define HAVE__BOOL 1
| #define HAVE_FLOAT_H 1
| #define HAVE_SYS_TIME_H 1
| #define HAVE_F2C_H 1
| #define F2C_HEADER 1
| #define HAVE_MPFR_H 1
| #define HAVE_MPFI_H 1
| #define HAVE_MPFI_IO_H 1
| #define HAVE_CBLAS_H 1
| #define CBLAS_HEADER 1
| #define HAVE_LAPACKE_H 1
| #define LAPACKE_HEADER 1
| #define HAVE_LIBGMP 1
| #define HAVE_LIBMPFR 1
| #define HAVE_LIBMPFI 1
| /* end confdefs.h.  */
| #include <stdio.h>
| #ifdef HAVE_SYS_TYPES_H
| # include <sys/types.h>
| #endif
| #ifdef HAVE_SYS_STAT_H
| # include <sys/stat.h>
| #endif
| #ifdef STDC_HEADERS
| # include <stdlib.h>
| # include <stddef.h>
| #else
| # ifdef HAVE_STDLIB_H
| #  include <stdlib.h>
| # endif
| #endif
| #ifdef HAVE_STRING_H
| # if !defined STDC_HEADERS && defined HAVE_MEMORY_H
| #  include <memory.h>
| # endif
| # include <string.h>
| #endif
| #ifdef HAVE_STRINGS_H
| # include <strings.h>
| #endif
| #ifdef HAVE_INTTYPES_H
| # include <inttypes.h>
| #endif
| #ifdef HAVE_STDINT_H
| # include <stdint.h>
| #endif
| #ifdef HAVE_UNISTD_H
| # include <unistd.h>
| #endif
| 	        enum { N = 64 / 2 - 1 };
| int
| main ()
| {
| static int test_array [1 - 2 * !((int64_t) (((((int64_t) 1 << N) << N) - 1) * 2 + 1)
| 		 < (int64_t) (((((int64_t) 1 << N) << N) - 1) * 2 + 2))];
| test_array [0] = 0;
| return test_array [0];
| 
|   ;
|   return 0;
| }
configure:19787: result: yes
configure:19798: checking for size_t
configure:19798: gcc -c  -fPIC -g -O2   conftest.c >&5
configure:19798: $? = 0
configure:19798: gcc -c  -fPIC -g -O2   conftest.c >&5
conftest.c: In function 'main':
conftest.c:72:21: error: expected expression before ')' token
 if (sizeof ((size_t)))
                     ^
configure:19798: $? = 1
configure: failed program was:
| /* confdefs.h */
| #define PACKAGE_NAME "WCPG_API"
| #define PACKAGE_TARNAME "wcpg_api"
| #define PACKAGE_VERSION "0.9"
| #define PACKAGE_STRING "WCPG_API 0.9"
| #define PACKAGE_BUGREPORT "email@address.com"
| #define PACKAGE_URL ""
| #define STDC_HEADERS 1
| #define HAVE_SYS_TYPES_H 1
| #define HAVE_SYS_STAT_H 1
| #define HAVE_STDLIB_H 1
| #define HAVE_STRING_H 1
| #define HAVE_MEMORY_H 1
| #define HAVE_STRINGS_H 1
| #define HAVE_INTTYPES_H 1
| #define HAVE_STDINT_H 1
| #define HAVE_UNISTD_H 1
| #define HAVE_DLFCN_H 1
| #define LT_OBJDIR ".libs/"
| #define HAVE__BOOL 1
| #define HAVE_FLOAT_H 1
| #define HAVE_SYS_TIME_H 1
| #define HAVE_F2C_H 1
| #define F2C_HEADER 1
| #define HAVE_MPFR_H 1
| #define HAVE_MPFI_H 1
| #define HAVE_MPFI_IO_H 1
| #define HAVE_CBLAS_H 1
| #define CBLAS_HEADER 1
| #define HAVE_LAPACKE_H 1
| #define LAPACKE_HEADER 1
| #define HAVE_LIBGMP 1
| #define HAVE_LIBMPFR 1
| #define HAVE_LIBMPFI 1
| /* end confdefs.h.  */
| #include <stdio.h>
| #ifdef HAVE_SYS_TYPES_H
| # include <sys/types.h>
| #endif
| #ifdef HAVE_SYS_STAT_H
| # include <sys/stat.h>
| #endif
| #ifdef STDC_HEADERS
| # include <stdlib.h>
| # include <stddef.h>
| #else
| # ifdef HAVE_STDLIB_H
| #  include <stdlib.h>
| # endif
| #endif
| #ifdef HAVE_STRING_H
| # if !defined STDC_HEADERS && defined HAVE_MEMORY_H
| #  include <memory.h>
| # endif
| # include <string.h>
| #endif
| #ifdef HAVE_STRINGS_H
| # include <strings.h>
| #endif
| #ifdef HAVE_INTTYPES_H
| # include <inttypes.h>
| #endif
| #ifdef HAVE_STDINT_H
| # include <stdint.h>
| #endif
| #ifdef HAVE_UNISTD_H
| # include <unistd.h>
| #endif
| int
| main ()
| {
| if (sizeof ((size_t)))
| 	    return 0;
|   ;
|   return 0;
| }
configure:19798: result: yes
configure:19816: checking for gettimeofday
configure:19816: gcc -o conftest  -fPIC -g -O2     conftest.c -lmpfi -lmpfr -lgmp  >&5
configure:19816: $? = 0
configure:19816: result: yes
configure:19827: checking for sqrt
configure:19827: gcc -o conftest  -fPIC -g -O2     conftest.c -lmpfi -lmpfr -lgmp  >&5
conftest.c:60:6: warning: conflicting types for built-in function 'sqrt'
 char sqrt ();
      ^
/tmp/ccdjsdn0.o: In function `main':
/home/joa/git/fipogen/start/WCPG/Autotools/conftest.c:71: undefined reference to `sqrt'
collect2: error: ld returned 1 exit status
configure:19827: $? = 1
configure: failed program was:
| /* confdefs.h */
| #define PACKAGE_NAME "WCPG_API"
| #define PACKAGE_TARNAME "wcpg_api"
| #define PACKAGE_VERSION "0.9"
| #define PACKAGE_STRING "WCPG_API 0.9"
| #define PACKAGE_BUGREPORT "email@address.com"
| #define PACKAGE_URL ""
| #define STDC_HEADERS 1
| #define HAVE_SYS_TYPES_H 1
| #define HAVE_SYS_STAT_H 1
| #define HAVE_STDLIB_H 1
| #define HAVE_STRING_H 1
| #define HAVE_MEMORY_H 1
| #define HAVE_STRINGS_H 1
| #define HAVE_INTTYPES_H 1
| #define HAVE_STDINT_H 1
| #define HAVE_UNISTD_H 1
| #define HAVE_DLFCN_H 1
| #define LT_OBJDIR ".libs/"
| #define HAVE__BOOL 1
| #define HAVE_FLOAT_H 1
| #define HAVE_SYS_TIME_H 1
| #define HAVE_F2C_H 1
| #define F2C_HEADER 1
| #define HAVE_MPFR_H 1
| #define HAVE_MPFI_H 1
| #define HAVE_MPFI_IO_H 1
| #define HAVE_CBLAS_H 1
| #define CBLAS_HEADER 1
| #define HAVE_LAPACKE_H 1
| #define LAPACKE_HEADER 1
| #define HAVE_LIBGMP 1
| #define HAVE_LIBMPFR 1
| #define HAVE_LIBMPFI 1
| #define HAVE_GETTIMEOFDAY 1
| /* end confdefs.h.  */
| /* Define sqrt to an innocuous variant, in case <limits.h> declares sqrt.
|    For example, HP-UX 11i <limits.h> declares gettimeofday.  */
| #define sqrt innocuous_sqrt
| 
| /* System header to define __stub macros and hopefully few prototypes,
|     which can conflict with char sqrt (); below.
|     Prefer <limits.h> to <assert.h> if __STDC__ is defined, since
|     <limits.h> exists even on freestanding compilers.  */
| 
| #ifdef __STDC__
| # include <limits.h>
| #else
| # include <assert.h>
| #endif
| 
| #undef sqrt
| 
| /* Override any GCC internal prototype to avoid an error.
|    Use char because int might match the return type of a GCC
|    builtin and then its argument prototype would still apply.  */
| #ifdef __cplusplus
| extern "C"
| #endif
| char sqrt ();
| /* The GNU C library defines this for functions which it implements
|     to always fail with ENOSYS.  Some functions are actually named
|     something starting with __ and the normal name is an alias.  */
| #if defined __stub_sqrt || defined __stub___sqrt
| choke me
| #endif
| 
| int
| main ()
| {
| return sqrt ();
|   ;
|   return 0;
| }
configure:19827: result: no
configure:19838: checking for ceil
configure:19838: gcc -o conftest  -fPIC -g -O2     conftest.c -lmpfi -lmpfr -lgmp  >&5
conftest.c:60:6: warning: conflicting types for built-in function 'ceil'
 char ceil ();
      ^
/tmp/ccf54mT1.o: In function `main':
/home/joa/git/fipogen/start/WCPG/Autotools/conftest.c:71: undefined reference to `ceil'
collect2: error: ld returned 1 exit status
configure:19838: $? = 1
configure: failed program was:
| /* confdefs.h */
| #define PACKAGE_NAME "WCPG_API"
| #define PACKAGE_TARNAME "wcpg_api"
| #define PACKAGE_VERSION "0.9"
| #define PACKAGE_STRING "WCPG_API 0.9"
| #define PACKAGE_BUGREPORT "email@address.com"
| #define PACKAGE_URL ""
| #define STDC_HEADERS 1
| #define HAVE_SYS_TYPES_H 1
| #define HAVE_SYS_STAT_H 1
| #define HAVE_STDLIB_H 1
| #define HAVE_STRING_H 1
| #define HAVE_MEMORY_H 1
| #define HAVE_STRINGS_H 1
| #define HAVE_INTTYPES_H 1
| #define HAVE_STDINT_H 1
| #define HAVE_UNISTD_H 1
| #define HAVE_DLFCN_H 1
| #define LT_OBJDIR ".libs/"
| #define HAVE__BOOL 1
| #define HAVE_FLOAT_H 1
| #define HAVE_SYS_TIME_H 1
| #define HAVE_F2C_H 1
| #define F2C_HEADER 1
| #define HAVE_MPFR_H 1
| #define HAVE_MPFI_H 1
| #define HAVE_MPFI_IO_H 1
| #define HAVE_CBLAS_H 1
| #define CBLAS_HEADER 1
| #define HAVE_LAPACKE_H 1
| #define LAPACKE_HEADER 1
| #define HAVE_LIBGMP 1
| #define HAVE_LIBMPFR 1
| #define HAVE_LIBMPFI 1
| #define HAVE_GETTIMEOFDAY 1
| /* end confdefs.h.  */
| /* Define ceil to an innocuous variant, in case <limits.h> declares ceil.
|    For example, HP-UX 11i <limits.h> declares gettimeofday.  */
| #define ceil innocuous_ceil
| 
| /* System header to define __stub macros and hopefully few prototypes,
|     which can conflict with char ceil (); below.
|     Prefer <limits.h> to <assert.h> if __STDC__ is defined, since
|     <limits.h> exists even on freestanding compilers.  */
| 
| #ifdef __STDC__
| # include <limits.h>
| #else
| # include <assert.h>
| #endif
| 
| #undef ceil
| 
| /* Override any GCC internal prototype to avoid an error.
|    Use char because int might match the return type of a GCC
|    builtin and then its argument prototype would still apply.  */
| #ifdef __cplusplus
| extern "C"
| #endif
| char ceil ();
| /* The GNU C library defines this for functions which it implements
|     to always fail with ENOSYS.  Some functions are actually named
|     something starting with __ and the normal name is an alias.  */
| #if defined __stub_ceil || defined __stub___ceil
| choke me
| #endif
| 
| int
| main ()
| {
| return ceil ();
|   ;
|   return 0;
| }
configure:19838: result: no
configure:19849: checking for stdlib.h
configure:19849: result: yes
configure:19859: checking for GNU libc compatible malloc
configure:19883: gcc -o conftest  -fPIC -g -O2     conftest.c -lmpfi -lmpfr -lgmp  >&5
configure:19883: $? = 0
configure:19883: ./conftest
configure:19883: $? = 0
configure:19893: result: yes
configure:19916: checking for stdlib.h
configure:19916: result: yes
configure:19926: checking for GNU libc compatible realloc
configure:19950: gcc -o conftest  -fPIC -g -O2     conftest.c -lmpfi -lmpfr -lgmp  >&5
configure:19950: $? = 0
configure:19950: ./conftest
configure:19950: $? = 0
configure:19960: result: yes
configure:20106: checking that generated files are newer than configure
configure:20112: result: done
configure:20139: creating ./config.status

## ---------------- ##
## Cache variables. ##
## ---------------- ##

ac_cv_build=x86_64-unknown-linux-gnu
ac_cv_c_compiler_gnu=yes
ac_cv_c_inline=inline
ac_cv_c_int32_t=yes
ac_cv_c_int64_t=yes
ac_cv_c_uint32_t=yes
ac_cv_c_uint64_t=yes
ac_cv_cxx_compiler_gnu=yes
ac_cv_env_CCC_set=
ac_cv_env_CCC_value=
ac_cv_env_CC_set=
ac_cv_env_CC_value=
ac_cv_env_CFLAGS_set=
ac_cv_env_CFLAGS_value=
ac_cv_env_CPPFLAGS_set=
ac_cv_env_CPPFLAGS_value=
ac_cv_env_CPP_set=
ac_cv_env_CPP_value=
ac_cv_env_CXXCPP_set=
ac_cv_env_CXXCPP_value=
ac_cv_env_CXXFLAGS_set=
ac_cv_env_CXXFLAGS_value=
ac_cv_env_CXX_set=
ac_cv_env_CXX_value=
ac_cv_env_F77_set=
ac_cv_env_F77_value=
ac_cv_env_FFLAGS_set=
ac_cv_env_FFLAGS_value=
ac_cv_env_LDFLAGS_set=
ac_cv_env_LDFLAGS_value=
ac_cv_env_LIBS_set=
ac_cv_env_LIBS_value=
ac_cv_env_build_alias_set=
ac_cv_env_build_alias_value=
ac_cv_env_host_alias_set=
ac_cv_env_host_alias_value=
ac_cv_env_target_alias_set=
ac_cv_env_target_alias_value=
ac_cv_f77_compiler_gnu=yes
ac_cv_func_ceil=no
ac_cv_func_gettimeofday=yes
ac_cv_func_malloc_0_nonnull=yes
ac_cv_func_realloc_0_nonnull=yes
ac_cv_func_sqrt=no
ac_cv_header_blas_h=no
ac_cv_header_blaswrap_h=no
ac_cv_header_cblas_h=yes
ac_cv_header_clapack_h=no
ac_cv_header_dlfcn_h=yes
ac_cv_header_f2c_h=yes
ac_cv_header_float_h=yes
ac_cv_header_inttypes_h=yes
ac_cv_header_lapack_h=no
ac_cv_header_lapacke_h=yes
ac_cv_header_memory_h=yes
ac_cv_header_mpfi_h=yes
ac_cv_header_mpfi_io_h=yes
ac_cv_header_mpfr_h=yes
ac_cv_header_stdbool_h=yes
ac_cv_header_stdc=yes
ac_cv_header_stding_h=no
ac_cv_header_stdint_h=yes
ac_cv_header_stdlib_h=yes
ac_cv_header_string_h=yes
ac_cv_header_strings_h=yes
ac_cv_header_sys_stat_h=yes
ac_cv_header_sys_time_h=yes
ac_cv_header_sys_types_h=yes
ac_cv_header_unistd_h=yes
ac_cv_host=x86_64-unknown-linux-gnu
ac_cv_lib_blas_cblas_dgemv=yes
ac_cv_lib_blas_dgemv=no
ac_cv_lib_gmp___gmpz_bin_uiui=yes
ac_cv_lib_gmp___gmpz_export=yes
ac_cv_lib_gmp___gmpz_fac_ui=yes
ac_cv_lib_gmp___gmpz_init=yes
ac_cv_lib_lapack_dgeevx_=yes
ac_cv_lib_lapack_zgetrf_=yes
ac_cv_lib_lapack_zgetri_=yes
ac_cv_lib_lapacke_LAPACKE_dgeevx=yes
ac_cv_lib_lapacke_LAPACKE_zgetrf=yes
ac_cv_lib_lapacke_LAPACKE_zgetri=yes
ac_cv_lib_mpfi_mpfi_init=yes
ac_cv_lib_mpfr_mpfr_erfc=yes
ac_cv_lib_mpfr_mpfr_init=yes
ac_cv_objext=o
ac_cv_path_EGREP='/bin/grep -E'
ac_cv_path_FGREP='/bin/grep -F'
ac_cv_path_GREP=/bin/grep
ac_cv_path_SED=/bin/sed
ac_cv_path_install='/usr/bin/install -c'
ac_cv_path_mkdir=/bin/mkdir
ac_cv_prog_AWK=mawk
ac_cv_prog_CPP='gcc -E'
ac_cv_prog_CXXCPP='g++ -E'
ac_cv_prog_ac_ct_AR=ar
ac_cv_prog_ac_ct_CC=gcc
ac_cv_prog_ac_ct_CXX=g++
ac_cv_prog_ac_ct_F77=f77
ac_cv_prog_ac_ct_MANIFEST_TOOL=mt
ac_cv_prog_ac_ct_OBJDUMP=objdump
ac_cv_prog_ac_ct_RANLIB=ranlib
ac_cv_prog_ac_ct_STRIP=strip
ac_cv_prog_cc_c89=
ac_cv_prog_cc_g=yes
ac_cv_prog_cxx_g=yes
ac_cv_prog_f77_g=yes
ac_cv_prog_make_make_set=yes
ac_cv_type__Bool=yes
ac_cv_type_size_t=yes
am_cv_CC_dependencies_compiler_type=gcc3
am_cv_CXX_dependencies_compiler_type=gcc3
am_cv_make_support_nested_variables=yes
am_cv_prog_cc_c_o=yes
lt_cv_ar_at_file=@
lt_cv_archive_cmds_need_lc=no
lt_cv_deplibs_check_method=pass_all
lt_cv_file_magic_cmd='$MAGIC_CMD'
lt_cv_file_magic_test_file=
lt_cv_ld_reload_flag=-r
lt_cv_nm_interface='BSD nm'
lt_cv_objdir=.libs
lt_cv_path_LD=/usr/bin/ld
lt_cv_path_LDCXX='/usr/bin/ld -m elf_x86_64'
lt_cv_path_NM='/usr/bin/nm -B'
lt_cv_path_mainfest_tool=no
lt_cv_prog_compiler_c_o=yes
lt_cv_prog_compiler_c_o_CXX=yes
lt_cv_prog_compiler_c_o_F77=yes
lt_cv_prog_compiler_pic='-fPIC -DPIC'
lt_cv_prog_compiler_pic_CXX='-fPIC -DPIC'
lt_cv_prog_compiler_pic_F77=-fPIC
lt_cv_prog_compiler_pic_works=yes
lt_cv_prog_compiler_pic_works_CXX=yes
lt_cv_prog_compiler_pic_works_F77=yes
lt_cv_prog_compiler_rtti_exceptions=no
lt_cv_prog_compiler_static_works=yes
lt_cv_prog_compiler_static_works_CXX=yes
lt_cv_prog_compiler_static_works_F77=yes
lt_cv_prog_gnu_ld=yes
lt_cv_prog_gnu_ldcxx=yes
lt_cv_sharedlib_from_linklib_cmd='printf %s\n'
lt_cv_shlibpath_overrides_runpath=no
lt_cv_sys_global_symbol_pipe='sed -n -e '\''s/^.*[	 ]\([ABCDGIRSTW][ABCDGIRSTW]*\)[	 ][	 ]*\([_A-Za-z][_A-Za-z0-9]*\)$/\1 \2 \2/p'\'' | sed '\''/ __gnu_lto/d'\'''
lt_cv_sys_global_symbol_to_c_name_address='sed -n -e '\''s/^: \([^ ]*\)[ ]*$/  {\"\1\", (void *) 0},/p'\'' -e '\''s/^[ABCDGIRSTW]* \([^ ]*\) \([^ ]*\)$/  {"\2", (void *) \&\2},/p'\'''
lt_cv_sys_global_symbol_to_c_name_address_lib_prefix='sed -n -e '\''s/^: \([^ ]*\)[ ]*$/  {\"\1\", (void *) 0},/p'\'' -e '\''s/^[ABCDGIRSTW]* \([^ ]*\) \(lib[^ ]*\)$/  {"\2", (void *) \&\2},/p'\'' -e '\''s/^[ABCDGIRSTW]* \([^ ]*\) \([^ ]*\)$/  {"lib\2", (void *) \&\2},/p'\'''
lt_cv_sys_global_symbol_to_cdecl='sed -n -e '\''s/^T .* \(.*\)$/extern int \1();/p'\'' -e '\''s/^[ABCDGIRSTW]* .* \(.*\)$/extern char \1;/p'\'''
lt_cv_sys_max_cmd_len=1572864
lt_cv_to_host_file_cmd=func_convert_file_noop
lt_cv_to_tool_file_cmd=func_convert_file_noop

## ----------------- ##
## Output variables. ##
## ----------------- ##

ACLOCAL='${SHELL} /home/joa/git/fipogen/start/WCPG/Autotools/missing aclocal-1.14'
AMDEPBACKSLASH='\'
AMDEP_FALSE='#'
AMDEP_TRUE=''
AMTAR='$${TAR-tar}'
AM_BACKSLASH='\'
AM_CFLAGS=' -fPIC'
AM_CPPFLAGS=''
AM_DEFAULT_V='$(AM_DEFAULT_VERBOSITY)'
AM_DEFAULT_VERBOSITY='1'
AM_LDFLAGS=''
AM_V='$(V)'
AR='ar'
AUTOCONF='${SHELL} /home/joa/git/fipogen/start/WCPG/Autotools/missing autoconf'
AUTOHEADER='${SHELL} /home/joa/git/fipogen/start/WCPG/Autotools/missing autoheader'
AUTOMAKE='${SHELL} /home/joa/git/fipogen/start/WCPG/Autotools/missing automake-1.14'
AWK='mawk'
BLAS_LIBS='-lblas'
CC='gcc'
CCDEPMODE='depmode=gcc3'
CFLAGS='-g -O2'
CPP='gcc -E'
CPPFLAGS=''
CXX='g++'
CXXCPP='g++ -E'
CXXDEPMODE='depmode=gcc3'
CXXFLAGS='-g -O2'
CYGPATH_W='echo'
DEFS='-DHAVE_CONFIG_H'
DEPDIR='.deps'
DLLTOOL='false'
DSYMUTIL=''
DUMPBIN=''
ECHO_C=''
ECHO_N='-n'
ECHO_T=''
EGREP='/bin/grep -E'
EXEEXT=''
F77='f77'
FFLAGS='-g -O2'
FGREP='/bin/grep -F'
GREP='/bin/grep'
INSTALL_DATA='${INSTALL} -m 644'
INSTALL_PROGRAM='${INSTALL}'
INSTALL_SCRIPT='${INSTALL}'
INSTALL_STRIP_PROGRAM='$(install_sh) -c -s'
LAPACK_LIBS='-llapacke'
LD='/usr/bin/ld -m elf_x86_64'
LDFLAGS=''
LIBOBJS=''
LIBS='-lmpfi -lmpfr -lgmp '
LIBTOOL='$(SHELL) $(top_builddir)/libtool'
LIPO=''
LN_S='ln -s'
LTLIBOBJS=''
MAKEINFO='${SHELL} /home/joa/git/fipogen/start/WCPG/Autotools/missing makeinfo'
MANIFEST_TOOL=':'
MKDIR_P='/bin/mkdir -p'
NM='/usr/bin/nm -B'
NMEDIT=''
OBJDUMP='objdump'
OBJEXT='o'
OTOOL64=''
OTOOL=''
PACKAGE='wcpg_api'
PACKAGE_BUGREPORT='email@address.com'
PACKAGE_NAME='WCPG_API'
PACKAGE_STRING='WCPG_API 0.9'
PACKAGE_TARNAME='wcpg_api'
PACKAGE_URL=''
PACKAGE_VERSION='0.9'
PATH_SEPARATOR=':'
RANLIB='ranlib'
SED='/bin/sed'
SET_MAKE=''
SHELL='/bin/bash'
STRIP='strip'
VERSION='0.9'
ac_ct_AR='ar'
ac_ct_CC='gcc'
ac_ct_CXX='g++'
ac_ct_DUMPBIN=''
ac_ct_F77='f77'
am__EXEEXT_FALSE=''
am__EXEEXT_TRUE='#'
am__fastdepCC_FALSE='#'
am__fastdepCC_TRUE=''
am__fastdepCXX_FALSE='#'
am__fastdepCXX_TRUE=''
am__include='include'
am__isrc=''
am__leading_dot='.'
am__nodep='_no'
am__quote=''
am__tar='$${TAR-tar} chof - "$$tardir"'
am__untar='$${TAR-tar} xf -'
bindir='${exec_prefix}/bin'
build='x86_64-unknown-linux-gnu'
build_alias=''
build_cpu='x86_64'
build_os='linux-gnu'
build_vendor='unknown'
datadir='${datarootdir}'
datarootdir='${prefix}/share'
docdir='${datarootdir}/doc/${PACKAGE_TARNAME}'
dvidir='${docdir}'
exec_prefix='${prefix}'
host='x86_64-unknown-linux-gnu'
host_alias=''
host_cpu='x86_64'
host_os='linux-gnu'
host_vendor='unknown'
htmldir='${docdir}'
includedir='${prefix}/include'
infodir='${datarootdir}/info'
install_sh='${SHELL} /home/joa/git/fipogen/start/WCPG/Autotools/install-sh'
libdir='${exec_prefix}/lib'
libexecdir='${exec_prefix}/libexec'
localedir='${datarootdir}/locale'
localstatedir='${prefix}/var'
mandir='${datarootdir}/man'
mkdir_p='$(MKDIR_P)'
oldincludedir='/usr/include'
pdfdir='${docdir}'
prefix='/usr/local'
program_transform_name='s,x,x,'
psdir='${docdir}'
sbindir='${exec_prefix}/sbin'
sharedstatedir='${prefix}/com'
sysconfdir='${prefix}/etc'
target_alias=''

## ----------- ##
## confdefs.h. ##
## ----------- ##

/* confdefs.h */
#define PACKAGE_NAME "WCPG_API"
#define PACKAGE_TARNAME "wcpg_api"
#define PACKAGE_VERSION "0.9"
#define PACKAGE_STRING "WCPG_API 0.9"
#define PACKAGE_BUGREPORT "email@address.com"
#define PACKAGE_URL ""
#define STDC_HEADERS 1
#define HAVE_SYS_TYPES_H 1
#define HAVE_SYS_STAT_H 1
#define HAVE_STDLIB_H 1
#define HAVE_STRING_H 1
#define HAVE_MEMORY_H 1
#define HAVE_STRINGS_H 1
#define HAVE_INTTYPES_H 1
#define HAVE_STDINT_H 1
#define HAVE_UNISTD_H 1
#define HAVE_DLFCN_H 1
#define LT_OBJDIR ".libs/"
#define HAVE__BOOL 1
#define HAVE_FLOAT_H 1
#define HAVE_SYS_TIME_H 1
#define HAVE_F2C_H 1
#define F2C_HEADER 1
#define HAVE_MPFR_H 1
#define HAVE_MPFI_H 1
#define HAVE_MPFI_IO_H 1
#define HAVE_CBLAS_H 1
#define CBLAS_HEADER 1
#define HAVE_LAPACKE_H 1
#define LAPACKE_HEADER 1
#define HAVE_LIBGMP 1
#define HAVE_LIBMPFR 1
#define HAVE_LIBMPFI 1
#define HAVE_GETTIMEOFDAY 1
#define HAVE_STDLIB_H 1
#define HAVE_MALLOC 1
#define HAVE_STDLIB_H 1
#define HAVE_REALLOC 1

configure: exit 0

## ---------------------- ##
## Running config.status. ##
## ---------------------- ##

This file was extended by WCPG_API config.status 0.9, which was
generated by GNU Autoconf 2.69.  Invocation command line was

  CONFIG_FILES    = 
  CONFIG_HEADERS  = 
  CONFIG_LINKS    = 
  CONFIG_COMMANDS = 
  $ ./config.status 

on postekruithof

config.status:1222: creating Makefile
config.status:1222: creating config.h
config.status:1403: config.h is unchanged
config.status:1451: executing depfiles commands
config.status:1451: executing libtool commands

## ---------------------- ##
## Running config.status. ##
## ---------------------- ##

This file was extended by WCPG_API config.status 0.9, which was
generated by GNU Autoconf 2.69.  Invocation command line was

  CONFIG_FILES    = 
  CONFIG_HEADERS  = 
  CONFIG_LINKS    = 
  CONFIG_COMMANDS = 
  $ ./config.status config.h

on postekruithof

config.status:1222: creating config.h
config.status:1403: config.h is unchanged
