

		 number_asa_open = 10
		ADAPTIVE SIMULATED ANNEALING

/* $Id: asa.c,v 25.15 2004/09/23 18:10:46 ingber Exp ingber $ */

OPTIONS_FILE = 1
OPTIONS_FILE_DATA = 1
RECUR_OPTIONS_FILE = 0
RECUR_OPTIONS_FILE_DATA = 0
COST_FILE = 1
ASA_LIB = 0
HAVE_ANSI = 1
IO_PROTOTYPES = 0
TIME_CALC = 0
TIME_STD = 0
TIME_GETRUSAGE = 1
INT_LONG = 1
INT_ALLOC = 0
SMALL_FLOAT =        1e-18
MIN_DOUBLE =        1e-18
MAX_DOUBLE =        1e+18
EPS_DOUBLE =        1e-18
CHECK_EXPONENT = 0
NO_PARAM_TEMP_TEST = 0
NO_COST_TEMP_TEST = 0
SELF_OPTIMIZE = 0
ASA_TEST = 0
ASA_TEST_POINT = 0
ASA_TEMPLATE = 0
MY_TEMPLATE = 1
ASA_TEMPLATE_LIB = 0
ASA_TEMPLATE_ASA_OUT_PID = 0
ASA_TEMPLATE_MULTIPLE = 0
ASA_TEMPLATE_SELFOPT = 0
ASA_TEMPLATE_SAMPLE = 0
ASA_TEMPLATE_QUEUE = 0
ASA_TEMPLATE_PARALLEL = 0
ASA_TEMPLATE_SAVE = 0
USER_INITIAL_COST_TEMP = 0
RATIO_TEMPERATURE_SCALES = 0
USER_INITIAL_PARAMETERS_TEMPS = 0
DELTA_PARAMETERS = 0
QUENCH_PARAMETERS = 0
QUENCH_COST = 0
QUENCH_PARAMETERS_SCALE = 1
QUENCH_COST_SCALE = 1
OPTIONAL_DATA_DBL = 0
OPTIONAL_DATA_INT = 0
OPTIONAL_DATA_PTR = 0
USER_COST_SCHEDULE = 0
USER_ACCEPT_ASYMP_EXP = 0
USER_ACCEPT_THRESHOLD = 0
USER_ACCEPTANCE_TEST = 1
USER_GENERATING_FUNCTION = 0
USER_REANNEAL_COST = 0
USER_REANNEAL_PARAMETERS = 0
MAXIMUM_REANNEAL_INDEX = 50000
REANNEAL_SCALE =           10
ASA_SAMPLE = 0
ASA_QUEUE = 0
ASA_RESOLUTION = 0
FITLOC = 0
FITLOC_ROUND = 1
FITLOC_PRINT = 1
MULTI_MIN = 0
ASA_PARALLEL = 0
FDLIBM_POW = 0
FDLIBM_LOG = 0
FDLIBM_EXP = 0

ASA_PRINT = 1
USER_OUT = asa_usr_out
ASA_OUT = optim_error_pole_RfunDFIIt1_29-Jun-2010.log
USER_ASA_OUT = 1
ASA_PRINT_INTERMED = 1
ASA_PRINT_MORE = 0
INCL_STDOUT = 1
G_FIELD = 12
G_PRECISION = 7
ASA_SAVE = 0
ASA_SAVE_OPT = 0
ASA_SAVE_BACKUP = 0
ASA_PIPE = 0
ASA_PIPE_FILE = 0
SYSTEM_CALL = 1

OPTIONS->Limit_Acceptances = 1000000
OPTIONS->Limit_Generated = 1000000
OPTIONS->Limit_Invalid_Generated_States = 1000000
OPTIONS->Accepted_To_Generated_Ratio =        1e-12

OPTIONS->Cost_Precision =        1e-18
OPTIONS->Maximum_Cost_Repeat = 5
OPTIONS->Number_Cost_Samples = 5
OPTIONS->Temperature_Ratio_Scale =        1e-08
OPTIONS->Cost_Parameter_Scale_Ratio =            1
OPTIONS->Temperature_Anneal_Scale =          100
OPTIONS->Include_Integer_Parameters = 0
OPTIONS->User_Initial_Parameters = 1
OPTIONS->Sequential_Parameters = -1
OPTIONS->Initial_Parameter_Temperature =            1
OPTIONS->Acceptance_Frequency_Modulus = 100
OPTIONS->Generated_Frequency_Modulus = 10000
OPTIONS->Reanneal_Cost = 1
OPTIONS->Reanneal_Parameters = 1

OPTIONS->Delta_X =        0.001
OPTIONS->User_Tangents = 0
OPTIONS->Curvature_0 = 0
OPTIONS->Asa_Recursive_Level = 0


Initial Random Seed = -16794

*number_parameters = 4

index_v parameter_minimum parameter_maximum parameter_value parameter_type 
 0        -2           		 2            	 1.12         -1     
 1        -2           		 2            	 1.13         -1     
 2        -2           		 2            	 1.14         -1     
 3        -2           		 2            	 1.15         -1     


temperature_scale =     5.825131
temperature_scale_parameters[0] =     5.825131
*temperature_scale_cost =     5.825131



*index_cost_acceptances = 0, *current_cost_temperature =     133959.3
*accepted_to_generated_ratio =            1, *number_invalid... = 0
*number_generated = 0, *number_accepted = 0
best...->cost =     602.9594, last...->cost =     602.9594
index_v  best...->parameter current_parameter_temp	tangent
0	        1.12		           1	           0
1	        1.13		           1	           0
2	        1.14		           1	           0
3	        1.15		           1	           0




  INVALID_COST_FUNCTION exit_status = 8
 Locate_Cost = 2, new generated state





		 number_asa_open = 11
		ADAPTIVE SIMULATED ANNEALING

/* $Id: asa.c,v 25.15 2004/09/23 18:10:46 ingber Exp ingber $ */

OPTIONS_FILE = 1
OPTIONS_FILE_DATA = 1
RECUR_OPTIONS_FILE = 0
RECUR_OPTIONS_FILE_DATA = 0
COST_FILE = 1
ASA_LIB = 0
HAVE_ANSI = 1
IO_PROTOTYPES = 0
TIME_CALC = 0
TIME_STD = 0
TIME_GETRUSAGE = 1
INT_LONG = 1
INT_ALLOC = 0
SMALL_FLOAT =        1e-18
MIN_DOUBLE =        1e-18
MAX_DOUBLE =        1e+18
EPS_DOUBLE =        1e-18
CHECK_EXPONENT = 0
NO_PARAM_TEMP_TEST = 0
NO_COST_TEMP_TEST = 0
SELF_OPTIMIZE = 0
ASA_TEST = 0
ASA_TEST_POINT = 0
ASA_TEMPLATE = 0
MY_TEMPLATE = 1
ASA_TEMPLATE_LIB = 0
ASA_TEMPLATE_ASA_OUT_PID = 0
ASA_TEMPLATE_MULTIPLE = 0
ASA_TEMPLATE_SELFOPT = 0
ASA_TEMPLATE_SAMPLE = 0
ASA_TEMPLATE_QUEUE = 0
ASA_TEMPLATE_PARALLEL = 0
ASA_TEMPLATE_SAVE = 0
USER_INITIAL_COST_TEMP = 0
RATIO_TEMPERATURE_SCALES = 0
USER_INITIAL_PARAMETERS_TEMPS = 0
DELTA_PARAMETERS = 0
QUENCH_PARAMETERS = 0
QUENCH_COST = 0
QUENCH_PARAMETERS_SCALE = 1
QUENCH_COST_SCALE = 1
OPTIONAL_DATA_DBL = 0
OPTIONAL_DATA_INT = 0
OPTIONAL_DATA_PTR = 0
USER_COST_SCHEDULE = 0
USER_ACCEPT_ASYMP_EXP = 0
USER_ACCEPT_THRESHOLD = 0
USER_ACCEPTANCE_TEST = 1
USER_GENERATING_FUNCTION = 0
USER_REANNEAL_COST = 0
USER_REANNEAL_PARAMETERS = 0
MAXIMUM_REANNEAL_INDEX = 50000
REANNEAL_SCALE =           10
ASA_SAMPLE = 0
ASA_QUEUE = 0
ASA_RESOLUTION = 0
FITLOC = 0
FITLOC_ROUND = 1
FITLOC_PRINT = 1
MULTI_MIN = 0
ASA_PARALLEL = 0
FDLIBM_POW = 0
FDLIBM_LOG = 0
FDLIBM_EXP = 0

ASA_PRINT = 1
USER_OUT = asa_usr_out
ASA_OUT = optim_error_pole_RfunDFIIt1_29-Jun-2010.log
USER_ASA_OUT = 1
ASA_PRINT_INTERMED = 1
ASA_PRINT_MORE = 0
INCL_STDOUT = 1
G_FIELD = 12
G_PRECISION = 7
ASA_SAVE = 0
ASA_SAVE_OPT = 0
ASA_SAVE_BACKUP = 0
ASA_PIPE = 0
ASA_PIPE_FILE = 0
SYSTEM_CALL = 1

OPTIONS->Limit_Acceptances = 1000000
OPTIONS->Limit_Generated = 1000000
OPTIONS->Limit_Invalid_Generated_States = 1000000
OPTIONS->Accepted_To_Generated_Ratio =        1e-12

OPTIONS->Cost_Precision =        1e-18
OPTIONS->Maximum_Cost_Repeat = 5
OPTIONS->Number_Cost_Samples = 5
OPTIONS->Temperature_Ratio_Scale =        1e-08
OPTIONS->Cost_Parameter_Scale_Ratio =            1
OPTIONS->Temperature_Anneal_Scale =          100
OPTIONS->Include_Integer_Parameters = 0
OPTIONS->User_Initial_Parameters = 1
OPTIONS->Sequential_Parameters = -1
OPTIONS->Initial_Parameter_Temperature =            1
OPTIONS->Acceptance_Frequency_Modulus = 100
OPTIONS->Generated_Frequency_Modulus = 10000
OPTIONS->Reanneal_Cost = 1
OPTIONS->Reanneal_Parameters = 1

OPTIONS->Delta_X =        0.001
OPTIONS->User_Tangents = 0
OPTIONS->Curvature_0 = 0
OPTIONS->Asa_Recursive_Level = 0


Initial Random Seed = -16794

*number_parameters = 4

index_v parameter_minimum parameter_maximum parameter_value parameter_type 
 0        -2           		 2            	 0.4999093    -1     
 1        -2           		 2            	 0.8352033    -1     
 2        -2           		 2            	 0.6911562    -1     
 3        -2           		 2            	 0.7005812    -1     


temperature_scale =     5.825131
temperature_scale_parameters[0] =     5.825131
*temperature_scale_cost =     5.825131



*index_cost_acceptances = 0, *current_cost_temperature =     4616.162
*accepted_to_generated_ratio =            1, *number_invalid... = 0
*number_generated = 0, *number_accepted = 0
best...->cost =      2.12734, last...->cost =      2.12734
index_v  best...->parameter current_parameter_temp	tangent
0	   0.4999093		           1	           0
1	   0.8352033		           1	           0
2	   0.6911562		           1	           0
3	   0.7005812		           1	           0


best...->cost=2.112964      *number_accepted=47  *number_generated=125
best...->cost=2.053969      *number_accepted=48  *number_generated=130
best...->cost=2.051807      *number_accepted=49  *number_generated=134
best...->cost=2.039141      *number_accepted=50  *number_generated=141
best...->cost=2.039133      *number_accepted=54  *number_generated=163
best...->cost=2.039044      *number_accepted=55  *number_generated=165
best...->cost=2.036867      *number_accepted=60  *number_generated=186
best...->cost=2.036601      *number_accepted=61  *number_generated=190
best...->cost=2.035563      *number_accepted=62  *number_generated=193
best...->cost=2.03538       *number_accepted=63  *number_generated=198
best...->cost=2.035057      *number_accepted=66  *number_generated=205
best...->cost=2.032224      *number_accepted=68  *number_generated=218
best...->cost=2.031285      *number_accepted=69  *number_generated=222
best...->cost=2.006878      *number_accepted=70  *number_generated=224
best...->cost=1.993141      *number_accepted=71  *number_generated=228
best...->cost=1.989467      *number_accepted=72  *number_generated=229
best...->cost=1.985688      *number_accepted=76  *number_generated=248
best...->cost=1.909935      *number_accepted=77  *number_generated=249
best...->cost=1.909589      *number_accepted=78  *number_generated=250
best...->cost=1.893534      *number_accepted=79  *number_generated=276
best...->cost=1.829964      *number_accepted=81  *number_generated=285
best...->cost=1.82963       *number_accepted=82  *number_generated=286
best...->cost=1.829629      *number_accepted=84  *number_generated=288
best...->cost=1.828929      *number_accepted=85  *number_generated=291
best...->cost=1.82892       *number_accepted=86  *number_generated=298
best...->cost=1.817131      *number_accepted=88  *number_generated=308
best...->cost=1.815191      *number_accepted=89  *number_generated=310
best...->cost=1.815046      *number_accepted=90  *number_generated=326
best...->cost=1.814955      *number_accepted=92  *number_generated=338
best...->cost=1.814954      *number_accepted=94  *number_generated=340
best...->cost=1.814939      *number_accepted=95  *number_generated=346
best...->cost=1.814149      *number_accepted=96  *number_generated=350
best...->cost=1.814146      *number_accepted=97  *number_generated=353
best...->cost=1.805114      *number_accepted=100  *number_generated=365

*index_cost_acceptances = 10, *current_cost_temperature = 4.834554e-05
*accepted_to_generated_ratio =    0.3076923, *number_invalid... = 0
*number_generated = 365, *number_accepted = 100
best...->cost =     1.805114, last...->cost =     1.805114
index_v  best...->parameter current_parameter_temp	tangent
0	   0.9610326		8.756705e-12	6.376923e-11
1	   0.1815755		8.756705e-12	   0.8421894
2	   0.6105996		8.756705e-12	   -1.188977
3	   0.7638818		8.756705e-12	    5.739522


best...->cost=1.804744      *number_accepted=105  *number_generated=383
best...->cost=1.804309      *number_accepted=106  *number_generated=387
best...->cost=1.804143      *number_accepted=109  *number_generated=394
best...->cost=1.804026      *number_accepted=110  *number_generated=403
best...->cost=1.803819      *number_accepted=111  *number_generated=411
best...->cost=1.803819      *number_accepted=112  *number_generated=419
best...->cost=1.802942      *number_accepted=113  *number_generated=420
best...->cost=1.80191       *number_accepted=115  *number_generated=425
best...->cost=1.800086      *number_accepted=117  *number_generated=432
best...->cost=1.799406      *number_accepted=118  *number_generated=436
best...->cost=1.797852      *number_accepted=119  *number_generated=437
best...->cost=1.796452      *number_accepted=120  *number_generated=441
best...->cost=1.793864      *number_accepted=121  *number_generated=452
best...->cost=1.79382       *number_accepted=122  *number_generated=454
best...->cost=1.793806      *number_accepted=123  *number_generated=457
best...->cost=1.793805      *number_accepted=124  *number_generated=458
best...->cost=1.793801      *number_accepted=125  *number_generated=466
best...->cost=1.793739      *number_accepted=129  *number_generated=485
best...->cost=1.793553      *number_accepted=131  *number_generated=502
best...->cost=1.79354       *number_accepted=133  *number_generated=516
best...->cost=1.792876      *number_accepted=134  *number_generated=530
best...->cost=1.792753      *number_accepted=136  *number_generated=533
best...->cost=1.792605      *number_accepted=137  *number_generated=537
best...->cost=1.791958      *number_accepted=138  *number_generated=539
best...->cost=1.788994      *number_accepted=139  *number_generated=546
best...->cost=1.788967      *number_accepted=140  *number_generated=548
best...->cost=1.788687      *number_accepted=141  *number_generated=563
best...->cost=1.788687      *number_accepted=142  *number_generated=565
best...->cost=1.788668      *number_accepted=143  *number_generated=567
best...->cost=1.788097      *number_accepted=144  *number_generated=578
best...->cost=1.783236      *number_accepted=145  *number_generated=580
best...->cost=1.783218      *number_accepted=146  *number_generated=583
best...->cost=1.782857      *number_accepted=147  *number_generated=597
best...->cost=1.782758      *number_accepted=148  *number_generated=606
best...->cost=1.782753      *number_accepted=149  *number_generated=609
best...->cost=1.782744      *number_accepted=151  *number_generated=625
best...->cost=1.782722      *number_accepted=152  *number_generated=626
best...->cost=1.782722      *number_accepted=153  *number_generated=629
best...->cost=1.782469      *number_accepted=154  *number_generated=630
best...->cost=1.782466      *number_accepted=155  *number_generated=643
best...->cost=1.781727      *number_accepted=156  *number_generated=648
best...->cost=1.781719      *number_accepted=157  *number_generated=654
best...->cost=1.781719      *number_accepted=158  *number_generated=656
best...->cost=1.781709      *number_accepted=159  *number_generated=660
best...->cost=1.781709      *number_accepted=160  *number_generated=669
best...->cost=1.781351      *number_accepted=161  *number_generated=670
best...->cost=1.781351      *number_accepted=162  *number_generated=672
best...->cost=1.781295      *number_accepted=163  *number_generated=676
best...->cost=1.781197      *number_accepted=164  *number_generated=685
best...->cost=1.779743      *number_accepted=166  *number_generated=694
best...->cost=1.779738      *number_accepted=167  *number_generated=696
best...->cost=1.779451      *number_accepted=168  *number_generated=697
best...->cost=1.779441      *number_accepted=169  *number_generated=700
best...->cost=1.779441      *number_accepted=170  *number_generated=701
best...->cost=1.77944       *number_accepted=172  *number_generated=718
best...->cost=1.779429      *number_accepted=173  *number_generated=721
best...->cost=1.778186      *number_accepted=174  *number_generated=724
best...->cost=1.778186      *number_accepted=175  *number_generated=734
best...->cost=1.778171      *number_accepted=177  *number_generated=752
best...->cost=1.77817       *number_accepted=180  *number_generated=757
best...->cost=1.778169      *number_accepted=182  *number_generated=761
best...->cost=1.778112      *number_accepted=183  *number_generated=769
best...->cost=1.77739       *number_accepted=184  *number_generated=773
best...->cost=1.777386      *number_accepted=185  *number_generated=796
best...->cost=1.777386      *number_accepted=186  *number_generated=813
best...->cost=1.777386      *number_accepted=191  *number_generated=837
best...->cost=1.777386      *number_accepted=192  *number_generated=840
best...->cost=1.777386      *number_accepted=193  *number_generated=852
best...->cost=1.777386      *number_accepted=194  *number_generated=856
best...->cost=1.777385      *number_accepted=195  *number_generated=860
best...->cost=1.769342      *number_accepted=196  *number_generated=864
best...->cost=1.766937      *number_accepted=197  *number_generated=867
best...->cost=1.766936      *number_accepted=198  *number_generated=868
best...->cost=1.766936      *number_accepted=199  *number_generated=889
best...->cost=1.759717      *number_accepted=200  *number_generated=901

*index_cost_acceptances = 108, *current_cost_temperature =  1.20859e-08
*accepted_to_generated_ratio =    0.1538462, *number_invalid... = 0
*number_generated = 901, *number_accepted = 200
best...->cost =     1.759717, last...->cost =     1.759717
index_v  best...->parameter current_parameter_temp	tangent
0	   0.9289066		6.809923e-13	-4.828581e-11
1	   0.1753987		3.479003e-14	   0.8043214
2	   0.6203792		2.983622e-14	  -0.3689872
3	   0.7582206		1.404249e-14	    5.840179


best...->cost=1.758221      *number_accepted=202  *number_generated=918
best...->cost=1.758221      *number_accepted=203  *number_generated=919
best...->cost=1.75256       *number_accepted=204  *number_generated=923
best...->cost=1.750432      *number_accepted=205  *number_generated=950
best...->cost=1.74284       *number_accepted=206  *number_generated=965
best...->cost=1.736619      *number_accepted=207  *number_generated=966
best...->cost=1.736619      *number_accepted=208  *number_generated=975
best...->cost=1.736618      *number_accepted=209  *number_generated=986
best...->cost=1.736598      *number_accepted=210  *number_generated=987
best...->cost=1.730142      *number_accepted=211  *number_generated=1001
best...->cost=1.729342      *number_accepted=212  *number_generated=1005
best...->cost=1.72909       *number_accepted=213  *number_generated=1014
best...->cost=1.728821      *number_accepted=214  *number_generated=1015
best...->cost=1.728821      *number_accepted=215  *number_generated=1016
best...->cost=1.728707      *number_accepted=216  *number_generated=1018
best...->cost=1.728483      *number_accepted=220  *number_generated=1049
best...->cost=1.728089      *number_accepted=221  *number_generated=1050
best...->cost=1.725222      *number_accepted=224  *number_generated=1056
best...->cost=1.725222      *number_accepted=225  *number_generated=1063
best...->cost=1.725179      *number_accepted=226  *number_generated=1076
best...->cost=1.724976      *number_accepted=227  *number_generated=1077
best...->cost=1.72338       *number_accepted=229  *number_generated=1080
best...->cost=1.723278      *number_accepted=230  *number_generated=1085
best...->cost=1.723248      *number_accepted=231  *number_generated=1087
best...->cost=1.723248      *number_accepted=232  *number_generated=1089
best...->cost=1.723187      *number_accepted=235  *number_generated=1100
best...->cost=1.722862      *number_accepted=236  *number_generated=1103
best...->cost=1.722862      *number_accepted=238  *number_generated=1105
best...->cost=1.721613      *number_accepted=239  *number_generated=1153
best...->cost=1.721613      *number_accepted=240  *number_generated=1155
best...->cost=1.721613      *number_accepted=241  *number_generated=1156
best...->cost=1.72161       *number_accepted=244  *number_generated=1163
best...->cost=1.720022      *number_accepted=245  *number_generated=1165
best...->cost=1.720022      *number_accepted=246  *number_generated=1168
best...->cost=1.719579      *number_accepted=247  *number_generated=1170
best...->cost=1.719498      *number_accepted=248  *number_generated=1172
best...->cost=1.719498      *number_accepted=249  *number_generated=1179
best...->cost=1.71943       *number_accepted=250  *number_generated=1181
best...->cost=1.719425      *number_accepted=251  *number_generated=1183
best...->cost=1.719425      *number_accepted=252  *number_generated=1185
best...->cost=1.719314      *number_accepted=253  *number_generated=1188
best...->cost=1.719313      *number_accepted=254  *number_generated=1191
best...->cost=1.719291      *number_accepted=256  *number_generated=1196
best...->cost=1.719244      *number_accepted=257  *number_generated=1197
best...->cost=1.719244      *number_accepted=258  *number_generated=1204
best...->cost=1.719224      *number_accepted=259  *number_generated=1205
best...->cost=1.719224      *number_accepted=260  *number_generated=1206
best...->cost=1.719224      *number_accepted=261  *number_generated=1209
best...->cost=1.718123      *number_accepted=263  *number_generated=1215
best...->cost=1.718123      *number_accepted=264  *number_generated=1221
best...->cost=1.718123      *number_accepted=266  *number_generated=1228
best...->cost=1.718109      *number_accepted=268  *number_generated=1233
best...->cost=1.718098      *number_accepted=269  *number_generated=1240
best...->cost=1.718085      *number_accepted=270  *number_generated=1244
best...->cost=1.718083      *number_accepted=271  *number_generated=1249
best...->cost=1.718083      *number_accepted=272  *number_generated=1254
best...->cost=1.712656      *number_accepted=273  *number_generated=1259
best...->cost=1.712656      *number_accepted=274  *number_generated=1261
best...->cost=1.712597      *number_accepted=275  *number_generated=1269
best...->cost=1.712597      *number_accepted=276  *number_generated=1275
best...->cost=1.712564      *number_accepted=277  *number_generated=1279
best...->cost=1.712522      *number_accepted=278  *number_generated=1297
best...->cost=1.712522      *number_accepted=279  *number_generated=1298
best...->cost=1.712522      *number_accepted=280  *number_generated=1299
best...->cost=1.712518      *number_accepted=281  *number_generated=1304
best...->cost=1.712502      *number_accepted=282  *number_generated=1308
best...->cost=1.71246       *number_accepted=283  *number_generated=1315
best...->cost=1.71246       *number_accepted=284  *number_generated=1317
best...->cost=1.712454      *number_accepted=285  *number_generated=1318
best...->cost=1.712454      *number_accepted=286  *number_generated=1330
best...->cost=1.712454      *number_accepted=287  *number_generated=1333
best...->cost=1.712454      *number_accepted=288  *number_generated=1334
best...->cost=1.712454      *number_accepted=289  *number_generated=1339
best...->cost=1.712448      *number_accepted=290  *number_generated=1342
best...->cost=1.712196      *number_accepted=291  *number_generated=1348
best...->cost=1.712189      *number_accepted=293  *number_generated=1368
best...->cost=1.711792      *number_accepted=294  *number_generated=1373
best...->cost=1.711683      *number_accepted=295  *number_generated=1382
best...->cost=1.711342      *number_accepted=296  *number_generated=1385
best...->cost=1.711323      *number_accepted=297  *number_generated=1386
best...->cost=1.711323      *number_accepted=298  *number_generated=1391
best...->cost=1.711323      *number_accepted=300  *number_generated=1395

*index_cost_acceptances = 205, *current_cost_temperature = 4.462849e-10
*accepted_to_generated_ratio =          0.6, *number_invalid... = 0
*number_generated = 1395, *number_accepted = 300
best...->cost =     1.711323, last...->cost =     1.711323
index_v  best...->parameter current_parameter_temp	tangent
0	   0.4263671		1.200331e-12	5.155749e-11
1	   0.1728065		2.556198e-15	   0.7841579
2	   0.6297753		 3.79008e-15	 0.002439089
3	    0.750397		3.550086e-16	    5.312245


best...->cost=1.711103      *number_accepted=301  *number_generated=1421
best...->cost=1.711103      *number_accepted=302  *number_generated=1424
best...->cost=1.711103      *number_accepted=303  *number_generated=1425
best...->cost=1.711103      *number_accepted=304  *number_generated=1431
best...->cost=1.711098      *number_accepted=305  *number_generated=1439
best...->cost=1.711088      *number_accepted=306  *number_generated=1441
best...->cost=1.711088      *number_accepted=307  *number_generated=1454
best...->cost=1.711088      *number_accepted=308  *number_generated=1490
best...->cost=1.711088      *number_accepted=309  *number_generated=1491
best...->cost=1.711083      *number_accepted=310  *number_generated=1506
best...->cost=1.711081      *number_accepted=311  *number_generated=1520
best...->cost=1.711079      *number_accepted=312  *number_generated=1534
best...->cost=1.711078      *number_accepted=313  *number_generated=1535
best...->cost=1.711078      *number_accepted=314  *number_generated=1538
best...->cost=1.711078      *number_accepted=315  *number_generated=1554
best...->cost=1.711078      *number_accepted=316  *number_generated=1558
best...->cost=1.711072      *number_accepted=317  *number_generated=1559
best...->cost=1.710541      *number_accepted=318  *number_generated=1561
best...->cost=1.71054       *number_accepted=319  *number_generated=1570
best...->cost=1.710537      *number_accepted=320  *number_generated=1571
best...->cost=1.710528      *number_accepted=321  *number_generated=1574
best...->cost=1.710528      *number_accepted=322  *number_generated=1575
best...->cost=1.710528      *number_accepted=323  *number_generated=1589
best...->cost=1.710528      *number_accepted=324  *number_generated=1602
best...->cost=1.710386      *number_accepted=325  *number_generated=1605
best...->cost=1.710386      *number_accepted=326  *number_generated=1610
best...->cost=1.710386      *number_accepted=327  *number_generated=1611
best...->cost=1.710386      *number_accepted=328  *number_generated=1612
best...->cost=1.710386      *number_accepted=330  *number_generated=1616
best...->cost=1.710386      *number_accepted=331  *number_generated=1642
best...->cost=1.710386      *number_accepted=332  *number_generated=1644
best...->cost=1.710386      *number_accepted=333  *number_generated=1650
best...->cost=1.710376      *number_accepted=334  *number_generated=1668
best...->cost=1.710376      *number_accepted=335  *number_generated=1677
best...->cost=1.710373      *number_accepted=336  *number_generated=1695
best...->cost=1.710373      *number_accepted=337  *number_generated=1699
best...->cost=1.710364      *number_accepted=338  *number_generated=1711
best...->cost=1.710335      *number_accepted=339  *number_generated=1718
best...->cost=1.710334      *number_accepted=340  *number_generated=1719
best...->cost=1.71032       *number_accepted=341  *number_generated=1720
best...->cost=1.709807      *number_accepted=342  *number_generated=1748
best...->cost=1.709795      *number_accepted=343  *number_generated=1754
best...->cost=1.709777      *number_accepted=344  *number_generated=1760
best...->cost=1.709777      *number_accepted=345  *number_generated=1767
best...->cost=1.709777      *number_accepted=346  *number_generated=1771
best...->cost=1.709777      *number_accepted=347  *number_generated=1778
best...->cost=1.706956      *number_accepted=348  *number_generated=1779
best...->cost=1.706956      *number_accepted=349  *number_generated=1783
best...->cost=1.706931      *number_accepted=350  *number_generated=1797
best...->cost=1.706917      *number_accepted=351  *number_generated=1803
best...->cost=1.706917      *number_accepted=352  *number_generated=1805
best...->cost=1.706738      *number_accepted=353  *number_generated=1808
best...->cost=1.70644       *number_accepted=354  *number_generated=1814
best...->cost=1.70644       *number_accepted=355  *number_generated=1820
best...->cost=1.70644       *number_accepted=356  *number_generated=1825
best...->cost=1.706339      *number_accepted=357  *number_generated=1835
best...->cost=1.706339      *number_accepted=358  *number_generated=1855
best...->cost=1.706339      *number_accepted=359  *number_generated=1856
best...->cost=1.706339      *number_accepted=360  *number_generated=1859
best...->cost=1.706339      *number_accepted=361  *number_generated=1862
best...->cost=1.706339      *number_accepted=362  *number_generated=1865
best...->cost=1.706338      *number_accepted=363  *number_generated=1867
best...->cost=1.706338      *number_accepted=364  *number_generated=1872
best...->cost=1.706338      *number_accepted=365  *number_generated=1874
best...->cost=1.706338      *number_accepted=366  *number_generated=1881
best...->cost=1.706338      *number_accepted=367  *number_generated=1884
best...->cost=1.706338      *number_accepted=368  *number_generated=1887
best...->cost=1.706338      *number_accepted=369  *number_generated=1892
best...->cost=1.706338      *number_accepted=370  *number_generated=1901
best...->cost=1.706338      *number_accepted=371  *number_generated=1902
best...->cost=1.70633       *number_accepted=372  *number_generated=1903
best...->cost=1.70633       *number_accepted=373  *number_generated=1905
best...->cost=1.706329      *number_accepted=374  *number_generated=1906
best...->cost=1.706329      *number_accepted=375  *number_generated=1907
best...->cost=1.706329      *number_accepted=376  *number_generated=1915
best...->cost=1.706107      *number_accepted=377  *number_generated=1920
best...->cost=1.706101      *number_accepted=379  *number_generated=1923
best...->cost=1.706099      *number_accepted=381  *number_generated=1928
best...->cost=1.706099      *number_accepted=382  *number_generated=1929
best...->cost=1.706099      *number_accepted=386  *number_generated=1948
best...->cost=1.706095      *number_accepted=387  *number_generated=1955
best...->cost=1.706095      *number_accepted=388  *number_generated=1957
best...->cost=1.706095      *number_accepted=389  *number_generated=1959
best...->cost=1.706095      *number_accepted=390  *number_generated=1970
best...->cost=1.706025      *number_accepted=391  *number_generated=1972
best...->cost=1.706017      *number_accepted=392  *number_generated=1974
best...->cost=1.706016      *number_accepted=393  *number_generated=1976
best...->cost=1.706015      *number_accepted=394  *number_generated=1979
best...->cost=1.706015      *number_accepted=395  *number_generated=1982
best...->cost=1.706014      *number_accepted=396  *number_generated=1987
best...->cost=1.706014      *number_accepted=397  *number_generated=1996
best...->cost=1.704562      *number_accepted=398  *number_generated=2002
best...->cost=1.704562      *number_accepted=399  *number_generated=2006
best...->cost=1.704562      *number_accepted=400  *number_generated=2007

*index_cost_acceptances = 303, *current_cost_temperature =   4.6754e-11
*accepted_to_generated_ratio =            1, *number_invalid... = 0
*number_generated = 2007, *number_accepted = 400
best...->cost =     1.704562, last...->cost =     1.704562
index_v  best...->parameter current_parameter_temp	tangent
0	   0.4847427		2.644401e-13	-2.308658e-10
1	   0.1726994		1.963124e-16	     0.78238
2	   0.6311286		7.063955e-15	  0.02845426
3	   0.7491122		1.202113e-17	    5.198006


best...->cost=1.704562      *number_accepted=401  *number_generated=2012
best...->cost=1.704559      *number_accepted=402  *number_generated=2016
best...->cost=1.704559      *number_accepted=403  *number_generated=2028
best...->cost=1.704534      *number_accepted=404  *number_generated=2039
best...->cost=1.704534      *number_accepted=405  *number_generated=2051
best...->cost=1.704533      *number_accepted=406  *number_generated=2056
best...->cost=1.704532      *number_accepted=407  *number_generated=2067
best...->cost=1.704532      *number_accepted=408  *number_generated=2076
best...->cost=1.704531      *number_accepted=409  *number_generated=2086
best...->cost=1.70453       *number_accepted=410  *number_generated=2091
best...->cost=1.704529      *number_accepted=411  *number_generated=2092
best...->cost=1.702666      *number_accepted=412  *number_generated=2099
best...->cost=1.702664      *number_accepted=413  *number_generated=2104
best...->cost=1.702659      *number_accepted=414  *number_generated=2106
best...->cost=1.70248       *number_accepted=415  *number_generated=2110
best...->cost=1.702411      *number_accepted=416  *number_generated=2116
best...->cost=1.702254      *number_accepted=417  *number_generated=2118
best...->cost=1.700402      *number_accepted=418  *number_generated=2120
best...->cost=1.700402      *number_accepted=419  *number_generated=2131
best...->cost=1.700402      *number_accepted=420  *number_generated=2134
best...->cost=1.700402      *number_accepted=421  *number_generated=2144
best...->cost=1.700399      *number_accepted=422  *number_generated=2148
best...->cost=1.700399      *number_accepted=424  *number_generated=2169
best...->cost=1.700391      *number_accepted=425  *number_generated=2182
best...->cost=1.700384      *number_accepted=426  *number_generated=2183
best...->cost=1.700384      *number_accepted=427  *number_generated=2190
best...->cost=1.700375      *number_accepted=428  *number_generated=2196
best...->cost=1.700375      *number_accepted=429  *number_generated=2209
best...->cost=1.700375      *number_accepted=430  *number_generated=2214
best...->cost=1.700275      *number_accepted=431  *number_generated=2218
best...->cost=1.700248      *number_accepted=432  *number_generated=2221
best...->cost=1.700247      *number_accepted=433  *number_generated=2222
best...->cost=1.700201      *number_accepted=434  *number_generated=2226
best...->cost=1.700201      *number_accepted=435  *number_generated=2227
best...->cost=1.700187      *number_accepted=436  *number_generated=2228
best...->cost=1.700187      *number_accepted=437  *number_generated=2229
best...->cost=1.699526      *number_accepted=438  *number_generated=2234
best...->cost=1.699526      *number_accepted=439  *number_generated=2239
best...->cost=1.699526      *number_accepted=440  *number_generated=2241
best...->cost=1.699415      *number_accepted=441  *number_generated=2244
best...->cost=1.699279      *number_accepted=443  *number_generated=2263
best...->cost=1.699126      *number_accepted=444  *number_generated=2264
best...->cost=1.699123      *number_accepted=445  *number_generated=2269
best...->cost=1.699123      *number_accepted=446  *number_generated=2270
best...->cost=1.699046      *number_accepted=447  *number_generated=2293
best...->cost=1.699046      *number_accepted=448  *number_generated=2311
best...->cost=1.699044      *number_accepted=449  *number_generated=2313
best...->cost=1.699044      *number_accepted=450  *number_generated=2323
best...->cost=1.698956      *number_accepted=451  *number_generated=2325
best...->cost=1.698956      *number_accepted=452  *number_generated=2328
best...->cost=1.698906      *number_accepted=453  *number_generated=2329
best...->cost=1.698895      *number_accepted=454  *number_generated=2334
best...->cost=1.698895      *number_accepted=455  *number_generated=2337
best...->cost=1.698874      *number_accepted=456  *number_generated=2346
best...->cost=1.698874      *number_accepted=457  *number_generated=2353
best...->cost=1.698872      *number_accepted=458  *number_generated=2360
best...->cost=1.698836      *number_accepted=459  *number_generated=2369
best...->cost=1.698836      *number_accepted=460  *number_generated=2372
best...->cost=1.698836      *number_accepted=461  *number_generated=2376
best...->cost=1.698814      *number_accepted=462  *number_generated=2378
best...->cost=1.698814      *number_accepted=463  *number_generated=2379
best...->cost=1.698725      *number_accepted=464  *number_generated=2381
best...->cost=1.698725      *number_accepted=465  *number_generated=2395
best...->cost=1.698725      *number_accepted=466  *number_generated=2406
best...->cost=1.698725      *number_accepted=467  *number_generated=2414
best...->cost=1.698725      *number_accepted=469  *number_generated=2425
best...->cost=1.698725      *number_accepted=470  *number_generated=2442
best...->cost=1.698724      *number_accepted=471  *number_generated=2460
best...->cost=1.619759      *number_accepted=472  *number_generated=2478
best...->cost=1.619512      *number_accepted=473  *number_generated=2484
best...->cost=1.619512      *number_accepted=474  *number_generated=2486
best...->cost=1.589313      *number_accepted=475  *number_generated=2493
best...->cost=1.58918       *number_accepted=476  *number_generated=2496
best...->cost=1.588974      *number_accepted=477  *number_generated=2502
best...->cost=1.588809      *number_accepted=478  *number_generated=2504
best...->cost=1.588143      *number_accepted=479  *number_generated=2516
best...->cost=1.588143      *number_accepted=480  *number_generated=2530
best...->cost=1.588136      *number_accepted=481  *number_generated=2533
best...->cost=1.586866      *number_accepted=482  *number_generated=2538
best...->cost=1.586862      *number_accepted=483  *number_generated=2539
best...->cost=1.586857      *number_accepted=484  *number_generated=2544
best...->cost=1.586856      *number_accepted=485  *number_generated=2545
best...->cost=1.58585       *number_accepted=486  *number_generated=2547
best...->cost=1.58585       *number_accepted=487  *number_generated=2560
best...->cost=1.585068      *number_accepted=488  *number_generated=2567
best...->cost=1.584896      *number_accepted=489  *number_generated=2569
best...->cost=1.584896      *number_accepted=490  *number_generated=2570
best...->cost=1.584896      *number_accepted=491  *number_generated=2574
best...->cost=1.58483       *number_accepted=492  *number_generated=2575
best...->cost=1.584806      *number_accepted=493  *number_generated=2576
best...->cost=1.583609      *number_accepted=494  *number_generated=2581
best...->cost=1.583609      *number_accepted=495  *number_generated=2582
best...->cost=1.583609      *number_accepted=496  *number_generated=2584
best...->cost=1.583609      *number_accepted=497  *number_generated=2585

*index_cost_acceptances = 400, *current_cost_temperature = 8.277598e-12
*accepted_to_generated_ratio =          0.5, *number_invalid... = 0
*number_generated = 2586, *number_accepted = 497
best...->cost =     1.583609, last...->cost =     1.583609
index_v  best...->parameter current_parameter_temp	tangent
0	   0.4628094		3.893564e-13	           0
1	   0.1676986		3.756258e-17	   0.7213734
2	   0.6754321		3.504511e-15	    2.016723
3	   0.7112895		9.995579e-19	     3.50727

curvature[0][0] =  1.43059e-07

curvature[1][0] = -1.115766e-06 	 = curvature[0][1]
curvature[1][1] =     1.492549

curvature[2][0] = 4.354285e-07 	 = curvature[0][2]
curvature[2][1] =    -4.475821 	 = curvature[1][2]
curvature[2][2] =     205.8726

curvature[3][0] =            0 	 = curvature[0][3]
curvature[3][1] =    -4.220201 	 = curvature[1][3]
curvature[3][2] =      128.494 	 = curvature[2][3]
curvature[3][3] =     232.4784



 P_TEMP_TOO_SMALL exit_status = 1
current_user_parameter_temp[3] too small = 9.995579e-19
 Locate_Cost = 5, calculating curvatures while exiting asa ()
final_cost = best_generated_state->cost = 1.583609    
*number_accepted at best_generated_state->cost = 497
*number_generated at best_generated_state->cost = 2585



