		ADAPTIVE SIMULATED ANNEALING

/* $Id: asa.c,v 25.15 2004/09/23 18:10:46 ingber Exp ingber $ */

OPTIONS_FILE = 1
OPTIONS_FILE_DATA = 1
RECUR_OPTIONS_FILE = 0
RECUR_OPTIONS_FILE_DATA = 0
COST_FILE = 1
ASA_LIB = 0
HAVE_ANSI = 1
IO_PROTOTYPES = 0
TIME_CALC = 0
TIME_STD = 0
TIME_GETRUSAGE = 1
INT_LONG = 1
INT_ALLOC = 0
SMALL_FLOAT =        1e-18
MIN_DOUBLE =        1e-18
MAX_DOUBLE =        1e+18
EPS_DOUBLE =        1e-18
CHECK_EXPONENT = 0
NO_PARAM_TEMP_TEST = 0
NO_COST_TEMP_TEST = 0
SELF_OPTIMIZE = 0
ASA_TEST = 0
ASA_TEST_POINT = 0
ASA_TEMPLATE = 0
MY_TEMPLATE = 1
ASA_TEMPLATE_LIB = 0
ASA_TEMPLATE_ASA_OUT_PID = 0
ASA_TEMPLATE_MULTIPLE = 0
ASA_TEMPLATE_SELFOPT = 0
ASA_TEMPLATE_SAMPLE = 0
ASA_TEMPLATE_QUEUE = 0
ASA_TEMPLATE_PARALLEL = 0
ASA_TEMPLATE_SAVE = 0
USER_INITIAL_COST_TEMP = 0
RATIO_TEMPERATURE_SCALES = 0
USER_INITIAL_PARAMETERS_TEMPS = 0
DELTA_PARAMETERS = 0
QUENCH_PARAMETERS = 0
QUENCH_COST = 0
QUENCH_PARAMETERS_SCALE = 1
QUENCH_COST_SCALE = 1
OPTIONAL_DATA_DBL = 0
OPTIONAL_DATA_INT = 0
OPTIONAL_DATA_PTR = 0
USER_COST_SCHEDULE = 0
USER_ACCEPT_ASYMP_EXP = 0
USER_ACCEPT_THRESHOLD = 0
USER_ACCEPTANCE_TEST = 1
USER_GENERATING_FUNCTION = 0
USER_REANNEAL_COST = 0
USER_REANNEAL_PARAMETERS = 0
MAXIMUM_REANNEAL_INDEX = 50000
REANNEAL_SCALE =           10
ASA_SAMPLE = 0
ASA_QUEUE = 0
ASA_RESOLUTION = 0
FITLOC = 0
FITLOC_ROUND = 1
FITLOC_PRINT = 1
MULTI_MIN = 0
ASA_PARALLEL = 0
FDLIBM_POW = 0
FDLIBM_LOG = 0
FDLIBM_EXP = 0

ASA_PRINT = 1
USER_OUT = asa_usr_out
ASA_OUT = optim_error_pole_UYW_SS_28-Jun-2010.log
USER_ASA_OUT = 1
ASA_PRINT_INTERMED = 1
ASA_PRINT_MORE = 0
INCL_STDOUT = 1
G_FIELD = 12
G_PRECISION = 7
ASA_SAVE = 0
ASA_SAVE_OPT = 0
ASA_SAVE_BACKUP = 0
ASA_PIPE = 0
ASA_PIPE_FILE = 0
SYSTEM_CALL = 1

OPTIONS->Limit_Acceptances = 1000000
OPTIONS->Limit_Generated = 1000000
OPTIONS->Limit_Invalid_Generated_States = 1000000
OPTIONS->Accepted_To_Generated_Ratio =        1e-12

OPTIONS->Cost_Precision =        1e-18
OPTIONS->Maximum_Cost_Repeat = 5
OPTIONS->Number_Cost_Samples = 5
OPTIONS->Temperature_Ratio_Scale =        1e-08
OPTIONS->Cost_Parameter_Scale_Ratio =            1
OPTIONS->Temperature_Anneal_Scale =          100
OPTIONS->Include_Integer_Parameters = 0
OPTIONS->User_Initial_Parameters = 1
OPTIONS->Sequential_Parameters = -1
OPTIONS->Initial_Parameter_Temperature =            1
OPTIONS->Acceptance_Frequency_Modulus = 100
OPTIONS->Generated_Frequency_Modulus = 10000
OPTIONS->Reanneal_Cost = 1
OPTIONS->Reanneal_Parameters = 1

OPTIONS->Delta_X =        0.001
OPTIONS->User_Tangents = 0
OPTIONS->Curvature_0 = 0
OPTIONS->Asa_Recursive_Level = 0


Initial Random Seed = -16794

*number_parameters = 16

index_v parameter_minimum parameter_maximum parameter_value parameter_type 
 0        -10000       		 10000        	 1            -1     
 1        -10000       		 10000        	 0            -1     
 2        -10000       		 10000        	 0            -1     
 3        -10000       		 10000        	 0            -1     
 4        -10000       		 10000        	 0            -1     
 5        -10000       		 10000        	 1            -1     
 6        -10000       		 10000        	 0            -1     
 7        -10000       		 10000        	 0            -1     
 8        -10000       		 10000        	 0            -1     
 9        -10000       		 10000        	 0            -1     
 10       -10000       		 10000        	 1            -1     
 11       -10000       		 10000        	 0            -1     
 12       -10000       		 10000        	 0            -1     
 13       -10000       		 10000        	 0            -1     
 14       -10000       		 10000        	 0            -1     
 15       -10000       		 10000        	 1            -1     


temperature_scale =     13.81356
temperature_scale_parameters[0] =     13.81356
*temperature_scale_cost =     13.81356



*index_cost_acceptances = 0, *current_cost_temperature =     7966.261
*accepted_to_generated_ratio =            1, *number_invalid... = 0
*number_generated = 0, *number_accepted = 0
best...->cost =     2.580397, last...->cost =     2.580397
index_v  best...->parameter current_parameter_temp	tangent
0	           1		           1	           0
1	           0		           1	           0
2	           0		           1	           0
3	           0		           1	           0
4	           0		           1	           0
5	           1		           1	           0
6	           0		           1	           0
7	           0		           1	           0
8	           0		           1	           0
9	           0		           1	           0
10	           1		           1	           0
11	           0		           1	           0
12	           0		           1	           0
13	           0		           1	           0
14	           0		           1	           0
15	           1		           1	           0


best...->cost=2.538979      *number_accepted=7  *number_generated=18
best...->cost=1.962733      *number_accepted=8  *number_generated=19
best...->cost=1.555795      *number_accepted=10  *number_generated=29
best...->cost=1.549596      *number_accepted=11  *number_generated=37
best...->cost=1.169231      *number_accepted=13  *number_generated=48
best...->cost=1.161929      *number_accepted=14  *number_generated=75
best...->cost=1.16104       *number_accepted=15  *number_generated=118
best...->cost=1.156823      *number_accepted=16  *number_generated=129
best...->cost=1.155451      *number_accepted=17  *number_generated=228
best...->cost=1.149096      *number_accepted=18  *number_generated=239
best...->cost=1.131094      *number_accepted=19  *number_generated=242
best...->cost=1.130666      *number_accepted=20  *number_generated=286
best...->cost=1.108876      *number_accepted=21  *number_generated=294
best...->cost=1.068073      *number_accepted=22  *number_generated=296
best...->cost=1.066564      *number_accepted=23  *number_generated=332
best...->cost=1.052419      *number_accepted=24  *number_generated=340
best...->cost=1.051185      *number_accepted=25  *number_generated=348
best...->cost=1.04607       *number_accepted=26  *number_generated=375
best...->cost=1.04154       *number_accepted=27  *number_generated=382
best...->cost=1.041447      *number_accepted=28  *number_generated=393
best...->cost=1.04068       *number_accepted=29  *number_generated=394
best...->cost=1.039632      *number_accepted=30  *number_generated=402
best...->cost=1.023923      *number_accepted=31  *number_generated=422
best...->cost=1.021442      *number_accepted=32  *number_generated=457
best...->cost=1.018579      *number_accepted=33  *number_generated=488
best...->cost=1.018522      *number_accepted=34  *number_generated=491
best...->cost=1.016206      *number_accepted=35  *number_generated=523
best...->cost=1.015801      *number_accepted=36  *number_generated=528
best...->cost=1.014361      *number_accepted=37  *number_generated=542
best...->cost=1.010371      *number_accepted=38  *number_generated=547
best...->cost=1.010131      *number_accepted=39  *number_generated=563
best...->cost=1.005099      *number_accepted=40  *number_generated=578
best...->cost=0.9724733     *number_accepted=41  *number_generated=593
best...->cost=0.9595601     *number_accepted=42  *number_generated=663
best...->cost=0.9572747     *number_accepted=43  *number_generated=675
best...->cost=0.9565681     *number_accepted=44  *number_generated=685
best...->cost=0.9536936     *number_accepted=45  *number_generated=687
best...->cost=0.9526371     *number_accepted=46  *number_generated=688
best...->cost=0.9498143     *number_accepted=47  *number_generated=697
best...->cost=0.9496516     *number_accepted=48  *number_generated=734
best...->cost=0.9496459     *number_accepted=49  *number_generated=752
best...->cost=0.9457392     *number_accepted=50  *number_generated=794
best...->cost=0.9442604     *number_accepted=51  *number_generated=805
best...->cost=0.9431324     *number_accepted=53  *number_generated=829
best...->cost=0.9429179     *number_accepted=54  *number_generated=862
best...->cost=0.9417466     *number_accepted=56  *number_generated=917
best...->cost=0.9401039     *number_accepted=57  *number_generated=959
best...->cost=0.9392529     *number_accepted=58  *number_generated=974
best...->cost=0.9387973     *number_accepted=59  *number_generated=994
best...->cost=0.9370688     *number_accepted=60  *number_generated=1038
best...->cost=0.9368881     *number_accepted=61  *number_generated=1105
best...->cost=0.9365663     *number_accepted=62  *number_generated=1124
best...->cost=0.9358298     *number_accepted=63  *number_generated=1204
best...->cost=0.9355028     *number_accepted=64  *number_generated=1305
best...->cost=0.9350235     *number_accepted=65  *number_generated=1343
best...->cost=0.9347842     *number_accepted=66  *number_generated=1355
best...->cost=0.9342739     *number_accepted=67  *number_generated=1374
best...->cost=0.9340941     *number_accepted=68  *number_generated=1404
best...->cost=0.9339509     *number_accepted=69  *number_generated=1410
best...->cost=0.9338778     *number_accepted=70  *number_generated=1516
best...->cost=0.9337727     *number_accepted=71  *number_generated=1618
best...->cost=0.9337628     *number_accepted=74  *number_generated=1778
best...->cost=0.9332975     *number_accepted=75  *number_generated=1806
best...->cost=0.9331533     *number_accepted=76  *number_generated=1845
best...->cost=0.9329381     *number_accepted=77  *number_generated=1888
best...->cost=0.9329138     *number_accepted=78  *number_generated=1960
best...->cost=0.9328382     *number_accepted=79  *number_generated=1965
best...->cost=0.9317908     *number_accepted=80  *number_generated=2101
best...->cost=0.931495      *number_accepted=81  *number_generated=2114
best...->cost=0.9314831     *number_accepted=82  *number_generated=2144
best...->cost=0.9314812     *number_accepted=83  *number_generated=2153
best...->cost=0.931463      *number_accepted=84  *number_generated=2185
best...->cost=0.9296344     *number_accepted=85  *number_generated=2218
best...->cost=0.9294116     *number_accepted=89  *number_generated=2311
best...->cost=0.9287808     *number_accepted=90  *number_generated=2351
best...->cost=0.9285545     *number_accepted=91  *number_generated=2391
best...->cost=0.9285194     *number_accepted=95  *number_generated=2524
best...->cost=0.9284495     *number_accepted=96  *number_generated=2534
best...->cost=0.9280083     *number_accepted=98  *number_generated=2608
best...->cost=0.9279816     *number_accepted=99  *number_generated=2644
best...->cost=0.9277502     *number_accepted=100  *number_generated=2671

*index_cost_acceptances = 0, *current_cost_temperature = 8.058944e-05
*accepted_to_generated_ratio =   0.07142857, *number_invalid... = 0
*number_generated = 2671, *number_accepted = 100
best...->cost =    0.9277502, last...->cost =    0.9277502
index_v  best...->parameter current_parameter_temp	tangent
0	     588.469		1.502128e-10	-2.879962e-06
1	     2767.04		1.502128e-10	8.485016e-06
2	    3930.397		1.502128e-10	 0.006825198
3	     713.843		1.502128e-10	-2.566238e-05
4	    7143.692		1.502128e-10	1.668221e-06
5	   -149.7939		1.502128e-10	-3.887169e-06
6	    7566.912		1.502128e-10	3.023916e-06
7	    2859.707		1.502128e-10	2.137839e-06
8	   -4386.699		1.502128e-10	-7.418382e-07
9	    2264.379		1.502128e-10	-9.650778e-07
10	    9455.497		1.502128e-10	-3.449781e-06
11	    8442.834		1.502128e-10	1.596271e-06
12	   -7124.091		1.502128e-10	4.639491e-07
13	   -1991.519		1.502128e-10	-1.974145e-06
14	    5047.328		1.502128e-10	 2.26043e-07
15	    -2861.55		1.502128e-10	1.052875e-06


best...->cost=0.9276731     *number_accepted=141  *number_generated=3808
best...->cost=0.9275455     *number_accepted=142  *number_generated=3821
best...->cost=0.9272902     *number_accepted=143  *number_generated=4008
best...->cost=0.9224226     *number_accepted=144  *number_generated=4058
best...->cost=0.9221416     *number_accepted=145  *number_generated=4144
best...->cost=0.9217652     *number_accepted=146  *number_generated=4225
best...->cost=0.9215534     *number_accepted=147  *number_generated=4311
best...->cost=0.9213556     *number_accepted=148  *number_generated=4371
best...->cost=0.9209783     *number_accepted=149  *number_generated=4386
best...->cost=0.9208024     *number_accepted=150  *number_generated=4395
best...->cost=0.9204666     *number_accepted=151  *number_generated=4449
best...->cost=0.9203285     *number_accepted=152  *number_generated=4457
best...->cost=0.9203118     *number_accepted=153  *number_generated=4493
best...->cost=0.9201559     *number_accepted=154  *number_generated=4589
best...->cost=0.9196674     *number_accepted=155  *number_generated=4746
best...->cost=0.9195468     *number_accepted=156  *number_generated=4776
best...->cost=0.9191372     *number_accepted=157  *number_generated=4790
best...->cost=0.9186886     *number_accepted=158  *number_generated=4863
best...->cost=0.9185739     *number_accepted=159  *number_generated=4926
best...->cost=0.9171833     *number_accepted=160  *number_generated=4990
best...->cost=0.9171201     *number_accepted=161  *number_generated=5005
best...->cost=0.9163513     *number_accepted=162  *number_generated=5113
best...->cost=0.9160479     *number_accepted=163  *number_generated=5120
best...->cost=0.9159145     *number_accepted=164  *number_generated=5164
best...->cost=0.9157348     *number_accepted=165  *number_generated=5202
best...->cost=0.9139445     *number_accepted=166  *number_generated=5309
best...->cost=0.9135478     *number_accepted=167  *number_generated=5320
best...->cost=0.9118579     *number_accepted=168  *number_generated=5351
best...->cost=0.9118455     *number_accepted=169  *number_generated=5456
best...->cost=0.9117765     *number_accepted=170  *number_generated=5524
best...->cost=0.9116737     *number_accepted=171  *number_generated=5559
best...->cost=0.9116463     *number_accepted=172  *number_generated=5572
best...->cost=0.911622      *number_accepted=173  *number_generated=5589
best...->cost=0.9114877     *number_accepted=174  *number_generated=5662
best...->cost=0.9114553     *number_accepted=175  *number_generated=5675
best...->cost=0.9110189     *number_accepted=176  *number_generated=5713
best...->cost=0.910577      *number_accepted=177  *number_generated=5836
best...->cost=0.9098928     *number_accepted=178  *number_generated=5884
best...->cost=0.9097934     *number_accepted=179  *number_generated=6248
best...->cost=0.9097927     *number_accepted=180  *number_generated=6263
best...->cost=0.9095503     *number_accepted=181  *number_generated=6265
best...->cost=0.9095438     *number_accepted=182  *number_generated=6346
best...->cost=0.9095171     *number_accepted=183  *number_generated=6400
best...->cost=0.9095103     *number_accepted=184  *number_generated=6416
best...->cost=0.9092979     *number_accepted=185  *number_generated=6441
best...->cost=0.9087156     *number_accepted=186  *number_generated=6965
best...->cost=0.9086889     *number_accepted=187  *number_generated=7300
best...->cost=0.9086833     *number_accepted=188  *number_generated=7796
best...->cost=0.9012187     *number_accepted=189  *number_generated=7812
best...->cost=0.9012132     *number_accepted=190  *number_generated=7860
best...->cost=0.9005755     *number_accepted=191  *number_generated=7866
best...->cost=0.899996      *number_accepted=192  *number_generated=7915
best...->cost=0.8995132     *number_accepted=193  *number_generated=7963
best...->cost=0.8992324     *number_accepted=194  *number_generated=8155
best...->cost=0.8991898     *number_accepted=195  *number_generated=8198
best...->cost=0.8990465     *number_accepted=196  *number_generated=8293
best...->cost=0.8978121     *number_accepted=197  *number_generated=8381
best...->cost=0.8973955     *number_accepted=198  *number_generated=8441
best...->cost=0.8954648     *number_accepted=199  *number_generated=8607
best...->cost=0.8929695     *number_accepted=200  *number_generated=8621

*index_cost_acceptances = 95, *current_cost_temperature =  9.38544e-09
*accepted_to_generated_ratio =    0.1333333, *number_invalid... = 0
*number_generated = 8621, *number_accepted = 200
best...->cost =    0.8929695, last...->cost =    0.8929695
index_v  best...->parameter current_parameter_temp	tangent
0	    668.6579		4.701466e-11	-5.166242e-06
1	    3063.186		 4.69443e-11	3.092876e-05
2	     5355.47		2.694394e-11	-1.548133e-05
3	    1235.481		4.672264e-11	-1.351881e-05
4	    8570.154		4.703815e-11	7.081464e-07
5	    513.7509		4.700292e-11	-7.249452e-06
6	    3915.308		4.701466e-11	5.006348e-06
7	     1312.31		 4.70264e-11	5.075531e-07
8	    -3944.45		 4.70499e-11	6.389292e-06
9	    709.0231		 4.70499e-11	-9.969394e-06
10	    9956.202		4.701466e-11	-1.664891e-06
11	     8784.55		4.703815e-11	5.883047e-06
12	   -5344.472		 4.70499e-11	5.594345e-06
13	    -3721.83		 4.70264e-11	-5.450479e-06
14	    4060.628		 4.70499e-11	2.429572e-07
15	    -1486.27		4.703815e-11	3.902748e-06


best...->cost=0.8924845     *number_accepted=201  *number_generated=8746
best...->cost=0.8922607     *number_accepted=202  *number_generated=8866
best...->cost=0.8922403     *number_accepted=203  *number_generated=8873
best...->cost=0.8921596     *number_accepted=204  *number_generated=8923
best...->cost=0.8920965     *number_accepted=205  *number_generated=9021
best...->cost=0.8920147     *number_accepted=206  *number_generated=9181
best...->cost=0.8918552     *number_accepted=207  *number_generated=9272
best...->cost=0.8918461     *number_accepted=208  *number_generated=9290
best...->cost=0.8918448     *number_accepted=209  *number_generated=9546
best...->cost=0.8910437     *number_accepted=210  *number_generated=9713
best...->cost=0.891007      *number_accepted=211  *number_generated=9947
best...->cost=0.8908072     *number_accepted=212  *number_generated=9960

*index_cost_acceptances = 106, *current_cost_temperature = 8.259156e-09
*accepted_to_generated_ratio =   0.02439024, *number_invalid... = 0
*number_generated = 10000, *number_accepted = 212
best...->cost =    0.8908072, last...->cost =    0.8908072
index_v  best...->parameter current_parameter_temp	tangent
0	    642.8263		1.226992e-10	-7.258142e-06
1	    3063.465		3.439439e-11	3.378222e-05
2	    5342.367		3.845407e-11	  0.00371609
3	    1254.635		  6.5205e-11	-1.196245e-05
4	    8526.713		2.707499e-10	4.148049e-07
5	    603.5494		1.000289e-10	-5.666523e-06
6	    3769.821		1.249489e-10	4.697871e-06
7	     1231.08		2.906377e-10	2.656251e-07
8	   -3911.592		1.082494e-10	6.413811e-06
9	    752.9909		8.120627e-11	-1.120326e-05
10	    9958.797		2.093961e-10	-5.005143e-07
11	    8778.085		1.137836e-10	4.224682e-06
12	   -5446.924		1.172276e-10	4.783628e-06
13	   -3725.443		1.189878e-10	-5.228677e-06
14	    4270.343		3.248961e-10	 9.06614e-07
15	   -1599.837		1.431838e-10	1.958837e-06


best...->cost=0.8898247     *number_accepted=213  *number_generated=10622
best...->cost=0.8895935     *number_accepted=214  *number_generated=10708
best...->cost=0.8893696     *number_accepted=215  *number_generated=10715
best...->cost=0.8893317     *number_accepted=216  *number_generated=10765
best...->cost=0.8887765     *number_accepted=217  *number_generated=10863
best...->cost=0.8883674     *number_accepted=218  *number_generated=10986
best...->cost=0.8880345     *number_accepted=219  *number_generated=11022
best...->cost=0.8880155     *number_accepted=220  *number_generated=11217
best...->cost=0.8880128     *number_accepted=221  *number_generated=11548
best...->cost=0.8879573     *number_accepted=222  *number_generated=11633
best...->cost=0.887945      *number_accepted=223  *number_generated=11886
best...->cost=0.8879036     *number_accepted=224  *number_generated=12838
best...->cost=0.8877549     *number_accepted=225  *number_generated=12936
best...->cost=0.8877337     *number_accepted=226  *number_generated=12979
best...->cost=0.8876613     *number_accepted=227  *number_generated=13574
best...->cost=0.8875776     *number_accepted=228  *number_generated=13692
best...->cost=0.887562      *number_accepted=229  *number_generated=16682

*index_cost_acceptances = 122, *current_cost_temperature = 7.008162e-09
*accepted_to_generated_ratio = 0.0003012956, *number_invalid... = 0
*number_generated = 20000, *number_accepted = 229
best...->cost =     0.887562, last...->cost =     0.887562
index_v  best...->parameter current_parameter_temp	tangent
0	    614.6778		2.141391e-11	-1.505491e-06
1	     3047.47		2.074517e-11	2.811051e-05
2	    5271.131		9.548171e-12	 0.005709068
3	    1296.191		2.129952e-11	  0.03460406
4	    8505.568		2.147312e-11	  0.00527477
5	    710.9572		2.141719e-11	-3.731462e-06
6	    3473.064		2.143691e-11	2.484752e-06
7	    1185.498		2.147312e-11	-9.817801e-07
8	   -3862.583		2.141391e-11	-0.002273683
9	    944.6985		2.133863e-11	-5.100724e-06
10	    9926.138		2.147312e-11	0.0008822542
11	    8787.774		2.143691e-11	5.439999e-06
12	   -5646.908		2.143362e-11	-0.009497538
13	   -3690.614		2.143033e-11	-4.411154e-06
14	    4288.828		2.147312e-11	  0.01045205
15	   -1607.008		2.145994e-11	 -0.02790311


best...->cost=0.8875607     *number_accepted=230  *number_generated=21651
best...->cost=0.8875599     *number_accepted=231  *number_generated=22660
best...->cost=0.8874839     *number_accepted=232  *number_generated=23869
best...->cost=0.8874639     *number_accepted=233  *number_generated=24352
best...->cost=0.8874524     *number_accepted=234  *number_generated=24852
best...->cost=0.8872617     *number_accepted=235  *number_generated=25096
best...->cost=0.8872563     *number_accepted=236  *number_generated=25733
best...->cost=0.8871831     *number_accepted=237  *number_generated=25892
best...->cost=0.8870874     *number_accepted=238  *number_generated=25951
best...->cost=0.8870697     *number_accepted=239  *number_generated=26205
best...->cost=0.8870255     *number_accepted=240  *number_generated=26340
best...->cost=0.8870134     *number_accepted=241  *number_generated=26705
best...->cost=0.8870016     *number_accepted=242  *number_generated=26902
best...->cost=0.8869464     *number_accepted=243  *number_generated=27662
best...->cost=0.8868266     *number_accepted=244  *number_generated=27876
best...->cost=0.8868205     *number_accepted=245  *number_generated=27889
best...->cost=0.8868097     *number_accepted=246  *number_generated=28562
best...->cost=0.8868004     *number_accepted=247  *number_generated=28759

*index_cost_acceptances = 139, *current_cost_temperature = 6.000413e-09
*accepted_to_generated_ratio =  0.000805153, *number_invalid... = 0
*number_generated = 30000, *number_accepted = 247
best...->cost =    0.8868004, last...->cost =    0.8868004
index_v  best...->parameter current_parameter_temp	tangent
0	    607.5454		2.146653e-11	   0.0144158
1	    3047.078		 2.13321e-11	2.338195e-05
2	    5277.958		1.122719e-11	 0.005727091
3	    1350.388		 7.20725e-12	-1.094566e-05
4	    8510.961		1.466648e-11	1.564854e-06
5	    750.6166		2.145665e-11	-3.67631e-06
6	    3516.719		2.146324e-11	1.247786e-06
7	    1514.934		2.146983e-11	8.935836e-07
8	   -3905.323		1.724236e-11	-0.002240038
9	    939.3294		2.144677e-11	-6.319463e-06
10	    9909.389		1.920874e-11	0.0008813223
11	    8774.816		2.144677e-11	4.098309e-06
12	   -5654.808		1.243998e-11	 -0.00154705
13	   -3709.813		2.145336e-11	-3.134802e-06
14	    4335.016		1.206335e-11	-2.313449e-08
15	   -1608.302		8.065872e-12	2.088819e-06



*index_cost_acceptances = 138, *current_cost_temperature = 6.045997e-09
*accepted_to_generated_ratio = 8.895214e-05, *number_invalid... = 0
*number_generated = 40000, *number_accepted = 247
best...->cost =    0.8868004, last...->cost =    0.8868004
index_v  best...->parameter current_parameter_temp	tangent
0	    607.5454		7.236741e-12	   0.0144158
1	    3047.078		2.121841e-11	2.338195e-05
2	    5277.958		8.303499e-12	 0.005727091
3	    1350.388		2.113459e-11	-1.094566e-05
4	    8510.961		2.144677e-11	1.564854e-06
5	    750.6166		2.142704e-11	-3.67631e-06
6	    3516.719		2.145994e-11	1.247786e-06
7	    1514.934		2.146324e-11	8.935836e-07
8	   -3905.323		1.379827e-11	-0.002240038
9	    939.3294		2.139751e-11	-6.319463e-06
10	    9909.389		 1.71455e-11	0.0008813223
11	    8774.816		2.142376e-11	4.098309e-06
12	   -5654.808		1.396027e-11	 -0.00154705
13	   -3709.813		2.143691e-11	-3.134802e-06
14	    4335.016		2.147312e-11	-2.313449e-08
15	   -1608.302		2.140735e-11	2.088819e-06



*index_cost_acceptances = 137, *current_cost_temperature = 6.097507e-09
*accepted_to_generated_ratio = 4.707655e-05, *number_invalid... = 0
*number_generated = 50000, *number_accepted = 247
best...->cost =    0.8868004, last...->cost =    0.8868004
index_v  best...->parameter current_parameter_temp	tangent
0	    607.5454		3.746748e-12	   0.0144158
1	    3047.078		2.121518e-11	2.338195e-05
2	    5277.958		7.135767e-12	 0.005727091
3	    1350.388		2.134189e-11	-1.094566e-05
4	    8510.961		2.145665e-11	1.564854e-06
5	    750.6166		2.142704e-11	-3.67631e-06
6	    3516.719		2.145994e-11	1.247786e-06
7	    1514.934		2.146324e-11	8.935836e-07
8	   -3905.323		1.294626e-11	-0.002240038
9	    939.3294		2.139751e-11	-6.319463e-06
10	    9909.389		1.683998e-11	0.0008813223
11	    8774.816		2.142376e-11	4.098309e-06
12	   -5654.808		1.438143e-11	 -0.00154705
13	   -3709.813		2.143691e-11	-3.134802e-06
14	    4335.016		2.147312e-11	-2.313449e-08
15	   -1608.302		2.145006e-11	2.088819e-06



*index_cost_acceptances = 136, *current_cost_temperature = 6.149811e-09
*accepted_to_generated_ratio = 3.200819e-05, *number_invalid... = 0
*number_generated = 60000, *number_accepted = 247
best...->cost =    0.8868004, last...->cost =    0.8868004
index_v  best...->parameter current_parameter_temp	tangent
0	    607.5454		2.324703e-12	   0.0144158
1	    3047.078		2.121518e-11	2.338195e-05
2	    5277.958		6.576672e-12	 0.005727091
3	    1350.388		2.134516e-11	-1.094566e-05
4	    8510.961		2.145665e-11	1.564854e-06
5	    750.6166		2.142704e-11	-3.67631e-06
6	    3516.719		2.145994e-11	1.247786e-06
7	    1514.934		2.146324e-11	8.935836e-07
8	   -3905.323		1.269547e-11	-0.002240038
9	    939.3294		2.139751e-11	-6.319463e-06
10	    9909.389		 1.67888e-11	0.0008813223
11	    8774.816		2.142376e-11	4.098309e-06
12	   -5654.808		1.448772e-11	 -0.00154705
13	   -3709.813		2.143691e-11	-3.134802e-06
14	    4335.016		2.147312e-11	-2.313449e-08
15	   -1608.302		2.145006e-11	2.088819e-06



*index_cost_acceptances = 136, *current_cost_temperature = 6.202928e-09
*accepted_to_generated_ratio = 2.424713e-05, *number_invalid... = 0
*number_generated = 70000, *number_accepted = 247
best...->cost =    0.8868004, last...->cost =    0.8868004
index_v  best...->parameter current_parameter_temp	tangent
0	    607.5454		1.595856e-12	   0.0144158
1	    3047.078		2.121518e-11	2.338195e-05
2	    5277.958		6.284685e-12	 0.005727091
3	    1350.388		2.134516e-11	-1.094566e-05
4	    8510.961		2.145665e-11	1.564854e-06
5	    750.6166		2.142704e-11	-3.67631e-06
6	    3516.719		2.145994e-11	1.247786e-06
7	    1514.934		2.146324e-11	8.935836e-07
8	   -3905.323		1.261922e-11	-0.002240038
9	    939.3294		2.139751e-11	-6.319463e-06
10	    9909.389		1.677993e-11	0.0008813223
11	    8774.816		2.142376e-11	4.098309e-06
12	   -5654.808		1.451405e-11	 -0.00154705
13	   -3709.813		2.143691e-11	-3.134802e-06
14	    4335.016		2.147312e-11	-2.313449e-08
15	   -1608.302		2.145006e-11	2.088819e-06

curvature[0][0] =   0.02372454

curvature[1][0] = -0.004730444 	 = curvature[0][1]
curvature[1][1] = 0.0009444219

curvature[2][0] = -0.002730823 	 = curvature[0][2]
curvature[2][1] =  -0.00188376 	 = curvature[1][2]
curvature[2][2] =  0.001087541

curvature[3][0] = 1.663577e-05 	 = curvature[0][3]
curvature[3][1] = 1.874379e-08 	 = curvature[1][3]
curvature[3][2] = 3.116237e-06 	 = curvature[2][3]
curvature[3][3] = 6.087604e-08

curvature[4][0] = -0.001693533 	 = curvature[0][4]
curvature[4][1] = -1.060438e-08 	 = curvature[1][4]
curvature[4][2] =  2.26796e-07 	 = curvature[2][4]
curvature[4][3] = -1.146608e-10 	 = curvature[3][4]
curvature[4][4] = 0.0001207089

curvature[5][0] = -6.559498e-06 	 = curvature[0][5]
curvature[5][1] = 8.556368e-09 	 = curvature[1][5]
curvature[5][2] = -1.274018e-07 	 = curvature[2][5]
curvature[5][3] = -4.065694e-09 	 = curvature[3][5]
curvature[5][4] = -6.737509e-10 	 = curvature[4][5]
curvature[5][5] = 7.718214e-09

curvature[6][0] = 4.169513e-06 	 = curvature[0][6]
curvature[6][1] = 2.804979e-08 	 = curvature[1][6]
curvature[6][2] = 7.321017e-07 	 = curvature[2][6]
curvature[6][3] = 7.596485e-09 	 = curvature[3][6]
curvature[6][4] = -1.687211e-09 	 = curvature[4][6]
curvature[6][5] = -2.660931e-09 	 = curvature[5][6]
curvature[6][6] = 0.0007074184

curvature[7][0] = -2.766699e-06 	 = curvature[0][7]
curvature[7][1] = -2.244995e-08 	 = curvature[1][7]
curvature[7][2] = -7.123805e-07 	 = curvature[2][7]
curvature[7][3] = -1.895188e-08 	 = curvature[3][7]
curvature[7][4] = 9.371675e-10 	 = curvature[4][7]
curvature[7][5] = 2.550607e-10 	 = curvature[5][7]
curvature[7][6] = -5.844095e-09 	 = curvature[6][7]
curvature[7][7] = 1.008815e-08

curvature[8][0] =  0.003691075 	 = curvature[0][8]
curvature[8][1] = 0.0007358891 	 = curvature[1][8]
curvature[8][2] = 0.0004230673 	 = curvature[2][8]
curvature[8][3] = -2.594185e-06 	 = curvature[3][8]
curvature[8][4] = 0.0002634514 	 = curvature[4][8]
curvature[8][5] = 1.018012e-06 	 = curvature[5][8]
curvature[8][6] = -6.474997e-07 	 = curvature[6][8]
curvature[8][7] = 4.339941e-07 	 = curvature[7][8]
curvature[8][8] = 0.0005741614

curvature[9][0] = 1.096777e-06 	 = curvature[0][9]
curvature[9][1] = -1.897614e-08 	 = curvature[1][9]
curvature[9][2] = 1.683439e-06 	 = curvature[2][9]
curvature[9][3] = 1.365957e-08 	 = curvature[3][9]
curvature[9][4] = 3.187207e-09 	 = curvature[4][9]
curvature[9][5] = -2.204501e-09 	 = curvature[5][9]
curvature[9][6] = -1.774069e-09 	 = curvature[6][9]
curvature[9][7] = -7.398672e-09 	 = curvature[7][9]
curvature[9][8] = -1.820214e-07 	 = curvature[8][9]
curvature[9][9] = 3.177444e-08

curvature[10][0] = -0.001454682 	 = curvature[0][10]
curvature[10][1] = -0.0002900745 	 = curvature[1][10]
curvature[10][2] = -0.0001670063 	 = curvature[2][10]
curvature[10][3] = 1.016518e-06 	 = curvature[3][10]
curvature[10][4] = -0.0001038566 	 = curvature[4][10]
curvature[10][5] = -3.996486e-07 	 = curvature[5][10]
curvature[10][6] = 2.574294e-07 	 = curvature[6][10]
curvature[10][7] = -1.659984e-07 	 = curvature[7][10]
curvature[10][8] = 0.0002263079 	 = curvature[8][10]
curvature[10][9] = 4.750083e-08 	 = curvature[9][10]
curvature[10][10] = 8.921189e-05

curvature[11][0] = -0.001642616 	 = curvature[0][11]
curvature[11][1] = 1.524916e-09 	 = curvature[1][11]
curvature[11][2] = -0.0004654833 	 = curvature[2][11]
curvature[11][3] = -2.830066e-10 	 = curvature[3][11]
curvature[11][4] = 1.480183e-10 	 = curvature[4][11]
curvature[11][5] = -2.105663e-09 	 = curvature[5][11]
curvature[11][6] = 2.260726e-09 	 = curvature[6][11]
curvature[11][7] = -4.395045e-09 	 = curvature[7][11]
curvature[11][8] = 0.0002555297 	 = curvature[8][11]
curvature[11][9] = 1.161891e-08 	 = curvature[9][11]
curvature[11][10] = -2.201161e-07 	 = curvature[10][11]
curvature[11][11] = 0.0009450009

curvature[12][0] =  0.002549128 	 = curvature[0][12]
curvature[12][1] = 0.0005082241 	 = curvature[1][12]
curvature[12][2] = 0.0002934754 	 = curvature[2][12]
curvature[12][3] = -1.783847e-06 	 = curvature[3][12]
curvature[12][4] = 0.0001819449 	 = curvature[4][12]
curvature[12][5] = 7.004616e-07 	 = curvature[5][12]
curvature[12][6] = -4.444398e-07 	 = curvature[6][12]
curvature[12][7] = 2.955462e-07 	 = curvature[7][12]
curvature[12][8] = -0.0003965628 	 = curvature[8][12]
curvature[12][9] = -1.170768e-07 	 = curvature[9][12]
curvature[12][10] = 0.0001562883 	 = curvature[10][12]
curvature[12][11] =  3.70719e-07 	 = curvature[11][12]
curvature[12][12] = 0.0002738506

curvature[13][0] =  0.003885294 	 = curvature[0][13]
curvature[13][1] = -2.425344e-08 	 = curvature[1][13]
curvature[13][2] = -2.62995e-07 	 = curvature[2][13]
curvature[13][3] = -9.862798e-09 	 = curvature[3][13]
curvature[13][4] = 1.971981e-09 	 = curvature[4][13]
curvature[13][5] = 3.285211e-09 	 = curvature[5][13]
curvature[13][6] = -7.333451e-09 	 = curvature[6][13]
curvature[13][7] = 6.936705e-09 	 = curvature[7][13]
curvature[13][8] = -0.0006044111 	 = curvature[8][13]
curvature[13][9] = -7.427097e-09 	 = curvature[9][13]
curvature[13][10] = 5.133605e-08 	 = curvature[10][13]
curvature[13][11] =  -4.2026e-09 	 = curvature[11][13]
curvature[13][12] = -8.826708e-08 	 = curvature[12][13]
curvature[13][13] = 0.0006364736

curvature[14][0] = -0.003324941 	 = curvature[0][14]
curvature[14][1] = 8.891689e-09 	 = curvature[1][14]
curvature[14][2] = -1.423278e-07 	 = curvature[2][14]
curvature[14][3] =  0.007253933 	 = curvature[3][14]
curvature[14][4] = -1.398695e-09 	 = curvature[4][14]
curvature[14][5] = -2.633031e-10 	 = curvature[5][14]
curvature[14][6] = 2.206749e-09 	 = curvature[6][14]
curvature[14][7] = -1.215145e-09 	 = curvature[7][14]
curvature[14][8] = -2.034964e-08 	 = curvature[8][14]
curvature[14][9] = -1.727436e-09 	 = curvature[9][14]
curvature[14][10] = 1.006615e-08 	 = curvature[10][14]
curvature[14][11] = -1.684288e-09 	 = curvature[11][14]
curvature[14][12] = -0.001731905 	 = curvature[12][14]
curvature[14][13] = -4.437003e-09 	 = curvature[13][14]
curvature[14][14] = 0.0004660082

curvature[15][0] = -2.401341e-06 	 = curvature[0][15]
curvature[15][1] = 4.281621e-09 	 = curvature[1][15]
curvature[15][2] = -4.421217e-08 	 = curvature[2][15]
curvature[15][3] =   -0.0195614 	 = curvature[3][15]
curvature[15][4] = 4.570399e-10 	 = curvature[4][15]
curvature[15][5] = -2.90243e-09 	 = curvature[5][15]
curvature[15][6] = 3.552271e-09 	 = curvature[6][15]
curvature[15][7] = -7.152503e-09 	 = curvature[7][15]
curvature[15][8] = 3.692501e-07 	 = curvature[8][15]
curvature[15][9] = 1.676606e-08 	 = curvature[9][15]
curvature[15][10] = -1.591535e-07 	 = curvature[10][15]
curvature[15][11] = 1.177164e-08 	 = curvature[11][15]
curvature[15][12] = 2.602098e-07 	 = curvature[12][15]
curvature[15][13] = -6.822146e-09 	 = curvature[13][15]
curvature[15][14] = -0.006088245 	 = curvature[14][15]
curvature[15][15] = 1.514507e-08



 COST_REPEATING exit_status = 3
 Locate_Cost = 5, calculating curvatures while exiting asa ()
final_cost = best_generated_state->cost = 0.8868004   
*number_accepted at best_generated_state->cost = 247
*number_generated at best_generated_state->cost = 28759



