

		 number_asa_open = 12
		ADAPTIVE SIMULATED ANNEALING

/* $Id: asa.c,v 25.15 2004/09/23 18:10:46 ingber Exp ingber $ */

OPTIONS_FILE = 1
OPTIONS_FILE_DATA = 1
RECUR_OPTIONS_FILE = 0
RECUR_OPTIONS_FILE_DATA = 0
COST_FILE = 1
ASA_LIB = 0
HAVE_ANSI = 1
IO_PROTOTYPES = 0
TIME_CALC = 0
TIME_STD = 0
TIME_GETRUSAGE = 1
INT_LONG = 1
INT_ALLOC = 0
SMALL_FLOAT =        1e-18
MIN_DOUBLE =        1e-18
MAX_DOUBLE =        1e+18
EPS_DOUBLE =        1e-18
CHECK_EXPONENT = 0
NO_PARAM_TEMP_TEST = 0
NO_COST_TEMP_TEST = 0
SELF_OPTIMIZE = 0
ASA_TEST = 0
ASA_TEST_POINT = 0
ASA_TEMPLATE = 0
MY_TEMPLATE = 1
ASA_TEMPLATE_LIB = 0
ASA_TEMPLATE_ASA_OUT_PID = 0
ASA_TEMPLATE_MULTIPLE = 0
ASA_TEMPLATE_SELFOPT = 0
ASA_TEMPLATE_SAMPLE = 0
ASA_TEMPLATE_QUEUE = 0
ASA_TEMPLATE_PARALLEL = 0
ASA_TEMPLATE_SAVE = 0
USER_INITIAL_COST_TEMP = 0
RATIO_TEMPERATURE_SCALES = 0
USER_INITIAL_PARAMETERS_TEMPS = 0
DELTA_PARAMETERS = 0
QUENCH_PARAMETERS = 0
QUENCH_COST = 0
QUENCH_PARAMETERS_SCALE = 1
QUENCH_COST_SCALE = 1
OPTIONAL_DATA_DBL = 0
OPTIONAL_DATA_INT = 0
OPTIONAL_DATA_PTR = 0
USER_COST_SCHEDULE = 0
USER_ACCEPT_ASYMP_EXP = 0
USER_ACCEPT_THRESHOLD = 0
USER_ACCEPTANCE_TEST = 1
USER_GENERATING_FUNCTION = 0
USER_REANNEAL_COST = 0
USER_REANNEAL_PARAMETERS = 0
MAXIMUM_REANNEAL_INDEX = 50000
REANNEAL_SCALE =           10
ASA_SAMPLE = 0
ASA_QUEUE = 0
ASA_RESOLUTION = 0
FITLOC = 0
FITLOC_ROUND = 1
FITLOC_PRINT = 1
MULTI_MIN = 0
ASA_PARALLEL = 0
FDLIBM_POW = 0
FDLIBM_LOG = 0
FDLIBM_EXP = 0

ASA_PRINT = 1
USER_OUT = asa_usr_out
ASA_OUT = optim_tradeoffMeasureError_RfunDFIIt1_29-Jun-2010.log
USER_ASA_OUT = 1
ASA_PRINT_INTERMED = 1
ASA_PRINT_MORE = 0
INCL_STDOUT = 1
G_FIELD = 12
G_PRECISION = 7
ASA_SAVE = 0
ASA_SAVE_OPT = 0
ASA_SAVE_BACKUP = 0
ASA_PIPE = 0
ASA_PIPE_FILE = 0
SYSTEM_CALL = 1

OPTIONS->Limit_Acceptances = 1000000
OPTIONS->Limit_Generated = 1000000
OPTIONS->Limit_Invalid_Generated_States = 1000000
OPTIONS->Accepted_To_Generated_Ratio =        1e-12

OPTIONS->Cost_Precision =        1e-18
OPTIONS->Maximum_Cost_Repeat = 5
OPTIONS->Number_Cost_Samples = 5
OPTIONS->Temperature_Ratio_Scale =        1e-08
OPTIONS->Cost_Parameter_Scale_Ratio =            1
OPTIONS->Temperature_Anneal_Scale =          100
OPTIONS->Include_Integer_Parameters = 0
OPTIONS->User_Initial_Parameters = 1
OPTIONS->Sequential_Parameters = -1
OPTIONS->Initial_Parameter_Temperature =            1
OPTIONS->Acceptance_Frequency_Modulus = 100
OPTIONS->Generated_Frequency_Modulus = 10000
OPTIONS->Reanneal_Cost = 1
OPTIONS->Reanneal_Parameters = 1

OPTIONS->Delta_X =        0.001
OPTIONS->User_Tangents = 0
OPTIONS->Curvature_0 = 0
OPTIONS->Asa_Recursive_Level = 0


Initial Random Seed = -16794

*number_parameters = 4

index_v parameter_minimum parameter_maximum parameter_value parameter_type 
 0        -2           		 2            	 0.4999093    -1     
 1        -2           		 2            	 0.8352033    -1     
 2        -2           		 2            	 0.6911562    -1     
 3        -2           		 2            	 0.7005812    -1     


temperature_scale =     5.825131
temperature_scale_parameters[0] =     5.825131
*temperature_scale_cost =     5.825131



*index_cost_acceptances = 0, *current_cost_temperature =     4946.341
*accepted_to_generated_ratio =            1, *number_invalid... = 0
*number_generated = 0, *number_accepted = 0
best...->cost =     2.343349, last...->cost =     2.343349
index_v  best...->parameter current_parameter_temp	tangent
0	   0.4999093		           1	           0
1	   0.8352033		           1	           0
2	   0.6911562		           1	           0
3	   0.7005812		           1	           0




  INVALID_COST_FUNCTION exit_status = 8
 Locate_Cost = 2, new generated state





		 number_asa_open = 13
		ADAPTIVE SIMULATED ANNEALING

/* $Id: asa.c,v 25.15 2004/09/23 18:10:46 ingber Exp ingber $ */

OPTIONS_FILE = 1
OPTIONS_FILE_DATA = 1
RECUR_OPTIONS_FILE = 0
RECUR_OPTIONS_FILE_DATA = 0
COST_FILE = 1
ASA_LIB = 0
HAVE_ANSI = 1
IO_PROTOTYPES = 0
TIME_CALC = 0
TIME_STD = 0
TIME_GETRUSAGE = 1
INT_LONG = 1
INT_ALLOC = 0
SMALL_FLOAT =        1e-18
MIN_DOUBLE =        1e-18
MAX_DOUBLE =        1e+18
EPS_DOUBLE =        1e-18
CHECK_EXPONENT = 0
NO_PARAM_TEMP_TEST = 0
NO_COST_TEMP_TEST = 0
SELF_OPTIMIZE = 0
ASA_TEST = 0
ASA_TEST_POINT = 0
ASA_TEMPLATE = 0
MY_TEMPLATE = 1
ASA_TEMPLATE_LIB = 0
ASA_TEMPLATE_ASA_OUT_PID = 0
ASA_TEMPLATE_MULTIPLE = 0
ASA_TEMPLATE_SELFOPT = 0
ASA_TEMPLATE_SAMPLE = 0
ASA_TEMPLATE_QUEUE = 0
ASA_TEMPLATE_PARALLEL = 0
ASA_TEMPLATE_SAVE = 0
USER_INITIAL_COST_TEMP = 0
RATIO_TEMPERATURE_SCALES = 0
USER_INITIAL_PARAMETERS_TEMPS = 0
DELTA_PARAMETERS = 0
QUENCH_PARAMETERS = 0
QUENCH_COST = 0
QUENCH_PARAMETERS_SCALE = 1
QUENCH_COST_SCALE = 1
OPTIONAL_DATA_DBL = 0
OPTIONAL_DATA_INT = 0
OPTIONAL_DATA_PTR = 0
USER_COST_SCHEDULE = 0
USER_ACCEPT_ASYMP_EXP = 0
USER_ACCEPT_THRESHOLD = 0
USER_ACCEPTANCE_TEST = 1
USER_GENERATING_FUNCTION = 0
USER_REANNEAL_COST = 0
USER_REANNEAL_PARAMETERS = 0
MAXIMUM_REANNEAL_INDEX = 50000
REANNEAL_SCALE =           10
ASA_SAMPLE = 0
ASA_QUEUE = 0
ASA_RESOLUTION = 0
FITLOC = 0
FITLOC_ROUND = 1
FITLOC_PRINT = 1
MULTI_MIN = 0
ASA_PARALLEL = 0
FDLIBM_POW = 0
FDLIBM_LOG = 0
FDLIBM_EXP = 0

ASA_PRINT = 1
USER_OUT = asa_usr_out
ASA_OUT = optim_tradeoffMeasureError_RfunDFIIt1_29-Jun-2010.log
USER_ASA_OUT = 1
ASA_PRINT_INTERMED = 1
ASA_PRINT_MORE = 0
INCL_STDOUT = 1
G_FIELD = 12
G_PRECISION = 7
ASA_SAVE = 0
ASA_SAVE_OPT = 0
ASA_SAVE_BACKUP = 0
ASA_PIPE = 0
ASA_PIPE_FILE = 0
SYSTEM_CALL = 1

OPTIONS->Limit_Acceptances = 1000000
OPTIONS->Limit_Generated = 1000000
OPTIONS->Limit_Invalid_Generated_States = 1000000
OPTIONS->Accepted_To_Generated_Ratio =        1e-12

OPTIONS->Cost_Precision =        1e-18
OPTIONS->Maximum_Cost_Repeat = 5
OPTIONS->Number_Cost_Samples = 5
OPTIONS->Temperature_Ratio_Scale =        1e-08
OPTIONS->Cost_Parameter_Scale_Ratio =            1
OPTIONS->Temperature_Anneal_Scale =          100
OPTIONS->Include_Integer_Parameters = 0
OPTIONS->User_Initial_Parameters = 1
OPTIONS->Sequential_Parameters = -1
OPTIONS->Initial_Parameter_Temperature =            1
OPTIONS->Acceptance_Frequency_Modulus = 100
OPTIONS->Generated_Frequency_Modulus = 10000
OPTIONS->Reanneal_Cost = 1
OPTIONS->Reanneal_Parameters = 1

OPTIONS->Delta_X =        0.001
OPTIONS->User_Tangents = 0
OPTIONS->Curvature_0 = 0
OPTIONS->Asa_Recursive_Level = 0


Initial Random Seed = -16794

*number_parameters = 4

index_v parameter_minimum parameter_maximum parameter_value parameter_type 
 0        -2           		 2            	 0.4628094    -1     
 1        -2           		 2            	 0.1676986    -1     
 2        -2           		 2            	 0.6754321    -1     
 3        -2           		 2            	 0.7112895    -1     


temperature_scale =     5.825131
temperature_scale_parameters[0] =     5.825131
*temperature_scale_cost =     5.825131



*index_cost_acceptances = 0, *current_cost_temperature =     9521.055
*accepted_to_generated_ratio =            1, *number_invalid... = 0
*number_generated = 0, *number_accepted = 0
best...->cost =     5.377439, last...->cost =     5.377439
index_v  best...->parameter current_parameter_temp	tangent
0	   0.4628094		           1	           0
1	   0.1676986		           1	           0
2	   0.6754321		           1	           0
3	   0.7112895		           1	           0


best...->cost=3.216552      *number_accepted=26  *number_generated=75
best...->cost=3.067434      *number_accepted=27  *number_generated=85
best...->cost=3.067333      *number_accepted=28  *number_generated=91
best...->cost=3.065793      *number_accepted=30  *number_generated=99
best...->cost=2.985047      *number_accepted=37  *number_generated=110
best...->cost=2.504673      *number_accepted=42  *number_generated=117
best...->cost=2.500053      *number_accepted=46  *number_generated=125
best...->cost=2.455843      *number_accepted=47  *number_generated=130
best...->cost=2.455331      *number_accepted=48  *number_generated=134
best...->cost=2.454363      *number_accepted=49  *number_generated=141
best...->cost=2.453377      *number_accepted=76  *number_generated=229
best...->cost=2.452826      *number_accepted=79  *number_generated=242
best...->cost=2.447376      *number_accepted=81  *number_generated=257
best...->cost=2.443548      *number_accepted=82  *number_generated=268
best...->cost=2.442682      *number_accepted=85  *number_generated=284
best...->cost=2.442259      *number_accepted=89  *number_generated=290
best...->cost=2.442249      *number_accepted=90  *number_generated=294
best...->cost=2.442248      *number_accepted=91  *number_generated=297
best...->cost=2.442247      *number_accepted=92  *number_generated=305
best...->cost=2.442234      *number_accepted=100  *number_generated=336

*index_cost_acceptances = 9, *current_cost_temperature = 9.971501e-05
*accepted_to_generated_ratio =      0.28125, *number_invalid... = 0
*number_generated = 336, *number_accepted = 100
best...->cost =     2.442234, last...->cost =     2.442234
index_v  best...->parameter current_parameter_temp	tangent
0	   0.3351955		1.475177e-11	-6.097471e-07
1	   0.7501916		1.475177e-11	   0.5048981
2	    0.727056		1.475177e-11	  -0.2599892
3	   0.7405472		1.475177e-11	  -0.1007431


best...->cost=2.442052      *number_accepted=101  *number_generated=338
best...->cost=2.442028      *number_accepted=102  *number_generated=339
best...->cost=2.428698      *number_accepted=103  *number_generated=340
best...->cost=2.428594      *number_accepted=104  *number_generated=343
best...->cost=2.426442      *number_accepted=106  *number_generated=347
best...->cost=2.426442      *number_accepted=107  *number_generated=352
best...->cost=2.426427      *number_accepted=109  *number_generated=365
best...->cost=2.426427      *number_accepted=110  *number_generated=374
best...->cost=2.423675      *number_accepted=111  *number_generated=376
best...->cost=2.423675      *number_accepted=112  *number_generated=381
best...->cost=2.423596      *number_accepted=113  *number_generated=382
best...->cost=2.423596      *number_accepted=114  *number_generated=388
best...->cost=2.423568      *number_accepted=116  *number_generated=393
best...->cost=2.423406      *number_accepted=117  *number_generated=394
best...->cost=2.42339       *number_accepted=118  *number_generated=395
best...->cost=2.423157      *number_accepted=119  *number_generated=402
best...->cost=2.42281       *number_accepted=120  *number_generated=403
best...->cost=2.42281       *number_accepted=121  *number_generated=409
best...->cost=2.422711      *number_accepted=122  *number_generated=410
best...->cost=2.42265       *number_accepted=123  *number_generated=412
best...->cost=2.422649      *number_accepted=124  *number_generated=418
best...->cost=2.422649      *number_accepted=125  *number_generated=421
best...->cost=2.422649      *number_accepted=126  *number_generated=425
best...->cost=2.415613      *number_accepted=127  *number_generated=427
best...->cost=2.415606      *number_accepted=128  *number_generated=428
best...->cost=2.415394      *number_accepted=129  *number_generated=431
best...->cost=2.415274      *number_accepted=130  *number_generated=435
best...->cost=2.415222      *number_accepted=131  *number_generated=440
best...->cost=2.415181      *number_accepted=132  *number_generated=453
best...->cost=2.41518       *number_accepted=133  *number_generated=456
best...->cost=2.415179      *number_accepted=134  *number_generated=457
best...->cost=2.415178      *number_accepted=135  *number_generated=467
best...->cost=2.415178      *number_accepted=136  *number_generated=471
best...->cost=2.415178      *number_accepted=137  *number_generated=476
best...->cost=2.415178      *number_accepted=138  *number_generated=480
best...->cost=2.415178      *number_accepted=139  *number_generated=495
best...->cost=2.305021      *number_accepted=142  *number_generated=506
best...->cost=2.305018      *number_accepted=145  *number_generated=524
best...->cost=2.303367      *number_accepted=146  *number_generated=525
best...->cost=2.302072      *number_accepted=147  *number_generated=528
best...->cost=2.302047      *number_accepted=148  *number_generated=529
best...->cost=2.288398      *number_accepted=150  *number_generated=534
best...->cost=2.288373      *number_accepted=151  *number_generated=535
best...->cost=2.288348      *number_accepted=152  *number_generated=536
best...->cost=2.288262      *number_accepted=153  *number_generated=553
best...->cost=2.288246      *number_accepted=154  *number_generated=562
best...->cost=2.288244      *number_accepted=156  *number_generated=566
best...->cost=2.288243      *number_accepted=157  *number_generated=569
best...->cost=2.288107      *number_accepted=158  *number_generated=573
best...->cost=2.287998      *number_accepted=159  *number_generated=577
best...->cost=2.287952      *number_accepted=161  *number_generated=596
best...->cost=2.287946      *number_accepted=162  *number_generated=597
best...->cost=2.287839      *number_accepted=163  *number_generated=599
best...->cost=2.287839      *number_accepted=167  *number_generated=617
best...->cost=2.287802      *number_accepted=168  *number_generated=625
best...->cost=2.287802      *number_accepted=169  *number_generated=628
best...->cost=2.287789      *number_accepted=170  *number_generated=629
best...->cost=2.287783      *number_accepted=171  *number_generated=637
best...->cost=2.287772      *number_accepted=172  *number_generated=639
best...->cost=2.287753      *number_accepted=173  *number_generated=651
best...->cost=2.287753      *number_accepted=174  *number_generated=652
best...->cost=2.287753      *number_accepted=175  *number_generated=657
best...->cost=2.287753      *number_accepted=176  *number_generated=658
best...->cost=2.285328      *number_accepted=177  *number_generated=668
best...->cost=2.285025      *number_accepted=178  *number_generated=671
best...->cost=2.285025      *number_accepted=179  *number_generated=696
best...->cost=2.28502       *number_accepted=180  *number_generated=707
best...->cost=2.28502       *number_accepted=182  *number_generated=727
best...->cost=2.28502       *number_accepted=183  *number_generated=733
best...->cost=2.285011      *number_accepted=185  *number_generated=735
best...->cost=2.284999      *number_accepted=186  *number_generated=737
best...->cost=2.2843        *number_accepted=187  *number_generated=744
best...->cost=2.2843        *number_accepted=188  *number_generated=746
best...->cost=2.2843        *number_accepted=190  *number_generated=756
best...->cost=2.2843        *number_accepted=191  *number_generated=758
best...->cost=2.2843        *number_accepted=193  *number_generated=766
best...->cost=2.28426       *number_accepted=194  *number_generated=768
best...->cost=2.283703      *number_accepted=195  *number_generated=772
best...->cost=2.283703      *number_accepted=196  *number_generated=784
best...->cost=2.283645      *number_accepted=197  *number_generated=798
best...->cost=2.283644      *number_accepted=198  *number_generated=803
best...->cost=2.28364       *number_accepted=199  *number_generated=806

*index_cost_acceptances = 106, *current_cost_temperature = 1.707556e-08
*accepted_to_generated_ratio =    0.2857143, *number_invalid... = 0
*number_generated = 812, *number_accepted = 200
best...->cost =      2.28364, last...->cost =      2.28364
index_v  best...->parameter current_parameter_temp	tangent
0	   0.4948565		1.269273e-12	-3.274972e-07
1	   0.7765268		3.190129e-14	   0.8071983
2	   0.7244188		4.443451e-14	 0.005269354
3	   0.7338695		 6.93674e-14	 -0.02757035


best...->cost=2.28364       *number_accepted=201  *number_generated=819
best...->cost=2.283639      *number_accepted=202  *number_generated=830
best...->cost=2.283638      *number_accepted=203  *number_generated=835
best...->cost=2.281233      *number_accepted=205  *number_generated=848
best...->cost=2.281233      *number_accepted=206  *number_generated=851
best...->cost=2.281233      *number_accepted=207  *number_generated=868
best...->cost=2.281229      *number_accepted=208  *number_generated=877
best...->cost=2.281226      *number_accepted=209  *number_generated=887
best...->cost=2.281226      *number_accepted=211  *number_generated=913
best...->cost=2.281198      *number_accepted=214  *number_generated=949
best...->cost=2.281198      *number_accepted=215  *number_generated=955
best...->cost=2.281198      *number_accepted=216  *number_generated=973
best...->cost=2.281111      *number_accepted=217  *number_generated=975
best...->cost=2.28111       *number_accepted=218  *number_generated=977
best...->cost=2.28111       *number_accepted=219  *number_generated=982
best...->cost=2.28111       *number_accepted=220  *number_generated=984
best...->cost=2.279368      *number_accepted=221  *number_generated=992
best...->cost=2.279368      *number_accepted=223  *number_generated=1008
best...->cost=2.27856       *number_accepted=226  *number_generated=1033
best...->cost=2.278542      *number_accepted=229  *number_generated=1073
best...->cost=2.278542      *number_accepted=230  *number_generated=1076
best...->cost=2.278542      *number_accepted=231  *number_generated=1079
best...->cost=2.278542      *number_accepted=232  *number_generated=1087
best...->cost=2.278542      *number_accepted=234  *number_generated=1101
best...->cost=2.278542      *number_accepted=235  *number_generated=1105
best...->cost=2.278542      *number_accepted=236  *number_generated=1124
best...->cost=2.278542      *number_accepted=237  *number_generated=1135
best...->cost=2.278542      *number_accepted=238  *number_generated=1152
best...->cost=2.27854       *number_accepted=242  *number_generated=1160
best...->cost=2.278519      *number_accepted=246  *number_generated=1194
best...->cost=2.278519      *number_accepted=247  *number_generated=1200
best...->cost=2.278519      *number_accepted=248  *number_generated=1203
best...->cost=2.278519      *number_accepted=249  *number_generated=1207
best...->cost=2.278519      *number_accepted=251  *number_generated=1218
best...->cost=2.278519      *number_accepted=252  *number_generated=1219
best...->cost=2.278519      *number_accepted=253  *number_generated=1225
best...->cost=2.278513      *number_accepted=255  *number_generated=1230
best...->cost=2.278506      *number_accepted=256  *number_generated=1237
best...->cost=2.278505      *number_accepted=257  *number_generated=1246
best...->cost=2.278128      *number_accepted=260  *number_generated=1265
best...->cost=2.278099      *number_accepted=261  *number_generated=1266
best...->cost=2.278099      *number_accepted=262  *number_generated=1272
best...->cost=2.278084      *number_accepted=263  *number_generated=1276
best...->cost=2.278084      *number_accepted=264  *number_generated=1277
best...->cost=2.277436      *number_accepted=265  *number_generated=1279
best...->cost=2.277435      *number_accepted=266  *number_generated=1286
best...->cost=2.277435      *number_accepted=267  *number_generated=1295
best...->cost=2.277435      *number_accepted=269  *number_generated=1298
best...->cost=2.277431      *number_accepted=270  *number_generated=1305
best...->cost=2.277431      *number_accepted=272  *number_generated=1314
best...->cost=2.277428      *number_accepted=273  *number_generated=1315
best...->cost=2.277428      *number_accepted=274  *number_generated=1327
best...->cost=2.277428      *number_accepted=275  *number_generated=1330
best...->cost=2.277428      *number_accepted=277  *number_generated=1333
best...->cost=2.277428      *number_accepted=278  *number_generated=1336
best...->cost=2.27638       *number_accepted=279  *number_generated=1343
best...->cost=2.276373      *number_accepted=280  *number_generated=1360
best...->cost=2.276372      *number_accepted=281  *number_generated=1362
best...->cost=2.276346      *number_accepted=282  *number_generated=1366
best...->cost=2.275793      *number_accepted=283  *number_generated=1367
best...->cost=2.275735      *number_accepted=284  *number_generated=1370
best...->cost=2.275717      *number_accepted=285  *number_generated=1375
best...->cost=2.275701      *number_accepted=286  *number_generated=1379
best...->cost=2.275701      *number_accepted=288  *number_generated=1392
best...->cost=2.275694      *number_accepted=290  *number_generated=1397
best...->cost=2.275693      *number_accepted=291  *number_generated=1410
best...->cost=2.275679      *number_accepted=292  *number_generated=1412
best...->cost=2.275675      *number_accepted=293  *number_generated=1418
best...->cost=2.275665      *number_accepted=295  *number_generated=1425
best...->cost=2.275665      *number_accepted=296  *number_generated=1427
best...->cost=2.275659      *number_accepted=298  *number_generated=1431
best...->cost=2.275658      *number_accepted=299  *number_generated=1438
best...->cost=2.275624      *number_accepted=300  *number_generated=1446

*index_cost_acceptances = 204, *current_cost_temperature = 6.110263e-10
*accepted_to_generated_ratio =    0.2222222, *number_invalid... = 0
*number_generated = 1446, *number_accepted = 300
best...->cost =     2.275624, last...->cost =     2.275624
index_v  best...->parameter current_parameter_temp	tangent
0	   0.4988698		1.591322e-13	-3.287135e-07
1	   0.7649018		2.573545e-16	   0.7745271
2	   0.7217468		5.386129e-15	    23.98769
3	   0.7418474		2.932772e-15	    23.70278


best...->cost=2.275624      *number_accepted=301  *number_generated=1470
best...->cost=2.275622      *number_accepted=302  *number_generated=1473
best...->cost=2.275616      *number_accepted=303  *number_generated=1483
best...->cost=2.275616      *number_accepted=305  *number_generated=1503
best...->cost=2.275513      *number_accepted=306  *number_generated=1519
best...->cost=2.275513      *number_accepted=307  *number_generated=1525
best...->cost=2.275513      *number_accepted=308  *number_generated=1530
best...->cost=2.275507      *number_accepted=309  *number_generated=1537
best...->cost=2.275507      *number_accepted=310  *number_generated=1550
best...->cost=2.275507      *number_accepted=311  *number_generated=1556
best...->cost=2.275507      *number_accepted=312  *number_generated=1572
best...->cost=2.275507      *number_accepted=313  *number_generated=1573
best...->cost=2.275507      *number_accepted=314  *number_generated=1587
best...->cost=2.275507      *number_accepted=315  *number_generated=1594
best...->cost=2.275507      *number_accepted=316  *number_generated=1600
best...->cost=2.275507      *number_accepted=317  *number_generated=1608
best...->cost=2.275507      *number_accepted=318  *number_generated=1609
best...->cost=2.275507      *number_accepted=319  *number_generated=1610
best...->cost=2.275507      *number_accepted=320  *number_generated=1611
best...->cost=2.275495      *number_accepted=321  *number_generated=1629
best...->cost=2.275243      *number_accepted=322  *number_generated=1631
best...->cost=2.275241      *number_accepted=323  *number_generated=1645
best...->cost=2.275237      *number_accepted=324  *number_generated=1657
best...->cost=2.275191      *number_accepted=325  *number_generated=1661
best...->cost=2.275181      *number_accepted=326  *number_generated=1663
best...->cost=2.275166      *number_accepted=327  *number_generated=1680
best...->cost=2.275165      *number_accepted=328  *number_generated=1686
best...->cost=2.275163      *number_accepted=329  *number_generated=1693
best...->cost=2.275163      *number_accepted=330  *number_generated=1697
best...->cost=2.27516       *number_accepted=331  *number_generated=1716
best...->cost=2.27516       *number_accepted=332  *number_generated=1717
best...->cost=2.275149      *number_accepted=334  *number_generated=1752
best...->cost=2.275121      *number_accepted=335  *number_generated=1757
best...->cost=2.275105      *number_accepted=336  *number_generated=1758
best...->cost=2.275105      *number_accepted=337  *number_generated=1762
best...->cost=2.275105      *number_accepted=338  *number_generated=1765
best...->cost=2.275105      *number_accepted=339  *number_generated=1769
best...->cost=2.275105      *number_accepted=340  *number_generated=1776
best...->cost=2.274787      *number_accepted=341  *number_generated=1777
best...->cost=2.274782      *number_accepted=342  *number_generated=1790
best...->cost=2.274782      *number_accepted=343  *number_generated=1794
best...->cost=2.274759      *number_accepted=344  *number_generated=1795
best...->cost=2.274747      *number_accepted=345  *number_generated=1801
best...->cost=2.274747      *number_accepted=346  *number_generated=1803
best...->cost=2.274575      *number_accepted=347  *number_generated=1806
best...->cost=2.274574      *number_accepted=348  *number_generated=1808
best...->cost=2.274572      *number_accepted=349  *number_generated=1829
best...->cost=2.274571      *number_accepted=350  *number_generated=1833
best...->cost=2.274571      *number_accepted=351  *number_generated=1834
best...->cost=2.274571      *number_accepted=352  *number_generated=1838
best...->cost=2.274569      *number_accepted=353  *number_generated=1860
best...->cost=2.274569      *number_accepted=354  *number_generated=1879
best...->cost=2.274569      *number_accepted=355  *number_generated=1885
best...->cost=2.274569      *number_accepted=356  *number_generated=1889
best...->cost=2.274569      *number_accepted=357  *number_generated=1899
best...->cost=2.274569      *number_accepted=358  *number_generated=1905
best...->cost=2.274569      *number_accepted=360  *number_generated=1914
best...->cost=2.274517      *number_accepted=361  *number_generated=1921
best...->cost=2.274517      *number_accepted=362  *number_generated=1941
best...->cost=2.274517      *number_accepted=363  *number_generated=1942
best...->cost=2.274517      *number_accepted=364  *number_generated=1955
best...->cost=2.274517      *number_accepted=365  *number_generated=1961
best...->cost=2.274373      *number_accepted=366  *number_generated=1964
best...->cost=2.274373      *number_accepted=367  *number_generated=1969
best...->cost=2.274373      *number_accepted=368  *number_generated=1972
best...->cost=2.274372      *number_accepted=369  *number_generated=1974
best...->cost=2.274372      *number_accepted=370  *number_generated=1977
best...->cost=2.274309      *number_accepted=372  *number_generated=1985
best...->cost=2.274309      *number_accepted=373  *number_generated=1988
best...->cost=2.274309      *number_accepted=374  *number_generated=2004
best...->cost=2.274309      *number_accepted=375  *number_generated=2005
best...->cost=2.274308      *number_accepted=376  *number_generated=2010
best...->cost=2.274308      *number_accepted=377  *number_generated=2014
best...->cost=2.274308      *number_accepted=379  *number_generated=2026
best...->cost=2.274308      *number_accepted=380  *number_generated=2030
best...->cost=2.274307      *number_accepted=381  *number_generated=2037
best...->cost=2.274299      *number_accepted=383  *number_generated=2043
best...->cost=2.274299      *number_accepted=384  *number_generated=2049
best...->cost=2.274299      *number_accepted=385  *number_generated=2054
best...->cost=2.274299      *number_accepted=386  *number_generated=2065
best...->cost=2.274298      *number_accepted=387  *number_generated=2074
best...->cost=2.274264      *number_accepted=388  *number_generated=2081
best...->cost=2.274264      *number_accepted=389  *number_generated=2084
best...->cost=2.274264      *number_accepted=390  *number_generated=2089
best...->cost=2.274263      *number_accepted=391  *number_generated=2090
best...->cost=2.274263      *number_accepted=393  *number_generated=2104
best...->cost=2.274263      *number_accepted=394  *number_generated=2105
best...->cost=2.274251      *number_accepted=395  *number_generated=2108
best...->cost=2.274241      *number_accepted=396  *number_generated=2116
best...->cost=2.274241      *number_accepted=397  *number_generated=2129
best...->cost=2.274241      *number_accepted=398  *number_generated=2136
best...->cost=2.274241      *number_accepted=399  *number_generated=2142
best...->cost=2.274241      *number_accepted=400  *number_generated=2146

*index_cost_acceptances = 302, *current_cost_temperature = 6.342859e-11
*accepted_to_generated_ratio =          0.4, *number_invalid... = 0
*number_generated = 2146, *number_accepted = 400
best...->cost =     2.274241, last...->cost =     2.274241
index_v  best...->parameter current_parameter_temp	tangent
0	   0.4999419		8.460345e-14	    1273.543
1	   0.7639685		6.994772e-17	    0.765482
2	   0.7235767		5.392849e-17	    24.12719
3	   0.7398253		3.580944e-17	    23.80905


best...->cost=2.274241      *number_accepted=401  *number_generated=2153
best...->cost=2.274156      *number_accepted=402  *number_generated=2164
best...->cost=2.274156      *number_accepted=403  *number_generated=2173
best...->cost=2.274155      *number_accepted=404  *number_generated=2181
best...->cost=2.274153      *number_accepted=405  *number_generated=2186
best...->cost=2.27415       *number_accepted=406  *number_generated=2192
best...->cost=2.27415       *number_accepted=407  *number_generated=2193
best...->cost=2.274149      *number_accepted=408  *number_generated=2195
best...->cost=2.274149      *number_accepted=409  *number_generated=2205
best...->cost=2.274149      *number_accepted=410  *number_generated=2207
best...->cost=2.274149      *number_accepted=411  *number_generated=2213
best...->cost=2.274149      *number_accepted=413  *number_generated=2221
best...->cost=2.274149      *number_accepted=414  *number_generated=2224
best...->cost=2.274063      *number_accepted=415  *number_generated=2226
best...->cost=2.274062      *number_accepted=416  *number_generated=2227
best...->cost=2.274062      *number_accepted=417  *number_generated=2233
best...->cost=2.273978      *number_accepted=419  *number_generated=2261
best...->cost=2.273978      *number_accepted=420  *number_generated=2269
best...->cost=2.273978      *number_accepted=421  *number_generated=2301
best...->cost=2.273968      *number_accepted=422  *number_generated=2304
best...->cost=2.273967      *number_accepted=423  *number_generated=2308
best...->cost=2.273967      *number_accepted=424  *number_generated=2333
best...->cost=2.273967      *number_accepted=425  *number_generated=2334
best...->cost=2.273967      *number_accepted=426  *number_generated=2344
best...->cost=2.273967      *number_accepted=427  *number_generated=2353
best...->cost=2.273967      *number_accepted=428  *number_generated=2355
best...->cost=2.273967      *number_accepted=429  *number_generated=2356
best...->cost=2.273967      *number_accepted=430  *number_generated=2359
best...->cost=2.273954      *number_accepted=432  *number_generated=2371
best...->cost=2.273954      *number_accepted=433  *number_generated=2375
best...->cost=2.273953      *number_accepted=434  *number_generated=2376
best...->cost=2.273952      *number_accepted=435  *number_generated=2387
best...->cost=2.273952      *number_accepted=436  *number_generated=2398
best...->cost=2.273952      *number_accepted=437  *number_generated=2404
best...->cost=2.273918      *number_accepted=438  *number_generated=2415
best...->cost=2.273918      *number_accepted=439  *number_generated=2417
best...->cost=2.273918      *number_accepted=440  *number_generated=2422
best...->cost=2.273918      *number_accepted=441  *number_generated=2424
best...->cost=2.273917      *number_accepted=442  *number_generated=2436
best...->cost=2.273917      *number_accepted=443  *number_generated=2442
best...->cost=2.273917      *number_accepted=444  *number_generated=2479
best...->cost=2.27391       *number_accepted=445  *number_generated=2482
best...->cost=2.27391       *number_accepted=446  *number_generated=2489
best...->cost=2.273909      *number_accepted=447  *number_generated=2491
best...->cost=2.273909      *number_accepted=448  *number_generated=2497
best...->cost=2.273889      *number_accepted=450  *number_generated=2515
best...->cost=2.273889      *number_accepted=451  *number_generated=2521
best...->cost=2.273871      *number_accepted=452  *number_generated=2529
best...->cost=2.273841      *number_accepted=454  *number_generated=2532
best...->cost=2.27383       *number_accepted=455  *number_generated=2533
best...->cost=2.27383       *number_accepted=456  *number_generated=2543
best...->cost=2.273829      *number_accepted=457  *number_generated=2548
best...->cost=2.273829      *number_accepted=458  *number_generated=2549
best...->cost=2.273828      *number_accepted=459  *number_generated=2554
best...->cost=2.273828      *number_accepted=460  *number_generated=2557
best...->cost=2.273812      *number_accepted=461  *number_generated=2560
best...->cost=2.273807      *number_accepted=462  *number_generated=2574
best...->cost=2.273806      *number_accepted=463  *number_generated=2575
best...->cost=2.273801      *number_accepted=464  *number_generated=2577
best...->cost=2.273801      *number_accepted=465  *number_generated=2581
best...->cost=2.273792      *number_accepted=466  *number_generated=2592
best...->cost=2.273791      *number_accepted=467  *number_generated=2594
best...->cost=2.273791      *number_accepted=469  *number_generated=2603
best...->cost=2.273789      *number_accepted=471  *number_generated=2608
best...->cost=2.273789      *number_accepted=472  *number_generated=2618
best...->cost=2.273789      *number_accepted=474  *number_generated=2622
best...->cost=2.273788      *number_accepted=475  *number_generated=2623
best...->cost=2.273788      *number_accepted=476  *number_generated=2631
best...->cost=2.27377       *number_accepted=477  *number_generated=2637
best...->cost=2.273766      *number_accepted=478  *number_generated=2639
best...->cost=2.273766      *number_accepted=479  *number_generated=2645
best...->cost=2.273766      *number_accepted=480  *number_generated=2651
best...->cost=2.273761      *number_accepted=481  *number_generated=2656
best...->cost=2.273753      *number_accepted=482  *number_generated=2660
best...->cost=2.273753      *number_accepted=483  *number_generated=2685
best...->cost=2.273753      *number_accepted=484  *number_generated=2688
best...->cost=2.273753      *number_accepted=485  *number_generated=2690
best...->cost=2.27375       *number_accepted=486  *number_generated=2693
best...->cost=2.27375       *number_accepted=487  *number_generated=2701
best...->cost=2.27375       *number_accepted=488  *number_generated=2704
best...->cost=2.273747      *number_accepted=489  *number_generated=2708
best...->cost=2.273747      *number_accepted=490  *number_generated=2710
best...->cost=2.273747      *number_accepted=492  *number_generated=2728
best...->cost=2.273716      *number_accepted=493  *number_generated=2735
best...->cost=2.273716      *number_accepted=494  *number_generated=2742
best...->cost=2.273716      *number_accepted=495  *number_generated=2746
best...->cost=2.273716      *number_accepted=496  *number_generated=2760
best...->cost=2.273716      *number_accepted=497  *number_generated=2773
best...->cost=2.273716      *number_accepted=498  *number_generated=2777
best...->cost=2.273674      *number_accepted=499  *number_generated=2786

*index_cost_acceptances = 400, *current_cost_temperature = 1.086585e-11
*accepted_to_generated_ratio =    0.1176471, *number_invalid... = 0
*number_generated = 2802, *number_accepted = 500
best...->cost =     2.273674, last...->cost =     2.273674
index_v  best...->parameter current_parameter_temp	tangent
0	   0.4999324		4.143011e-16	    1273.941
1	   0.7634247		5.006759e-16	   0.7626192
2	   0.7243172		4.410858e-17	     24.1701
3	   0.7392099		3.325545e-17	    23.84239


best...->cost=2.273674      *number_accepted=501  *number_generated=2819
best...->cost=2.273674      *number_accepted=502  *number_generated=2821
best...->cost=2.273673      *number_accepted=503  *number_generated=2829
best...->cost=2.273673      *number_accepted=504  *number_generated=2848
best...->cost=2.27367       *number_accepted=506  *number_generated=2897
best...->cost=2.27367       *number_accepted=507  *number_generated=2907
best...->cost=2.273664      *number_accepted=508  *number_generated=2916
best...->cost=2.273659      *number_accepted=509  *number_generated=2928
best...->cost=2.273648      *number_accepted=510  *number_generated=2933
best...->cost=2.273647      *number_accepted=511  *number_generated=2935
best...->cost=2.273647      *number_accepted=512  *number_generated=2938
best...->cost=2.273647      *number_accepted=513  *number_generated=2944
best...->cost=2.273647      *number_accepted=514  *number_generated=2959
best...->cost=2.273647      *number_accepted=515  *number_generated=2960
best...->cost=2.273647      *number_accepted=516  *number_generated=2973
best...->cost=2.273639      *number_accepted=517  *number_generated=2982
best...->cost=2.273639      *number_accepted=518  *number_generated=2984
best...->cost=2.273639      *number_accepted=519  *number_generated=2986
best...->cost=2.273639      *number_accepted=520  *number_generated=2999
best...->cost=2.273639      *number_accepted=521  *number_generated=3013
best...->cost=2.273638      *number_accepted=522  *number_generated=3029
best...->cost=2.273638      *number_accepted=523  *number_generated=3039
best...->cost=2.273638      *number_accepted=524  *number_generated=3076
best...->cost=2.273638      *number_accepted=525  *number_generated=3117
best...->cost=2.273638      *number_accepted=526  *number_generated=3119
best...->cost=2.273638      *number_accepted=527  *number_generated=3121
best...->cost=2.273637      *number_accepted=528  *number_generated=3124
best...->cost=2.273637      *number_accepted=529  *number_generated=3129
best...->cost=2.273637      *number_accepted=530  *number_generated=3147
best...->cost=2.273624      *number_accepted=531  *number_generated=3152
best...->cost=2.273624      *number_accepted=532  *number_generated=3162
best...->cost=2.273624      *number_accepted=533  *number_generated=3175
best...->cost=2.273624      *number_accepted=534  *number_generated=3185
best...->cost=2.182831      *number_accepted=535  *number_generated=3187
best...->cost=2.182829      *number_accepted=536  *number_generated=3194
best...->cost=2.182823      *number_accepted=537  *number_generated=3211
best...->cost=2.182822      *number_accepted=538  *number_generated=3212
best...->cost=2.182821      *number_accepted=539  *number_generated=3213
best...->cost=2.182821      *number_accepted=540  *number_generated=3217
best...->cost=2.182821      *number_accepted=541  *number_generated=3221
best...->cost=2.176405      *number_accepted=542  *number_generated=3225
best...->cost=2.176399      *number_accepted=543  *number_generated=3227
best...->cost=2.175532      *number_accepted=544  *number_generated=3228
best...->cost=2.156876      *number_accepted=545  *number_generated=3230
best...->cost=2.156876      *number_accepted=546  *number_generated=3231
best...->cost=2.156856      *number_accepted=547  *number_generated=3235
best...->cost=2.150306      *number_accepted=548  *number_generated=3238
best...->cost=2.150305      *number_accepted=549  *number_generated=3245
best...->cost=2.149664      *number_accepted=550  *number_generated=3250
best...->cost=2.149663      *number_accepted=551  *number_generated=3255
best...->cost=2.149663      *number_accepted=552  *number_generated=3258
best...->cost=2.14965       *number_accepted=553  *number_generated=3260
best...->cost=2.143784      *number_accepted=554  *number_generated=3262
best...->cost=2.143233      *number_accepted=555  *number_generated=3266
best...->cost=2.143206      *number_accepted=556  *number_generated=3271
best...->cost=2.143026      *number_accepted=557  *number_generated=3273
best...->cost=2.143024      *number_accepted=558  *number_generated=3281
best...->cost=2.143022      *number_accepted=559  *number_generated=3288
best...->cost=2.143009      *number_accepted=560  *number_generated=3290
best...->cost=2.142301      *number_accepted=561  *number_generated=3293
best...->cost=2.140609      *number_accepted=562  *number_generated=3294
best...->cost=2.140609      *number_accepted=563  *number_generated=3298
best...->cost=2.140609      *number_accepted=564  *number_generated=3307
best...->cost=2.140598      *number_accepted=565  *number_generated=3313
best...->cost=2.140405      *number_accepted=566  *number_generated=3318
best...->cost=2.140382      *number_accepted=567  *number_generated=3319
best...->cost=2.140084      *number_accepted=568  *number_generated=3331
best...->cost=2.140084      *number_accepted=569  *number_generated=3334
best...->cost=2.140084      *number_accepted=570  *number_generated=3336
best...->cost=2.140083      *number_accepted=571  *number_generated=3337
best...->cost=2.140082      *number_accepted=572  *number_generated=3338
best...->cost=2.140082      *number_accepted=573  *number_generated=3342
best...->cost=2.139673      *number_accepted=574  *number_generated=3348
best...->cost=2.139672      *number_accepted=575  *number_generated=3349
best...->cost=2.139672      *number_accepted=576  *number_generated=3355
best...->cost=2.139672      *number_accepted=577  *number_generated=3356
best...->cost=2.139668      *number_accepted=578  *number_generated=3362
best...->cost=2.139659      *number_accepted=579  *number_generated=3366
best...->cost=2.139654      *number_accepted=580  *number_generated=3376
best...->cost=2.139654      *number_accepted=581  *number_generated=3388
best...->cost=2.139654      *number_accepted=582  *number_generated=3391
best...->cost=2.139654      *number_accepted=583  *number_generated=3395
best...->cost=2.139654      *number_accepted=584  *number_generated=3405
best...->cost=2.13669       *number_accepted=585  *number_generated=3408
best...->cost=2.136688      *number_accepted=586  *number_generated=3411
best...->cost=2.136684      *number_accepted=587  *number_generated=3412
best...->cost=2.136684      *number_accepted=588  *number_generated=3421
best...->cost=2.136156      *number_accepted=589  *number_generated=3425
best...->cost=2.136156      *number_accepted=590  *number_generated=3426
best...->cost=2.136151      *number_accepted=591  *number_generated=3440
best...->cost=2.136151      *number_accepted=592  *number_generated=3441
best...->cost=2.136151      *number_accepted=593  *number_generated=3442
best...->cost=2.136151      *number_accepted=594  *number_generated=3444
best...->cost=2.136151      *number_accepted=595  *number_generated=3447
best...->cost=2.136151      *number_accepted=596  *number_generated=3454
best...->cost=2.136151      *number_accepted=597  *number_generated=3458
best...->cost=2.136151      *number_accepted=598  *number_generated=3463
best...->cost=2.135729      *number_accepted=599  *number_generated=3468
best...->cost=2.135729      *number_accepted=600  *number_generated=3470

*index_cost_acceptances = 494, *current_cost_temperature = 2.511446e-12
*accepted_to_generated_ratio =    0.6666667, *number_invalid... = 0
*number_generated = 3470, *number_accepted = 600
best...->cost =     2.135729, last...->cost =     2.135729
index_v  best...->parameter current_parameter_temp	tangent
0	   0.4989352		1.029677e-17	-8.452347e-07
1	   0.4978143		1.425417e-15	   -1.301593
2	   0.7272533		3.580944e-17	 -0.02598321
3	   0.7549535		2.963071e-17	   0.6823686


best...->cost=2.135729      *number_accepted=601  *number_generated=3473
best...->cost=2.135706      *number_accepted=602  *number_generated=3474
best...->cost=2.135684      *number_accepted=603  *number_generated=3476
best...->cost=2.133128      *number_accepted=604  *number_generated=3478
best...->cost=2.133128      *number_accepted=605  *number_generated=3484
best...->cost=2.133128      *number_accepted=606  *number_generated=3487
best...->cost=2.133128      *number_accepted=607  *number_generated=3496
best...->cost=2.133128      *number_accepted=608  *number_generated=3504
best...->cost=2.133128      *number_accepted=609  *number_generated=3505
best...->cost=2.133126      *number_accepted=610  *number_generated=3519
best...->cost=2.133122      *number_accepted=611  *number_generated=3523
best...->cost=2.133107      *number_accepted=612  *number_generated=3535
best...->cost=2.133105      *number_accepted=613  *number_generated=3536
best...->cost=2.133023      *number_accepted=614  *number_generated=3545
best...->cost=2.132978      *number_accepted=615  *number_generated=3564
best...->cost=2.132978      *number_accepted=616  *number_generated=3571
best...->cost=2.132978      *number_accepted=617  *number_generated=3573
best...->cost=2.13296       *number_accepted=618  *number_generated=3580
best...->cost=2.132901      *number_accepted=619  *number_generated=3588
best...->cost=2.132893      *number_accepted=620  *number_generated=3591
best...->cost=2.132892      *number_accepted=621  *number_generated=3608
best...->cost=2.132891      *number_accepted=622  *number_generated=3609
best...->cost=2.132891      *number_accepted=623  *number_generated=3614
best...->cost=2.132844      *number_accepted=624  *number_generated=3619
best...->cost=2.132844      *number_accepted=625  *number_generated=3629
best...->cost=2.132843      *number_accepted=626  *number_generated=3630
best...->cost=2.132825      *number_accepted=627  *number_generated=3632
best...->cost=2.132825      *number_accepted=628  *number_generated=3638
best...->cost=2.132817      *number_accepted=629  *number_generated=3657
best...->cost=2.132816      *number_accepted=630  *number_generated=3660
best...->cost=2.132816      *number_accepted=631  *number_generated=3663
best...->cost=2.132816      *number_accepted=632  *number_generated=3665
best...->cost=2.132797      *number_accepted=633  *number_generated=3679
best...->cost=2.132797      *number_accepted=634  *number_generated=3681
best...->cost=2.1326        *number_accepted=635  *number_generated=3685
best...->cost=2.132585      *number_accepted=636  *number_generated=3696
best...->cost=2.132585      *number_accepted=637  *number_generated=3700
best...->cost=2.132584      *number_accepted=638  *number_generated=3712
best...->cost=2.132584      *number_accepted=639  *number_generated=3713
best...->cost=2.132584      *number_accepted=640  *number_generated=3717
best...->cost=2.132584      *number_accepted=641  *number_generated=3720
best...->cost=2.132554      *number_accepted=642  *number_generated=3729
best...->cost=2.132553      *number_accepted=643  *number_generated=3731
best...->cost=2.132553      *number_accepted=644  *number_generated=3734
best...->cost=2.132544      *number_accepted=645  *number_generated=3748
best...->cost=2.132544      *number_accepted=646  *number_generated=3761
best...->cost=2.132544      *number_accepted=647  *number_generated=3767
best...->cost=2.132537      *number_accepted=648  *number_generated=3770
best...->cost=2.132537      *number_accepted=649  *number_generated=3785
best...->cost=2.132537      *number_accepted=650  *number_generated=3786
best...->cost=2.132509      *number_accepted=651  *number_generated=3789
best...->cost=2.132509      *number_accepted=652  *number_generated=3790
best...->cost=2.131783      *number_accepted=653  *number_generated=3791
best...->cost=2.131783      *number_accepted=654  *number_generated=3797
best...->cost=2.131782      *number_accepted=655  *number_generated=3801
best...->cost=2.131716      *number_accepted=656  *number_generated=3805
best...->cost=2.131713      *number_accepted=657  *number_generated=3808
best...->cost=2.131713      *number_accepted=658  *number_generated=3811
best...->cost=2.131711      *number_accepted=659  *number_generated=3815
best...->cost=2.131499      *number_accepted=660  *number_generated=3834
best...->cost=2.131376      *number_accepted=661  *number_generated=3840
best...->cost=2.131372      *number_accepted=662  *number_generated=3856
best...->cost=2.131342      *number_accepted=663  *number_generated=3862
best...->cost=2.131342      *number_accepted=664  *number_generated=3864
best...->cost=2.13134       *number_accepted=665  *number_generated=3866
best...->cost=2.131324      *number_accepted=666  *number_generated=3869
best...->cost=2.131324      *number_accepted=668  *number_generated=3884
best...->cost=2.131324      *number_accepted=669  *number_generated=3891
best...->cost=2.131324      *number_accepted=670  *number_generated=3901
best...->cost=2.131324      *number_accepted=671  *number_generated=3910
best...->cost=2.131324      *number_accepted=672  *number_generated=3911
best...->cost=2.131243      *number_accepted=673  *number_generated=3914
best...->cost=2.130033      *number_accepted=674  *number_generated=3928
best...->cost=2.130031      *number_accepted=675  *number_generated=3951
best...->cost=2.129969      *number_accepted=676  *number_generated=3961
best...->cost=2.129969      *number_accepted=677  *number_generated=3969
best...->cost=2.129969      *number_accepted=678  *number_generated=3974
best...->cost=2.129954      *number_accepted=679  *number_generated=3980
best...->cost=2.129954      *number_accepted=680  *number_generated=3982
best...->cost=2.129954      *number_accepted=681  *number_generated=3990
best...->cost=2.129954      *number_accepted=682  *number_generated=3992
best...->cost=2.129953      *number_accepted=683  *number_generated=3996
best...->cost=2.129953      *number_accepted=684  *number_generated=4008
best...->cost=2.129952      *number_accepted=685  *number_generated=4010
best...->cost=2.129943      *number_accepted=686  *number_generated=4031
best...->cost=2.129943      *number_accepted=687  *number_generated=4034
best...->cost=2.129943      *number_accepted=688  *number_generated=4045
best...->cost=2.129943      *number_accepted=689  *number_generated=4051
best...->cost=2.129934      *number_accepted=690  *number_generated=4053
best...->cost=2.129934      *number_accepted=691  *number_generated=4062
best...->cost=2.129918      *number_accepted=692  *number_generated=4064
best...->cost=2.129857      *number_accepted=693  *number_generated=4074
best...->cost=2.129857      *number_accepted=694  *number_generated=4086
best...->cost=2.129804      *number_accepted=695  *number_generated=4091
best...->cost=2.129801      *number_accepted=696  *number_generated=4092
best...->cost=2.1298        *number_accepted=697  *number_generated=4099
best...->cost=2.1298        *number_accepted=698  *number_generated=4100
best...->cost=2.1298        *number_accepted=699  *number_generated=4114
best...->cost=2.129799      *number_accepted=700  *number_generated=4128

*index_cost_acceptances = 592, *current_cost_temperature = 7.007273e-13
*accepted_to_generated_ratio =    0.1333333, *number_invalid... = 0
*number_generated = 4128, *number_accepted = 700
best...->cost =     2.129799, last...->cost =     2.129799
index_v  best...->parameter current_parameter_temp	tangent
0	   0.4998491		6.502035e-15	     1949.95
1	   0.4998718		2.670362e-17	    1075.976
2	   0.7319308		3.138668e-17	   0.0554942
3	   0.7481122		2.380567e-18	   0.3192213


best...->cost=2.129797      *number_accepted=701  *number_generated=4136
best...->cost=2.129797      *number_accepted=702  *number_generated=4139
best...->cost=2.129797      *number_accepted=703  *number_generated=4140
best...->cost=2.129793      *number_accepted=704  *number_generated=4143
best...->cost=2.129792      *number_accepted=705  *number_generated=4149
best...->cost=2.12979       *number_accepted=706  *number_generated=4156
best...->cost=2.12979       *number_accepted=707  *number_generated=4159
best...->cost=2.12979       *number_accepted=708  *number_generated=4162
best...->cost=2.129788      *number_accepted=709  *number_generated=4172
best...->cost=2.129778      *number_accepted=710  *number_generated=4198
best...->cost=2.129357      *number_accepted=711  *number_generated=4199
best...->cost=2.129214      *number_accepted=712  *number_generated=4207
best...->cost=2.129214      *number_accepted=713  *number_generated=4214
best...->cost=2.129212      *number_accepted=714  *number_generated=4218
best...->cost=2.129212      *number_accepted=715  *number_generated=4223
best...->cost=2.129212      *number_accepted=716  *number_generated=4237
best...->cost=2.129211      *number_accepted=717  *number_generated=4262
best...->cost=2.129211      *number_accepted=718  *number_generated=4279
best...->cost=2.129211      *number_accepted=719  *number_generated=4284
best...->cost=2.129211      *number_accepted=720  *number_generated=4286
best...->cost=2.129211      *number_accepted=721  *number_generated=4289
best...->cost=2.129211      *number_accepted=722  *number_generated=4294
best...->cost=2.12921       *number_accepted=723  *number_generated=4302
best...->cost=2.129205      *number_accepted=724  *number_generated=4310
best...->cost=2.129204      *number_accepted=725  *number_generated=4312
best...->cost=2.129196      *number_accepted=726  *number_generated=4313
best...->cost=2.129196      *number_accepted=727  *number_generated=4337
best...->cost=2.129196      *number_accepted=728  *number_generated=4340
best...->cost=2.129196      *number_accepted=729  *number_generated=4349
best...->cost=2.129196      *number_accepted=730  *number_generated=4350
best...->cost=2.129196      *number_accepted=731  *number_generated=4366
best...->cost=2.129195      *number_accepted=732  *number_generated=4370
best...->cost=2.129193      *number_accepted=733  *number_generated=4372
best...->cost=2.129178      *number_accepted=734  *number_generated=4373
best...->cost=2.129116      *number_accepted=735  *number_generated=4384
best...->cost=2.129114      *number_accepted=736  *number_generated=4388
best...->cost=2.129113      *number_accepted=737  *number_generated=4392
best...->cost=2.129113      *number_accepted=738  *number_generated=4395
best...->cost=2.129113      *number_accepted=739  *number_generated=4407
best...->cost=2.129113      *number_accepted=740  *number_generated=4408
best...->cost=2.129106      *number_accepted=741  *number_generated=4412
best...->cost=2.1291        *number_accepted=742  *number_generated=4425
best...->cost=2.1291        *number_accepted=743  *number_generated=4439
best...->cost=2.1291        *number_accepted=744  *number_generated=4446
best...->cost=2.129099      *number_accepted=745  *number_generated=4457
best...->cost=2.129099      *number_accepted=746  *number_generated=4458
best...->cost=2.129099      *number_accepted=747  *number_generated=4468
best...->cost=2.129099      *number_accepted=748  *number_generated=4472
best...->cost=2.129099      *number_accepted=749  *number_generated=4484
best...->cost=2.129099      *number_accepted=750  *number_generated=4485
best...->cost=2.129097      *number_accepted=752  *number_generated=4500
best...->cost=2.129087      *number_accepted=753  *number_generated=4503
best...->cost=2.129087      *number_accepted=754  *number_generated=4505
best...->cost=2.129072      *number_accepted=755  *number_generated=4508
best...->cost=2.129072      *number_accepted=756  *number_generated=4525
best...->cost=2.129072      *number_accepted=757  *number_generated=4533
best...->cost=2.129067      *number_accepted=758  *number_generated=4535
best...->cost=2.129066      *number_accepted=759  *number_generated=4544
best...->cost=2.129065      *number_accepted=760  *number_generated=4555
best...->cost=2.129065      *number_accepted=761  *number_generated=4562
best...->cost=2.129065      *number_accepted=762  *number_generated=4573
best...->cost=2.129065      *number_accepted=763  *number_generated=4576
best...->cost=2.129062      *number_accepted=764  *number_generated=4577
best...->cost=2.129062      *number_accepted=765  *number_generated=4589
best...->cost=2.129041      *number_accepted=766  *number_generated=4599
best...->cost=2.129041      *number_accepted=767  *number_generated=4603
best...->cost=2.129041      *number_accepted=768  *number_generated=4607
best...->cost=2.129041      *number_accepted=769  *number_generated=4608
best...->cost=2.129041      *number_accepted=770  *number_generated=4624
best...->cost=2.129041      *number_accepted=771  *number_generated=4628
best...->cost=2.129039      *number_accepted=772  *number_generated=4646
best...->cost=2.129016      *number_accepted=773  *number_generated=4650
best...->cost=2.129016      *number_accepted=774  *number_generated=4663
best...->cost=2.129016      *number_accepted=775  *number_generated=4665
best...->cost=2.129015      *number_accepted=777  *number_generated=4686
best...->cost=2.129015      *number_accepted=778  *number_generated=4690
best...->cost=2.129015      *number_accepted=779  *number_generated=4691
best...->cost=2.129011      *number_accepted=780  *number_generated=4693
best...->cost=2.129006      *number_accepted=781  *number_generated=4695
best...->cost=2.129006      *number_accepted=782  *number_generated=4712
best...->cost=2.129003      *number_accepted=783  *number_generated=4719
best...->cost=2.129003      *number_accepted=784  *number_generated=4738
best...->cost=2.129003      *number_accepted=785  *number_generated=4741
best...->cost=2.129003      *number_accepted=786  *number_generated=4764
best...->cost=2.129003      *number_accepted=787  *number_generated=4766
best...->cost=2.129003      *number_accepted=788  *number_generated=4774
best...->cost=2.129003      *number_accepted=789  *number_generated=4788
best...->cost=2.129003      *number_accepted=790  *number_generated=4798
best...->cost=2.129003      *number_accepted=791  *number_generated=4813
best...->cost=2.129003      *number_accepted=792  *number_generated=4817
best...->cost=2.129003      *number_accepted=793  *number_generated=4838
best...->cost=2.129003      *number_accepted=794  *number_generated=4846
best...->cost=2.129003      *number_accepted=795  *number_generated=4855
best...->cost=2.129003      *number_accepted=796  *number_generated=4857
best...->cost=2.129003      *number_accepted=797  *number_generated=4865
best...->cost=2.129003      *number_accepted=798  *number_generated=4868
best...->cost=2.129003      *number_accepted=799  *number_generated=4869
best...->cost=2.129003      *number_accepted=800  *number_generated=4889

*index_cost_acceptances = 690, *current_cost_temperature =  2.27906e-13
*accepted_to_generated_ratio =    0.0952381, *number_invalid... = 0
*number_generated = 4889, *number_accepted = 800
best...->cost =     2.129003, last...->cost =     2.129003
index_v  best...->parameter current_parameter_temp	tangent
0	   0.4998091		4.387156e-17	    1948.505
1	   0.4999994		1.369471e-18	    1087.689
2	   0.7326476		8.522835e-16	  0.01631473
3	   0.7446841		7.315394e-17	   0.1068938


best...->cost=2.129003      *number_accepted=801  *number_generated=4894
best...->cost=2.129003      *number_accepted=802  *number_generated=4930
best...->cost=2.129002      *number_accepted=803  *number_generated=4942
best...->cost=2.129002      *number_accepted=804  *number_generated=4955
best...->cost=2.129002      *number_accepted=805  *number_generated=4961
best...->cost=2.129002      *number_accepted=806  *number_generated=4962
best...->cost=2.128997      *number_accepted=807  *number_generated=4967
best...->cost=2.128997      *number_accepted=808  *number_generated=5003
best...->cost=2.128997      *number_accepted=809  *number_generated=5008
best...->cost=2.12899       *number_accepted=810  *number_generated=5025
best...->cost=2.128989      *number_accepted=811  *number_generated=5048
best...->cost=2.128989      *number_accepted=812  *number_generated=5064
best...->cost=2.128989      *number_accepted=813  *number_generated=5098
best...->cost=2.128989      *number_accepted=814  *number_generated=5116
best...->cost=2.128989      *number_accepted=815  *number_generated=5142
best...->cost=2.128989      *number_accepted=816  *number_generated=5164
best...->cost=2.128989      *number_accepted=817  *number_generated=5179
best...->cost=2.128989      *number_accepted=818  *number_generated=5182

*index_cost_acceptances = 708, *current_cost_temperature = 1.899079e-13
*accepted_to_generated_ratio =          0.5, *number_invalid... = 0
*number_generated = 5183, *number_accepted = 818
best...->cost =     2.128989, last...->cost =     2.128989
index_v  best...->parameter current_parameter_temp	tangent
0	   0.4996728		 1.01007e-17	    1948.986
1	   0.4999999		9.995579e-19	    1087.794
2	   0.7327909		6.721415e-13	  0.01972451
3	    0.744514		4.356377e-14	  0.09879365

curvature[0][0] =      7799320

curvature[1][0] =    -3734.757 	 = curvature[0][1]
curvature[1][1] =      6075613

curvature[2][0] =    -10.13956 	 = curvature[0][2]
curvature[2][1] =    -4637.117 	 = curvature[1][2]
curvature[2][2] =      1812835

curvature[3][0] =     280.2488 	 = curvature[0][3]
curvature[3][1] =    -4527.352 	 = curvature[1][3]
curvature[3][2] =     21.98787 	 = curvature[2][3]
curvature[3][3] =      1756020



 P_TEMP_TOO_SMALL exit_status = 1
current_user_parameter_temp[1] too small = 9.995579e-19
 Locate_Cost = 5, calculating curvatures while exiting asa ()
final_cost = best_generated_state->cost = 2.128989    
*number_accepted at best_generated_state->cost = 818
*number_generated at best_generated_state->cost = 5182



