		ADAPTIVE SIMULATED ANNEALING

/* $Id: asa.c,v 25.15 2004/09/23 18:10:46 ingber Exp ingber $ */

OPTIONS_FILE = 1
OPTIONS_FILE_DATA = 1
RECUR_OPTIONS_FILE = 0
RECUR_OPTIONS_FILE_DATA = 0
COST_FILE = 1
ASA_LIB = 0
HAVE_ANSI = 1
IO_PROTOTYPES = 0
TIME_CALC = 0
TIME_STD = 0
TIME_GETRUSAGE = 1
INT_LONG = 1
INT_ALLOC = 0
SMALL_FLOAT =        1e-18
MIN_DOUBLE =        1e-18
MAX_DOUBLE =        1e+18
EPS_DOUBLE =        1e-18
CHECK_EXPONENT = 0
NO_PARAM_TEMP_TEST = 0
NO_COST_TEMP_TEST = 0
SELF_OPTIMIZE = 0
ASA_TEST = 0
ASA_TEST_POINT = 0
ASA_TEMPLATE = 0
MY_TEMPLATE = 1
ASA_TEMPLATE_LIB = 0
ASA_TEMPLATE_ASA_OUT_PID = 0
ASA_TEMPLATE_MULTIPLE = 0
ASA_TEMPLATE_SELFOPT = 0
ASA_TEMPLATE_SAMPLE = 0
ASA_TEMPLATE_QUEUE = 0
ASA_TEMPLATE_PARALLEL = 0
ASA_TEMPLATE_SAVE = 0
USER_INITIAL_COST_TEMP = 0
RATIO_TEMPERATURE_SCALES = 0
USER_INITIAL_PARAMETERS_TEMPS = 0
DELTA_PARAMETERS = 0
QUENCH_PARAMETERS = 0
QUENCH_COST = 0
QUENCH_PARAMETERS_SCALE = 1
QUENCH_COST_SCALE = 1
OPTIONAL_DATA_DBL = 0
OPTIONAL_DATA_INT = 0
OPTIONAL_DATA_PTR = 0
USER_COST_SCHEDULE = 0
USER_ACCEPT_ASYMP_EXP = 0
USER_ACCEPT_THRESHOLD = 0
USER_ACCEPTANCE_TEST = 1
USER_GENERATING_FUNCTION = 0
USER_REANNEAL_COST = 0
USER_REANNEAL_PARAMETERS = 0
MAXIMUM_REANNEAL_INDEX = 50000
REANNEAL_SCALE =           10
ASA_SAMPLE = 0
ASA_QUEUE = 0
ASA_RESOLUTION = 0
FITLOC = 0
FITLOC_ROUND = 1
FITLOC_PRINT = 1
MULTI_MIN = 0
ASA_PARALLEL = 0
FDLIBM_POW = 0
FDLIBM_LOG = 0
FDLIBM_EXP = 0

ASA_PRINT = 1
USER_OUT = asa_usr_out
ASA_OUT = optim_MsensH_UYW_SS_21-Apr-2008.log
USER_ASA_OUT = 1
ASA_PRINT_INTERMED = 1
ASA_PRINT_MORE = 0
INCL_STDOUT = 1
G_FIELD = 12
G_PRECISION = 7
ASA_SAVE = 0
ASA_SAVE_OPT = 0
ASA_SAVE_BACKUP = 0
ASA_PIPE = 0
ASA_PIPE_FILE = 0
SYSTEM_CALL = 1

OPTIONS->Limit_Acceptances = 1000000
OPTIONS->Limit_Generated = 1000000
OPTIONS->Limit_Invalid_Generated_States = 1000000
OPTIONS->Accepted_To_Generated_Ratio =        1e-12

OPTIONS->Cost_Precision =        1e-18
OPTIONS->Maximum_Cost_Repeat = 5
OPTIONS->Number_Cost_Samples = 5
OPTIONS->Temperature_Ratio_Scale =        1e-08
OPTIONS->Cost_Parameter_Scale_Ratio =            1
OPTIONS->Temperature_Anneal_Scale =          100
OPTIONS->Include_Integer_Parameters = 0
OPTIONS->User_Initial_Parameters = 1
OPTIONS->Sequential_Parameters = -1
OPTIONS->Initial_Parameter_Temperature =            1
OPTIONS->Acceptance_Frequency_Modulus = 100
OPTIONS->Generated_Frequency_Modulus = 10000
OPTIONS->Reanneal_Cost = 1
OPTIONS->Reanneal_Parameters = 1

OPTIONS->Delta_X =        0.001
OPTIONS->User_Tangents = 0
OPTIONS->Curvature_0 = 0
OPTIONS->Asa_Recursive_Level = 0


Initial Random Seed = 36397

*number_parameters = 9

index_v parameter_minimum parameter_maximum parameter_value parameter_type 
 0        -10000       		 10000        	 -1.694056    -1     
 1        -10000       		 10000        	 -1.250778    -1     
 2        -10000       		 10000        	 -0.4895026   -1     
 3        -10000       		 10000        	 1.379977     -1     
 4        -10000       		 10000        	 0.5387602    -1     
 5        -10000       		 10000        	 0.1933697    -1     
 6        -10000       		 10000        	 -0.03972266  -1     
 7        -10000       		 10000        	 0.6581225    -1     
 8        -10000       		 10000        	 1.061438     -1     


temperature_scale =     11.04291
temperature_scale_parameters[0] =     11.04291
*temperature_scale_cost =     11.04291



*index_cost_acceptances = 0, *current_cost_temperature =     10.48482
*accepted_to_generated_ratio =            1, *number_invalid... = 0
*number_generated = 0, *number_accepted = 0
best...->cost =     10.48482, last...->cost =     10.48482
index_v  best...->parameter current_parameter_temp	tangent
0	   -1.694056		           1	           0
1	   -1.250778		           1	           0
2	  -0.4895026		           1	           0
3	    1.379977		           1	           0
4	   0.5387602		           1	           0
5	   0.1933697		           1	           0
6	 -0.03972266		           1	           0
7	   0.6581225		           1	           0
8	    1.061438		           1	           0



*index_cost_acceptances = 98, *current_cost_temperature = 1.070261e-07
*accepted_to_generated_ratio =            1, *number_invalid... = 0
*number_generated = 100, *number_accepted = 100
best...->cost =     10.48482, last...->cost =     10.48482
index_v  best...->parameter current_parameter_temp	tangent
0	   -1.694056		       1e-08	          -0
1	   -1.250778		       1e-08	          -0
2	  -0.4895026		       1e-08	          -0
3	    1.379977		       1e-08	           0
4	   0.5387602		       1e-08	           0
5	   0.1933697		       1e-08	           0
6	 -0.03972266		       1e-08	          -0
7	   0.6581225		       1e-08	           0
8	    1.061438		       1e-08	           0



*index_cost_acceptances = 196, *current_cost_temperature = 2.480738e-08
*accepted_to_generated_ratio =            1, *number_invalid... = 0
*number_generated = 200, *number_accepted = 200
best...->cost =     10.48482, last...->cost =     10.48482
index_v  best...->parameter current_parameter_temp	tangent
0	   -1.694056		2.288348e-09	          -0
1	   -1.250778		2.288348e-09	          -0
2	  -0.4895026		2.288348e-09	          -0
3	    1.379977		2.288348e-09	           0
4	   0.5387602		2.288348e-09	           0
5	   0.1933697		2.288348e-09	           0
6	 -0.03972266		2.288348e-09	          -0
7	   0.6581225		2.288348e-09	           0
8	    1.061438		2.288348e-09	           0



*index_cost_acceptances = 294, *current_cost_temperature = 9.971877e-09
*accepted_to_generated_ratio =            1, *number_invalid... = 0
*number_generated = 300, *number_accepted = 300
best...->cost =     10.48482, last...->cost =     10.48482
index_v  best...->parameter current_parameter_temp	tangent
0	   -1.694056		 9.14855e-10	          -0
1	   -1.250778		 9.14855e-10	          -0
2	  -0.4895026		 9.14855e-10	          -0
3	    1.379977		 9.14855e-10	           0
4	   0.5387602		 9.14855e-10	           0
5	   0.1933697		 9.14855e-10	           0
6	 -0.03972266		 9.14855e-10	          -0
7	   0.6581225		 9.14855e-10	           0
8	    1.061438		 9.14855e-10	           0



*index_cost_acceptances = 392, *current_cost_temperature = 5.088825e-09
*accepted_to_generated_ratio =            1, *number_invalid... = 0
*number_generated = 400, *number_accepted = 400
best...->cost =     10.48482, last...->cost =     10.48482
index_v  best...->parameter current_parameter_temp	tangent
0	   -1.694056		4.653371e-10	          -0
1	   -1.250778		4.653371e-10	          -0
2	  -0.4895026		4.653371e-10	          -0
3	    1.379977		4.653371e-10	           0
4	   0.5387602		4.653371e-10	           0
5	   0.1933697		4.653371e-10	           0
6	 -0.03972266		4.653371e-10	          -0
7	   0.6581225		4.653371e-10	           0
8	    1.061438		4.653371e-10	           0



*index_cost_acceptances = 492, *current_cost_temperature = 2.974017e-09
*accepted_to_generated_ratio =            1, *number_invalid... = 0
*number_generated = 500, *number_accepted = 500
best...->cost =     10.48482, last...->cost =     10.48482
index_v  best...->parameter current_parameter_temp	tangent
0	   -1.694056		 2.71328e-10	          -0
1	   -1.250778		 2.71328e-10	          -0
2	  -0.4895026		 2.71328e-10	          -0
3	    1.379977		 2.71328e-10	           0
4	   0.5387602		 2.71328e-10	           0
5	   0.1933697		 2.71328e-10	           0
6	 -0.03972266		 2.71328e-10	          -0
7	   0.6581225		 2.71328e-10	           0
8	    1.061438		 2.71328e-10	           0

curvature[0][0] =            0

curvature[1][0] =            0 	 = curvature[0][1]
curvature[1][1] =            0

curvature[2][0] =            0 	 = curvature[0][2]
curvature[2][1] =            0 	 = curvature[1][2]
curvature[2][2] =            0

curvature[3][0] =           -0 	 = curvature[0][3]
curvature[3][1] =           -0 	 = curvature[1][3]
curvature[3][2] =           -0 	 = curvature[2][3]
curvature[3][3] =            0

curvature[4][0] =           -0 	 = curvature[0][4]
curvature[4][1] =           -0 	 = curvature[1][4]
curvature[4][2] =           -0 	 = curvature[2][4]
curvature[4][3] =            0 	 = curvature[3][4]
curvature[4][4] =            0

curvature[5][0] =           -0 	 = curvature[0][5]
curvature[5][1] =           -0 	 = curvature[1][5]
curvature[5][2] =           -0 	 = curvature[2][5]
curvature[5][3] =            0 	 = curvature[3][5]
curvature[5][4] =            0 	 = curvature[4][5]
curvature[5][5] =            0

curvature[6][0] =            0 	 = curvature[0][6]
curvature[6][1] =            0 	 = curvature[1][6]
curvature[6][2] =            0 	 = curvature[2][6]
curvature[6][3] =           -0 	 = curvature[3][6]
curvature[6][4] =           -0 	 = curvature[4][6]
curvature[6][5] =           -0 	 = curvature[5][6]
curvature[6][6] =            0

curvature[7][0] =           -0 	 = curvature[0][7]
curvature[7][1] =           -0 	 = curvature[1][7]
curvature[7][2] =           -0 	 = curvature[2][7]
curvature[7][3] =            0 	 = curvature[3][7]
curvature[7][4] =            0 	 = curvature[4][7]
curvature[7][5] =            0 	 = curvature[5][7]
curvature[7][6] =           -0 	 = curvature[6][7]
curvature[7][7] =            0

curvature[8][0] =           -0 	 = curvature[0][8]
curvature[8][1] =           -0 	 = curvature[1][8]
curvature[8][2] =           -0 	 = curvature[2][8]
curvature[8][3] =            0 	 = curvature[3][8]
curvature[8][4] =            0 	 = curvature[4][8]
curvature[8][5] =            0 	 = curvature[5][8]
curvature[8][6] =           -0 	 = curvature[6][8]
curvature[8][7] =            0 	 = curvature[7][8]
curvature[8][8] =            0



 COST_REPEATING exit_status = 3
 Locate_Cost = 5, calculating curvatures while exiting asa ()
final_cost = best_generated_state->cost = 10.48482    
*number_accepted at best_generated_state->cost = 0
*number_generated at best_generated_state->cost = 0



