		ADAPTIVE SIMULATED ANNEALING

/* $Id: asa.c,v 25.15 2004/09/23 18:10:46 ingber Exp ingber $ */

OPTIONS_FILE = 1
OPTIONS_FILE_DATA = 1
RECUR_OPTIONS_FILE = 0
RECUR_OPTIONS_FILE_DATA = 0
COST_FILE = 1
ASA_LIB = 0
HAVE_ANSI = 1
IO_PROTOTYPES = 0
TIME_CALC = 0
TIME_STD = 0
TIME_GETRUSAGE = 1
INT_LONG = 1
INT_ALLOC = 0
SMALL_FLOAT =        1e-18
MIN_DOUBLE =        1e-18
MAX_DOUBLE =        1e+18
EPS_DOUBLE =        1e-18
CHECK_EXPONENT = 0
NO_PARAM_TEMP_TEST = 0
NO_COST_TEMP_TEST = 0
SELF_OPTIMIZE = 0
ASA_TEST = 0
ASA_TEST_POINT = 0
ASA_TEMPLATE = 0
MY_TEMPLATE = 1
ASA_TEMPLATE_LIB = 0
ASA_TEMPLATE_ASA_OUT_PID = 0
ASA_TEMPLATE_MULTIPLE = 0
ASA_TEMPLATE_SELFOPT = 0
ASA_TEMPLATE_SAMPLE = 0
ASA_TEMPLATE_QUEUE = 0
ASA_TEMPLATE_PARALLEL = 0
ASA_TEMPLATE_SAVE = 0
USER_INITIAL_COST_TEMP = 0
RATIO_TEMPERATURE_SCALES = 0
USER_INITIAL_PARAMETERS_TEMPS = 0
DELTA_PARAMETERS = 0
QUENCH_PARAMETERS = 0
QUENCH_COST = 0
QUENCH_PARAMETERS_SCALE = 1
QUENCH_COST_SCALE = 1
OPTIONAL_DATA_DBL = 0
OPTIONAL_DATA_INT = 0
OPTIONAL_DATA_PTR = 0
USER_COST_SCHEDULE = 0
USER_ACCEPT_ASYMP_EXP = 0
USER_ACCEPT_THRESHOLD = 0
USER_ACCEPTANCE_TEST = 1
USER_GENERATING_FUNCTION = 0
USER_REANNEAL_COST = 0
USER_REANNEAL_PARAMETERS = 0
MAXIMUM_REANNEAL_INDEX = 50000
REANNEAL_SCALE =           10
ASA_SAMPLE = 0
ASA_QUEUE = 0
ASA_RESOLUTION = 0
FITLOC = 0
FITLOC_ROUND = 1
FITLOC_PRINT = 1
MULTI_MIN = 0
ASA_PARALLEL = 0
FDLIBM_POW = 0
FDLIBM_LOG = 0
FDLIBM_EXP = 0

ASA_PRINT = 1
USER_OUT = asa_usr_out
ASA_OUT = optim_MsensH_cl_UYW_SS_30-May-2007.log
USER_ASA_OUT = 1
ASA_PRINT_INTERMED = 1
ASA_PRINT_MORE = 0
INCL_STDOUT = 1
G_FIELD = 12
G_PRECISION = 7
ASA_SAVE = 0
ASA_SAVE_OPT = 0
ASA_SAVE_BACKUP = 0
ASA_PIPE = 0
ASA_PIPE_FILE = 0
SYSTEM_CALL = 1

OPTIONS->Limit_Acceptances = 1000000
OPTIONS->Limit_Generated = 1000000
OPTIONS->Limit_Invalid_Generated_States = 1000000
OPTIONS->Accepted_To_Generated_Ratio =        1e-12

OPTIONS->Cost_Precision =        1e-18
OPTIONS->Maximum_Cost_Repeat = 5
OPTIONS->Number_Cost_Samples = 5
OPTIONS->Temperature_Ratio_Scale =        1e-08
OPTIONS->Cost_Parameter_Scale_Ratio =            1
OPTIONS->Temperature_Anneal_Scale =          100
OPTIONS->Include_Integer_Parameters = 0
OPTIONS->User_Initial_Parameters = 1
OPTIONS->Sequential_Parameters = -1
OPTIONS->Initial_Parameter_Temperature =            1
OPTIONS->Acceptance_Frequency_Modulus = 100
OPTIONS->Generated_Frequency_Modulus = 10000
OPTIONS->Reanneal_Cost = 1
OPTIONS->Reanneal_Parameters = 1

OPTIONS->Delta_X =        0.001
OPTIONS->User_Tangents = 0
OPTIONS->Curvature_0 = 0
OPTIONS->Asa_Recursive_Level = 0


Initial Random Seed = 36397

*number_parameters = 100

index_v parameter_minimum parameter_maximum parameter_value parameter_type 
 0        -10000       		 10000        	 1            -1     
 1        -10000       		 10000        	 0            -1     
 2        -10000       		 10000        	 0            -1     
 3        -10000       		 10000        	 0            -1     
 4        -10000       		 10000        	 0            -1     
 5        -10000       		 10000        	 0            -1     
 6        -10000       		 10000        	 0            -1     
 7        -10000       		 10000        	 0            -1     
 8        -10000       		 10000        	 0            -1     
 9        -10000       		 10000        	 0            -1     
 10       -10000       		 10000        	 0            -1     
 11       -10000       		 10000        	 1            -1     
 12       -10000       		 10000        	 0            -1     
 13       -10000       		 10000        	 0            -1     
 14       -10000       		 10000        	 0            -1     
 15       -10000       		 10000        	 0            -1     
 16       -10000       		 10000        	 0            -1     
 17       -10000       		 10000        	 0            -1     
 18       -10000       		 10000        	 0            -1     
 19       -10000       		 10000        	 0            -1     
 20       -10000       		 10000        	 0            -1     
 21       -10000       		 10000        	 0            -1     
 22       -10000       		 10000        	 1            -1     
 23       -10000       		 10000        	 0            -1     
 24       -10000       		 10000        	 0            -1     
 25       -10000       		 10000        	 0            -1     
 26       -10000       		 10000        	 0            -1     
 27       -10000       		 10000        	 0            -1     
 28       -10000       		 10000        	 0            -1     
 29       -10000       		 10000        	 0            -1     
 30       -10000       		 10000        	 0            -1     
 31       -10000       		 10000        	 0            -1     
 32       -10000       		 10000        	 0            -1     
 33       -10000       		 10000        	 1            -1     
 34       -10000       		 10000        	 0            -1     
 35       -10000       		 10000        	 0            -1     
 36       -10000       		 10000        	 0            -1     
 37       -10000       		 10000        	 0            -1     
 38       -10000       		 10000        	 0            -1     
 39       -10000       		 10000        	 0            -1     
 40       -10000       		 10000        	 0            -1     
 41       -10000       		 10000        	 0            -1     
 42       -10000       		 10000        	 0            -1     
 43       -10000       		 10000        	 0            -1     
 44       -10000       		 10000        	 1            -1     
 45       -10000       		 10000        	 0            -1     
 46       -10000       		 10000        	 0            -1     
 47       -10000       		 10000        	 0            -1     
 48       -10000       		 10000        	 0            -1     
 49       -10000       		 10000        	 0            -1     
 50       -10000       		 10000        	 0            -1     
 51       -10000       		 10000        	 0            -1     
 52       -10000       		 10000        	 0            -1     
 53       -10000       		 10000        	 0            -1     
 54       -10000       		 10000        	 0            -1     
 55       -10000       		 10000        	 1            -1     
 56       -10000       		 10000        	 0            -1     
 57       -10000       		 10000        	 0            -1     
 58       -10000       		 10000        	 0            -1     
 59       -10000       		 10000        	 0            -1     
 60       -10000       		 10000        	 0            -1     
 61       -10000       		 10000        	 0            -1     
 62       -10000       		 10000        	 0            -1     
 63       -10000       		 10000        	 0            -1     
 64       -10000       		 10000        	 0            -1     
 65       -10000       		 10000        	 0            -1     
 66       -10000       		 10000        	 1            -1     
 67       -10000       		 10000        	 0            -1     
 68       -10000       		 10000        	 0            -1     
 69       -10000       		 10000        	 0            -1     
 70       -10000       		 10000        	 0            -1     
 71       -10000       		 10000        	 0            -1     
 72       -10000       		 10000        	 0            -1     
 73       -10000       		 10000        	 0            -1     
 74       -10000       		 10000        	 0            -1     
 75       -10000       		 10000        	 0            -1     
 76       -10000       		 10000        	 0            -1     
 77       -10000       		 10000        	 1            -1     
 78       -10000       		 10000        	 0            -1     
 79       -10000       		 10000        	 0            -1     
 80       -10000       		 10000        	 0            -1     
 81       -10000       		 10000        	 0            -1     
 82       -10000       		 10000        	 0            -1     
 83       -10000       		 10000        	 0            -1     
 84       -10000       		 10000        	 0            -1     
 85       -10000       		 10000        	 0            -1     
 86       -10000       		 10000        	 0            -1     
 87       -10000       		 10000        	 0            -1     
 88       -10000       		 10000        	 1            -1     
 89       -10000       		 10000        	 0            -1     
 90       -10000       		 10000        	 0            -1     
 91       -10000       		 10000        	 0            -1     
 92       -10000       		 10000        	 0            -1     
 93       -10000       		 10000        	 0            -1     
 94       -10000       		 10000        	 0            -1     
 95       -10000       		 10000        	 0            -1     
 96       -10000       		 10000        	 0            -1     
 97       -10000       		 10000        	 0            -1     
 98       -10000       		 10000        	 0            -1     
 99       -10000       		 10000        	 1            -1     


temperature_scale =     17.59161
temperature_scale_parameters[0] =     17.59161
*temperature_scale_cost =     17.59161



*index_cost_acceptances = 0, *current_cost_temperature = 3.014131e+15
*accepted_to_generated_ratio =            1, *number_invalid... = 0
*number_generated = 0, *number_accepted = 0
best...->cost =     64409.53, last...->cost =     64409.53
index_v  best...->parameter current_parameter_temp	tangent
0	           1		           1	           0
1	           0		           1	           0
2	           0		           1	           0
3	           0		           1	           0
4	           0		           1	           0
5	           0		           1	           0
6	           0		           1	           0
7	           0		           1	           0
8	           0		           1	           0
9	           0		           1	           0
10	           0		           1	           0
11	           1		           1	           0
12	           0		           1	           0
13	           0		           1	           0
14	           0		           1	           0
15	           0		           1	           0
16	           0		           1	           0
17	           0		           1	           0
18	           0		           1	           0
19	           0		           1	           0
20	           0		           1	           0
21	           0		           1	           0
22	           1		           1	           0
23	           0		           1	           0
24	           0		           1	           0
25	           0		           1	           0
26	           0		           1	           0
27	           0		           1	           0
28	           0		           1	           0
29	           0		           1	           0
30	           0		           1	           0
31	           0		           1	           0
32	           0		           1	           0
33	           1		           1	           0
34	           0		           1	           0
35	           0		           1	           0
36	           0		           1	           0
37	           0		           1	           0
38	           0		           1	           0
39	           0		           1	           0
40	           0		           1	           0
41	           0		           1	           0
42	           0		           1	           0
43	           0		           1	           0
44	           1		           1	           0
45	           0		           1	           0
46	           0		           1	           0
47	           0		           1	           0
48	           0		           1	           0
49	           0		           1	           0
50	           0		           1	           0
51	           0		           1	           0
52	           0		           1	           0
53	           0		           1	           0
54	           0		           1	           0
55	           1		           1	           0
56	           0		           1	           0
57	           0		           1	           0
58	           0		           1	           0
59	           0		           1	           0
60	           0		           1	           0
61	           0		           1	           0
62	           0		           1	           0
63	           0		           1	           0
64	           0		           1	           0
65	           0		           1	           0
66	           1		           1	           0
67	           0		           1	           0
68	           0		           1	           0
69	           0		           1	           0
70	           0		           1	           0
71	           0		           1	           0
72	           0		           1	           0
73	           0		           1	           0
74	           0		           1	           0
75	           0		           1	           0
76	           0		           1	           0
77	           1		           1	           0
78	           0		           1	           0
79	           0		           1	           0
80	           0		           1	           0
81	           0		           1	           0
82	           0		           1	           0
83	           0		           1	           0
84	           0		           1	           0
85	           0		           1	           0
86	           0		           1	           0
87	           0		           1	           0
88	           1		           1	           0
89	           0		           1	           0
90	           0		           1	           0
91	           0		           1	           0
92	           0		           1	           0
93	           0		           1	           0
94	           0		           1	           0
95	           0		           1	           0
96	           0		           1	           0
97	           0		           1	           0
98	           0		           1	           0
99	           1		           1	           0



*index_cost_acceptances = 0, *current_cost_temperature = 6.110567e+07
*accepted_to_generated_ratio =   0.00029997, *number_invalid... = 0
*number_generated = 10000, *number_accepted = 2
best...->cost =     64409.53, last...->cost = 1.645634e+12
index_v  best...->parameter current_parameter_temp	tangent
0	           1		4.197316e-09	   -106898.7
1	           0		4.197316e-09	           0
2	           0		4.197316e-09	           0
3	           0		4.197316e-09	           0
4	           0		4.197316e-09	           0
5	           0		4.197316e-09	           0
6	           0		4.197316e-09	           0
7	           0		4.197316e-09	           0
8	           0		4.197316e-09	           0
9	           0		4.197316e-09	           0
10	           0		4.197316e-09	           0
11	           1		4.197316e-09	    59313.69
12	           0		4.197316e-09	           0
13	           0		4.197316e-09	           0
14	           0		4.197316e-09	           0
15	           0		4.197316e-09	           0
16	           0		4.197316e-09	           0
17	           0		4.197316e-09	           0
18	           0		4.197316e-09	           0
19	           0		4.197316e-09	           0
20	           0		4.197316e-09	           0
21	           0		4.197316e-09	           0
22	           1		4.197316e-09	   -3984.553
23	           0		4.197316e-09	           0
24	           0		4.197316e-09	           0
25	           0		4.197316e-09	           0
26	           0		4.197316e-09	           0
27	           0		4.197316e-09	           0
28	           0		4.197316e-09	           0
29	           0		4.197316e-09	           0
30	           0		4.197316e-09	           0
31	           0		4.197316e-09	           0
32	           0		4.197316e-09	           0
33	           1		4.197316e-09	    23030.82
34	           0		4.197316e-09	           0
35	           0		4.197316e-09	           0
36	           0		4.197316e-09	           0
37	           0		4.197316e-09	           0
38	           0		4.197316e-09	           0
39	           0		4.197316e-09	           0
40	           0		4.197316e-09	           0
41	           0		4.197316e-09	           0
42	           0		4.197316e-09	           0
43	           0		4.197316e-09	           0
44	           1		4.197316e-09	    54763.62
45	           0		4.197316e-09	           0
46	           0		4.197316e-09	           0
47	           0		4.197316e-09	           0
48	           0		4.197316e-09	           0
49	           0		4.197316e-09	           0
50	           0		4.197316e-09	           0
51	           0		4.197316e-09	           0
52	           0		4.197316e-09	           0
53	           0		4.197316e-09	           0
54	           0		4.197316e-09	           0
55	           1		4.197316e-09	   -34335.33
56	           0		4.197316e-09	           0
57	           0		4.197316e-09	           0
58	           0		4.197316e-09	           0
59	           0		4.197316e-09	           0
60	           0		4.197316e-09	           0
61	           0		4.197316e-09	           0
62	           0		4.197316e-09	           0
63	           0		4.197316e-09	           0
64	           0		4.197316e-09	           0
65	           0		4.197316e-09	           0
66	           1		4.197316e-09	   -59339.37
67	           0		4.197316e-09	           0
68	           0		4.197316e-09	           0
69	           0		4.197316e-09	           0
70	           0		4.197316e-09	           0
71	           0		4.197316e-09	           0
72	           0		4.197316e-09	           0
73	           0		4.197316e-09	           0
74	           0		4.197316e-09	           0
75	           0		4.197316e-09	           0
76	           0		4.197316e-09	           0
77	           1		4.197316e-09	    40772.93
78	           0		4.197316e-09	           0
79	           0		4.197316e-09	           0
80	           0		4.197316e-09	           0
81	           0		4.197316e-09	           0
82	           0		4.197316e-09	           0
83	           0		4.197316e-09	           0
84	           0		4.197316e-09	           0
85	           0		4.197316e-09	           0
86	           0		4.197316e-09	           0
87	           0		4.197316e-09	           0
88	           1		4.197316e-09	   -79809.93
89	           0		4.197316e-09	           0
90	           0		4.197316e-09	           0
91	           0		4.197316e-09	           0
92	           0		4.197316e-09	           0
93	           0		4.197316e-09	           0
94	           0		4.197316e-09	           0
95	           0		4.197316e-09	           0
96	           0		4.197316e-09	           0
97	           0		4.197316e-09	           0
98	           0		4.197316e-09	           0
99	           1		4.197316e-09	   -24432.73



*index_cost_acceptances = 1, *current_cost_temperature =     37704.44
*accepted_to_generated_ratio =   0.00019999, *number_invalid... = 0
*number_generated = 20000, *number_accepted = 3
best...->cost =     64409.53, last...->cost = 2.683753e+12
index_v  best...->parameter current_parameter_temp	tangent
0	           1		3.670398e-09	   -106898.7
1	           0		3.670327e-09	           0
2	           0		3.670327e-09	           0
3	           0		3.670327e-09	           0
4	           0		3.670327e-09	           0
5	           0		3.670327e-09	           0
6	           0		3.670327e-09	           0
7	           0		3.670327e-09	           0
8	           0		3.670327e-09	           0
9	           0		3.670327e-09	           0
10	           0		3.670327e-09	           0
11	           1		4.161976e-09	    59313.69
12	           0		3.670327e-09	           0
13	           0		3.670327e-09	           0
14	           0		3.670327e-09	           0
15	           0		3.670327e-09	           0
16	           0		3.670327e-09	           0
17	           0		3.670327e-09	           0
18	           0		3.670327e-09	           0
19	           0		3.670327e-09	           0
20	           0		3.670327e-09	           0
21	           0		3.670327e-09	           0
22	           1		4.197396e-09	   -3984.553
23	           0		3.670327e-09	           0
24	           0		3.670327e-09	           0
25	           0		3.670327e-09	           0
26	           0		3.670327e-09	           0
27	           0		3.670327e-09	           0
28	           0		3.670327e-09	           0
29	           0		3.670327e-09	           0
30	           0		3.670327e-09	           0
31	           0		3.670327e-09	           0
32	           0		3.670327e-09	           0
33	           1		4.197235e-09	    23030.82
34	           0		3.670327e-09	           0
35	           0		3.670327e-09	           0
36	           0		3.670327e-09	           0
37	           0		3.670327e-09	           0
38	           0		3.670327e-09	           0
39	           0		3.670327e-09	           0
40	           0		3.670327e-09	           0
41	           0		3.670327e-09	           0
42	           0		3.670327e-09	           0
43	           0		3.670327e-09	           0
44	           1		4.174075e-09	    54763.62
45	           0		3.670327e-09	           0
46	           0		3.670327e-09	           0
47	           0		3.670327e-09	           0
48	           0		3.670327e-09	           0
49	           0		3.670327e-09	           0
50	           0		3.670327e-09	           0
51	           0		3.670327e-09	           0
52	           0		3.670327e-09	           0
53	           0		3.670327e-09	           0
54	           0		3.670327e-09	           0
55	           1		4.195537e-09	   -34335.33
56	           0		3.670327e-09	           0
57	           0		3.670327e-09	           0
58	           0		3.670327e-09	           0
59	           0		3.670327e-09	           0
60	           0		3.670327e-09	           0
61	           0		3.670327e-09	           0
62	           0		3.670327e-09	           0
63	           0		3.670327e-09	           0
64	           0		3.670327e-09	           0
65	           0		3.670327e-09	           0
66	           1		4.161899e-09	   -59339.37
67	           0		3.670327e-09	           0
68	           0		3.670327e-09	           0
69	           0		3.670327e-09	           0
70	           0		3.670327e-09	           0
71	           0		3.670327e-09	           0
72	           0		3.670327e-09	           0
73	           0		3.670327e-09	           0
74	           0		3.670327e-09	           0
75	           0		3.670327e-09	           0
76	           0		3.670327e-09	           0
77	           1		4.192636e-09	    40772.93
78	           0		3.670327e-09	           0
79	           0		3.670327e-09	           0
80	           0		3.670327e-09	           0
81	           0		3.670327e-09	           0
82	           0		3.670327e-09	           0
83	           0		3.670327e-09	           0
84	           0		3.670327e-09	           0
85	           0		3.670327e-09	           0
86	           0		3.670327e-09	           0
87	           0		3.670327e-09	           0
88	           1		4.041076e-09	   -79809.93
89	           0		3.670327e-09	           0
90	           0		3.670327e-09	           0
91	           0		3.670327e-09	           0
92	           0		3.670327e-09	           0
93	           0		3.670327e-09	           0
94	           0		3.670327e-09	           0
95	           0		3.670327e-09	           0
96	           0		3.670327e-09	           0
97	           0		3.670327e-09	           0
98	           0		3.670327e-09	           0
99	           1		4.197154e-09	   -24432.73



*index_cost_acceptances = 2, *current_cost_temperature =     33362.04
*accepted_to_generated_ratio = 0.0001666611, *number_invalid... = 0
*number_generated = 30000, *number_accepted = 4
best...->cost =     64409.53, last...->cost = 2.072149e+12
index_v  best...->parameter current_parameter_temp	tangent
0	           1		3.391911e-09	   -106898.7
1	           0		3.391823e-09	           0
2	           0		3.391823e-09	           0
3	           0		3.391823e-09	           0
4	           0		3.391823e-09	           0
5	           0		3.391823e-09	           0
6	           0		3.391823e-09	           0
7	           0		3.391823e-09	           0
8	           0		3.391823e-09	           0
9	           0		3.391823e-09	           0
10	           0		3.391823e-09	           0
11	           1		4.160363e-09	    59313.69
12	           0		3.391823e-09	           0
13	           0		3.391823e-09	           0
14	           0		3.391823e-09	           0
15	           0		3.391823e-09	           0
16	           0		3.391823e-09	           0
17	           0		3.391823e-09	           0
18	           0		3.391823e-09	           0
19	           0		3.391823e-09	           0
20	           0		3.391823e-09	           0
21	           0		3.391823e-09	           0
22	           1		4.197396e-09	   -3984.553
23	           0		3.391823e-09	           0
24	           0		3.391823e-09	           0
25	           0		3.391823e-09	           0
26	           0		3.391823e-09	           0
27	           0		3.391823e-09	           0
28	           0		3.391823e-09	           0
29	           0		3.391823e-09	           0
30	           0		3.391823e-09	           0
31	           0		3.391823e-09	           0
32	           0		3.391823e-09	           0
33	           1		4.197235e-09	    23030.82
34	           0		3.391823e-09	           0
35	           0		3.391823e-09	           0
36	           0		3.391823e-09	           0
37	           0		3.391823e-09	           0
38	           0		3.391823e-09	           0
39	           0		3.391823e-09	           0
40	           0		3.391823e-09	           0
41	           0		3.391823e-09	           0
42	           0		3.391823e-09	           0
43	           0		3.391823e-09	           0
44	           1		4.173371e-09	    54763.62
45	           0		3.391823e-09	           0
46	           0		3.391823e-09	           0
47	           0		3.391823e-09	           0
48	           0		3.391823e-09	           0
49	           0		3.391823e-09	           0
50	           0		3.391823e-09	           0
51	           0		3.391823e-09	           0
52	           0		3.391823e-09	           0
53	           0		3.391823e-09	           0
54	           0		3.391823e-09	           0
55	           1		4.195537e-09	   -34335.33
56	           0		3.391823e-09	           0
57	           0		3.391823e-09	           0
58	           0		3.391823e-09	           0
59	           0		3.391823e-09	           0
60	           0		3.391823e-09	           0
61	           0		3.391823e-09	           0
62	           0		3.391823e-09	           0
63	           0		3.391823e-09	           0
64	           0		3.391823e-09	           0
65	           0		3.391823e-09	           0
66	           1		4.160287e-09	   -59339.37
67	           0		3.391823e-09	           0
68	           0		3.391823e-09	           0
69	           0		3.391823e-09	           0
70	           0		3.391823e-09	           0
71	           0		3.391823e-09	           0
72	           0		3.391823e-09	           0
73	           0		3.391823e-09	           0
74	           0		3.391823e-09	           0
75	           0		3.391823e-09	           0
76	           0		3.391823e-09	           0
77	           1		4.192636e-09	    40772.93
78	           0		3.391823e-09	           0
79	           0		3.391823e-09	           0
80	           0		3.391823e-09	           0
81	           0		3.391823e-09	           0
82	           0		3.391823e-09	           0
83	           0		3.391823e-09	           0
84	           0		3.391823e-09	           0
85	           0		3.391823e-09	           0
86	           0		3.391823e-09	           0
87	           0		3.391823e-09	           0
88	           1		4.010973e-09	   -79809.93
89	           0		3.391823e-09	           0
90	           0		3.391823e-09	           0
91	           0		3.391823e-09	           0
92	           0		3.391823e-09	           0
93	           0		3.391823e-09	           0
94	           0		3.391823e-09	           0
95	           0		3.391823e-09	           0
96	           0		3.391823e-09	           0
97	           0		3.391823e-09	           0
98	           0		3.391823e-09	           0
99	           1		4.197154e-09	   -24432.73



*index_cost_acceptances = 2, *current_cost_temperature =     33362.04
*accepted_to_generated_ratio = 0.0001249969, *number_invalid... = 0
*number_generated = 40000, *number_accepted = 4
best...->cost =     64409.53, last...->cost = 2.072149e+12
index_v  best...->parameter current_parameter_temp	tangent
0	           1		3.206605e-09	   -106898.7
1	           0		 3.20651e-09	           0
2	           0		 3.20651e-09	           0
3	           0		 3.20651e-09	           0
4	           0		 3.20651e-09	           0
5	           0		 3.20651e-09	           0
6	           0		 3.20651e-09	           0
7	           0		 3.20651e-09	           0
8	           0		 3.20651e-09	           0
9	           0		 3.20651e-09	           0
10	           0		 3.20651e-09	           0
11	           1		4.160287e-09	    59313.69
12	           0		 3.20651e-09	           0
13	           0		 3.20651e-09	           0
14	           0		 3.20651e-09	           0
15	           0		 3.20651e-09	           0
16	           0		 3.20651e-09	           0
17	           0		 3.20651e-09	           0
18	           0		 3.20651e-09	           0
19	           0		 3.20651e-09	           0
20	           0		 3.20651e-09	           0
21	           0		 3.20651e-09	           0
22	           1		4.197396e-09	   -3984.553
23	           0		 3.20651e-09	           0
24	           0		 3.20651e-09	           0
25	           0		 3.20651e-09	           0
26	           0		 3.20651e-09	           0
27	           0		 3.20651e-09	           0
28	           0		 3.20651e-09	           0
29	           0		 3.20651e-09	           0
30	           0		 3.20651e-09	           0
31	           0		 3.20651e-09	           0
32	           0		 3.20651e-09	           0
33	           1		4.197235e-09	    23030.82
34	           0		 3.20651e-09	           0
35	           0		 3.20651e-09	           0
36	           0		 3.20651e-09	           0
37	           0		 3.20651e-09	           0
38	           0		 3.20651e-09	           0
39	           0		 3.20651e-09	           0
40	           0		 3.20651e-09	           0
41	           0		 3.20651e-09	           0
42	           0		 3.20651e-09	           0
43	           0		 3.20651e-09	           0
44	           1		4.173371e-09	    54763.62
45	           0		 3.20651e-09	           0
46	           0		 3.20651e-09	           0
47	           0		 3.20651e-09	           0
48	           0		 3.20651e-09	           0
49	           0		 3.20651e-09	           0
50	           0		 3.20651e-09	           0
51	           0		 3.20651e-09	           0
52	           0		 3.20651e-09	           0
53	           0		 3.20651e-09	           0
54	           0		 3.20651e-09	           0
55	           1		4.195537e-09	   -34335.33
56	           0		 3.20651e-09	           0
57	           0		 3.20651e-09	           0
58	           0		 3.20651e-09	           0
59	           0		 3.20651e-09	           0
60	           0		 3.20651e-09	           0
61	           0		 3.20651e-09	           0
62	           0		 3.20651e-09	           0
63	           0		 3.20651e-09	           0
64	           0		 3.20651e-09	           0
65	           0		 3.20651e-09	           0
66	           1		 4.16021e-09	   -59339.37
67	           0		 3.20651e-09	           0
68	           0		 3.20651e-09	           0
69	           0		 3.20651e-09	           0
70	           0		 3.20651e-09	           0
71	           0		 3.20651e-09	           0
72	           0		 3.20651e-09	           0
73	           0		 3.20651e-09	           0
74	           0		 3.20651e-09	           0
75	           0		 3.20651e-09	           0
76	           0		 3.20651e-09	           0
77	           1		4.192636e-09	    40772.93
78	           0		 3.20651e-09	           0
79	           0		 3.20651e-09	           0
80	           0		 3.20651e-09	           0
81	           0		 3.20651e-09	           0
82	           0		 3.20651e-09	           0
83	           0		 3.20651e-09	           0
84	           0		 3.20651e-09	           0
85	           0		 3.20651e-09	           0
86	           0		 3.20651e-09	           0
87	           0		 3.20651e-09	           0
88	           1		4.004508e-09	   -79809.93
89	           0		 3.20651e-09	           0
90	           0		 3.20651e-09	           0
91	           0		 3.20651e-09	           0
92	           0		 3.20651e-09	           0
93	           0		 3.20651e-09	           0
94	           0		 3.20651e-09	           0
95	           0		 3.20651e-09	           0
96	           0		 3.20651e-09	           0
97	           0		 3.20651e-09	           0
98	           0		 3.20651e-09	           0
99	           1		4.197154e-09	   -24432.73



*index_cost_acceptances = 2, *current_cost_temperature =     33362.04
*accepted_to_generated_ratio =   9.9998e-05, *number_invalid... = 0
*number_generated = 50000, *number_accepted = 4
best...->cost =     64409.53, last...->cost = 2.072149e+12
index_v  best...->parameter current_parameter_temp	tangent
0	           1		3.069526e-09	   -106898.7
1	           0		 3.06943e-09	           0
2	           0		 3.06943e-09	           0
3	           0		 3.06943e-09	           0
4	           0		 3.06943e-09	           0
5	           0		 3.06943e-09	           0
6	           0		 3.06943e-09	           0
7	           0		 3.06943e-09	           0
8	           0		 3.06943e-09	           0
9	           0		 3.06943e-09	           0
10	           0		 3.06943e-09	           0
11	           1		4.160287e-09	    59313.69
12	           0		 3.06943e-09	           0
13	           0		 3.06943e-09	           0
14	           0		 3.06943e-09	           0
15	           0		 3.06943e-09	           0
16	           0		 3.06943e-09	           0
17	           0		 3.06943e-09	           0
18	           0		 3.06943e-09	           0
19	           0		 3.06943e-09	           0
20	           0		 3.06943e-09	           0
21	           0		 3.06943e-09	           0
22	           1		4.197396e-09	   -3984.553
23	           0		 3.06943e-09	           0
24	           0		 3.06943e-09	           0
25	           0		 3.06943e-09	           0
26	           0		 3.06943e-09	           0
27	           0		 3.06943e-09	           0
28	           0		 3.06943e-09	           0
29	           0		 3.06943e-09	           0
30	           0		 3.06943e-09	           0
31	           0		 3.06943e-09	           0
32	           0		 3.06943e-09	           0
33	           1		4.197235e-09	    23030.82
34	           0		 3.06943e-09	           0
35	           0		 3.06943e-09	           0
36	           0		 3.06943e-09	           0
37	           0		 3.06943e-09	           0
38	           0		 3.06943e-09	           0
39	           0		 3.06943e-09	           0
40	           0		 3.06943e-09	           0
41	           0		 3.06943e-09	           0
42	           0		 3.06943e-09	           0
43	           0		 3.06943e-09	           0
44	           1		4.173371e-09	    54763.62
45	           0		 3.06943e-09	           0
46	           0		 3.06943e-09	           0
47	           0		 3.06943e-09	           0
48	           0		 3.06943e-09	           0
49	           0		 3.06943e-09	           0
50	           0		 3.06943e-09	           0
51	           0		 3.06943e-09	           0
52	           0		 3.06943e-09	           0
53	           0		 3.06943e-09	           0
54	           0		 3.06943e-09	           0
55	           1		4.195537e-09	   -34335.33
56	           0		 3.06943e-09	           0
57	           0		 3.06943e-09	           0
58	           0		 3.06943e-09	           0
59	           0		 3.06943e-09	           0
60	           0		 3.06943e-09	           0
61	           0		 3.06943e-09	           0
62	           0		 3.06943e-09	           0
63	           0		 3.06943e-09	           0
64	           0		 3.06943e-09	           0
65	           0		 3.06943e-09	           0
66	           1		 4.16021e-09	   -59339.37
67	           0		 3.06943e-09	           0
68	           0		 3.06943e-09	           0
69	           0		 3.06943e-09	           0
70	           0		 3.06943e-09	           0
71	           0		 3.06943e-09	           0
72	           0		 3.06943e-09	           0
73	           0		 3.06943e-09	           0
74	           0		 3.06943e-09	           0
75	           0		 3.06943e-09	           0
76	           0		 3.06943e-09	           0
77	           1		4.192636e-09	    40772.93
78	           0		 3.06943e-09	           0
79	           0		 3.06943e-09	           0
80	           0		 3.06943e-09	           0
81	           0		 3.06943e-09	           0
82	           0		 3.06943e-09	           0
83	           0		 3.06943e-09	           0
84	           0		 3.06943e-09	           0
85	           0		 3.06943e-09	           0
86	           0		 3.06943e-09	           0
87	           0		 3.06943e-09	           0
88	           1		4.003052e-09	   -79809.93
89	           0		 3.06943e-09	           0
90	           0		 3.06943e-09	           0
91	           0		 3.06943e-09	           0
92	           0		 3.06943e-09	           0
93	           0		 3.06943e-09	           0
94	           0		 3.06943e-09	           0
95	           0		 3.06943e-09	           0
96	           0		 3.06943e-09	           0
97	           0		 3.06943e-09	           0
98	           0		 3.06943e-09	           0
99	           1		4.197154e-09	   -24432.73



*index_cost_acceptances = 2, *current_cost_temperature =     33362.04
*accepted_to_generated_ratio = 8.333194e-05, *number_invalid... = 0
*number_generated = 60000, *number_accepted = 4
best...->cost =     64409.53, last...->cost = 2.072149e+12
index_v  best...->parameter current_parameter_temp	tangent
0	           1		2.961671e-09	   -106898.7
1	           0		2.961575e-09	           0
2	           0		2.961575e-09	           0
3	           0		2.961575e-09	           0
4	           0		2.961575e-09	           0
5	           0		2.961575e-09	           0
6	           0		2.961575e-09	           0
7	           0		2.961575e-09	           0
8	           0		2.961575e-09	           0
9	           0		2.961575e-09	           0
10	           0		2.961575e-09	           0
11	           1		4.160287e-09	    59313.69
12	           0		2.961575e-09	           0
13	           0		2.961575e-09	           0
14	           0		2.961575e-09	           0
15	           0		2.961575e-09	           0
16	           0		2.961575e-09	           0
17	           0		2.961575e-09	           0
18	           0		2.961575e-09	           0
19	           0		2.961575e-09	           0
20	           0		2.961575e-09	           0
21	           0		2.961575e-09	           0
22	           1		4.197396e-09	   -3984.553
23	           0		2.961575e-09	           0
24	           0		2.961575e-09	           0
25	           0		2.961575e-09	           0
26	           0		2.961575e-09	           0
27	           0		2.961575e-09	           0
28	           0		2.961575e-09	           0
29	           0		2.961575e-09	           0
30	           0		2.961575e-09	           0
31	           0		2.961575e-09	           0
32	           0		2.961575e-09	           0
33	           1		4.197235e-09	    23030.82
34	           0		2.961575e-09	           0
35	           0		2.961575e-09	           0
36	           0		2.961575e-09	           0
37	           0		2.961575e-09	           0
38	           0		2.961575e-09	           0
39	           0		2.961575e-09	           0
40	           0		2.961575e-09	           0
41	           0		2.961575e-09	           0
42	           0		2.961575e-09	           0
43	           0		2.961575e-09	           0
44	           1		4.173371e-09	    54763.62
45	           0		2.961575e-09	           0
46	           0		2.961575e-09	           0
47	           0		2.961575e-09	           0
48	           0		2.961575e-09	           0
49	           0		2.961575e-09	           0
50	           0		2.961575e-09	           0
51	           0		2.961575e-09	           0
52	           0		2.961575e-09	           0
53	           0		2.961575e-09	           0
54	           0		2.961575e-09	           0
55	           1		4.195537e-09	   -34335.33
56	           0		2.961575e-09	           0
57	           0		2.961575e-09	           0
58	           0		2.961575e-09	           0
59	           0		2.961575e-09	           0
60	           0		2.961575e-09	           0
61	           0		2.961575e-09	           0
62	           0		2.961575e-09	           0
63	           0		2.961575e-09	           0
64	           0		2.961575e-09	           0
65	           0		2.961575e-09	           0
66	           1		 4.16021e-09	   -59339.37
67	           0		2.961575e-09	           0
68	           0		2.961575e-09	           0
69	           0		2.961575e-09	           0
70	           0		2.961575e-09	           0
71	           0		2.961575e-09	           0
72	           0		2.961575e-09	           0
73	           0		2.961575e-09	           0
74	           0		2.961575e-09	           0
75	           0		2.961575e-09	           0
76	           0		2.961575e-09	           0
77	           1		4.192636e-09	    40772.93
78	           0		2.961575e-09	           0
79	           0		2.961575e-09	           0
80	           0		2.961575e-09	           0
81	           0		2.961575e-09	           0
82	           0		2.961575e-09	           0
83	           0		2.961575e-09	           0
84	           0		2.961575e-09	           0
85	           0		2.961575e-09	           0
86	           0		2.961575e-09	           0
87	           0		2.961575e-09	           0
88	           1		 4.00275e-09	   -79809.93
89	           0		2.961575e-09	           0
90	           0		2.961575e-09	           0
91	           0		2.961575e-09	           0
92	           0		2.961575e-09	           0
93	           0		2.961575e-09	           0
94	           0		2.961575e-09	           0
95	           0		2.961575e-09	           0
96	           0		2.961575e-09	           0
97	           0		2.961575e-09	           0
98	           0		2.961575e-09	           0
99	           1		4.197154e-09	   -24432.73



*index_cost_acceptances = 2, *current_cost_temperature =     33362.04
*accepted_to_generated_ratio = 7.142755e-05, *number_invalid... = 0
*number_generated = 70000, *number_accepted = 4
best...->cost =     64409.53, last...->cost = 2.072149e+12
index_v  best...->parameter current_parameter_temp	tangent
0	           1		2.451268e-09	   -106898.7
1	           0		  2.8732e-09	           0
2	           0		  2.8732e-09	           0
3	           0		  2.8732e-09	           0
4	           0		  2.8732e-09	           0
5	           0		  2.8732e-09	           0
6	           0		  2.8732e-09	           0
7	           0		  2.8732e-09	           0
8	           0		  2.8732e-09	           0
9	           0		  2.8732e-09	           0
10	           0		  2.8732e-09	           0
11	           1		4.160287e-09	    59313.69
12	           0		  2.8732e-09	           0
13	           0		  2.8732e-09	           0
14	           0		  2.8732e-09	           0
15	           0		  2.8732e-09	           0
16	           0		  2.8732e-09	           0
17	           0		  2.8732e-09	           0
18	           0		  2.8732e-09	           0
19	           0		  2.8732e-09	           0
20	           0		  2.8732e-09	           0
21	           0		  2.8732e-09	           0
22	           1		4.197396e-09	   -3984.553
23	           0		  2.8732e-09	           0
24	           0		  2.8732e-09	           0
25	           0		  2.8732e-09	           0
26	           0		  2.8732e-09	           0
27	           0		  2.8732e-09	           0
28	           0		  2.8732e-09	           0
29	           0		  2.8732e-09	           0
30	           0		  2.8732e-09	           0
31	           0		  2.8732e-09	           0
32	           0		  2.8732e-09	           0
33	           1		4.197235e-09	    23030.82
34	           0		  2.8732e-09	           0
35	           0		  2.8732e-09	           0
36	           0		  2.8732e-09	           0
37	           0		  2.8732e-09	           0
38	           0		  2.8732e-09	           0
39	           0		  2.8732e-09	           0
40	           0		  2.8732e-09	           0
41	           0		  2.8732e-09	           0
42	           0		  2.8732e-09	           0
43	           0		  2.8732e-09	           0
44	           1		4.173371e-09	    54763.62
45	           0		  2.8732e-09	           0
46	           0		  2.8732e-09	           0
47	           0		  2.8732e-09	           0
48	           0		  2.8732e-09	           0
49	           0		  2.8732e-09	           0
50	           0		  2.8732e-09	           0
51	           0		  2.8732e-09	           0
52	           0		  2.8732e-09	           0
53	           0		  2.8732e-09	           0
54	           0		  2.8732e-09	           0
55	           1		4.195537e-09	   -34335.33
56	           0		  2.8732e-09	           0
57	           0		  2.8732e-09	           0
58	           0		  2.8732e-09	           0
59	           0		  2.8732e-09	           0
60	           0		  2.8732e-09	           0
61	           0		  2.8732e-09	           0
62	           0		  2.8732e-09	           0
63	           0		  2.8732e-09	           0
64	           0		  2.8732e-09	           0
65	           0		  2.8732e-09	           0
66	           1		 4.16021e-09	   -59339.37
67	           0		  2.8732e-09	           0
68	           0		  2.8732e-09	           0
69	           0		  2.8732e-09	           0
70	           0		  2.8732e-09	           0
71	           0		  2.8732e-09	           0
72	           0		  2.8732e-09	           0
73	           0		  2.8732e-09	           0
74	           0		  2.8732e-09	           0
75	           0		  2.8732e-09	           0
76	           0		  2.8732e-09	           0
77	           1		4.192636e-09	    40772.93
78	           0		  2.8732e-09	           0
79	           0		  2.8732e-09	           0
80	           0		  2.8732e-09	           0
81	           0		  2.8732e-09	           0
82	           0		  2.8732e-09	           0
83	           0		  2.8732e-09	           0
84	           0		  2.8732e-09	           0
85	           0		  2.8732e-09	           0
86	           0		  2.8732e-09	           0
87	           0		  2.8732e-09	           0
88	           1		4.002689e-09	   -79809.93
89	           0		  2.8732e-09	           0
90	           0		  2.8732e-09	           0
91	           0		  2.8732e-09	           0
92	           0		  2.8732e-09	           0
93	           0		  2.8732e-09	           0
94	           0		  2.8732e-09	           0
95	           0		  2.8732e-09	           0
96	           0		  2.8732e-09	           0
97	           0		  2.8732e-09	           0
98	           0		  2.8732e-09	           0
99	           1		4.197154e-09	   -24432.73



*index_cost_acceptances = 2, *current_cost_temperature =     33362.04
*accepted_to_generated_ratio = 6.249922e-05, *number_invalid... = 0
*number_generated = 80000, *number_accepted = 4
best...->cost =     64409.53, last...->cost = 2.072149e+12
index_v  best...->parameter current_parameter_temp	tangent
0	           1		2.230639e-09	   -106898.7
1	           0		2.798675e-09	           0
2	           0		2.798675e-09	           0
3	           0		2.798675e-09	           0
4	           0		2.798675e-09	           0
5	           0		2.798675e-09	           0
6	           0		2.798675e-09	           0
7	           0		2.798675e-09	           0
8	           0		2.798675e-09	           0
9	           0		2.798675e-09	           0
10	           0		2.798675e-09	           0
11	           1		4.160287e-09	    59313.69
12	           0		2.798675e-09	           0
13	           0		2.798675e-09	           0
14	           0		2.798675e-09	           0
15	           0		2.798675e-09	           0
16	           0		2.798675e-09	           0
17	           0		2.798675e-09	           0
18	           0		2.798675e-09	           0
19	           0		2.798675e-09	           0
20	           0		2.798675e-09	           0
21	           0		2.798675e-09	           0
22	           1		4.197396e-09	   -3984.553
23	           0		2.798675e-09	           0
24	           0		2.798675e-09	           0
25	           0		2.798675e-09	           0
26	           0		2.798675e-09	           0
27	           0		2.798675e-09	           0
28	           0		2.798675e-09	           0
29	           0		2.798675e-09	           0
30	           0		2.798675e-09	           0
31	           0		2.798675e-09	           0
32	           0		2.798675e-09	           0
33	           1		4.197235e-09	    23030.82
34	           0		2.798675e-09	           0
35	           0		2.798675e-09	           0
36	           0		2.798675e-09	           0
37	           0		2.798675e-09	           0
38	           0		2.798675e-09	           0
39	           0		2.798675e-09	           0
40	           0		2.798675e-09	           0
41	           0		2.798675e-09	           0
42	           0		2.798675e-09	           0
43	           0		2.798675e-09	           0
44	           1		4.173371e-09	    54763.62
45	           0		2.798675e-09	           0
46	           0		2.798675e-09	           0
47	           0		2.798675e-09	           0
48	           0		2.798675e-09	           0
49	           0		2.798675e-09	           0
50	           0		2.798675e-09	           0
51	           0		2.798675e-09	           0
52	           0		2.798675e-09	           0
53	           0		2.798675e-09	           0
54	           0		2.798675e-09	           0
55	           1		4.195537e-09	   -34335.33
56	           0		2.798675e-09	           0
57	           0		2.798675e-09	           0
58	           0		2.798675e-09	           0
59	           0		2.798675e-09	           0
60	           0		2.798675e-09	           0
61	           0		2.798675e-09	           0
62	           0		2.798675e-09	           0
63	           0		2.798675e-09	           0
64	           0		2.798675e-09	           0
65	           0		2.798675e-09	           0
66	           1		 4.16021e-09	   -59339.37
67	           0		2.798675e-09	           0
68	           0		2.798675e-09	           0
69	           0		2.798675e-09	           0
70	           0		2.798675e-09	           0
71	           0		2.798675e-09	           0
72	           0		2.798675e-09	           0
73	           0		2.798675e-09	           0
74	           0		2.798675e-09	           0
75	           0		2.798675e-09	           0
76	           0		2.798675e-09	           0
77	           1		4.192636e-09	    40772.93
78	           0		2.798675e-09	           0
79	           0		2.798675e-09	           0
80	           0		2.798675e-09	           0
81	           0		2.798675e-09	           0
82	           0		2.798675e-09	           0
83	           0		2.798675e-09	           0
84	           0		2.798675e-09	           0
85	           0		2.798675e-09	           0
86	           0		2.798675e-09	           0
87	           0		2.798675e-09	           0
88	           1		4.002689e-09	   -79809.93
89	           0		2.798675e-09	           0
90	           0		2.798675e-09	           0
91	           0		2.798675e-09	           0
92	           0		2.798675e-09	           0
93	           0		2.798675e-09	           0
94	           0		2.798675e-09	           0
95	           0		2.798675e-09	           0
96	           0		2.798675e-09	           0
97	           0		2.798675e-09	           0
98	           0		2.798675e-09	           0
99	           1		4.197154e-09	   -24432.73



*index_cost_acceptances = 2, *current_cost_temperature =     33362.04
*accepted_to_generated_ratio = 5.555494e-05, *number_invalid... = 0
*number_generated = 90000, *number_accepted = 4
best...->cost =     64409.53, last...->cost = 2.072149e+12
index_v  best...->parameter current_parameter_temp	tangent
0	           1		2.093448e-09	   -106898.7
1	           0		2.734466e-09	           0
2	           0		2.734466e-09	           0
3	           0		2.734466e-09	           0
4	           0		2.734466e-09	           0
5	           0		2.734466e-09	           0
6	           0		2.734466e-09	           0
7	           0		2.734466e-09	           0
8	           0		2.734466e-09	           0
9	           0		2.734466e-09	           0
10	           0		2.734466e-09	           0
11	           1		4.160287e-09	    59313.69
12	           0		2.734466e-09	           0
13	           0		2.734466e-09	           0
14	           0		2.734466e-09	           0
15	           0		2.734466e-09	           0
16	           0		2.734466e-09	           0
17	           0		2.734466e-09	           0
18	           0		2.734466e-09	           0
19	           0		2.734466e-09	           0
20	           0		2.734466e-09	           0
21	           0		2.734466e-09	           0
22	           1		4.197396e-09	   -3984.553
23	           0		2.734466e-09	           0
24	           0		2.734466e-09	           0
25	           0		2.734466e-09	           0
26	           0		2.734466e-09	           0
27	           0		2.734466e-09	           0
28	           0		2.734466e-09	           0
29	           0		2.734466e-09	           0
30	           0		2.734466e-09	           0
31	           0		2.734466e-09	           0
32	           0		2.734466e-09	           0
33	           1		4.197235e-09	    23030.82
34	           0		2.734466e-09	           0
35	           0		2.734466e-09	           0
36	           0		2.734466e-09	           0
37	           0		2.734466e-09	           0
38	           0		2.734466e-09	           0
39	           0		2.734466e-09	           0
40	           0		2.734466e-09	           0
41	           0		2.734466e-09	           0
42	           0		2.734466e-09	           0
43	           0		2.734466e-09	           0
44	           1		4.173371e-09	    54763.62
45	           0		2.734466e-09	           0
46	           0		2.734466e-09	           0
47	           0		2.734466e-09	           0
48	           0		2.734466e-09	           0
49	           0		2.734466e-09	           0
50	           0		2.734466e-09	           0
51	           0		2.734466e-09	           0
52	           0		2.734466e-09	           0
53	           0		2.734466e-09	           0
54	           0		2.734466e-09	           0
55	           1		4.195537e-09	   -34335.33
56	           0		2.734466e-09	           0
57	           0		2.734466e-09	           0
58	           0		2.734466e-09	           0
59	           0		2.734466e-09	           0
60	           0		2.734466e-09	           0
61	           0		2.734466e-09	           0
62	           0		2.734466e-09	           0
63	           0		2.734466e-09	           0
64	           0		2.734466e-09	           0
65	           0		2.734466e-09	           0
66	           1		 4.16021e-09	   -59339.37
67	           0		2.734466e-09	           0
68	           0		2.734466e-09	           0
69	           0		2.734466e-09	           0
70	           0		2.734466e-09	           0
71	           0		2.734466e-09	           0
72	           0		2.734466e-09	           0
73	           0		2.734466e-09	           0
74	           0		2.734466e-09	           0
75	           0		2.734466e-09	           0
76	           0		2.734466e-09	           0
77	           1		4.192636e-09	    40772.93
78	           0		2.734466e-09	           0
79	           0		2.734466e-09	           0
80	           0		2.734466e-09	           0
81	           0		2.734466e-09	           0
82	           0		2.734466e-09	           0
83	           0		2.734466e-09	           0
84	           0		2.734466e-09	           0
85	           0		2.734466e-09	           0
86	           0		2.734466e-09	           0
87	           0		2.734466e-09	           0
88	           1		4.002689e-09	   -79809.93
89	           0		2.734466e-09	           0
90	           0		2.734466e-09	           0
91	           0		2.734466e-09	           0
92	           0		2.734466e-09	           0
93	           0		2.734466e-09	           0
94	           0		2.734466e-09	           0
95	           0		2.734466e-09	           0
96	           0		2.734466e-09	           0
97	           0		2.734466e-09	           0
98	           0		2.734466e-09	           0
99	           1		4.197154e-09	   -24432.73


