		ADAPTIVE SIMULATED ANNEALING

/* $Id: asa.c,v 25.15 2004/09/23 18:10:46 ingber Exp ingber $ */

OPTIONS_FILE = 1
OPTIONS_FILE_DATA = 1
RECUR_OPTIONS_FILE = 0
RECUR_OPTIONS_FILE_DATA = 0
COST_FILE = 1
ASA_LIB = 0
HAVE_ANSI = 1
IO_PROTOTYPES = 0
TIME_CALC = 0
TIME_STD = 0
TIME_GETRUSAGE = 1
INT_LONG = 1
INT_ALLOC = 0
SMALL_FLOAT =        1e-18
MIN_DOUBLE =        1e-18
MAX_DOUBLE =        1e+18
EPS_DOUBLE =        1e-18
CHECK_EXPONENT = 0
NO_PARAM_TEMP_TEST = 0
NO_COST_TEMP_TEST = 0
SELF_OPTIMIZE = 0
ASA_TEST = 0
ASA_TEST_POINT = 0
ASA_TEMPLATE = 0
MY_TEMPLATE = 1
ASA_TEMPLATE_LIB = 0
ASA_TEMPLATE_ASA_OUT_PID = 0
ASA_TEMPLATE_MULTIPLE = 0
ASA_TEMPLATE_SELFOPT = 0
ASA_TEMPLATE_SAMPLE = 0
ASA_TEMPLATE_QUEUE = 0
ASA_TEMPLATE_PARALLEL = 0
ASA_TEMPLATE_SAVE = 0
USER_INITIAL_COST_TEMP = 0
RATIO_TEMPERATURE_SCALES = 0
USER_INITIAL_PARAMETERS_TEMPS = 0
DELTA_PARAMETERS = 0
QUENCH_PARAMETERS = 0
QUENCH_COST = 0
QUENCH_PARAMETERS_SCALE = 1
QUENCH_COST_SCALE = 1
OPTIONAL_DATA_DBL = 0
OPTIONAL_DATA_INT = 0
OPTIONAL_DATA_PTR = 0
USER_COST_SCHEDULE = 0
USER_ACCEPT_ASYMP_EXP = 0
USER_ACCEPT_THRESHOLD = 0
USER_ACCEPTANCE_TEST = 1
USER_GENERATING_FUNCTION = 0
USER_REANNEAL_COST = 0
USER_REANNEAL_PARAMETERS = 0
MAXIMUM_REANNEAL_INDEX = 50000
REANNEAL_SCALE =           10
ASA_SAMPLE = 0
ASA_QUEUE = 0
ASA_RESOLUTION = 0
FITLOC = 0
FITLOC_ROUND = 1
FITLOC_PRINT = 1
MULTI_MIN = 0
ASA_PARALLEL = 0
FDLIBM_POW = 0
FDLIBM_LOG = 0
FDLIBM_EXP = 0

ASA_PRINT = 1
USER_OUT = asa_usr_out
ASA_OUT = optim_MsensH_cl_UYW_SS_02-May-2007.log
USER_ASA_OUT = 1
ASA_PRINT_INTERMED = 1
ASA_PRINT_MORE = 0
INCL_STDOUT = 1
G_FIELD = 12
G_PRECISION = 7
ASA_SAVE = 0
ASA_SAVE_OPT = 0
ASA_SAVE_BACKUP = 0
ASA_PIPE = 0
ASA_PIPE_FILE = 0
SYSTEM_CALL = 1

OPTIONS->Limit_Acceptances = 1000000
OPTIONS->Limit_Generated = 1000000
OPTIONS->Limit_Invalid_Generated_States = 1000000
OPTIONS->Accepted_To_Generated_Ratio =        1e-12

OPTIONS->Cost_Precision =        1e-18
OPTIONS->Maximum_Cost_Repeat = 5
OPTIONS->Number_Cost_Samples = 5
OPTIONS->Temperature_Ratio_Scale =        1e-08
OPTIONS->Cost_Parameter_Scale_Ratio =            1
OPTIONS->Temperature_Anneal_Scale =          100
OPTIONS->Include_Integer_Parameters = 0
OPTIONS->User_Initial_Parameters = 1
OPTIONS->Sequential_Parameters = -1
OPTIONS->Initial_Parameter_Temperature =            1
OPTIONS->Acceptance_Frequency_Modulus = 100
OPTIONS->Generated_Frequency_Modulus = 10000
OPTIONS->Reanneal_Cost = 1
OPTIONS->Reanneal_Parameters = 1

OPTIONS->Delta_X =        0.001
OPTIONS->User_Tangents = 0
OPTIONS->Curvature_0 = 0
OPTIONS->Asa_Recursive_Level = 0


Initial Random Seed = -16794

*number_parameters = 16

index_v parameter_minimum parameter_maximum parameter_value parameter_type 
 0        -1           		 1            	 1            -1     
 1        -1           		 1            	 0            -1     
 2        -1           		 1            	 0            -1     
 3        -1           		 1            	 0            -1     
 4        -1           		 1            	 0            -1     
 5        -1           		 1            	 1            -1     
 6        -1           		 1            	 0            -1     
 7        -1           		 1            	 0            -1     
 8        -1           		 1            	 0            -1     
 9        -1           		 1            	 0            -1     
 10       -1           		 1            	 1            -1     
 11       -1           		 1            	 0            -1     
 12       -1           		 1            	 0            -1     
 13       -1           		 1            	 0            -1     
 14       -1           		 1            	 0            -1     
 15       -1           		 1            	 1            -1     


temperature_scale =     13.81356
temperature_scale_parameters[0] =     13.81356
*temperature_scale_cost =     13.81356



*index_cost_acceptances = 0, *current_cost_temperature =      4247806
*accepted_to_generated_ratio =            1, *number_invalid... = 0
*number_generated = 0, *number_accepted = 0
best...->cost =     3605.195, last...->cost =     3605.195
index_v  best...->parameter current_parameter_temp	tangent
0	           1		           1	           0
1	           0		           1	           0
2	           0		           1	           0
3	           0		           1	           0
4	           0		           1	           0
5	           1		           1	           0
6	           0		           1	           0
7	           0		           1	           0
8	           0		           1	           0
9	           0		           1	           0
10	           1		           1	           0
11	           0		           1	           0
12	           0		           1	           0
13	           0		           1	           0
14	           0		           1	           0
15	           1		           1	           0



*index_cost_acceptances = 0, *current_cost_temperature =   0.04297227
*accepted_to_generated_ratio =    0.0298199, *number_invalid... = 0
*number_generated = 3386, *number_accepted = 100
best...->cost =     3605.195, last...->cost =     3605.759
index_v  best...->parameter current_parameter_temp	tangent
0	           1		1.071504e-10	  -0.2775428
1	           0		1.071504e-10	           0
2	           0		1.071504e-10	           0
3	           0		1.071504e-10	           0
4	           0		1.071504e-10	           0
5	           1		1.071504e-10	  -0.2466783
6	           0		1.071504e-10	           0
7	           0		1.071504e-10	           0
8	           0		1.071504e-10	           0
9	           0		1.071504e-10	           0
10	           1		1.071504e-10	  -0.0437362
11	           0		1.071504e-10	           0
12	           0		1.071504e-10	           0
13	           0		1.071504e-10	           0
14	           0		1.071504e-10	           0
15	           1		1.071504e-10	-6.069513e-06



*index_cost_acceptances = 98, *current_cost_temperature =  3.64771e-05
*accepted_to_generated_ratio =   0.02153879, *number_invalid... = 0
*number_generated = 9331, *number_accepted = 200
best...->cost =     3605.195, last...->cost =     3605.229
index_v  best...->parameter current_parameter_temp	tangent
0	           1		2.388029e-11	  -0.2775428
1	           0		2.387246e-11	           0
2	           0		2.387246e-11	           0
3	           0		2.387246e-11	           0
4	           0		2.387246e-11	           0
5	           1		2.496316e-11	  -0.2466783
6	           0		2.387246e-11	           0
7	           0		2.387246e-11	           0
8	           0		2.387246e-11	           0
9	           0		2.387246e-11	           0
10	           1		3.830221e-11	  -0.0437362
11	           0		2.387246e-11	           0
12	           0		2.387246e-11	           0
13	           0		2.387246e-11	           0
14	           0		2.387246e-11	           0
15	           1		4.710873e-11	-6.069513e-06



*index_cost_acceptances = 102, *current_cost_temperature = 3.484495e-05
*accepted_to_generated_ratio =   0.02059794, *number_invalid... = 0
*number_generated = 10000, *number_accepted = 205
best...->cost =     3605.195, last...->cost =     3605.222
index_v  best...->parameter current_parameter_temp	tangent
0	           1		2.148302e-11	  -0.2775428
1	           0		2.146983e-11	           0
2	           0		2.146983e-11	           0
3	           0		2.146983e-11	           0
4	           0		2.146983e-11	           0
5	           1		2.499682e-11	  -0.2466783
6	           0		2.146983e-11	           0
7	           0		2.146983e-11	           0
8	           0		2.146983e-11	           0
9	           0		2.146983e-11	           0
10	           1		1.594017e-10	  -0.0437362
11	           0		2.146983e-11	           0
12	           0		2.146983e-11	           0
13	           0		2.146983e-11	           0
14	           0		2.146983e-11	           0
15	           1		9.812727e-10	-6.069513e-06


