This file contains any messages produced by compilers while
running configure, to aid debugging if configure makes a mistake.

It was created by WCPG configure 0.9, which was
generated by GNU Autoconf 2.69.  Invocation command line was

  $ ./configure --with-lapack=/usr/local/opt/lapack/lib/

## --------- ##
## Platform. ##
## --------- ##

hostname = portablehilaire.wifi.calsci.lip6.fr
uname -m = x86_64
uname -r = 13.4.0
uname -s = Darwin
uname -v = Darwin Kernel Version 13.4.0: Wed Mar 18 16:20:14 PDT 2015; root:xnu-2422.115.14~1/RELEASE_X86_64

/usr/bin/uname -p = i386
/bin/uname -X     = unknown

/bin/arch              = unknown
/usr/bin/arch -k       = unknown
/usr/convex/getsysinfo = unknown
/usr/bin/hostinfo      = Mach kernel version:
	 Darwin Kernel Version 13.4.0: Wed Mar 18 16:20:14 PDT 2015; root:xnu-2422.115.14~1/RELEASE_X86_64
Kernel configured for up to 8 processors.
4 processors are physically available.
8 processors are logically available.
Processor type: i486 (Intel 80486)
Processors active: 0 1 2 3 4 5 6 7
Primary memory available: 16.00 gigabytes
Default processor set: 225 tasks, 1195 threads, 8 processors
Load average: 3.41, Mach factor: 4.58
/bin/machine           = unknown
/usr/bin/oslevel       = unknown
/bin/universe          = unknown

PATH: /Users/thib/.virtualenvs/fipogen/bin
PATH: /usr/local/bin
PATH: /usr/bin
PATH: /bin
PATH: /usr/sbin
PATH: /sbin
PATH: /usr/local/bin
PATH: /opt/X11/bin
PATH: /usr/texbin


## ----------- ##
## Core tests. ##
## ----------- ##

configure:2709: checking for a BSD-compatible install
configure:2777: result: /usr/bin/install -c
configure:2788: checking whether build environment is sane
configure:2843: result: yes
configure:2994: checking for a thread-safe mkdir -p
configure:3033: result: ./install-sh -c -d
configure:3040: checking for gawk
configure:3070: result: no
configure:3040: checking for mawk
configure:3070: result: no
configure:3040: checking for nawk
configure:3070: result: no
configure:3040: checking for awk
configure:3056: found /usr/bin/awk
configure:3067: result: awk
configure:3078: checking whether make sets $(MAKE)
configure:3100: result: yes
configure:3129: checking whether make supports nested variables
configure:3146: result: yes
configure:3315: checking for gcc
configure:3331: found /usr/bin/gcc
configure:3342: result: gcc
configure:3571: checking for C compiler version
configure:3580: gcc --version >&5
Apple LLVM version 6.0 (clang-600.0.57) (based on LLVM 3.5svn)
Target: x86_64-apple-darwin13.4.0
Thread model: posix
Configured with: --prefix=/Applications/Xcode.app/Contents/Developer//usr --with-gxx-include-dir=/usr/include/c++/4.2.1
configure:3591: $? = 0
configure:3580: gcc -v >&5
Configured with: --prefix=/Applications/Xcode.app/Contents/Developer//usr --with-gxx-include-dir=/usr/include/c++/4.2.1
Apple LLVM version 6.0 (clang-600.0.57) (based on LLVM 3.5svn)
Target: x86_64-apple-darwin13.4.0
Thread model: posix
configure:3591: $? = 0
configure:3580: gcc -V >&5
clang: error: argument to '-V' is missing (expected 1 value)
clang: error: no input files
configure:3591: $? = 1
configure:3580: gcc -qversion >&5
clang: error: unknown argument: '-qversion'
clang: error: no input files
configure:3591: $? = 1
configure:3611: checking whether the C compiler works
configure:3633: gcc    conftest.c  >&5
configure:3637: $? = 0
configure:3685: result: yes
configure:3688: checking for C compiler default output file name
configure:3690: result: a.out
configure:3696: checking for suffix of executables
configure:3703: gcc -o conftest    conftest.c  >&5
configure:3707: $? = 0
configure:3729: result: 
configure:3751: checking whether we are cross compiling
configure:3759: gcc -o conftest    conftest.c  >&5
configure:3763: $? = 0
configure:3770: ./conftest
configure:3774: $? = 0
configure:3789: result: no
configure:3794: checking for suffix of object files
configure:3816: gcc -c   conftest.c >&5
configure:3820: $? = 0
configure:3841: result: o
configure:3845: checking whether we are using the GNU C compiler
configure:3864: gcc -c   conftest.c >&5
configure:3864: $? = 0
configure:3873: result: yes
configure:3882: checking whether gcc accepts -g
configure:3902: gcc -c -g  conftest.c >&5
configure:3902: $? = 0
configure:3943: result: yes
configure:3960: checking for gcc option to accept ISO C89
configure:4023: gcc  -c -g -O2  conftest.c >&5
configure:4023: $? = 0
configure:4036: result: none needed
configure:4061: checking whether gcc understands -c and -o together
configure:4083: gcc -c conftest.c -o conftest2.o
configure:4086: $? = 0
configure:4083: gcc -c conftest.c -o conftest2.o
configure:4086: $? = 0
configure:4098: result: yes
configure:4126: checking for style of include used by make
configure:4154: result: GNU
configure:4180: checking dependency style of gcc
configure:4291: result: gcc3
configure:4364: checking for g++
configure:4380: found /usr/bin/g++
configure:4391: result: g++
configure:4418: checking for C++ compiler version
configure:4427: g++ --version >&5
Apple LLVM version 6.0 (clang-600.0.57) (based on LLVM 3.5svn)
Target: x86_64-apple-darwin13.4.0
Thread model: posix
Configured with: --prefix=/Applications/Xcode.app/Contents/Developer//usr --with-gxx-include-dir=/usr/include/c++/4.2.1
configure:4438: $? = 0
configure:4427: g++ -v >&5
Configured with: --prefix=/Applications/Xcode.app/Contents/Developer//usr --with-gxx-include-dir=/usr/include/c++/4.2.1
Apple LLVM version 6.0 (clang-600.0.57) (based on LLVM 3.5svn)
Target: x86_64-apple-darwin13.4.0
Thread model: posix
configure:4438: $? = 0
configure:4427: g++ -V >&5
clang: error: argument to '-V' is missing (expected 1 value)
clang: error: no input files
configure:4438: $? = 1
configure:4427: g++ -qversion >&5
clang: error: unknown argument: '-qversion'
clang: error: no input files
configure:4438: $? = 1
configure:4442: checking whether we are using the GNU C++ compiler
configure:4461: g++ -c   conftest.cpp >&5
configure:4461: $? = 0
configure:4470: result: yes
configure:4479: checking whether g++ accepts -g
configure:4499: g++ -c -g  conftest.cpp >&5
configure:4499: $? = 0
configure:4540: result: yes
configure:4565: checking dependency style of g++
configure:4676: result: gcc3
configure:4720: checking build system type
configure:4734: result: x86_64-apple-darwin13.4.0
configure:4754: checking host system type
configure:4767: result: x86_64-apple-darwin13.4.0
configure:4808: checking how to print strings
configure:4835: result: printf
configure:4856: checking for a sed that does not truncate output
configure:4920: result: /usr/bin/sed
configure:4938: checking for grep that handles long lines and -e
configure:4996: result: /usr/bin/grep
configure:5001: checking for egrep
configure:5063: result: /usr/bin/grep -E
configure:5068: checking for fgrep
configure:5130: result: /usr/bin/grep -F
configure:5165: checking for ld used by gcc
configure:5232: result: /Applications/Xcode.app/Contents/Developer/Toolchains/XcodeDefault.xctoolchain/usr/bin/ld
configure:5239: checking if the linker (/Applications/Xcode.app/Contents/Developer/Toolchains/XcodeDefault.xctoolchain/usr/bin/ld) is GNU ld
configure:5254: result: no
configure:5266: checking for BSD- or MS-compatible name lister (nm)
configure:5320: result: /usr/bin/nm
configure:5450: checking the name lister (/usr/bin/nm) interface
configure:5457: gcc -c -g -O2  conftest.c >&5
configure:5460: /usr/bin/nm "conftest.o"
configure:5463: output
0000000000000234 S _some_variable
configure:5470: result: BSD nm
configure:5473: checking whether ln -s works
configure:5477: result: yes
configure:5485: checking the maximum length of command line arguments
configure:5616: result: 196608
configure:5664: checking how to convert x86_64-apple-darwin13.4.0 file names to x86_64-apple-darwin13.4.0 format
configure:5704: result: func_convert_file_noop
configure:5711: checking how to convert x86_64-apple-darwin13.4.0 file names to toolchain format
configure:5731: result: func_convert_file_noop
configure:5738: checking for /Applications/Xcode.app/Contents/Developer/Toolchains/XcodeDefault.xctoolchain/usr/bin/ld option to reload object files
configure:5745: result: -r
configure:5819: checking for objdump
configure:5849: result: no
configure:5878: checking how to recognize dependent libraries
configure:6078: result: pass_all
configure:6163: checking for dlltool
configure:6193: result: no
configure:6223: checking how to associate runtime and link libraries
configure:6250: result: printf %s\n
configure:6311: checking for ar
configure:6327: found /usr/bin/ar
configure:6338: result: ar
configure:6375: checking for archiver @FILE support
configure:6392: gcc -c -g -O2  conftest.c >&5
configure:6392: $? = 0
configure:6395: ar cru libconftest.a @conftest.lst >&5
ar: @conftest.lst: No such file or directory
configure:6398: $? = 1
configure:6418: result: no
configure:6476: checking for strip
configure:6492: found /usr/bin/strip
configure:6503: result: strip
configure:6575: checking for ranlib
configure:6591: found /usr/bin/ranlib
configure:6602: result: ranlib
configure:6704: checking command to parse /usr/bin/nm output from gcc object
configure:6857: gcc -c -g -O2  conftest.c >&5
configure:6860: $? = 0
configure:6864: /usr/bin/nm conftest.o \| sed -n -e 's/^.*[ ]\([BCDEGRST][BCDEGRST]*\)[ ][ ]*\([_A-Za-z][_A-Za-z0-9]*\)$/\1 \2 \2/p' | sed '/ __gnu_lto/d' \> conftest.nm
configure:6867: $? = 0
cannot find nm_test_var in conftest.nm
configure:6857: gcc -c -g -O2  conftest.c >&5
configure:6860: $? = 0
configure:6864: /usr/bin/nm conftest.o \| sed -n -e 's/^.*[ ]\([BCDEGRST][BCDEGRST]*\)[ ][ ]*_\([_A-Za-z][_A-Za-z0-9]*\)$/\1 _\2 \2/p' | sed '/ __gnu_lto/d' \> conftest.nm
configure:6867: $? = 0
configure:6933: gcc -o conftest -g -O2   conftest.c conftstm.o >&5
configure:6936: $? = 0
configure:6974: result: ok
configure:7021: checking for sysroot
configure:7051: result: no
configure:7058: checking for a working dd
configure:7096: result: /bin/dd
configure:7100: checking how to truncate binary pipes
configure:7115: result: /bin/dd bs=4096 count=1
configure:7444: checking for mt
configure:7474: result: no
configure:7494: checking if : is a manifest tool
configure:7500: : '-?'
configure:7508: result: no
configure:7564: checking for dsymutil
configure:7580: found /usr/bin/dsymutil
configure:7591: result: dsymutil
configure:7656: checking for nmedit
configure:7672: found /usr/bin/nmedit
configure:7683: result: nmedit
configure:7748: checking for lipo
configure:7764: found /usr/bin/lipo
configure:7775: result: lipo
configure:7840: checking for otool
configure:7856: found /usr/bin/otool
configure:7867: result: otool
configure:7932: checking for otool64
configure:7962: result: no
configure:8007: checking for -single_module linker flag
gcc -g -O2  -o libconftest.dylib -dynamiclib -Wl,-single_module conftest.c
configure:8040: result: yes
configure:8043: checking for -exported_symbols_list linker flag
configure:8063: gcc -o conftest -g -O2   -Wl,-exported_symbols_list,conftest.sym conftest.c  >&5
configure:8063: $? = 0
configure:8073: result: yes
configure:8076: checking for -force_load linker flag
gcc -g -O2 -c -o conftest.o conftest.c
ar cru libconftest.a conftest.o
ranlib libconftest.a
gcc -g -O2  -o conftest conftest.c -Wl,-force_load,./libconftest.a
configure:8108: result: yes
configure:8185: checking how to run the C preprocessor
configure:8216: gcc -E  conftest.c
configure:8216: $? = 0
configure:8230: gcc -E  conftest.c
conftest.c:9:10: fatal error: 'ac_nonexistent.h' file not found
#include <ac_nonexistent.h>
         ^
1 error generated.
configure:8230: $? = 1
configure: failed program was:
| /* confdefs.h */
| #define PACKAGE_NAME "WCPG"
| #define PACKAGE_TARNAME "wcpg"
| #define PACKAGE_VERSION "0.9"
| #define PACKAGE_STRING "WCPG 0.9"
| #define PACKAGE_BUGREPORT "anastasia.volkova@lip6.fr"
| #define PACKAGE_URL ""
| /* end confdefs.h.  */
| #include <ac_nonexistent.h>
configure:8255: result: gcc -E
configure:8275: gcc -E  conftest.c
configure:8275: $? = 0
configure:8289: gcc -E  conftest.c
conftest.c:9:10: fatal error: 'ac_nonexistent.h' file not found
#include <ac_nonexistent.h>
         ^
1 error generated.
configure:8289: $? = 1
configure: failed program was:
| /* confdefs.h */
| #define PACKAGE_NAME "WCPG"
| #define PACKAGE_TARNAME "wcpg"
| #define PACKAGE_VERSION "0.9"
| #define PACKAGE_STRING "WCPG 0.9"
| #define PACKAGE_BUGREPORT "anastasia.volkova@lip6.fr"
| #define PACKAGE_URL ""
| /* end confdefs.h.  */
| #include <ac_nonexistent.h>
configure:8318: checking for ANSI C header files
configure:8338: gcc -c -g -O2  conftest.c >&5
configure:8338: $? = 0
configure:8411: gcc -o conftest -g -O2   conftest.c  >&5
configure:8411: $? = 0
configure:8411: ./conftest
configure:8411: $? = 0
configure:8422: result: yes
configure:8435: checking for sys/types.h
configure:8435: gcc -c -g -O2  conftest.c >&5
configure:8435: $? = 0
configure:8435: result: yes
configure:8435: checking for sys/stat.h
configure:8435: gcc -c -g -O2  conftest.c >&5
configure:8435: $? = 0
configure:8435: result: yes
configure:8435: checking for stdlib.h
configure:8435: gcc -c -g -O2  conftest.c >&5
configure:8435: $? = 0
configure:8435: result: yes
configure:8435: checking for string.h
configure:8435: gcc -c -g -O2  conftest.c >&5
configure:8435: $? = 0
configure:8435: result: yes
configure:8435: checking for memory.h
configure:8435: gcc -c -g -O2  conftest.c >&5
configure:8435: $? = 0
configure:8435: result: yes
configure:8435: checking for strings.h
configure:8435: gcc -c -g -O2  conftest.c >&5
configure:8435: $? = 0
configure:8435: result: yes
configure:8435: checking for inttypes.h
configure:8435: gcc -c -g -O2  conftest.c >&5
configure:8435: $? = 0
configure:8435: result: yes
configure:8435: checking for stdint.h
configure:8435: gcc -c -g -O2  conftest.c >&5
configure:8435: $? = 0
configure:8435: result: yes
configure:8435: checking for unistd.h
configure:8435: gcc -c -g -O2  conftest.c >&5
configure:8435: $? = 0
configure:8435: result: yes
configure:8449: checking for dlfcn.h
configure:8449: gcc -c -g -O2  conftest.c >&5
configure:8449: $? = 0
configure:8449: result: yes
configure:8716: checking for objdir
configure:8731: result: .libs
configure:8995: checking if gcc supports -fno-rtti -fno-exceptions
configure:9013: gcc -c -g -O2  -fno-rtti -fno-exceptions conftest.c >&5
configure:9017: $? = 0
configure:9030: result: yes
configure:9388: checking for gcc option to produce PIC
configure:9395: result: -fno-common -DPIC
configure:9403: checking if gcc PIC flag -fno-common -DPIC works
configure:9421: gcc -c -g -O2  -fno-common -DPIC -DPIC conftest.c >&5
configure:9425: $? = 0
configure:9438: result: yes
configure:9467: checking if gcc static flag -static works
configure:9495: result: no
configure:9510: checking if gcc supports -c -o file.o
configure:9531: gcc -c -g -O2  -o out/conftest2.o conftest.c >&5
configure:9535: $? = 0
configure:9557: result: yes
configure:9565: checking if gcc supports -c -o file.o
configure:9612: result: yes
configure:9645: checking whether the gcc linker (/Applications/Xcode.app/Contents/Developer/Toolchains/XcodeDefault.xctoolchain/usr/bin/ld) supports shared libraries
configure:10904: result: yes
configure:11144: checking dynamic linker characteristics
configure:11962: result: darwin13.4.0 dyld
configure:12084: checking how to hardcode library paths into programs
configure:12109: result: immediate
configure:12657: checking whether stripping libraries is possible
configure:12671: result: yes
configure:12697: checking if libtool supports shared libraries
configure:12699: result: yes
configure:12702: checking whether to build shared libraries
configure:12727: result: yes
configure:12730: checking whether to build static libraries
configure:12734: result: yes
configure:12757: checking how to run the C++ preprocessor
configure:12784: g++ -E  conftest.cpp
configure:12784: $? = 0
configure:12798: g++ -E  conftest.cpp
conftest.cpp:21:10: fatal error: 'ac_nonexistent.h' file not found
#include <ac_nonexistent.h>
         ^
1 error generated.
configure:12798: $? = 1
configure: failed program was:
| /* confdefs.h */
| #define PACKAGE_NAME "WCPG"
| #define PACKAGE_TARNAME "wcpg"
| #define PACKAGE_VERSION "0.9"
| #define PACKAGE_STRING "WCPG 0.9"
| #define PACKAGE_BUGREPORT "anastasia.volkova@lip6.fr"
| #define PACKAGE_URL ""
| #define STDC_HEADERS 1
| #define HAVE_SYS_TYPES_H 1
| #define HAVE_SYS_STAT_H 1
| #define HAVE_STDLIB_H 1
| #define HAVE_STRING_H 1
| #define HAVE_MEMORY_H 1
| #define HAVE_STRINGS_H 1
| #define HAVE_INTTYPES_H 1
| #define HAVE_STDINT_H 1
| #define HAVE_UNISTD_H 1
| #define HAVE_DLFCN_H 1
| #define LT_OBJDIR ".libs/"
| /* end confdefs.h.  */
| #include <ac_nonexistent.h>
configure:12823: result: g++ -E
configure:12843: g++ -E  conftest.cpp
configure:12843: $? = 0
configure:12857: g++ -E  conftest.cpp
conftest.cpp:21:10: fatal error: 'ac_nonexistent.h' file not found
#include <ac_nonexistent.h>
         ^
1 error generated.
configure:12857: $? = 1
configure: failed program was:
| /* confdefs.h */
| #define PACKAGE_NAME "WCPG"
| #define PACKAGE_TARNAME "wcpg"
| #define PACKAGE_VERSION "0.9"
| #define PACKAGE_STRING "WCPG 0.9"
| #define PACKAGE_BUGREPORT "anastasia.volkova@lip6.fr"
| #define PACKAGE_URL ""
| #define STDC_HEADERS 1
| #define HAVE_SYS_TYPES_H 1
| #define HAVE_SYS_STAT_H 1
| #define HAVE_STDLIB_H 1
| #define HAVE_STRING_H 1
| #define HAVE_MEMORY_H 1
| #define HAVE_STRINGS_H 1
| #define HAVE_INTTYPES_H 1
| #define HAVE_STDINT_H 1
| #define HAVE_UNISTD_H 1
| #define HAVE_DLFCN_H 1
| #define LT_OBJDIR ".libs/"
| /* end confdefs.h.  */
| #include <ac_nonexistent.h>
configure:13019: checking for ld used by g++
configure:13086: result: /Applications/Xcode.app/Contents/Developer/Toolchains/XcodeDefault.xctoolchain/usr/bin/ld
configure:13093: checking if the linker (/Applications/Xcode.app/Contents/Developer/Toolchains/XcodeDefault.xctoolchain/usr/bin/ld) is GNU ld
configure:13108: result: no
configure:13163: checking whether the g++ linker (/Applications/Xcode.app/Contents/Developer/Toolchains/XcodeDefault.xctoolchain/usr/bin/ld) supports shared libraries
configure:14236: result: yes
configure:14272: g++ -c -g -O2  conftest.cpp >&5
configure:14275: $? = 0
configure:14756: checking for g++ option to produce PIC
configure:14763: result: -fno-common -DPIC
configure:14771: checking if g++ PIC flag -fno-common -DPIC works
configure:14789: g++ -c -g -O2  -fno-common -DPIC -DPIC conftest.cpp >&5
configure:14793: $? = 0
configure:14806: result: yes
configure:14829: checking if g++ static flag -static works
configure:14857: result: no
configure:14869: checking if g++ supports -c -o file.o
configure:14890: g++ -c -g -O2  -o out/conftest2.o conftest.cpp >&5
configure:14894: $? = 0
configure:14916: result: yes
configure:14921: checking if g++ supports -c -o file.o
configure:14968: result: yes
configure:14998: checking whether the g++ linker (/Applications/Xcode.app/Contents/Developer/Toolchains/XcodeDefault.xctoolchain/usr/bin/ld) supports shared libraries
configure:15038: result: yes
configure:15179: checking dynamic linker characteristics
configure:15924: result: darwin13.4.0 dyld
configure:15989: checking how to hardcode library paths into programs
configure:16014: result: immediate
configure:16128: checking for g77
configure:16158: result: no
configure:16128: checking for xlf
configure:16158: result: no
configure:16128: checking for f77
configure:16158: result: no
configure:16128: checking for frt
configure:16158: result: no
configure:16128: checking for pgf77
configure:16158: result: no
configure:16128: checking for cf77
configure:16158: result: no
configure:16128: checking for fort77
configure:16158: result: no
configure:16128: checking for fl32
configure:16158: result: no
configure:16128: checking for af77
configure:16158: result: no
configure:16128: checking for xlf90
configure:16158: result: no
configure:16128: checking for f90
configure:16158: result: no
configure:16128: checking for pgf90
configure:16158: result: no
configure:16128: checking for pghpf
configure:16158: result: no
configure:16128: checking for epcf90
configure:16158: result: no
configure:16128: checking for gfortran
configure:16144: found /usr/local/bin/gfortran
configure:16155: result: gfortran
configure:16181: checking for Fortran 77 compiler version
configure:16190: gfortran --version >&5
GNU Fortran (Homebrew gcc 5.3.0) 5.3.0
Copyright (C) 2015 Free Software Foundation, Inc.

GNU Fortran comes with NO WARRANTY, to the extent permitted by law.
You may redistribute copies of GNU Fortran
under the terms of the GNU General Public License.
For more information about these matters, see the file named COPYING

configure:16201: $? = 0
configure:16190: gfortran -v >&5
Using built-in specs.
COLLECT_GCC=gfortran
COLLECT_LTO_WRAPPER=/usr/local/Cellar/gcc/5.3.0/libexec/gcc/x86_64-apple-darwin13.4.0/5.3.0/lto-wrapper
Target: x86_64-apple-darwin13.4.0
Configured with: ../configure --build=x86_64-apple-darwin13.4.0 --prefix=/usr/local/Cellar/gcc/5.3.0 --libdir=/usr/local/Cellar/gcc/5.3.0/lib/gcc/5 --enable-languages=c,c++,objc,obj-c++,fortran --program-suffix=-5 --with-gmp=/usr/local/opt/gmp --with-mpfr=/usr/local/opt/mpfr --with-mpc=/usr/local/opt/libmpc --with-isl=/usr/local/opt/isl --with-system-zlib --enable-libstdcxx-time=yes --enable-stage1-checking --enable-checking=release --enable-lto --with-build-config=bootstrap-debug --disable-werror --with-pkgversion='Homebrew gcc 5.3.0' --with-bugurl=https://github.com/Homebrew/homebrew/issues --enable-plugin --disable-nls --enable-multilib
Thread model: posix
gcc version 5.3.0 (Homebrew gcc 5.3.0) 
configure:16201: $? = 0
configure:16190: gfortran -V >&5
gfortran: error: unrecognized command line option '-V'
gfortran: fatal error: no input files
compilation terminated.
configure:16201: $? = 1
configure:16190: gfortran -qversion >&5
gfortran: error: unrecognized command line option '-qversion'
gfortran: fatal error: no input files
compilation terminated.
configure:16201: $? = 1
configure:16210: checking whether we are using the GNU Fortran 77 compiler
configure:16223: gfortran -c  conftest.F >&5
configure:16223: $? = 0
configure:16232: result: yes
configure:16238: checking whether gfortran accepts -g
configure:16249: gfortran -c -g conftest.f >&5
configure:16249: $? = 0
configure:16257: result: yes
configure:16386: checking if libtool supports shared libraries
configure:16388: result: yes
configure:16391: checking whether to build shared libraries
configure:16415: result: yes
configure:16418: checking whether to build static libraries
configure:16422: result: yes
configure:16774: checking for gfortran option to produce PIC
configure:16781: result: -fno-common
configure:16789: checking if gfortran PIC flag -fno-common works
configure:16807: gfortran -c -g -O2 -fno-common conftest.f >&5
configure:16811: $? = 0
configure:16824: result: yes
configure:16847: checking if gfortran static flag -static works
configure:16875: result: no
configure:16887: checking if gfortran supports -c -o file.o
configure:16908: gfortran -c -g -O2 -o out/conftest2.o conftest.f >&5
configure:16912: $? = 0
configure:16934: result: yes
configure:16939: checking if gfortran supports -c -o file.o
configure:16986: result: yes
configure:17016: checking whether the gfortran linker (/Applications/Xcode.app/Contents/Developer/Toolchains/XcodeDefault.xctoolchain/usr/bin/ld) supports shared libraries
configure:18225: result: yes
configure:18366: checking dynamic linker characteristics
configure:19105: result: darwin13.4.0 dyld
configure:19170: checking how to hardcode library paths into programs
configure:19195: result: immediate
configure:19420: checking for stdbool.h that conforms to C99
configure:19487: gcc -c  -g -O2  -I/usr/local/opt/lapack/lib//include  conftest.c >&5
configure:19487: $? = 0
configure:19494: result: yes
configure:19496: checking for _Bool
configure:19496: gcc -c  -g -O2  -I/usr/local/opt/lapack/lib//include  conftest.c >&5
configure:19496: $? = 0
configure:19496: gcc -c  -g -O2  -I/usr/local/opt/lapack/lib//include  conftest.c >&5
conftest.c:57:20: error: expected expression
if (sizeof ((_Bool)))
                   ^
1 error generated.
configure:19496: $? = 1
configure: failed program was:
| /* confdefs.h */
| #define PACKAGE_NAME "WCPG"
| #define PACKAGE_TARNAME "wcpg"
| #define PACKAGE_VERSION "0.9"
| #define PACKAGE_STRING "WCPG 0.9"
| #define PACKAGE_BUGREPORT "anastasia.volkova@lip6.fr"
| #define PACKAGE_URL ""
| #define STDC_HEADERS 1
| #define HAVE_SYS_TYPES_H 1
| #define HAVE_SYS_STAT_H 1
| #define HAVE_STDLIB_H 1
| #define HAVE_STRING_H 1
| #define HAVE_MEMORY_H 1
| #define HAVE_STRINGS_H 1
| #define HAVE_INTTYPES_H 1
| #define HAVE_STDINT_H 1
| #define HAVE_UNISTD_H 1
| #define HAVE_DLFCN_H 1
| #define LT_OBJDIR ".libs/"
| /* end confdefs.h.  */
| #include <stdio.h>
| #ifdef HAVE_SYS_TYPES_H
| # include <sys/types.h>
| #endif
| #ifdef HAVE_SYS_STAT_H
| # include <sys/stat.h>
| #endif
| #ifdef STDC_HEADERS
| # include <stdlib.h>
| # include <stddef.h>
| #else
| # ifdef HAVE_STDLIB_H
| #  include <stdlib.h>
| # endif
| #endif
| #ifdef HAVE_STRING_H
| # if !defined STDC_HEADERS && defined HAVE_MEMORY_H
| #  include <memory.h>
| # endif
| # include <string.h>
| #endif
| #ifdef HAVE_STRINGS_H
| # include <strings.h>
| #endif
| #ifdef HAVE_INTTYPES_H
| # include <inttypes.h>
| #endif
| #ifdef HAVE_STDINT_H
| # include <stdint.h>
| #endif
| #ifdef HAVE_UNISTD_H
| # include <unistd.h>
| #endif
| int
| main ()
| {
| if (sizeof ((_Bool)))
| 	    return 0;
|   ;
|   return 0;
| }
configure:19496: result: yes
configure:19510: checking stding.h usability
configure:19510: gcc -c  -g -O2  -I/usr/local/opt/lapack/lib//include  conftest.c >&5
conftest.c:55:10: fatal error: 'stding.h' file not found
#include <stding.h>
         ^
1 error generated.
configure:19510: $? = 1
configure: failed program was:
| /* confdefs.h */
| #define PACKAGE_NAME "WCPG"
| #define PACKAGE_TARNAME "wcpg"
| #define PACKAGE_VERSION "0.9"
| #define PACKAGE_STRING "WCPG 0.9"
| #define PACKAGE_BUGREPORT "anastasia.volkova@lip6.fr"
| #define PACKAGE_URL ""
| #define STDC_HEADERS 1
| #define HAVE_SYS_TYPES_H 1
| #define HAVE_SYS_STAT_H 1
| #define HAVE_STDLIB_H 1
| #define HAVE_STRING_H 1
| #define HAVE_MEMORY_H 1
| #define HAVE_STRINGS_H 1
| #define HAVE_INTTYPES_H 1
| #define HAVE_STDINT_H 1
| #define HAVE_UNISTD_H 1
| #define HAVE_DLFCN_H 1
| #define LT_OBJDIR ".libs/"
| #define HAVE__BOOL 1
| /* end confdefs.h.  */
| #include <stdio.h>
| #ifdef HAVE_SYS_TYPES_H
| # include <sys/types.h>
| #endif
| #ifdef HAVE_SYS_STAT_H
| # include <sys/stat.h>
| #endif
| #ifdef STDC_HEADERS
| # include <stdlib.h>
| # include <stddef.h>
| #else
| # ifdef HAVE_STDLIB_H
| #  include <stdlib.h>
| # endif
| #endif
| #ifdef HAVE_STRING_H
| # if !defined STDC_HEADERS && defined HAVE_MEMORY_H
| #  include <memory.h>
| # endif
| # include <string.h>
| #endif
| #ifdef HAVE_STRINGS_H
| # include <strings.h>
| #endif
| #ifdef HAVE_INTTYPES_H
| # include <inttypes.h>
| #endif
| #ifdef HAVE_STDINT_H
| # include <stdint.h>
| #endif
| #ifdef HAVE_UNISTD_H
| # include <unistd.h>
| #endif
| #include <stding.h>
configure:19510: result: no
configure:19510: checking stding.h presence
configure:19510: gcc -E  -I/usr/local/opt/lapack/lib//include  conftest.c
conftest.c:22:10: fatal error: 'stding.h' file not found
#include <stding.h>
         ^
1 error generated.
configure:19510: $? = 1
configure: failed program was:
| /* confdefs.h */
| #define PACKAGE_NAME "WCPG"
| #define PACKAGE_TARNAME "wcpg"
| #define PACKAGE_VERSION "0.9"
| #define PACKAGE_STRING "WCPG 0.9"
| #define PACKAGE_BUGREPORT "anastasia.volkova@lip6.fr"
| #define PACKAGE_URL ""
| #define STDC_HEADERS 1
| #define HAVE_SYS_TYPES_H 1
| #define HAVE_SYS_STAT_H 1
| #define HAVE_STDLIB_H 1
| #define HAVE_STRING_H 1
| #define HAVE_MEMORY_H 1
| #define HAVE_STRINGS_H 1
| #define HAVE_INTTYPES_H 1
| #define HAVE_STDINT_H 1
| #define HAVE_UNISTD_H 1
| #define HAVE_DLFCN_H 1
| #define LT_OBJDIR ".libs/"
| #define HAVE__BOOL 1
| /* end confdefs.h.  */
| #include <stding.h>
configure:19510: result: no
configure:19510: checking for stding.h
configure:19510: result: no
configure:19510: checking float.h usability
configure:19510: gcc -c  -g -O2  -I/usr/local/opt/lapack/lib//include  conftest.c >&5
configure:19510: $? = 0
configure:19510: result: yes
configure:19510: checking float.h presence
configure:19510: gcc -E  -I/usr/local/opt/lapack/lib//include  conftest.c
configure:19510: $? = 0
configure:19510: result: yes
configure:19510: checking for float.h
configure:19510: result: yes
configure:19510: checking sys/time.h usability
configure:19510: gcc -c  -g -O2  -I/usr/local/opt/lapack/lib//include  conftest.c >&5
configure:19510: $? = 0
configure:19510: result: yes
configure:19510: checking sys/time.h presence
configure:19510: gcc -E  -I/usr/local/opt/lapack/lib//include  conftest.c
configure:19510: $? = 0
configure:19510: result: yes
configure:19510: checking for sys/time.h
configure:19510: result: yes
configure:19522: checking f2c.h usability
configure:19522: gcc -c  -g -O2  -I/usr/local/opt/lapack/lib//include  conftest.c >&5
configure:19522: $? = 0
configure:19522: result: yes
configure:19522: checking f2c.h presence
configure:19522: gcc -E  -I/usr/local/opt/lapack/lib//include  conftest.c
configure:19522: $? = 0
configure:19522: result: yes
configure:19522: checking for f2c.h
configure:19522: result: yes
configure:19538: checking mpfr.h usability
configure:19538: gcc -c  -g -O2  -I/usr/local/opt/lapack/lib//include  conftest.c >&5
configure:19538: $? = 0
configure:19538: result: yes
configure:19538: checking mpfr.h presence
configure:19538: gcc -E  -I/usr/local/opt/lapack/lib//include  conftest.c
configure:19538: $? = 0
configure:19538: result: yes
configure:19538: checking for mpfr.h
configure:19538: result: yes
configure:19552: checking mpfi.h usability
configure:19552: gcc -c  -g -O2  -I/usr/local/opt/lapack/lib//include  conftest.c >&5
configure:19552: $? = 0
configure:19552: result: yes
configure:19552: checking mpfi.h presence
configure:19552: gcc -E  -I/usr/local/opt/lapack/lib//include  conftest.c
configure:19552: $? = 0
configure:19552: result: yes
configure:19552: checking for mpfi.h
configure:19552: result: yes
configure:19566: checking mpfi_io.h usability
configure:19566: gcc -c  -g -O2  -I/usr/local/opt/lapack/lib//include  conftest.c >&5
configure:19566: $? = 0
configure:19566: result: yes
configure:19566: checking mpfi_io.h presence
configure:19566: gcc -E  -I/usr/local/opt/lapack/lib//include  conftest.c
configure:19566: $? = 0
configure:19566: result: yes
configure:19566: checking for mpfi_io.h
configure:19566: result: yes
configure:19587: checking for blas.h
configure:19587: gcc -c  -g -O2  -I/usr/local/opt/lapack/lib//include  conftest.c >&5
configure:19587: $? = 0
configure:19587: result: yes
configure:19607: blas.h found.
configure:19615: checking for cblas.h
configure:19615: gcc -c  -g -O2  -I/usr/local/opt/lapack/lib//include  conftest.c >&5
conftest.c:36:10: fatal error: 'cblas.h' file not found
#include <cblas.h>
         ^
1 error generated.
configure:19615: $? = 1
configure: failed program was:
| /* confdefs.h */
| #define PACKAGE_NAME "WCPG"
| #define PACKAGE_TARNAME "wcpg"
| #define PACKAGE_VERSION "0.9"
| #define PACKAGE_STRING "WCPG 0.9"
| #define PACKAGE_BUGREPORT "anastasia.volkova@lip6.fr"
| #define PACKAGE_URL ""
| #define STDC_HEADERS 1
| #define HAVE_SYS_TYPES_H 1
| #define HAVE_SYS_STAT_H 1
| #define HAVE_STDLIB_H 1
| #define HAVE_STRING_H 1
| #define HAVE_MEMORY_H 1
| #define HAVE_STRINGS_H 1
| #define HAVE_INTTYPES_H 1
| #define HAVE_STDINT_H 1
| #define HAVE_UNISTD_H 1
| #define HAVE_DLFCN_H 1
| #define LT_OBJDIR ".libs/"
| #define HAVE__BOOL 1
| #define HAVE_FLOAT_H 1
| #define HAVE_SYS_TIME_H 1
| #define HAVE_F2C_H 1
| #define F2C_HEADER 1
| #define HAVE_MPFR_H 1
| #define HAVE_MPFI_H 1
| #define HAVE_MPFI_IO_H 1
| #define HAVE_BLAS_H 1
| #define BLAS_HEADER 1
| /* end confdefs.h.  */
| #ifdef HAVE_F2C_H
|      # include <f2c.h>
|      #endif
| 
| 
| #include <cblas.h>
configure:19615: result: no
configure:19643: checking for blaswrap.h
configure:19643: gcc -c  -g -O2  -I/usr/local/opt/lapack/lib//include  conftest.c >&5
configure:19643: $? = 0
configure:19643: result: yes
configure:19662: blaswrap.h found.
configure:19668: At least one blas header file was found.
configure:19683: checking for clapack.h
configure:19683: gcc -c  -g -O2  -I/usr/local/opt/lapack/lib//include  conftest.c >&5
configure:19683: $? = 0
configure:19683: result: yes
configure:19705: clapack.h found.
configure:19713: checking for lapacke.h
configure:19713: gcc -c  -g -O2  -I/usr/local/opt/lapack/lib//include  conftest.c >&5
conftest.c:40:10: fatal error: 'lapacke.h' file not found
#include <lapacke.h>
         ^
1 error generated.
configure:19713: $? = 1
configure: failed program was:
| /* confdefs.h */
| #define PACKAGE_NAME "WCPG"
| #define PACKAGE_TARNAME "wcpg"
| #define PACKAGE_VERSION "0.9"
| #define PACKAGE_STRING "WCPG 0.9"
| #define PACKAGE_BUGREPORT "anastasia.volkova@lip6.fr"
| #define PACKAGE_URL ""
| #define STDC_HEADERS 1
| #define HAVE_SYS_TYPES_H 1
| #define HAVE_SYS_STAT_H 1
| #define HAVE_STDLIB_H 1
| #define HAVE_STRING_H 1
| #define HAVE_MEMORY_H 1
| #define HAVE_STRINGS_H 1
| #define HAVE_INTTYPES_H 1
| #define HAVE_STDINT_H 1
| #define HAVE_UNISTD_H 1
| #define HAVE_DLFCN_H 1
| #define LT_OBJDIR ".libs/"
| #define HAVE__BOOL 1
| #define HAVE_FLOAT_H 1
| #define HAVE_SYS_TIME_H 1
| #define HAVE_F2C_H 1
| #define F2C_HEADER 1
| #define HAVE_MPFR_H 1
| #define HAVE_MPFI_H 1
| #define HAVE_MPFI_IO_H 1
| #define HAVE_BLAS_H 1
| #define BLAS_HEADER 1
| #define HAVE_BLASWRAP_H 1
| #define HAVE_CLAPACK_H 1
| #define CLAPACK_HEADER 1
| /* end confdefs.h.  */
| #ifdef HAVE_BLAS_H
|      # include <f2c.h>
|      # include <blas.h>
|   #endif
| 
| 
| #include <lapacke.h>
configure:19713: result: no
configure:19742: checking for lapack.h
configure:19742: gcc -c  -g -O2  -I/usr/local/opt/lapack/lib//include  conftest.c >&5
configure:19742: $? = 0
configure:19742: result: yes
configure:19764: At least one lapack header file found.
configure:19774: checking for __gmpz_init in -lgmp
configure:19799: gcc -o conftest  -g -O2  -I/usr/local/opt/lapack/lib//include   -L/usr/local/opt/lapack/lib//lib  conftest.c -lgmp   >&5
ld: warning: directory not found for option '-L/usr/local/opt/lapack/lib//lib'
configure:19799: $? = 0
configure:19808: result: yes
configure:19816: checking for __gmpz_fac_ui in -lgmp
configure:19841: gcc -o conftest  -g -O2  -I/usr/local/opt/lapack/lib//include   -L/usr/local/opt/lapack/lib//lib  conftest.c -lgmp   >&5
ld: warning: directory not found for option '-L/usr/local/opt/lapack/lib//lib'
configure:19841: $? = 0
configure:19850: result: yes
configure:19858: checking for __gmpz_bin_uiui in -lgmp
configure:19883: gcc -o conftest  -g -O2  -I/usr/local/opt/lapack/lib//include   -L/usr/local/opt/lapack/lib//lib  conftest.c -lgmp   >&5
ld: warning: directory not found for option '-L/usr/local/opt/lapack/lib//lib'
configure:19883: $? = 0
configure:19892: result: yes
configure:19900: checking for __gmpz_export in -lgmp
configure:19925: gcc -o conftest  -g -O2  -I/usr/local/opt/lapack/lib//include   -L/usr/local/opt/lapack/lib//lib  conftest.c -lgmp   >&5
ld: warning: directory not found for option '-L/usr/local/opt/lapack/lib//lib'
configure:19925: $? = 0
configure:19934: result: yes
configure:19947: checking for mpfr_init in -lmpfr
configure:19972: gcc -o conftest  -g -O2  -I/usr/local/opt/lapack/lib//include   -L/usr/local/opt/lapack/lib//lib  conftest.c -lmpfr  -lgmp  >&5
ld: warning: directory not found for option '-L/usr/local/opt/lapack/lib//lib'
configure:19972: $? = 0
configure:19981: result: yes
configure:19989: checking for mpfr_erfc in -lmpfr
configure:20014: gcc -o conftest  -g -O2  -I/usr/local/opt/lapack/lib//include   -L/usr/local/opt/lapack/lib//lib  conftest.c -lmpfr  -lgmp  >&5
ld: warning: directory not found for option '-L/usr/local/opt/lapack/lib//lib'
configure:20014: $? = 0
configure:20023: result: yes
configure:20036: checking for mpfi_init in -lmpfi
configure:20061: gcc -o conftest  -g -O2  -I/usr/local/opt/lapack/lib//include   -L/usr/local/opt/lapack/lib//lib  conftest.c -lmpfi  -lmpfr -lgmp  >&5
ld: warning: directory not found for option '-L/usr/local/opt/lapack/lib//lib'
configure:20061: $? = 0
configure:20070: result: yes
configure:20087: checking for dgemv in -lblas
configure:20112: gcc -o conftest  -g -O2  -I/usr/local/opt/lapack/lib//include   -L/usr/local/opt/lapack/lib//lib  conftest.c -lblas  -lmpfi -lmpfr -lgmp  >&5
ld: warning: directory not found for option '-L/usr/local/opt/lapack/lib//lib'
configure:20112: $? = 0
configure:20121: result: yes
configure:20130: checking for cblas_dgemv in -lblas
configure:20155: gcc -o conftest  -g -O2  -I/usr/local/opt/lapack/lib//include   -L/usr/local/opt/lapack/lib//lib  conftest.c -lblas  -lmpfi -lmpfr -lgmp  >&5
ld: warning: directory not found for option '-L/usr/local/opt/lapack/lib//lib'
configure:20155: $? = 0
configure:20164: result: yes
configure:20177: checking for LAPACKE_zgetri in -llapacke
configure:20202: gcc -o conftest  -g -O2  -I/usr/local/opt/lapack/lib//include   -L/usr/local/opt/lapack/lib//lib  conftest.c -llapacke  -lmpfi -lmpfr -lgmp  >&5
ld: warning: directory not found for option '-L/usr/local/opt/lapack/lib//lib'
ld: library not found for -llapacke
clang: error: linker command failed with exit code 1 (use -v to see invocation)
configure:20202: $? = 1
configure: failed program was:
| /* confdefs.h */
| #define PACKAGE_NAME "WCPG"
| #define PACKAGE_TARNAME "wcpg"
| #define PACKAGE_VERSION "0.9"
| #define PACKAGE_STRING "WCPG 0.9"
| #define PACKAGE_BUGREPORT "anastasia.volkova@lip6.fr"
| #define PACKAGE_URL ""
| #define STDC_HEADERS 1
| #define HAVE_SYS_TYPES_H 1
| #define HAVE_SYS_STAT_H 1
| #define HAVE_STDLIB_H 1
| #define HAVE_STRING_H 1
| #define HAVE_MEMORY_H 1
| #define HAVE_STRINGS_H 1
| #define HAVE_INTTYPES_H 1
| #define HAVE_STDINT_H 1
| #define HAVE_UNISTD_H 1
| #define HAVE_DLFCN_H 1
| #define LT_OBJDIR ".libs/"
| #define HAVE__BOOL 1
| #define HAVE_FLOAT_H 1
| #define HAVE_SYS_TIME_H 1
| #define HAVE_F2C_H 1
| #define F2C_HEADER 1
| #define HAVE_MPFR_H 1
| #define HAVE_MPFI_H 1
| #define HAVE_MPFI_IO_H 1
| #define HAVE_BLAS_H 1
| #define BLAS_HEADER 1
| #define HAVE_BLASWRAP_H 1
| #define HAVE_CLAPACK_H 1
| #define CLAPACK_HEADER 1
| #define HAVE_LAPACK_H 1
| #define LAPACK_HEADER 1
| #define HAVE_LIBGMP 1
| #define HAVE_LIBMPFR 1
| #define HAVE_LIBMPFI 1
| /* end confdefs.h.  */
| 
| /* Override any GCC internal prototype to avoid an error.
|    Use char because int might match the return type of a GCC
|    builtin and then its argument prototype would still apply.  */
| #ifdef __cplusplus
| extern "C"
| #endif
| char LAPACKE_zgetri ();
| int
| main ()
| {
| return LAPACKE_zgetri ();
|   ;
|   return 0;
| }
configure:20211: result: no
configure:20216: WARNING: Missing lapacke but maybe lapack is installed
configure:20220: checking for zgetri_ in -llapack
configure:20245: gcc -o conftest  -g -O2  -I/usr/local/opt/lapack/lib//include   -L/usr/local/opt/lapack/lib//lib  conftest.c -llapack  -lmpfi -lmpfr -lgmp  >&5
ld: warning: directory not found for option '-L/usr/local/opt/lapack/lib//lib'
configure:20245: $? = 0
configure:20254: result: yes
configure:20278: checking for LAPACKE_dgeevx in -llapacke
configure:20303: gcc -o conftest  -g -O2  -I/usr/local/opt/lapack/lib//include   -L/usr/local/opt/lapack/lib//lib  conftest.c -llapacke  -lmpfi -lmpfr -lgmp  >&5
ld: warning: directory not found for option '-L/usr/local/opt/lapack/lib//lib'
ld: library not found for -llapacke
clang: error: linker command failed with exit code 1 (use -v to see invocation)
configure:20303: $? = 1
configure: failed program was:
| /* confdefs.h */
| #define PACKAGE_NAME "WCPG"
| #define PACKAGE_TARNAME "wcpg"
| #define PACKAGE_VERSION "0.9"
| #define PACKAGE_STRING "WCPG 0.9"
| #define PACKAGE_BUGREPORT "anastasia.volkova@lip6.fr"
| #define PACKAGE_URL ""
| #define STDC_HEADERS 1
| #define HAVE_SYS_TYPES_H 1
| #define HAVE_SYS_STAT_H 1
| #define HAVE_STDLIB_H 1
| #define HAVE_STRING_H 1
| #define HAVE_MEMORY_H 1
| #define HAVE_STRINGS_H 1
| #define HAVE_INTTYPES_H 1
| #define HAVE_STDINT_H 1
| #define HAVE_UNISTD_H 1
| #define HAVE_DLFCN_H 1
| #define LT_OBJDIR ".libs/"
| #define HAVE__BOOL 1
| #define HAVE_FLOAT_H 1
| #define HAVE_SYS_TIME_H 1
| #define HAVE_F2C_H 1
| #define F2C_HEADER 1
| #define HAVE_MPFR_H 1
| #define HAVE_MPFI_H 1
| #define HAVE_MPFI_IO_H 1
| #define HAVE_BLAS_H 1
| #define BLAS_HEADER 1
| #define HAVE_BLASWRAP_H 1
| #define HAVE_CLAPACK_H 1
| #define CLAPACK_HEADER 1
| #define HAVE_LAPACK_H 1
| #define LAPACK_HEADER 1
| #define HAVE_LIBGMP 1
| #define HAVE_LIBMPFR 1
| #define HAVE_LIBMPFI 1
| /* end confdefs.h.  */
| 
| /* Override any GCC internal prototype to avoid an error.
|    Use char because int might match the return type of a GCC
|    builtin and then its argument prototype would still apply.  */
| #ifdef __cplusplus
| extern "C"
| #endif
| char LAPACKE_dgeevx ();
| int
| main ()
| {
| return LAPACKE_dgeevx ();
|   ;
|   return 0;
| }
configure:20312: result: no
configure:20317: WARNING: Missing lapacke but maybe lapack is installed
configure:20321: checking for dgeevx_ in -llapack
configure:20346: gcc -o conftest  -g -O2  -I/usr/local/opt/lapack/lib//include   -L/usr/local/opt/lapack/lib//lib  conftest.c -llapack  -lmpfi -lmpfr -lgmp  >&5
ld: warning: directory not found for option '-L/usr/local/opt/lapack/lib//lib'
configure:20346: $? = 0
configure:20355: result: yes
configure:20377: checking for LAPACKE_zgetrf in -llapacke
configure:20402: gcc -o conftest  -g -O2  -I/usr/local/opt/lapack/lib//include   -L/usr/local/opt/lapack/lib//lib  conftest.c -llapacke  -lmpfi -lmpfr -lgmp  >&5
ld: warning: directory not found for option '-L/usr/local/opt/lapack/lib//lib'
ld: library not found for -llapacke
clang: error: linker command failed with exit code 1 (use -v to see invocation)
configure:20402: $? = 1
configure: failed program was:
| /* confdefs.h */
| #define PACKAGE_NAME "WCPG"
| #define PACKAGE_TARNAME "wcpg"
| #define PACKAGE_VERSION "0.9"
| #define PACKAGE_STRING "WCPG 0.9"
| #define PACKAGE_BUGREPORT "anastasia.volkova@lip6.fr"
| #define PACKAGE_URL ""
| #define STDC_HEADERS 1
| #define HAVE_SYS_TYPES_H 1
| #define HAVE_SYS_STAT_H 1
| #define HAVE_STDLIB_H 1
| #define HAVE_STRING_H 1
| #define HAVE_MEMORY_H 1
| #define HAVE_STRINGS_H 1
| #define HAVE_INTTYPES_H 1
| #define HAVE_STDINT_H 1
| #define HAVE_UNISTD_H 1
| #define HAVE_DLFCN_H 1
| #define LT_OBJDIR ".libs/"
| #define HAVE__BOOL 1
| #define HAVE_FLOAT_H 1
| #define HAVE_SYS_TIME_H 1
| #define HAVE_F2C_H 1
| #define F2C_HEADER 1
| #define HAVE_MPFR_H 1
| #define HAVE_MPFI_H 1
| #define HAVE_MPFI_IO_H 1
| #define HAVE_BLAS_H 1
| #define BLAS_HEADER 1
| #define HAVE_BLASWRAP_H 1
| #define HAVE_CLAPACK_H 1
| #define CLAPACK_HEADER 1
| #define HAVE_LAPACK_H 1
| #define LAPACK_HEADER 1
| #define HAVE_LIBGMP 1
| #define HAVE_LIBMPFR 1
| #define HAVE_LIBMPFI 1
| /* end confdefs.h.  */
| 
| /* Override any GCC internal prototype to avoid an error.
|    Use char because int might match the return type of a GCC
|    builtin and then its argument prototype would still apply.  */
| #ifdef __cplusplus
| extern "C"
| #endif
| char LAPACKE_zgetrf ();
| int
| main ()
| {
| return LAPACKE_zgetrf ();
|   ;
|   return 0;
| }
configure:20411: result: no
configure:20416: WARNING: Missing lapacke but maybe lapack is installed
configure:20420: checking for zgetrf_ in -llapack
configure:20445: gcc -o conftest  -g -O2  -I/usr/local/opt/lapack/lib//include   -L/usr/local/opt/lapack/lib//lib  conftest.c -llapack  -lmpfi -lmpfr -lgmp  >&5
ld: warning: directory not found for option '-L/usr/local/opt/lapack/lib//lib'
configure:20445: $? = 0
configure:20454: result: yes
configure:20475: checking if libgmp is found at runtime
configure:20494: gcc -o conftest  -g -O2  -I/usr/local/opt/lapack/lib//include   -L/usr/local/opt/lapack/lib//lib  conftest.c -lmpfi -lmpfr -lgmp  >&5
ld: warning: directory not found for option '-L/usr/local/opt/lapack/lib//lib'
configure:20494: $? = 0
configure:20494: ./conftest
configure:20494: $? = 0
configure:20495: result: yes
configure:20507: checking if libmpfr is found at runtime
configure:20526: gcc -o conftest  -g -O2  -I/usr/local/opt/lapack/lib//include   -L/usr/local/opt/lapack/lib//lib  conftest.c -lmpfi -lmpfr -lgmp  >&5
ld: warning: directory not found for option '-L/usr/local/opt/lapack/lib//lib'
configure:20526: $? = 0
configure:20526: ./conftest
configure:20526: $? = 0
configure:20527: result: yes
configure:20539: checking if libmpfi is found at runtime
configure:20558: gcc -o conftest  -g -O2  -I/usr/local/opt/lapack/lib//include   -L/usr/local/opt/lapack/lib//lib  conftest.c -lmpfi -lmpfr -lgmp  >&5
ld: warning: directory not found for option '-L/usr/local/opt/lapack/lib//lib'
configure:20558: $? = 0
configure:20558: ./conftest
configure:20558: $? = 0
configure:20559: result: yes
configure:20571: checking for -fPIC support
configure:20584: gcc -c  -fPIC -g -O2  -I/usr/local/opt/lapack/lib//include  conftest.c >&5
configure:20584: $? = 0
configure:20586: result: yes
configure:20603: checking for uint32_t
configure:20603: gcc -c  -fPIC -g -O2  -I/usr/local/opt/lapack/lib//include  conftest.c >&5
configure:20603: $? = 0
configure:20603: result: yes
configure:20617: checking for uint64_t
configure:20617: gcc -c  -fPIC -g -O2  -I/usr/local/opt/lapack/lib//include  conftest.c >&5
configure:20617: $? = 0
configure:20617: result: yes
configure:20631: checking for inline
configure:20647: gcc -c  -fPIC -g -O2  -I/usr/local/opt/lapack/lib//include  conftest.c >&5
configure:20647: $? = 0
configure:20655: result: inline
configure:20673: checking for int32_t
configure:20673: gcc -c  -fPIC -g -O2  -I/usr/local/opt/lapack/lib//include  conftest.c >&5
configure:20673: $? = 0
configure:20673: gcc -c  -fPIC -g -O2  -I/usr/local/opt/lapack/lib//include  conftest.c >&5
conftest.c:76:24: error: 'test_array' declared as an array with a negative size
static int test_array [1 - 2 * !((int32_t) (((((int32_t) 1 << N) << N) - 1) * 2 + 1)
                       ^~~~~~~~~~~~~~~~~~~~~~~~~~~~~~~~~~~~~~~~~~~~~~~~~~~~~~~~~~~~~
1 error generated.
configure:20673: $? = 1
configure: failed program was:
| /* confdefs.h */
| #define PACKAGE_NAME "WCPG"
| #define PACKAGE_TARNAME "wcpg"
| #define PACKAGE_VERSION "0.9"
| #define PACKAGE_STRING "WCPG 0.9"
| #define PACKAGE_BUGREPORT "anastasia.volkova@lip6.fr"
| #define PACKAGE_URL ""
| #define STDC_HEADERS 1
| #define HAVE_SYS_TYPES_H 1
| #define HAVE_SYS_STAT_H 1
| #define HAVE_STDLIB_H 1
| #define HAVE_STRING_H 1
| #define HAVE_MEMORY_H 1
| #define HAVE_STRINGS_H 1
| #define HAVE_INTTYPES_H 1
| #define HAVE_STDINT_H 1
| #define HAVE_UNISTD_H 1
| #define HAVE_DLFCN_H 1
| #define LT_OBJDIR ".libs/"
| #define HAVE__BOOL 1
| #define HAVE_FLOAT_H 1
| #define HAVE_SYS_TIME_H 1
| #define HAVE_F2C_H 1
| #define F2C_HEADER 1
| #define HAVE_MPFR_H 1
| #define HAVE_MPFI_H 1
| #define HAVE_MPFI_IO_H 1
| #define HAVE_BLAS_H 1
| #define BLAS_HEADER 1
| #define HAVE_BLASWRAP_H 1
| #define HAVE_CLAPACK_H 1
| #define CLAPACK_HEADER 1
| #define HAVE_LAPACK_H 1
| #define LAPACK_HEADER 1
| #define HAVE_LIBGMP 1
| #define HAVE_LIBMPFR 1
| #define HAVE_LIBMPFI 1
| /* end confdefs.h.  */
| #include <stdio.h>
| #ifdef HAVE_SYS_TYPES_H
| # include <sys/types.h>
| #endif
| #ifdef HAVE_SYS_STAT_H
| # include <sys/stat.h>
| #endif
| #ifdef STDC_HEADERS
| # include <stdlib.h>
| # include <stddef.h>
| #else
| # ifdef HAVE_STDLIB_H
| #  include <stdlib.h>
| # endif
| #endif
| #ifdef HAVE_STRING_H
| # if !defined STDC_HEADERS && defined HAVE_MEMORY_H
| #  include <memory.h>
| # endif
| # include <string.h>
| #endif
| #ifdef HAVE_STRINGS_H
| # include <strings.h>
| #endif
| #ifdef HAVE_INTTYPES_H
| # include <inttypes.h>
| #endif
| #ifdef HAVE_STDINT_H
| # include <stdint.h>
| #endif
| #ifdef HAVE_UNISTD_H
| # include <unistd.h>
| #endif
| 	        enum { N = 32 / 2 - 1 };
| int
| main ()
| {
| static int test_array [1 - 2 * !((int32_t) (((((int32_t) 1 << N) << N) - 1) * 2 + 1)
| 		 < (int32_t) (((((int32_t) 1 << N) << N) - 1) * 2 + 2))];
| test_array [0] = 0;
| return test_array [0];
| 
|   ;
|   return 0;
| }
configure:20673: result: yes
configure:20684: checking for int64_t
configure:20684: gcc -c  -fPIC -g -O2  -I/usr/local/opt/lapack/lib//include  conftest.c >&5
configure:20684: $? = 0
configure:20684: gcc -c  -fPIC -g -O2  -I/usr/local/opt/lapack/lib//include  conftest.c >&5
conftest.c:76:24: error: 'test_array' declared as an array with a negative size
static int test_array [1 - 2 * !((int64_t) (((((int64_t) 1 << N) << N) - 1) * 2 + 1)
                       ^~~~~~~~~~~~~~~~~~~~~~~~~~~~~~~~~~~~~~~~~~~~~~~~~~~~~~~~~~~~~
1 error generated.
configure:20684: $? = 1
configure: failed program was:
| /* confdefs.h */
| #define PACKAGE_NAME "WCPG"
| #define PACKAGE_TARNAME "wcpg"
| #define PACKAGE_VERSION "0.9"
| #define PACKAGE_STRING "WCPG 0.9"
| #define PACKAGE_BUGREPORT "anastasia.volkova@lip6.fr"
| #define PACKAGE_URL ""
| #define STDC_HEADERS 1
| #define HAVE_SYS_TYPES_H 1
| #define HAVE_SYS_STAT_H 1
| #define HAVE_STDLIB_H 1
| #define HAVE_STRING_H 1
| #define HAVE_MEMORY_H 1
| #define HAVE_STRINGS_H 1
| #define HAVE_INTTYPES_H 1
| #define HAVE_STDINT_H 1
| #define HAVE_UNISTD_H 1
| #define HAVE_DLFCN_H 1
| #define LT_OBJDIR ".libs/"
| #define HAVE__BOOL 1
| #define HAVE_FLOAT_H 1
| #define HAVE_SYS_TIME_H 1
| #define HAVE_F2C_H 1
| #define F2C_HEADER 1
| #define HAVE_MPFR_H 1
| #define HAVE_MPFI_H 1
| #define HAVE_MPFI_IO_H 1
| #define HAVE_BLAS_H 1
| #define BLAS_HEADER 1
| #define HAVE_BLASWRAP_H 1
| #define HAVE_CLAPACK_H 1
| #define CLAPACK_HEADER 1
| #define HAVE_LAPACK_H 1
| #define LAPACK_HEADER 1
| #define HAVE_LIBGMP 1
| #define HAVE_LIBMPFR 1
| #define HAVE_LIBMPFI 1
| /* end confdefs.h.  */
| #include <stdio.h>
| #ifdef HAVE_SYS_TYPES_H
| # include <sys/types.h>
| #endif
| #ifdef HAVE_SYS_STAT_H
| # include <sys/stat.h>
| #endif
| #ifdef STDC_HEADERS
| # include <stdlib.h>
| # include <stddef.h>
| #else
| # ifdef HAVE_STDLIB_H
| #  include <stdlib.h>
| # endif
| #endif
| #ifdef HAVE_STRING_H
| # if !defined STDC_HEADERS && defined HAVE_MEMORY_H
| #  include <memory.h>
| # endif
| # include <string.h>
| #endif
| #ifdef HAVE_STRINGS_H
| # include <strings.h>
| #endif
| #ifdef HAVE_INTTYPES_H
| # include <inttypes.h>
| #endif
| #ifdef HAVE_STDINT_H
| # include <stdint.h>
| #endif
| #ifdef HAVE_UNISTD_H
| # include <unistd.h>
| #endif
| 	        enum { N = 64 / 2 - 1 };
| int
| main ()
| {
| static int test_array [1 - 2 * !((int64_t) (((((int64_t) 1 << N) << N) - 1) * 2 + 1)
| 		 < (int64_t) (((((int64_t) 1 << N) << N) - 1) * 2 + 2))];
| test_array [0] = 0;
| return test_array [0];
| 
|   ;
|   return 0;
| }
configure:20684: result: yes
configure:20695: checking for size_t
configure:20695: gcc -c  -fPIC -g -O2  -I/usr/local/opt/lapack/lib//include  conftest.c >&5
configure:20695: $? = 0
configure:20695: gcc -c  -fPIC -g -O2  -I/usr/local/opt/lapack/lib//include  conftest.c >&5
conftest.c:75:21: error: expected expression
if (sizeof ((size_t)))
                    ^
1 error generated.
configure:20695: $? = 1
configure: failed program was:
| /* confdefs.h */
| #define PACKAGE_NAME "WCPG"
| #define PACKAGE_TARNAME "wcpg"
| #define PACKAGE_VERSION "0.9"
| #define PACKAGE_STRING "WCPG 0.9"
| #define PACKAGE_BUGREPORT "anastasia.volkova@lip6.fr"
| #define PACKAGE_URL ""
| #define STDC_HEADERS 1
| #define HAVE_SYS_TYPES_H 1
| #define HAVE_SYS_STAT_H 1
| #define HAVE_STDLIB_H 1
| #define HAVE_STRING_H 1
| #define HAVE_MEMORY_H 1
| #define HAVE_STRINGS_H 1
| #define HAVE_INTTYPES_H 1
| #define HAVE_STDINT_H 1
| #define HAVE_UNISTD_H 1
| #define HAVE_DLFCN_H 1
| #define LT_OBJDIR ".libs/"
| #define HAVE__BOOL 1
| #define HAVE_FLOAT_H 1
| #define HAVE_SYS_TIME_H 1
| #define HAVE_F2C_H 1
| #define F2C_HEADER 1
| #define HAVE_MPFR_H 1
| #define HAVE_MPFI_H 1
| #define HAVE_MPFI_IO_H 1
| #define HAVE_BLAS_H 1
| #define BLAS_HEADER 1
| #define HAVE_BLASWRAP_H 1
| #define HAVE_CLAPACK_H 1
| #define CLAPACK_HEADER 1
| #define HAVE_LAPACK_H 1
| #define LAPACK_HEADER 1
| #define HAVE_LIBGMP 1
| #define HAVE_LIBMPFR 1
| #define HAVE_LIBMPFI 1
| /* end confdefs.h.  */
| #include <stdio.h>
| #ifdef HAVE_SYS_TYPES_H
| # include <sys/types.h>
| #endif
| #ifdef HAVE_SYS_STAT_H
| # include <sys/stat.h>
| #endif
| #ifdef STDC_HEADERS
| # include <stdlib.h>
| # include <stddef.h>
| #else
| # ifdef HAVE_STDLIB_H
| #  include <stdlib.h>
| # endif
| #endif
| #ifdef HAVE_STRING_H
| # if !defined STDC_HEADERS && defined HAVE_MEMORY_H
| #  include <memory.h>
| # endif
| # include <string.h>
| #endif
| #ifdef HAVE_STRINGS_H
| # include <strings.h>
| #endif
| #ifdef HAVE_INTTYPES_H
| # include <inttypes.h>
| #endif
| #ifdef HAVE_STDINT_H
| # include <stdint.h>
| #endif
| #ifdef HAVE_UNISTD_H
| # include <unistd.h>
| #endif
| int
| main ()
| {
| if (sizeof ((size_t)))
| 	    return 0;
|   ;
|   return 0;
| }
configure:20695: result: yes
configure:20713: checking for gettimeofday
configure:20713: gcc -o conftest  -fPIC -g -O2  -I/usr/local/opt/lapack/lib//include   -L/usr/local/opt/lapack/lib//lib  conftest.c -lmpfi -lmpfr -lgmp  >&5
ld: warning: directory not found for option '-L/usr/local/opt/lapack/lib//lib'
configure:20713: $? = 0
configure:20713: result: yes
configure:20724: checking for sqrt
configure:20724: gcc -o conftest  -fPIC -g -O2  -I/usr/local/opt/lapack/lib//include   -L/usr/local/opt/lapack/lib//lib  conftest.c -lmpfi -lmpfr -lgmp  >&5
conftest.c:63:6: warning: incompatible redeclaration of library function 'sqrt' [-Wincompatible-library-redeclaration]
char sqrt ();
     ^
conftest.c:63:6: note: 'sqrt' is a builtin with type 'double (double)'
1 warning generated.
ld: warning: directory not found for option '-L/usr/local/opt/lapack/lib//lib'
configure:20724: $? = 0
configure:20724: result: yes
configure:20735: checking for ceil
configure:20735: gcc -o conftest  -fPIC -g -O2  -I/usr/local/opt/lapack/lib//include   -L/usr/local/opt/lapack/lib//lib  conftest.c -lmpfi -lmpfr -lgmp  >&5
conftest.c:64:6: warning: incompatible redeclaration of library function 'ceil' [-Wincompatible-library-redeclaration]
char ceil ();
     ^
conftest.c:64:6: note: 'ceil' is a builtin with type 'double (double)'
1 warning generated.
ld: warning: directory not found for option '-L/usr/local/opt/lapack/lib//lib'
configure:20735: $? = 0
configure:20735: result: yes
configure:20746: checking for stdlib.h
configure:20746: result: yes
configure:20756: checking for GNU libc compatible malloc
configure:20780: gcc -o conftest  -fPIC -g -O2  -I/usr/local/opt/lapack/lib//include   -L/usr/local/opt/lapack/lib//lib  conftest.c -lmpfi -lmpfr -lgmp  >&5
ld: warning: directory not found for option '-L/usr/local/opt/lapack/lib//lib'
configure:20780: $? = 0
configure:20780: ./conftest
configure:20780: $? = 0
configure:20790: result: yes
configure:20813: checking for stdlib.h
configure:20813: result: yes
configure:20823: checking for GNU libc compatible realloc
configure:20847: gcc -o conftest  -fPIC -g -O2  -I/usr/local/opt/lapack/lib//include   -L/usr/local/opt/lapack/lib//lib  conftest.c -lmpfi -lmpfr -lgmp  >&5
ld: warning: directory not found for option '-L/usr/local/opt/lapack/lib//lib'
configure:20847: $? = 0
configure:20847: ./conftest
configure:20847: $? = 0
configure:20857: result: yes
configure:21003: checking that generated files are newer than configure
configure:21009: result: done
configure:21036: creating ./config.status

## ---------------------- ##
## Running config.status. ##
## ---------------------- ##

This file was extended by WCPG config.status 0.9, which was
generated by GNU Autoconf 2.69.  Invocation command line was

  CONFIG_FILES    = 
  CONFIG_HEADERS  = 
  CONFIG_LINKS    = 
  CONFIG_COMMANDS = 
  $ ./config.status 

on portablehilaire.wifi.calsci.lip6.fr

config.status:1224: creating Makefile
config.status:1224: creating config.h
config.status:1405: config.h is unchanged
config.status:1453: executing depfiles commands
config.status:1453: executing libtool commands

## ---------------- ##
## Cache variables. ##
## ---------------- ##

ac_cv_build=x86_64-apple-darwin13.4.0
ac_cv_c_compiler_gnu=yes
ac_cv_c_inline=inline
ac_cv_c_int32_t=yes
ac_cv_c_int64_t=yes
ac_cv_c_uint32_t=yes
ac_cv_c_uint64_t=yes
ac_cv_cxx_compiler_gnu=yes
ac_cv_env_CCC_set=
ac_cv_env_CCC_value=
ac_cv_env_CC_set=
ac_cv_env_CC_value=
ac_cv_env_CFLAGS_set=
ac_cv_env_CFLAGS_value=
ac_cv_env_CPPFLAGS_set=
ac_cv_env_CPPFLAGS_value=
ac_cv_env_CPP_set=
ac_cv_env_CPP_value=
ac_cv_env_CXXCPP_set=
ac_cv_env_CXXCPP_value=
ac_cv_env_CXXFLAGS_set=
ac_cv_env_CXXFLAGS_value=
ac_cv_env_CXX_set=
ac_cv_env_CXX_value=
ac_cv_env_F77_set=
ac_cv_env_F77_value=
ac_cv_env_FFLAGS_set=
ac_cv_env_FFLAGS_value=
ac_cv_env_LDFLAGS_set=
ac_cv_env_LDFLAGS_value=
ac_cv_env_LIBS_set=
ac_cv_env_LIBS_value=
ac_cv_env_LT_SYS_LIBRARY_PATH_set=
ac_cv_env_LT_SYS_LIBRARY_PATH_value=
ac_cv_env_build_alias_set=
ac_cv_env_build_alias_value=
ac_cv_env_host_alias_set=
ac_cv_env_host_alias_value=
ac_cv_env_target_alias_set=
ac_cv_env_target_alias_value=
ac_cv_f77_compiler_gnu=yes
ac_cv_func_ceil=yes
ac_cv_func_gettimeofday=yes
ac_cv_func_malloc_0_nonnull=yes
ac_cv_func_realloc_0_nonnull=yes
ac_cv_func_sqrt=yes
ac_cv_header_blas_h=yes
ac_cv_header_blaswrap_h=yes
ac_cv_header_cblas_h=no
ac_cv_header_clapack_h=yes
ac_cv_header_dlfcn_h=yes
ac_cv_header_f2c_h=yes
ac_cv_header_float_h=yes
ac_cv_header_inttypes_h=yes
ac_cv_header_lapack_h=yes
ac_cv_header_lapacke_h=no
ac_cv_header_memory_h=yes
ac_cv_header_mpfi_h=yes
ac_cv_header_mpfi_io_h=yes
ac_cv_header_mpfr_h=yes
ac_cv_header_stdbool_h=yes
ac_cv_header_stdc=yes
ac_cv_header_stding_h=no
ac_cv_header_stdint_h=yes
ac_cv_header_stdlib_h=yes
ac_cv_header_string_h=yes
ac_cv_header_strings_h=yes
ac_cv_header_sys_stat_h=yes
ac_cv_header_sys_time_h=yes
ac_cv_header_sys_types_h=yes
ac_cv_header_unistd_h=yes
ac_cv_host=x86_64-apple-darwin13.4.0
ac_cv_lib_blas_cblas_dgemv=yes
ac_cv_lib_blas_dgemv=yes
ac_cv_lib_gmp___gmpz_bin_uiui=yes
ac_cv_lib_gmp___gmpz_export=yes
ac_cv_lib_gmp___gmpz_fac_ui=yes
ac_cv_lib_gmp___gmpz_init=yes
ac_cv_lib_lapack_dgeevx_=yes
ac_cv_lib_lapack_zgetrf_=yes
ac_cv_lib_lapack_zgetri_=yes
ac_cv_lib_lapacke_LAPACKE_dgeevx=no
ac_cv_lib_lapacke_LAPACKE_zgetrf=no
ac_cv_lib_lapacke_LAPACKE_zgetri=no
ac_cv_lib_mpfi_mpfi_init=yes
ac_cv_lib_mpfr_mpfr_erfc=yes
ac_cv_lib_mpfr_mpfr_init=yes
ac_cv_objext=o
ac_cv_path_EGREP='/usr/bin/grep -E'
ac_cv_path_FGREP='/usr/bin/grep -F'
ac_cv_path_GREP=/usr/bin/grep
ac_cv_path_SED=/usr/bin/sed
ac_cv_path_install='/usr/bin/install -c'
ac_cv_path_lt_DD=/bin/dd
ac_cv_prog_AWK=awk
ac_cv_prog_CPP='gcc -E'
ac_cv_prog_CXXCPP='g++ -E'
ac_cv_prog_ac_ct_AR=ar
ac_cv_prog_ac_ct_CC=gcc
ac_cv_prog_ac_ct_CXX=g++
ac_cv_prog_ac_ct_DSYMUTIL=dsymutil
ac_cv_prog_ac_ct_F77=gfortran
ac_cv_prog_ac_ct_LIPO=lipo
ac_cv_prog_ac_ct_NMEDIT=nmedit
ac_cv_prog_ac_ct_OTOOL=otool
ac_cv_prog_ac_ct_RANLIB=ranlib
ac_cv_prog_ac_ct_STRIP=strip
ac_cv_prog_cc_c89=
ac_cv_prog_cc_g=yes
ac_cv_prog_cxx_g=yes
ac_cv_prog_f77_g=yes
ac_cv_prog_make_make_set=yes
ac_cv_type__Bool=yes
ac_cv_type_size_t=yes
am_cv_CC_dependencies_compiler_type=gcc3
am_cv_CXX_dependencies_compiler_type=gcc3
am_cv_make_support_nested_variables=yes
am_cv_prog_cc_c_o=yes
lt_cv_apple_cc_single_mod=yes
lt_cv_ar_at_file=no
lt_cv_deplibs_check_method=pass_all
lt_cv_file_magic_cmd='$MAGIC_CMD'
lt_cv_file_magic_test_file=
lt_cv_ld_exported_symbols_list=yes
lt_cv_ld_force_load=yes
lt_cv_ld_reload_flag=-r
lt_cv_nm_interface='BSD nm'
lt_cv_objdir=.libs
lt_cv_path_LD=/Applications/Xcode.app/Contents/Developer/Toolchains/XcodeDefault.xctoolchain/usr/bin/ld
lt_cv_path_LDCXX=/Applications/Xcode.app/Contents/Developer/Toolchains/XcodeDefault.xctoolchain/usr/bin/ld
lt_cv_path_NM=/usr/bin/nm
lt_cv_path_mainfest_tool=no
lt_cv_prog_compiler_c_o=yes
lt_cv_prog_compiler_c_o_CXX=yes
lt_cv_prog_compiler_c_o_F77=yes
lt_cv_prog_compiler_pic='-fno-common -DPIC'
lt_cv_prog_compiler_pic_CXX='-fno-common -DPIC'
lt_cv_prog_compiler_pic_F77=-fno-common
lt_cv_prog_compiler_pic_works=yes
lt_cv_prog_compiler_pic_works_CXX=yes
lt_cv_prog_compiler_pic_works_F77=yes
lt_cv_prog_compiler_rtti_exceptions=yes
lt_cv_prog_compiler_static_works=no
lt_cv_prog_compiler_static_works_CXX=no
lt_cv_prog_compiler_static_works_F77=no
lt_cv_prog_gnu_ld=no
lt_cv_prog_gnu_ldcxx=no
lt_cv_sharedlib_from_linklib_cmd='printf %s\n'
lt_cv_sys_global_symbol_pipe='sed -n -e '\''s/^.*[	 ]\([BCDEGRST][BCDEGRST]*\)[	 ][	 ]*_\([_A-Za-z][_A-Za-z0-9]*\)$/\1 _\2 \2/p'\'' | sed '\''/ __gnu_lto/d'\'''
lt_cv_sys_global_symbol_to_c_name_address='sed -n -e '\''s/^: \(.*\) .*$/  {"\1", (void *) 0},/p'\'' -e '\''s/^[BCDEGRST][BCDEGRST]* .* \(.*\)$/  {"\1", (void *) \&\1},/p'\'''
lt_cv_sys_global_symbol_to_c_name_address_lib_prefix='sed -n -e '\''s/^: \(.*\) .*$/  {"\1", (void *) 0},/p'\'' -e '\''s/^[BCDEGRST][BCDEGRST]* .* \(lib.*\)$/  {"\1", (void *) \&\1},/p'\'' -e '\''s/^[BCDEGRST][BCDEGRST]* .* \(.*\)$/  {"lib\1", (void *) \&\1},/p'\'''
lt_cv_sys_global_symbol_to_cdecl='sed -n -e '\''s/^T .* \(.*\)$/extern int \1();/p'\'' -e '\''s/^[BCDEGRST][BCDEGRST]* .* \(.*\)$/extern char \1;/p'\'''
lt_cv_sys_global_symbol_to_import=
lt_cv_sys_max_cmd_len=196608
lt_cv_to_host_file_cmd=func_convert_file_noop
lt_cv_to_tool_file_cmd=func_convert_file_noop
lt_cv_truncate_bin='/bin/dd bs=4096 count=1'

## ----------------- ##
## Output variables. ##
## ----------------- ##

ACLOCAL='${SHELL} /Users/thib/work/soft/fipogen/construct/WCPG/Autotools/missing aclocal-1.15'
AMDEPBACKSLASH='\'
AMDEP_FALSE='#'
AMDEP_TRUE=''
AMTAR='$${TAR-tar}'
AM_BACKSLASH='\'
AM_CFLAGS=' -fPIC'
AM_CPPFLAGS=' -I/usr/local/opt/lapack/lib//include'
AM_DEFAULT_V='$(AM_DEFAULT_VERBOSITY)'
AM_DEFAULT_VERBOSITY='1'
AM_LDFLAGS=' -L/usr/local/opt/lapack/lib//lib'
AM_V='$(V)'
AR='ar'
AUTOCONF='${SHELL} /Users/thib/work/soft/fipogen/construct/WCPG/Autotools/missing autoconf'
AUTOHEADER='${SHELL} /Users/thib/work/soft/fipogen/construct/WCPG/Autotools/missing autoheader'
AUTOMAKE='${SHELL} /Users/thib/work/soft/fipogen/construct/WCPG/Autotools/missing automake-1.15'
AWK='awk'
BLAS_LIBS='-lblas'
CC='gcc'
CCDEPMODE='depmode=gcc3'
CFLAGS='-g -O2'
CPP='gcc -E'
CPPFLAGS=''
CXX='g++'
CXXCPP='g++ -E'
CXXDEPMODE='depmode=gcc3'
CXXFLAGS='-g -O2'
CYGPATH_W='echo'
DEFS='-DHAVE_CONFIG_H'
DEPDIR='.deps'
DLLTOOL='false'
DSYMUTIL='dsymutil'
DUMPBIN=''
ECHO_C='\c'
ECHO_N=''
ECHO_T=''
EGREP='/usr/bin/grep -E'
EXEEXT=''
F77='gfortran'
FFLAGS='-g -O2'
FGREP='/usr/bin/grep -F'
GREP='/usr/bin/grep'
INSTALL_DATA='${INSTALL} -m 644'
INSTALL_PROGRAM='${INSTALL}'
INSTALL_SCRIPT='${INSTALL}'
INSTALL_STRIP_PROGRAM='$(install_sh) -c -s'
LAPACK_LIBS='-llapack'
LD='/Applications/Xcode.app/Contents/Developer/Toolchains/XcodeDefault.xctoolchain/usr/bin/ld'
LDFLAGS=''
LIBOBJS=''
LIBS='-lmpfi -lmpfr -lgmp '
LIBTOOL='$(SHELL) $(top_builddir)/libtool'
LIPO='lipo'
LN_S='ln -s'
LTLIBOBJS=''
LT_SYS_LIBRARY_PATH=''
MAKEINFO='${SHELL} /Users/thib/work/soft/fipogen/construct/WCPG/Autotools/missing makeinfo'
MANIFEST_TOOL=':'
MKDIR_P='./install-sh -c -d'
NM='/usr/bin/nm'
NMEDIT='nmedit'
OBJDUMP='false'
OBJEXT='o'
OTOOL64=':'
OTOOL='otool'
PACKAGE='wcpg'
PACKAGE_BUGREPORT='anastasia.volkova@lip6.fr'
PACKAGE_NAME='WCPG'
PACKAGE_STRING='WCPG 0.9'
PACKAGE_TARNAME='wcpg'
PACKAGE_URL=''
PACKAGE_VERSION='0.9'
PATH_SEPARATOR=':'
RANLIB='ranlib'
SED='/usr/bin/sed'
SET_MAKE=''
SHELL='/bin/sh'
STRIP='strip'
VERSION='0.9'
ac_ct_AR='ar'
ac_ct_CC='gcc'
ac_ct_CXX='g++'
ac_ct_DUMPBIN=''
ac_ct_F77='gfortran'
am__EXEEXT_FALSE=''
am__EXEEXT_TRUE='#'
am__fastdepCC_FALSE='#'
am__fastdepCC_TRUE=''
am__fastdepCXX_FALSE='#'
am__fastdepCXX_TRUE=''
am__include='include'
am__isrc=''
am__leading_dot='.'
am__nodep='_no'
am__quote=''
am__tar='$${TAR-tar} chof - "$$tardir"'
am__untar='$${TAR-tar} xf -'
bindir='${exec_prefix}/bin'
build='x86_64-apple-darwin13.4.0'
build_alias=''
build_cpu='x86_64'
build_os='darwin13.4.0'
build_vendor='apple'
datadir='${datarootdir}'
datarootdir='${prefix}/share'
docdir='${datarootdir}/doc/${PACKAGE_TARNAME}'
dvidir='${docdir}'
exec_prefix='${prefix}'
host='x86_64-apple-darwin13.4.0'
host_alias=''
host_cpu='x86_64'
host_os='darwin13.4.0'
host_vendor='apple'
htmldir='${docdir}'
includedir='${prefix}/include'
infodir='${datarootdir}/info'
install_sh='${SHELL} /Users/thib/work/soft/fipogen/construct/WCPG/Autotools/install-sh'
libdir='${exec_prefix}/lib'
libexecdir='${exec_prefix}/libexec'
localedir='${datarootdir}/locale'
localstatedir='${prefix}/var'
mandir='${datarootdir}/man'
mkdir_p='$(MKDIR_P)'
oldincludedir='/usr/include'
pdfdir='${docdir}'
prefix='/usr/local'
program_transform_name='s,x,x,'
psdir='${docdir}'
sbindir='${exec_prefix}/sbin'
sharedstatedir='${prefix}/com'
sysconfdir='${prefix}/etc'
target_alias=''

## ----------- ##
## confdefs.h. ##
## ----------- ##

/* confdefs.h */
#define PACKAGE_NAME "WCPG"
#define PACKAGE_TARNAME "wcpg"
#define PACKAGE_VERSION "0.9"
#define PACKAGE_STRING "WCPG 0.9"
#define PACKAGE_BUGREPORT "anastasia.volkova@lip6.fr"
#define PACKAGE_URL ""
#define STDC_HEADERS 1
#define HAVE_SYS_TYPES_H 1
#define HAVE_SYS_STAT_H 1
#define HAVE_STDLIB_H 1
#define HAVE_STRING_H 1
#define HAVE_MEMORY_H 1
#define HAVE_STRINGS_H 1
#define HAVE_INTTYPES_H 1
#define HAVE_STDINT_H 1
#define HAVE_UNISTD_H 1
#define HAVE_DLFCN_H 1
#define LT_OBJDIR ".libs/"
#define HAVE__BOOL 1
#define HAVE_FLOAT_H 1
#define HAVE_SYS_TIME_H 1
#define HAVE_F2C_H 1
#define F2C_HEADER 1
#define HAVE_MPFR_H 1
#define HAVE_MPFI_H 1
#define HAVE_MPFI_IO_H 1
#define HAVE_BLAS_H 1
#define BLAS_HEADER 1
#define HAVE_BLASWRAP_H 1
#define HAVE_CLAPACK_H 1
#define CLAPACK_HEADER 1
#define HAVE_LAPACK_H 1
#define LAPACK_HEADER 1
#define HAVE_LIBGMP 1
#define HAVE_LIBMPFR 1
#define HAVE_LIBMPFI 1
#define HAVE_GETTIMEOFDAY 1
#define HAVE_SQRT 1
#define HAVE_CEIL 1
#define HAVE_STDLIB_H 1
#define HAVE_MALLOC 1
#define HAVE_STDLIB_H 1
#define HAVE_REALLOC 1

configure: exit 0
