		ADAPTIVE SIMULATED ANNEALING

/* $Id: asa.c,v 25.15 2004/09/23 18:10:46 ingber Exp ingber $ */

OPTIONS_FILE = 1
OPTIONS_FILE_DATA = 1
RECUR_OPTIONS_FILE = 0
RECUR_OPTIONS_FILE_DATA = 0
COST_FILE = 1
ASA_LIB = 0
HAVE_ANSI = 1
IO_PROTOTYPES = 0
TIME_CALC = 0
TIME_STD = 0
TIME_GETRUSAGE = 1
INT_LONG = 1
INT_ALLOC = 0
SMALL_FLOAT =        1e-18
MIN_DOUBLE =        1e-18
MAX_DOUBLE =        1e+18
EPS_DOUBLE =        1e-18
CHECK_EXPONENT = 0
NO_PARAM_TEMP_TEST = 0
NO_COST_TEMP_TEST = 0
SELF_OPTIMIZE = 0
ASA_TEST = 0
ASA_TEST_POINT = 0
ASA_TEMPLATE = 0
MY_TEMPLATE = 1
ASA_TEMPLATE_LIB = 0
ASA_TEMPLATE_ASA_OUT_PID = 0
ASA_TEMPLATE_MULTIPLE = 0
ASA_TEMPLATE_SELFOPT = 0
ASA_TEMPLATE_SAMPLE = 0
ASA_TEMPLATE_QUEUE = 0
ASA_TEMPLATE_PARALLEL = 0
ASA_TEMPLATE_SAVE = 0
USER_INITIAL_COST_TEMP = 0
RATIO_TEMPERATURE_SCALES = 0
USER_INITIAL_PARAMETERS_TEMPS = 0
DELTA_PARAMETERS = 0
QUENCH_PARAMETERS = 0
QUENCH_COST = 0
QUENCH_PARAMETERS_SCALE = 1
QUENCH_COST_SCALE = 1
OPTIONAL_DATA_DBL = 0
OPTIONAL_DATA_INT = 0
OPTIONAL_DATA_PTR = 0
USER_COST_SCHEDULE = 0
USER_ACCEPT_ASYMP_EXP = 0
USER_ACCEPT_THRESHOLD = 0
USER_ACCEPTANCE_TEST = 1
USER_GENERATING_FUNCTION = 0
USER_REANNEAL_COST = 0
USER_REANNEAL_PARAMETERS = 0
MAXIMUM_REANNEAL_INDEX = 50000
REANNEAL_SCALE =           10
ASA_SAMPLE = 0
ASA_QUEUE = 0
ASA_RESOLUTION = 0
FITLOC = 0
FITLOC_ROUND = 1
FITLOC_PRINT = 1
MULTI_MIN = 0
ASA_PARALLEL = 0
FDLIBM_POW = 0
FDLIBM_LOG = 0
FDLIBM_EXP = 0

ASA_PRINT = 1
USER_OUT = asa_usr_out
ASA_OUT = optim_sigma_tf_UYW_SS_03-Feb-2009.log
USER_ASA_OUT = 1
ASA_PRINT_INTERMED = 1
ASA_PRINT_MORE = 0
INCL_STDOUT = 1
G_FIELD = 12
G_PRECISION = 7
ASA_SAVE = 0
ASA_SAVE_OPT = 0
ASA_SAVE_BACKUP = 0
ASA_PIPE = 0
ASA_PIPE_FILE = 0
SYSTEM_CALL = 1

OPTIONS->Limit_Acceptances = 1000000
OPTIONS->Limit_Generated = 1000000
OPTIONS->Limit_Invalid_Generated_States = 1000000
OPTIONS->Accepted_To_Generated_Ratio =        1e-12

OPTIONS->Cost_Precision =        1e-18
OPTIONS->Maximum_Cost_Repeat = 5
OPTIONS->Number_Cost_Samples = 5
OPTIONS->Temperature_Ratio_Scale =        1e-08
OPTIONS->Cost_Parameter_Scale_Ratio =            1
OPTIONS->Temperature_Anneal_Scale =          100
OPTIONS->Include_Integer_Parameters = 0
OPTIONS->User_Initial_Parameters = 1
OPTIONS->Sequential_Parameters = -1
OPTIONS->Initial_Parameter_Temperature =            1
OPTIONS->Acceptance_Frequency_Modulus = 100
OPTIONS->Generated_Frequency_Modulus = 10000
OPTIONS->Reanneal_Cost = 1
OPTIONS->Reanneal_Parameters = 1

OPTIONS->Delta_X =        0.001
OPTIONS->User_Tangents = 0
OPTIONS->Curvature_0 = 0
OPTIONS->Asa_Recursive_Level = 0


Initial Random Seed = -16794

*number_parameters = 9

index_v parameter_minimum parameter_maximum parameter_value parameter_type 
 0        -10000       		 10000        	 1            -1     
 1        -10000       		 10000        	 0            -1     
 2        -10000       		 10000        	 0            -1     
 3        -10000       		 10000        	 0            -1     
 4        -10000       		 10000        	 1            -1     
 5        -10000       		 10000        	 0            -1     
 6        -10000       		 10000        	 0            -1     
 7        -10000       		 10000        	 0            -1     
 8        -10000       		 10000        	 1            -1     


temperature_scale =     11.04291
temperature_scale_parameters[0] =     11.04291
*temperature_scale_cost =     11.04291



*index_cost_acceptances = 0, *current_cost_temperature =     10.00136
*accepted_to_generated_ratio =            1, *number_invalid... = 0
*number_generated = 0, *number_accepted = 0
best...->cost = 1.867679e-08, last...->cost = 1.867679e-08
index_v  best...->parameter current_parameter_temp	tangent
0	           1		           1	           0
1	           0		           1	           0
2	           0		           1	           0
3	           0		           1	           0
4	           1		           1	           0
5	           0		           1	           0
6	           0		           1	           0
7	           0		           1	           0
8	           1		           1	           0



*index_cost_acceptances = 0, *current_cost_temperature =  1.02091e-07
*accepted_to_generated_ratio =   0.01941188, *number_invalid... = 0
*number_generated = 5202, *number_accepted = 100
best...->cost = 1.867679e-08, last...->cost =  0.002577527
index_v  best...->parameter current_parameter_temp	tangent
0	           1		3.889479e-13	2.694723e-11
1	           0		3.889479e-13	           0
2	           0		3.889479e-13	           0
3	           0		3.889479e-13	           0
4	           1		3.889479e-13	1.188091e-11
5	           0		3.889479e-13	           0
6	           0		3.889479e-13	           0
7	           0		3.889479e-13	           0
8	           1		3.889479e-13	 1.72372e-11



*index_cost_acceptances = 35, *current_cost_temperature = 2.631067e-11
*accepted_to_generated_ratio =   0.02253616, *number_invalid... = 0
*number_generated = 8918, *number_accepted = 200
best...->cost = 1.867679e-08, last...->cost =  0.000362899
index_v  best...->parameter current_parameter_temp	tangent
0	           1		6.671812e-14	2.694723e-11
1	           0		 6.66677e-14	           0
2	           0		 6.66677e-14	           0
3	           0		 6.66677e-14	           0
4	           1		 1.08047e-13	1.188091e-11
5	           0		 6.66677e-14	           0
6	           0		 6.66677e-14	           0
7	           0		 6.66677e-14	           0
8	           1		8.731887e-14	 1.72372e-11



*index_cost_acceptances = 54, *current_cost_temperature = 1.185581e-11
*accepted_to_generated_ratio =   0.02209779, *number_invalid... = 0
*number_generated = 10000, *number_accepted = 220
best...->cost = 1.867679e-08, last...->cost = 0.0003526657
index_v  best...->parameter current_parameter_temp	tangent
0	           1		4.526775e-14	2.694723e-11
1	           0		4.520596e-14	           0
2	           0		4.520596e-14	           0
3	           0		4.520596e-14	           0
4	           1		1.430526e-13	1.188091e-11
5	           0		4.520596e-14	           0
6	           0		4.520596e-14	           0
7	           0		4.520596e-14	           0
8	           1		8.581113e-14	 1.72372e-11



*index_cost_acceptances = 48, *current_cost_temperature = 1.949001e-12
*accepted_to_generated_ratio =   0.02263668, *number_invalid... = 0
*number_generated = 13296, *number_accepted = 300
best...->cost = 1.867679e-08, last...->cost = 4.684213e-05
index_v  best...->parameter current_parameter_temp	tangent
0	           1		1.685487e-14	2.694723e-11
1	           0		1.682808e-14	           0
2	           0		1.682808e-14	           0
3	           0		1.682808e-14	           0
4	           1		6.970044e-14	1.188091e-11
5	           0		1.682808e-14	           0
6	           0		1.682808e-14	           0
7	           0		1.682808e-14	           0
8	           1		3.795345e-14	 1.72372e-11



*index_cost_acceptances = 62, *current_cost_temperature = 2.092887e-13
*accepted_to_generated_ratio =   0.02327336, *number_invalid... = 0
*number_generated = 17229, *number_accepted = 400
best...->cost = 1.867679e-08, last...->cost = 8.121356e-06
index_v  best...->parameter current_parameter_temp	tangent
0	           1		 6.67448e-15	2.694723e-11
1	           0		6.663246e-15	           0
2	           0		6.663246e-15	           0
3	           0		6.663246e-15	           0
4	           1		3.462152e-14	1.188091e-11
5	           0		6.663246e-15	           0
6	           0		6.663246e-15	           0
7	           0		6.663246e-15	           0
8	           1		 1.74346e-14	 1.72372e-11



*index_cost_acceptances = 103, *current_cost_temperature = 6.802338e-14
*accepted_to_generated_ratio =   0.02239888, *number_invalid... = 0
*number_generated = 20000, *number_accepted = 447
best...->cost = 1.867679e-08, last...->cost = 7.257194e-06
index_v  best...->parameter current_parameter_temp	tangent
0	           1		3.869146e-15	2.694723e-11
1	           0		3.862017e-15	           0
2	           0		3.862017e-15	           0
3	           0		3.862017e-15	           0
4	           1		3.002866e-14	1.188091e-11
5	           0		3.862017e-15	           0
6	           0		3.862017e-15	           0
7	           0		3.862017e-15	           0
8	           1		  1.2837e-14	 1.72372e-11



*index_cost_acceptances = 140, *current_cost_temperature = 2.894464e-14
*accepted_to_generated_ratio =    0.0191112, *number_invalid... = 0
*number_generated = 26214, *number_accepted = 500
best...->cost = 1.867679e-08, last...->cost = 5.860527e-06
index_v  best...->parameter current_parameter_temp	tangent
0	           1		1.405269e-15	2.694723e-11
1	           0		1.402623e-15	           0
2	           0		1.402623e-15	           0
3	           0		1.402623e-15	           0
4	           1		1.077969e-14	1.188091e-11
5	           0		1.402623e-15	           0
6	           0		1.402623e-15	           0
7	           0		1.402623e-15	           0
8	           1		4.793641e-15	 1.72372e-11



*index_cost_acceptances = 181, *current_cost_temperature = 1.402273e-14
*accepted_to_generated_ratio =   0.01856605, *number_invalid... = 0
*number_generated = 30000, *number_accepted = 556
best...->cost = 1.867679e-08, last...->cost = 4.960266e-06
index_v  best...->parameter current_parameter_temp	tangent
0	           1		8.388575e-16	2.694723e-11
1	           0		8.368101e-16	           0
2	           0		8.368101e-16	           0
3	           0		8.368101e-16	           0
4	           1		9.241557e-15	1.188091e-11
5	           0		8.368101e-16	           0
6	           0		8.368101e-16	           0
7	           0		8.368101e-16	           0
8	           1		3.549084e-15	 1.72372e-11



*index_cost_acceptances = 219, *current_cost_temperature = 8.821402e-15
*accepted_to_generated_ratio =    0.0167279, *number_invalid... = 0
*number_generated = 35927, *number_accepted = 600
best...->cost = 1.867679e-08, last...->cost =  4.73841e-06
index_v  best...->parameter current_parameter_temp	tangent
0	           1		4.158847e-16	2.694723e-11
1	           0		4.145197e-16	           0
2	           0		4.145197e-16	           0
3	           0		4.145197e-16	           0
4	           1		5.229223e-15	1.188091e-11
5	           0		4.145197e-16	           0
6	           0		4.145197e-16	           0
7	           0		4.145197e-16	           0
8	           1		1.945043e-15	 1.72372e-11



*index_cost_acceptances = 247, *current_cost_temperature = 6.701138e-15
*accepted_to_generated_ratio =   0.01574961, *number_invalid... = 0
*number_generated = 40000, *number_accepted = 629
best...->cost = 1.867679e-08, last...->cost =  4.70033e-06
index_v  best...->parameter current_parameter_temp	tangent
0	           1		2.723902e-16	2.694723e-11
1	           0		2.709557e-16	           0
2	           0		2.709557e-16	           0
3	           0		2.709557e-16	           0
4	           1		4.898409e-15	1.188091e-11
5	           0		2.709557e-16	           0
6	           0		2.709557e-16	           0
7	           0		2.709557e-16	           0
8	           1		1.579974e-15	 1.72372e-11



*index_cost_acceptances = 315, *current_cost_temperature = 3.784032e-15
*accepted_to_generated_ratio =   0.01423755, *number_invalid... = 0
*number_generated = 49235, *number_accepted = 700
best...->cost = 1.867679e-08, last...->cost = 4.654296e-06
index_v  best...->parameter current_parameter_temp	tangent
0	           1		1.182214e-16	2.694723e-11
1	           0		1.173335e-16	           0
2	           0		1.173335e-16	           0
3	           0		1.173335e-16	           0
4	           1		1.903877e-15	1.188091e-11
5	           0		1.173335e-16	           0
6	           0		1.173335e-16	           0
7	           0		1.173335e-16	           0
8	           1		6.686899e-16	 1.72372e-11



*index_cost_acceptances = 322, *current_cost_temperature = 3.586856e-15
*accepted_to_generated_ratio =   0.01417972, *number_invalid... = 0
*number_generated = 50000, *number_accepted = 708
best...->cost = 1.867679e-08, last...->cost = 4.643209e-06
index_v  best...->parameter current_parameter_temp	tangent
0	           1		1.119435e-16	2.694723e-11
1	           0		1.101811e-16	           0
2	           0		1.101811e-16	           0
3	           0		1.101811e-16	           0
4	           1		3.746712e-15	1.188091e-11
5	           0		1.101811e-16	           0
6	           0		1.101811e-16	           0
7	           0		1.101811e-16	           0
8	           1		9.448162e-16	 1.72372e-11



*index_cost_acceptances = 406, *current_cost_temperature = 2.048733e-15
*accepted_to_generated_ratio =   0.01326645, *number_invalid... = 0
*number_generated = 60000, *number_accepted = 795
best...->cost = 1.867679e-08, last...->cost = 4.575434e-06
index_v  best...->parameter current_parameter_temp	tangent
0	           1		5.305479e-17	2.694723e-11
1	           0		5.194411e-17	           0
2	           0		5.194411e-17	           0
3	           0		5.194411e-17	           0
4	           1		1.425003e-15	1.188091e-11
5	           0		5.194411e-17	           0
6	           0		5.194411e-17	           0
7	           0		5.194411e-17	           0
8	           1		4.178966e-16	 1.72372e-11



*index_cost_acceptances = 409, *current_cost_temperature = 2.007062e-15
*accepted_to_generated_ratio =   0.01333245, *number_invalid... = 0
*number_generated = 60078, *number_accepted = 800
best...->cost = 1.867679e-08, last...->cost = 4.574459e-06
index_v  best...->parameter current_parameter_temp	tangent
0	           1		5.188132e-17	2.694723e-11
1	           0		 5.16637e-17	           0
2	           0		 5.16637e-17	           0
3	           0		 5.16637e-17	           0
4	           1		3.189471e-15	1.188091e-11
5	           0		 5.16637e-17	           0
6	           0		 5.16637e-17	           0
7	           0		 5.16637e-17	           0
8	           1		6.482581e-16	 1.72372e-11



*index_cost_acceptances = 481, *current_cost_temperature = 1.193842e-15
*accepted_to_generated_ratio =   0.01322316, *number_invalid... = 0
*number_generated = 68137, *number_accepted = 900
best...->cost = 1.867679e-08, last...->cost = 4.017924e-06
index_v  best...->parameter current_parameter_temp	tangent
0	           1		2.952937e-18	2.694723e-11
1	           0		3.046442e-17	           0
2	           0		3.046442e-17	           0
3	           0		3.046442e-17	           0
4	           1		1.704649e-15	1.188091e-11
5	           0		3.046442e-17	           0
6	           0		3.046442e-17	           0
7	           0		3.046442e-17	           0
8	           1		3.855844e-16	 1.72372e-11



*index_cost_acceptances = 498, *current_cost_temperature = 1.090175e-15
*accepted_to_generated_ratio =   0.01314267, *number_invalid... = 0
*number_generated = 70000, *number_accepted = 919
best...->cost = 1.867679e-08, last...->cost = 4.000244e-06
index_v  best...->parameter current_parameter_temp	tangent
0	           1		2.455317e-18	2.694723e-11
1	           0		2.717791e-17	           0
2	           0		2.717791e-17	           0
3	           0		2.717791e-17	           0
4	           1		 2.78061e-15	1.188091e-11
5	           0		2.717791e-17	           0
6	           0		2.717791e-17	           0
7	           0		2.717791e-17	           0
8	           1		4.861937e-16	 1.72372e-11



*index_cost_acceptances = 557, *current_cost_temperature = 8.320272e-16
*accepted_to_generated_ratio =   0.01296157, *number_invalid... = 0
*number_generated = 75530, *number_accepted = 978
best...->cost = 1.867679e-08, last...->cost = 3.344816e-06
index_v  best...->parameter current_parameter_temp	tangent
0	           1		9.999777e-19	2.694723e-11
1	           0		1.966394e-17	           0
2	           0		1.966394e-17	           0
3	           0		1.966394e-17	           0
4	           1		2.289969e-15	1.188091e-11
5	           0		1.966394e-17	           0
6	           0		1.966394e-17	           0
7	           0		1.966394e-17	           0
8	           1		3.991239e-16	 1.72372e-11

curvature[0][0] =  5.39484e-08

curvature[1][0] =            0 	 = curvature[0][1]
curvature[1][1] =            0

curvature[2][0] =            0 	 = curvature[0][2]
curvature[2][1] =            0 	 = curvature[1][2]
curvature[2][2] =            0

curvature[3][0] =            0 	 = curvature[0][3]
curvature[3][1] =            0 	 = curvature[1][3]
curvature[3][2] =            0 	 = curvature[2][3]
curvature[3][3] =            0

curvature[4][0] = -1.387475e-08 	 = curvature[0][4]
curvature[4][1] =            0 	 = curvature[1][4]
curvature[4][2] =            0 	 = curvature[2][4]
curvature[4][3] =            0 	 = curvature[3][4]
curvature[4][4] = 2.378561e-08

curvature[5][0] =            0 	 = curvature[0][5]
curvature[5][1] =            0 	 = curvature[1][5]
curvature[5][2] =            0 	 = curvature[2][5]
curvature[5][3] =            0 	 = curvature[3][5]
curvature[5][4] =            0 	 = curvature[4][5]
curvature[5][5] =            0

curvature[6][0] =            0 	 = curvature[0][6]
curvature[6][1] =            0 	 = curvature[1][6]
curvature[6][2] =            0 	 = curvature[2][6]
curvature[6][3] =            0 	 = curvature[3][6]
curvature[6][4] =            0 	 = curvature[4][6]
curvature[6][5] =            0 	 = curvature[5][6]
curvature[6][6] =            0

curvature[7][0] =            0 	 = curvature[0][7]
curvature[7][1] =            0 	 = curvature[1][7]
curvature[7][2] =            0 	 = curvature[2][7]
curvature[7][3] =            0 	 = curvature[3][7]
curvature[7][4] =            0 	 = curvature[4][7]
curvature[7][5] =            0 	 = curvature[5][7]
curvature[7][6] =            0 	 = curvature[6][7]
curvature[7][7] =            0

curvature[8][0] = -2.800364e-08 	 = curvature[0][8]
curvature[8][1] =            0 	 = curvature[1][8]
curvature[8][2] =            0 	 = curvature[2][8]
curvature[8][3] =            0 	 = curvature[3][8]
curvature[8][4] = -2.058284e-09 	 = curvature[4][8]
curvature[8][5] =            0 	 = curvature[5][8]
curvature[8][6] =            0 	 = curvature[6][8]
curvature[8][7] =            0 	 = curvature[7][8]
curvature[8][8] = 3.450891e-08



 P_TEMP_TOO_SMALL exit_status = 1
current_user_parameter_temp[0] too small = 9.999777e-19
 Locate_Cost = 5, calculating curvatures while exiting asa ()
final_cost = best_generated_state->cost = 1.867679e-08
*number_accepted at best_generated_state->cost = 0
*number_generated at best_generated_state->cost = 0



